"../../../../DEsktop/MyProject/Content/FirstPerson/Character/Mesh/SK_Mannequin_Arms_Skeleton.uasset" 0
"../../../../DEsktop/MyProject/Content/FirstPerson/Animations/FirstPerson_Idle.uasset" 1
"../../../../DEsktop/MyProject/Content/FirstPerson/Animations/FirstPerson_JumpEnd.uasset" 2
"../../../../DEsktop/MyProject/Content/FirstPerson/Animations/FirstPerson_JumpLoop.uasset" 3
"../../../../DEsktop/MyProject/Content/FirstPerson/Animations/FirstPerson_JumpStart.uasset" 4
"../../../../DEsktop/MyProject/Content/FirstPerson/Animations/FirstPerson_Run.uasset" 5
"../../../Engine/Content/EditorBlueprintResources/StandardMacros.uasset" 6
"../../../../DEsktop/MyProject/Content/FirstPerson/Animations/FirstPerson_AnimBP.uasset" 7
"../../../../DEsktop/MyProject/Content/FirstPerson/Character/Mesh/FirstPersonAnimBlueprint_Copy.uasset" 8
"../../../../DEsktop/MyProject/Content/FirstPerson/Character/Textures/UE4_LOGO_CARD.uasset" 9
"../../../../DEsktop/MyProject/Content/FirstPerson/FPWeapon/Materials/MaterialLayers/ML_Plastic_Shiny_Beige_LOGO.uasset" 10
"../../../../DEsktop/MyProject/Content/FirstPerson/FPWeapon/Materials/MaterialLayers/T_ML_FineRubber.uasset" 11
"../../../../DEsktop/MyProject/Content/FirstPerson/FPWeapon/Mesh/SK_FPGun_PhysicsAsset.uasset" 12
"../../../../DEsktop/MyProject/Content/FirstPerson/Materials/M_Base.uasset" 13
"../../../../DEsktop/MyProject/Content/FirstPerson/Textures/carpetLow.uasset" 14
"../../../../DEsktop/MyProject/Content/FirstPerson/Materials/M_FloorTest.uasset" 15
"../../../../DEsktop/MyProject/Content/FirstPerson/Textures/WallLow.uasset" 16
"../../../../DEsktop/MyProject/Content/FirstPerson/Materials/M_WallTest.uasset" 17
"../../../../DEsktop/MyProject/Content/FirstPersonBP/FirstPersonOverview.uasset" 18
"../../../../DEsktop/MyProject/Content/FirstPersonBP/AnimatedModels/pipeTex.uasset" 19
"../../../../DEsktop/MyProject/Content/FirstPersonBP/AnimatedModels/Material__2.uasset" 20
"../../../../DEsktop/MyProject/Content/FirstPersonBP/AnimatedModels/pipeSwing_PhysicsAsset.uasset" 21
"../../../../DEsktop/MyProject/Content/FirstPersonBP/AnimatedModels/pipeSwing_Skeleton.uasset" 22
"../../../../DEsktop/MyProject/Content/FirstPersonBP/AnimatedModels/pipeSwing.uasset" 23
"../../../../DEsktop/MyProject/Content/FirstPersonBP/AnimatedModels/pipe.uasset" 24
"../../../../DEsktop/MyProject/Content/FirstPerson/Textures/NormalMap__8_.uasset" 25
"../../../../DEsktop/MyProject/Content/FirstPerson/Textures/TexturesCom_WoodPlanksOverlapping0019_1_seamless_S.uasset" 26
"../../../../DEsktop/MyProject/Content/FirstPerson/Materials/M_Wood.uasset" 27
"../../../../DEsktop/MyProject/Content/FirstPerson/Textures/TexturesCom_MetalBare0207_2_seamless_S.uasset" 28
"../../../../DEsktop/MyProject/Content/FirstPerson/Materials/Material__15.uasset" 29
"../../../../DEsktop/MyProject/Content/FirstPerson/Meshes/barrel_mesh.uasset" 30
"../../../../DEsktop/MyProject/Content/FirstPersonBP/Blueprints/barrel.uasset" 31
"../../../../DEsktop/MyProject/Content/FirstPerson/Animations/FirstPerson_Fire.uasset" 32
"../../../../DEsktop/MyProject/Content/FirstPerson/Animations/FirstPersonFire_Montage.uasset" 33
"../../../../DEsktop/MyProject/Content/FirstPerson/Meshes/BaseMaterial.uasset" 34
"../../../../DEsktop/MyProject/Content/FirstPerson/Meshes/FirstPersonProjectileMaterial.uasset" 35
"../../../../DEsktop/MyProject/Content/FirstPerson/Meshes/FirstPersonProjectileMesh.uasset" 36
"../../../../DEsktop/MyProject/Content/FirstPersonBP/Blueprints/FirstPersonProjectile.uasset" 37
"../../../../DEsktop/MyProject/Content/FirstPersonBP/InventorySystem/Interact_Interface.uasset" 38
"../../../../DEsktop/MyProject/Content/FirstPersonBP/InventorySystem/ItemStructure.uasset" 39
"../../../../DEsktop/MyProject/Content/FirstPersonBP/InventorySystem/SlotStructure.uasset" 40
"../../../../DEsktop/MyProject/Content/FirstPersonBP/InventorySystem/Item/Item.uasset" 41
"../../../../DEsktop/MyProject/Content/FirstPersonBP/InventorySystem/InventoryUI/HUD.uasset" 42
"../../../../DEsktop/MyProject/Content/FirstPersonBP/MyPlayerController.uasset" 43
"../../../../DEsktop/MyProject/Content/FirstPersonBP/InventorySystem/InventoryUI/InventorySlot.uasset" 44
"../../../../DEsktop/MyProject/Content/FirstPersonBP/InventorySystem/InventoryUI/InventoryWindow.uasset" 45
"../../../../DEsktop/MyProject/Content/FirstPersonBP/InventorySystem/InventoryComponent.uasset" 46
"../../../../DEsktop/MyProject/Content/FirstPerson/Audio/FirstPersonTemplateWeaponFire02.uasset" 47
"../../../Engine/Content/Functions/Engine_MaterialFunctions02/Utility/BlendAngleCorrectedNormals.uasset" 48
"../../../Engine/Content/Functions/MaterialLayerFunctions/MatLayerBlend_NormalBlend.uasset" 49
"../../../Engine/Content/Functions/MaterialLayerFunctions/MatLayerBlend_Simple.uasset" 50
"../../../../DEsktop/MyProject/Content/FirstPerson/Character/Materials/MaterialLayers/T_ML_Rubber_Blue_01_D.uasset" 51
"../../../../DEsktop/MyProject/Content/FirstPerson/Character/Materials/MaterialLayers/T_ML_Rubber_Blue_01_N.uasset" 52
"../../../../DEsktop/MyProject/Content/FirstPerson/Character/Materials/MaterialLayers/ML_GlossyBlack_Latex_UE4.uasset" 53
"../../../../DEsktop/MyProject/Content/FirstPerson/Character/Materials/MaterialLayers/ML_Plastic_Shiny_Beige.uasset" 54
"../../../../DEsktop/MyProject/Content/FirstPerson/Character/Materials/MaterialLayers/ML_Plastic_Shiny_Beige_LOGO.uasset" 55
"../../../../DEsktop/MyProject/Content/FirstPerson/Character/Materials/MaterialLayers/T_ML_Aluminum01.uasset" 56
"../../../../DEsktop/MyProject/Content/FirstPerson/Character/Materials/MaterialLayers/T_ML_Aluminum01_N.uasset" 57
"../../../../DEsktop/MyProject/Content/FirstPerson/Character/Materials/MaterialLayers/ML_SoftMetal_UE4.uasset" 58
"../../../../DEsktop/MyProject/Content/FirstPerson/Character/Textures/UE4_Mannequin__normals.uasset" 59
"../../../../DEsktop/MyProject/Content/FirstPerson/Character/Textures/UE4_Mannequin_MAT_MASKA.uasset" 60
"../../../../DEsktop/MyProject/Content/FirstPerson/Character/Materials/M_UE4Man_Body.uasset" 61
"../../../../DEsktop/MyProject/Content/FirstPerson/Character/Mesh/SK_Mannequin_Arms_PhysicsAsset.uasset" 62
"../../../../DEsktop/MyProject/Content/FirstPerson/Character/Mesh/SK_Mannequin_Arms.uasset" 63
"../../../../DEsktop/MyProject/Content/FirstPerson/FPWeapon/Materials/MaterialLayers/T_ML_Rubber_Blue_01_D.uasset" 64
"../../../../DEsktop/MyProject/Content/FirstPerson/FPWeapon/Materials/MaterialLayers/T_ML_Rubber_Blue_01_N.uasset" 65
"../../../../DEsktop/MyProject/Content/FirstPerson/FPWeapon/Materials/MaterialLayers/ML_GlossyBlack_Latex_UE4.uasset" 66
"../../../../DEsktop/MyProject/Content/FirstPerson/FPWeapon/Materials/MaterialLayers/ML_Plastic_Shiny_Beige.uasset" 67
"../../../../DEsktop/MyProject/Content/FirstPerson/FPWeapon/Materials/MaterialLayers/ML_Screen.uasset" 68
"../../../../DEsktop/MyProject/Content/FirstPerson/FPWeapon/Materials/MaterialLayers/T_ML_Aluminum01.uasset" 69
"../../../../DEsktop/MyProject/Content/FirstPerson/FPWeapon/Materials/MaterialLayers/T_ML_Aluminum01_N.uasset" 70
"../../../../DEsktop/MyProject/Content/FirstPerson/FPWeapon/Materials/MaterialLayers/ML_SoftMetal_UE4.uasset" 71
"../../../../DEsktop/MyProject/Content/FirstPerson/FPWeapon/Textures/T_FPGun_M.uasset" 72
"../../../../DEsktop/MyProject/Content/FirstPerson/FPWeapon/Textures/T_FPGun_N.uasset" 73
"../../../../DEsktop/MyProject/Content/FirstPerson/FPWeapon/Materials/M_FPGun.uasset" 74
"../../../../DEsktop/MyProject/Content/FirstPerson/FPWeapon/Mesh/SK_FPGun_Skeleton.uasset" 75
"../../../../DEsktop/MyProject/Content/FirstPerson/FPWeapon/Mesh/SK_FPGun.uasset" 76
"../../../../DEsktop/MyProject/Content/FirstPersonBP/Blueprints/FirstPersonCharacter2.uasset" 77
"../../../../DEsktop/MyProject/Content/FirstPerson/Textures/FirstPersonCrosshair.uasset" 78
"../../../../DEsktop/MyProject/Content/FirstPersonBP/Blueprints/FirstPersonHUD.uasset" 79
"../../../../DEsktop/MyProject/Content/FirstPersonBP/InventorySystem/Item/Icons/HerbIcon.uasset" 80
"../../../../DEsktop/MyProject/Content/StarterContent/Textures/T_Bush_D.uasset" 81
"../../../../DEsktop/MyProject/Content/StarterContent/Textures/T_Bush_N.uasset" 82
"../../../../DEsktop/MyProject/Content/StarterContent/Props/Materials/M_Bush.uasset" 83
"../../../../DEsktop/MyProject/Content/StarterContent/Props/SM_Bush.uasset" 84
"../../../../DEsktop/MyProject/Content/FirstPersonBP/InventorySystem/Item/Item_Herb.uasset" 85
"../../../../DEsktop/MyProject/Content/Geometry/Meshes/CubeMaterial.uasset" 86
"../../../../DEsktop/MyProject/Content/Geometry/Meshes/1M_Cube_Chamfer.uasset" 87
"../../../../DEsktop/MyProject/Content/Geometry/Meshes/TemplateFloor.uasset" 88
"../../../../DEsktop/MyProject/Content/StarterContent/Materials/M_Basic_Wall.uasset" 89
"../../../../DEsktop/MyProject/Content/StarterContent/Architecture/Pillar_50x500.uasset" 90
"../../../../DEsktop/MyProject/Content/StarterContent/Architecture/Wall_400x300.uasset" 91
"../../../../DEsktop/MyProject/Content/StarterContent/Architecture/Wall_400x400.uasset" 92
"../../../../DEsktop/MyProject/Content/StarterContent/Architecture/Wall_500x500.uasset" 93
"../../../../DEsktop/MyProject/Content/StarterContent/Architecture/Wall_Door_400x400.uasset" 94
"../../../../DEsktop/MyProject/Content/StarterContent/Architecture/Wall_Window_400x400.uasset" 95
"../../../../DEsktop/MyProject/Content/StarterContent/Audio/Collapse01.uasset" 96
"../../../../DEsktop/MyProject/Content/StarterContent/Audio/Collapse02.uasset" 97
"../../../../DEsktop/MyProject/Content/StarterContent/Audio/Explosion01.uasset" 98
"../../../../DEsktop/MyProject/Content/StarterContent/Audio/Explosion02.uasset" 99
"../../../../DEsktop/MyProject/Content/StarterContent/Audio/Fire01.uasset" 100
"../../../../DEsktop/MyProject/Content/StarterContent/Audio/Fire_Sparks01.uasset" 101
"../../../../DEsktop/MyProject/Content/StarterContent/Audio/Light01.uasset" 102
"../../../../DEsktop/MyProject/Content/StarterContent/Audio/Light01_Cue.uasset" 103
"../../../../DEsktop/MyProject/Content/StarterContent/Audio/Light02.uasset" 104
"../../../../DEsktop/MyProject/Content/StarterContent/Audio/Light02_Cue.uasset" 105
"../../../../DEsktop/MyProject/Content/StarterContent/Audio/Smoke01.uasset" 106
"../../../../DEsktop/MyProject/Content/StarterContent/Audio/Starter_Birds01.uasset" 107
"../../../../DEsktop/MyProject/Content/StarterContent/Audio/Starter_Music01.uasset" 108
"../../../../DEsktop/MyProject/Content/StarterContent/Audio/Starter_Wind05.uasset" 109
"../../../../DEsktop/MyProject/Content/StarterContent/Audio/Starter_Wind06.uasset" 110
"../../../../DEsktop/MyProject/Content/StarterContent/Audio/Steam01.uasset" 111
"../../../../DEsktop/MyProject/Content/StarterContent/Audio/Explosion_Cue.uasset" 112
"../../../../DEsktop/MyProject/Content/StarterContent/Textures/T_Burst_M.uasset" 113
"../../../../DEsktop/MyProject/Content/StarterContent/Particles/Materials/M_Burst.uasset" 114
"../../../../DEsktop/MyProject/Content/StarterContent/Textures/T_Explosion_SubUV.uasset" 115
"../../../../DEsktop/MyProject/Content/StarterContent/Particles/Materials/M_explosion_subUV.uasset" 116
"../../../../DEsktop/MyProject/Content/StarterContent/Particles/Materials/m_flare_01.uasset" 117
"../../../Engine/Content/Functions/Engine_MaterialFunctions01/Gradient/RadialGradient.uasset" 118
"../../../../DEsktop/MyProject/Content/StarterContent/Particles/Materials/M_radial_ramp.uasset" 119
"../../../../DEsktop/MyProject/Content/StarterContent/Textures/T_Smoke_SubUV.uasset" 120
"../../../../DEsktop/MyProject/Content/StarterContent/Textures/T_Smoke_Tiled_D.uasset" 121
"../../../../DEsktop/MyProject/Content/StarterContent/Particles/Materials/M_smoke_subUV.uasset" 122
"../../../../DEsktop/MyProject/Content/StarterContent/Particles/P_Explosion.uasset" 123
"../../../../DEsktop/MyProject/Content/StarterContent/Blueprints/Blueprint_Effect_Explosion.uasset" 124
"../../../Engine/Content/EditorMeshes/ColorCalibrator/T_ColorGrid.uasset" 125
"../../../../DEsktop/MyProject/Content/StarterContent/Materials/M_ColorGrid_LowSpec.uasset" 126
"../../../../DEsktop/MyProject/Content/StarterContent/Textures/T_Chair_M.uasset" 127
"../../../../DEsktop/MyProject/Content/StarterContent/Textures/T_Chair_N.uasset" 128
"../../../../DEsktop/MyProject/Content/StarterContent/Props/Materials/M_Chair.uasset" 129
"../../../../DEsktop/MyProject/Content/StarterContent/Props/SM_Couch.uasset" 130
"../../../../DEsktop/MyProject/Content/StarterContent/Materials/M_Glass.uasset" 131
"../../../../DEsktop/MyProject/Content/StarterContent/Textures/T_Door_M.uasset" 132
"../../../../DEsktop/MyProject/Content/StarterContent/Textures/T_Door_N.uasset" 133
"../../../../DEsktop/MyProject/Content/StarterContent/Props/Materials/M_Door.uasset" 134
"../../../../DEsktop/MyProject/Content/StarterContent/Props/SM_Door.uasset" 135
"../../../../DEsktop/MyProject/Content/StarterContent/Props/Materials/M_MaterialSphere.uasset" 136
"../../../../DEsktop/MyProject/Content/StarterContent/Props/Materials/M_MaterialSphere_Plain.uasset" 137
"../../../../DEsktop/MyProject/Content/StarterContent/Props/SM_MatPreviewMesh_02.uasset" 138
"../../../../DEsktop/MyProject/Content/StarterContent/Textures/T_Shelf_M.uasset" 139
"../../../../DEsktop/MyProject/Content/StarterContent/Textures/T_Shelf_N.uasset" 140
"../../../../DEsktop/MyProject/Content/StarterContent/Props/Materials/M_Shelf.uasset" 141
"../../../../DEsktop/MyProject/Content/StarterContent/Props/SM_Shelf.uasset" 142
"../../../../DEsktop/MyProject/Content/StarterContent/Materials/M_Basic_Floor.uasset" 143
"../../../../DEsktop/MyProject/Content/StarterContent/Props/SM_Stairs.uasset" 144
"../../../../DEsktop/MyProject/Content/StarterContent/Shapes/Shape_Cone.uasset" 145
"../../../../DEsktop/MyProject/Content/StarterContent/Shapes/Shape_Cylinder.uasset" 146
"../../../../DEsktop/MyProject/Content/StarterContent/Shapes/Shape_NarrowCapsule.uasset" 147
"../../../../DEsktop/MyProject/Content/StarterContent/Shapes/Shape_Pipe.uasset" 148
"../../../../DEsktop/MyProject/Content/StarterContent/Shapes/Shape_Pipe_180.uasset" 149
"../../../../DEsktop/MyProject/Content/StarterContent/Shapes/Shape_Pipe_90.uasset" 150
"../../../../DEsktop/MyProject/Content/StarterContent/Shapes/Shape_Plane.uasset" 151
"../../../../DEsktop/MyProject/Content/StarterContent/Shapes/Shape_Torus.uasset" 152
"../../../../DEsktop/MyProject/Content/StarterContent/Shapes/Shape_Trim.uasset" 153
"../../../../DEsktop/MyProject/Content/StarterContent/Shapes/Shape_Trim_90_In.uasset" 154
"../../../../DEsktop/MyProject/Content/StarterContent/Shapes/Shape_Trim_90_Out.uasset" 155
"../../../../DEsktop/MyProject/Content/StarterContent/Shapes/Shape_TriPyramid.uasset" 156
"../../../../DEsktop/MyProject/Content/StarterContent/Shapes/Shape_Tube.uasset" 157
"../../../../DEsktop/MyProject/Content/StarterContent/Shapes/Shape_Wedge_A.uasset" 158
"../../../../DEsktop/MyProject/Content/StarterContent/Shapes/Shape_Wedge_B.uasset" 159
"../../../../DEsktop/MyProject/Content/StarterContent/Shapes/Shape_WideCapsule.uasset" 160
"../../../Engine/Content/Animation/DefaultAnimCurveCompressionSettings.uasset" 161
"../../../Engine/Content/Functions/Engine_MaterialFunctions01/Opacity/CameraDepthFade.uasset" 162
"../../../Engine/Content/EngineMaterials/T_Default_Material_Grid_M.uasset" 163
"../../../Engine/Content/EngineMaterials/T_Default_Material_Grid_N.uasset" 164
"../../../Engine/Content/EngineMaterials/WorldGridMaterial.uasset" 165
"../../../Engine/Content/ArtTools/RenderToTexture/Meshes/S_1_Unit_Plane.uasset" 166
"../../../Engine/Content/EngineMaterials/DefaultMaterial.uasset" 167
"../../../Engine/Content/BasicShapes/Cone.uasset" 168
"../../../Engine/Content/BasicShapes/Cylinder.uasset" 169
"../../../Engine/Content/BasicShapes/Plane.uasset" 170
"../../../Engine/Content/BasicShapes/Sphere.uasset" 171
"../../../Engine/Content/EditorLandscapeResources/DataLayer.uasset" 172
"../../../Engine/Content/EditorMaterials/MAT_Groups_Toggle.uasset" 173
"../../../Engine/Content/EditorMaterials/MAT_Groups_Visibility.uasset" 174
"../../../Engine/Content/EditorMaterials/PreviewShadowIndicator.uasset" 175
"../../../Engine/Content/EditorMaterials/PreviewShadowIndicatorMaterial.uasset" 176
"../../../Engine/Content/EditorMaterials/MatineeGroups/MAT_ColorTrack.uasset" 177
"../../../Engine/Content/EditorMaterials/MatineeGroups/MAT_Groups_Anim.uasset" 178
"../../../Engine/Content/EditorMaterials/MatineeGroups/MAT_Groups_AudioMaster.uasset" 179
"../../../Engine/Content/EditorMaterials/MatineeGroups/MAT_Groups_Director.uasset" 180
"../../../Engine/Content/EditorMaterials/MatineeGroups/MAT_Groups_Event.uasset" 181
"../../../Engine/Content/EditorMaterials/MatineeGroups/MAT_Groups_Fade.uasset" 182
"../../../Engine/Content/EditorMaterials/MatineeGroups/MAT_Groups_Float.uasset" 183
"../../../Engine/Content/EditorMaterials/MatineeGroups/MAT_Groups_Move.uasset" 184
"../../../Engine/Content/EditorMaterials/MatineeGroups/MAT_Groups_Slomo.uasset" 185
"../../../Engine/Content/EditorMaterials/MatineeGroups/MAT_Groups_Sound.uasset" 186
"../../../Engine/Content/EditorMaterials/MatineeGroups/MAT_Groups_Vector.uasset" 187
"../../../Engine/Content/EditorMaterials/ParticleSystems/PSysThumbnail_NoImage.uasset" 188
"../../../Engine/Content/EditorMaterials/ParticleSystems/PSysThumbnail_OOD.uasset" 189
"../../../Engine/Content/EditorMaterials/Camera/CineMat.uasset" 190
"../../../Engine/Content/EditorMaterials/Camera/MI_CineMat_Rig.uasset" 191
"../../../Engine/Content/EditorMeshes/Camera/SM_CraneRig_Arm.uasset" 192
"../../../Engine/Content/EditorMeshes/Camera/SM_CraneRig_Base.uasset" 193
"../../../Engine/Content/EditorMeshes/Camera/SM_CraneRig_Body.uasset" 194
"../../../Engine/Content/EditorMeshes/Camera/SM_CraneRig_Mount.uasset" 195
"../../../Engine/Content/EditorMeshes/Camera/SM_RailRig_Mount.uasset" 196
"../../../Engine/Content/EditorMeshes/Camera/SM_RailRig_Track.uasset" 197
"../../../Engine/Content/EditorResources/BSPVertex.uasset" 198
"../../../Engine/Content/EditorResources/EmptyActor.uasset" 199
"../../../Engine/Content/EditorResources/S_Actor.uasset" 200
"../../../Engine/Content/EditorResources/S_KBSJoint.uasset" 201
"../../../Engine/Content/EditorResources/S_Note.uasset" 202
"../../../Engine/Content/EditorResources/S_Solver.uasset" 203
"../../../Engine/Content/EditorResources/S_Trigger.uasset" 204
"../../../Engine/Content/EditorResources/AudioIcons/S_AudioComponent.uasset" 205
"../../../Engine/Content/EditorResources/AudioIcons/S_AudioComponent_AutoActivate.uasset" 206
"../../../Engine/Content/EditorResources/LightIcons/S_LightError.uasset" 207
"../../../Engine/Content/EditorResources/SequenceRecorder/Countdown.uasset" 208
"../../../Engine/Content/EditorResources/SequenceRecorder/RecordingIndicator.uasset" 209
"../../../Engine/Content/EditorSounds/Notifications/CompileFailed.uasset" 210
"../../../Engine/Content/EditorSounds/Notifications/CompileFailed_Cue.uasset" 211
"../../../Engine/Content/EditorSounds/Notifications/CompileSuccess.uasset" 212
"../../../Engine/Content/EditorSounds/Notifications/CompileStart_Cue.uasset" 213
"../../../Engine/Content/EditorSounds/Notifications/CompileSuccess_Cue.uasset" 214
"../../../Engine/Content/EngineDamageTypes/DmgTypeBP_Environmental.uasset" 215
"../../../Engine/Content/EngineDebugMaterials/DebugEditorMaterial.uasset" 216
"../../../Engine/Content/EngineDebugMaterials/DebugMeshMaterial.uasset" 217
"../../../Engine/Content/EngineDebugMaterials/M_SimpleUnlitTranslucent.uasset" 218
"../../../Engine/Content/Functions/Engine_MaterialFunctions02/Utility/CameraDirectionVector.uasset" 219
"../../../Engine/Content/EngineDebugMaterials/VolumeToRender.uasset" 220
"../../../Engine/Content/EngineDebugMaterials/M_VolumeRenderSphereTracePP.uasset" 221
"../../../Engine/Content/EngineDebugMaterials/WireframeMaterial.uasset" 222
"../../../Engine/Content/EngineFonts/Faces/DroidSansFallback.uasset" 223
"../../../Engine/Content/EngineFonts/Faces/RobotoBold.uasset" 224
"../../../Engine/Content/EngineFonts/Faces/RobotoBoldItalic.uasset" 225
"../../../Engine/Content/EngineFonts/Faces/RobotoItalic.uasset" 226
"../../../Engine/Content/EngineFonts/Faces/RobotoLight.uasset" 227
"../../../Engine/Content/EngineFonts/Faces/RobotoRegular.uasset" 228
"../../../Engine/Content/EngineFonts/Roboto.uasset" 229
"../../../Engine/Content/EngineMaterials/BaseFlattenDiffuseMap.uasset" 230
"../../../Engine/Content/EngineMaterials/BaseFlattenEmissiveMap.uasset" 231
"../../../Engine/Content/EngineMaterials/BaseFlattenGrayscaleMap.uasset" 232
"../../../Engine/Content/EngineMaterials/BaseFlattenNormalMap.uasset" 233
"../../../Engine/Content/EngineMaterials/BaseFlattenMaterial.uasset" 234
"../../../Engine/Content/EngineMaterials/BlueNoise.uasset" 235
"../../../Engine/Content/EngineMaterials/DefaultBloomKernel.uasset" 236
"../../../Engine/Content/EngineMaterials/DefaultBokeh.uasset" 237
"../../../Engine/Content/EngineMaterials/DefaultDiffuse.uasset" 238
"../../../Engine/Content/EngineMaterials/DefaultDeferredDecalMaterial.uasset" 239
"../../../Engine/Content/EngineMaterials/DefaultLightFunctionMaterial.uasset" 240
"../../../Engine/Content/EngineMaterials/DefaultPhysicalMaterial.uasset" 241
"../../../Engine/Content/Functions/Engine_MaterialFunctions02/Utility/BreakOutFloat2Components.uasset" 242
"../../../Engine/Content/EngineMaterials/DefaultPostProcessMaterial.uasset" 243
"../../../Engine/Content/EngineFonts/RobotoDistanceField.uasset" 244
"../../../Engine/Content/EngineMaterials/DefaultTextMaterialOpaque.uasset" 245
"../../../Engine/Content/EngineMaterials/DefaultWhiteGrid.uasset" 246
"../../../Engine/Content/EngineMaterials/DefaultWhiteGrid_Low.uasset" 247
"../../../Engine/Content/EngineMaterials/EmissiveMeshMaterial.uasset" 248
"../../../Engine/Content/EngineMaterials/GizmoMaterial.uasset" 249
"../../../Engine/Content/EngineMaterials/Good64x64TilingNoiseHighFreq.uasset" 250
"../../../Engine/Content/EngineMaterials/MiniFont.uasset" 251
"../../../Engine/Content/EngineMaterials/InvalidLightmapSettings.uasset" 252
"../../../Engine/Content/EngineMaterials/M_InvalidLightmapSettings.uasset" 253
"../../../Engine/Content/Functions/Engine_MaterialFunctions02/WorldPositionOffset/CameraOffset.uasset" 254
"../../../Engine/Content/EngineMaterials/PhAT_JointLimitMaterial.uasset" 255
"../../../Engine/Content/EngineMaterials/PreintegratedSkinBRDF.uasset" 256
"../../../Engine/Content/EngineMaterials/RemoveSurfaceMaterial.uasset" 257
"../../../Engine/Content/EngineMaterials/WeightMapPlaceholderTexture.uasset" 258
"../../../Engine/Content/EngineResources/WhiteSquareTexture.uasset" 259
"../../../Engine/Content/EngineMaterials/Widget3DPassThrough.uasset" 260
"../../../Engine/Content/EngineMaterials/Widget3DPassThrough_Masked.uasset" 261
"../../../Engine/Content/EngineMaterials/Widget3DPassThrough_Opaque.uasset" 262
"../../../Engine/Content/EngineMaterials/Widget3DPassThrough_Masked_OneSided.uasset" 263
"../../../Engine/Content/EngineMaterials/Widget3DPassThrough_Opaque_OneSided.uasset" 264
"../../../Engine/Content/EngineMaterials/Widget3DPassThrough_Translucent.uasset" 265
"../../../Engine/Content/EngineMaterials/Widget3DPassThrough_Translucent_OneSided.uasset" 266
"../../../Engine/Content/EngineMeshes/Cylinder.uasset" 267
"../../../Engine/Content/EngineMeshes/Sphere.uasset" 268
"../../../Engine/Content/EngineResources/Black.uasset" 269
"../../../Engine/Content/EngineResources/DefaultTexture.uasset" 270
"../../../Engine/Content/EngineResources/DefaultTextureCube.uasset" 271
"../../../Engine/Content/EngineResources/DefaultVolumeTexture2D.uasset" 272
"../../../Engine/Content/EngineResources/DefaultVolumeTexture.uasset" 273
"../../../Engine/Content/EngineResources/GradientTexture0.uasset" 274
"../../../Engine/Content/EngineSounds/Master.uasset" 275
"../../../Engine/Content/Functions/Engine_MaterialFunctions01/Shading/ConvertFromDiffSpec.uasset" 276
"../../../Engine/Content/Functions/Engine_MaterialFunctions01/Shading/PowerToRoughness.uasset" 277
"../../../Engine/Content/Maps/Templates/Thumbnails/Default.uasset" 278
"../../../Engine/Content/Maps/Templates/Thumbnails/VR-Basic.uasset" 279
"../../../Engine/Content/MobileResources/T_MobileControls_texture.uasset" 280
"../../../Engine/Content/MobileResources/T_MobileMenu2.uasset" 281
"../../../Engine/Content/MobileResources/HUD/AnalogHat.uasset" 282
"../../../Engine/Content/MobileResources/HUD/VirtualJoystick_Background.uasset" 283
"../../../Engine/Content/MobileResources/HUD/VirtualJoystick_Thumb.uasset" 284
"../../../Engine/Content/MobileResources/HUD/DefaultVirtualJoysticks.uasset" 285
"../../../Engine/Content/MobileResources/HUD/LeftVirtualJoystickOnly.uasset" 286
"../../../Engine/Content/MobileResources/HUD/MobileHUDButton1_off.uasset" 287
"../../../Engine/Content/MobileResources/HUD/MobileHUDButton1_on.uasset" 288
"../../../Engine/Content/MobileResources/HUD/MobileHUDButton2_off.uasset" 289
"../../../Engine/Content/MobileResources/HUD/MobileHUDButton2_on.uasset" 290
"../../../Engine/Content/MobileResources/HUD/MobileHUDButton3.uasset" 291
"../../../Engine/Content/MobileResources/HUD/MobileHUDButtonFire.uasset" 292
"../../../Engine/Content/MobileResources/HUD/MobileHUDDirectionPad.uasset" 293
"../../../Engine/Content/MobileResources/HUD/MobileHUDDirectionPad2.uasset" 294
"../../../Engine/Content/MobileResources/HUD/MobileHUDDirectionPad3.uasset" 295
"../../../Engine/Content/MobileResources/HUD/MobileHUDDirectionStick.uasset" 296
"../../../Engine/Content/MobileResources/HUD/T_Castle_ThumbstickInner.uasset" 297
"../../../Engine/Content/MobileResources/HUD/T_Castle_ThumbstickOutter.uasset" 298
"../../../Engine/Content/Tutorial/ContentIntroCurve.uasset" 299
"../../../Engine/Content/Tutorial/Basics/LevelEditorAttract.uasset" 300
"../../../Engine/Content/Tutorial/Basics/TutorialAssets/icon_tab_Levels_40x.uasset" 301
"../../../Engine/Content/Tutorial/Basics/LevelEditorOverview.uasset" 302
"../../../Engine/Content/Tutorial/BlueprintTutorials/TutorialAssets/Blueprint_64x.uasset" 303
"../../../Engine/Content/Tutorial/BlueprintTutorials/BlueprintEditorTutorial.uasset" 304
"../../../Engine/Content/VREditor/LaserPointer/VR_LaserPower_01.uasset" 305
"../../../Engine/Content/VREditor/TransformGizmo/TransformGizmoMaterial.uasset" 306
"../../../Engine/Content/VREditor/TransformGizmo/TranslucentTransformGizmoMaterial.uasset" 307
"../../../Engine/Content/VREditor/TransformGizmo/BoundingBoxCorner.uasset" 308
"../../../Engine/Content/VREditor/TransformGizmo/BoundingBoxEdge.uasset" 309
"../../../Engine/Content/VREditor/TransformGizmo/PlaneTranslationHandle.uasset" 310
"../../../Engine/Content/VREditor/TransformGizmo/Main.uasset" 311
"../../../Engine/Content/VREditor/TransformGizmo/Xray.uasset" 312
"../../../Engine/Content/VREditor/TransformGizmo/SM_Sequencer_Key.uasset" 313
"../../../Engine/Content/VREditor/TransformGizmo/SM_Sequencer_Node.uasset" 314
"../../Plugins/2D/Paper2D/Content/PlaceholderTextures/DummySpriteTexture.uasset" 315
"../../Plugins/2D/Paper2D/Content/DummySprite.uasset" 316
"../../Plugins/2D/Paper2D/Content/DefaultPaperTerrainMaterial.uasset" 317
"../../Plugins/2D/Paper2D/Content/DefaultSpriteMaterial.uasset" 318
"../../Plugins/2D/Paper2D/Content/MaskedUnlitSpriteMaterial.uasset" 319
"../../Plugins/2D/Paper2D/Content/OpaqueUnlitSpriteMaterial.uasset" 320
"../../Plugins/FX/Niagara/Content/Enums/ENiagaraBooleanLogicOps.uasset" 321
"../../Plugins/FX/Niagara/Content/Enums/ENiagaraCoordinateSpace.uasset" 322
"../../Plugins/FX/Niagara/Content/Enums/ENiagaraExpansionMode.uasset" 323
"../../Plugins/FX/Niagara/Content/Enums/ENiagaraOrientationAxis.uasset" 324
"../../Plugins/FX/Niagara/Content/Enums/ENiagaraRandomnessMode.uasset" 325
"../../../Engine/Content/Functions/Engine_MaterialFunctions02/Utility/BreakOutFloat4Components.uasset" 326
"../../../Engine/Content/Functions/Engine_MaterialFunctions02/Utility/MakeFloat2.uasset" 327
"../../../Engine/Content/Functions/Engine_MaterialFunctions02/Utility/MakeFloat3.uasset" 328
"../../Plugins/Runtime/Oculus/OculusVR/Content/Materials/OculusMR_ChromaKey.uasset" 329
"../../Plugins/Runtime/Oculus/OculusVR/Content/Materials/OculusMR_ChromaKey_Lit.uasset" 330
"../../Plugins/Runtime/Oculus/OculusVR/Content/Materials/OculusMR_OpaqueColoredMaterial.uasset" 331
"../../Plugins/Runtime/Oculus/OculusVR/Content/Materials/OculusMR_WhiteMaterial.uasset" 332
"../../../Engine/Content/Animation/DefaultAnimBoneCompressionSettings.uasset" 333
"../../../../DEsktop/MyProject/Content/FirstPersonBP/AnimatedModels/pipeSwing_Anim.uasset" 334
"../../../../DEsktop/MyProject/Content/StarterContent/Props/MaterialSphere.uasset" 335
"../../../../DEsktop/MyProject/Content/FirstPersonBP/Blueprints/FirstPersonCharacter.uasset" 336
"../../../Engine/Content/EngineSky/C_Sky_Cloud_Color.uasset" 337
"../../../Engine/Content/EngineSky/C_Sky_Horizon_Color.uasset" 338
"../../../Engine/Content/EngineSky/C_Sky_Zenith_Color.uasset" 339
"../../../Engine/Content/EngineSky/T_Sky_Blue.uasset" 340
"../../../Engine/Content/EngineSky/T_Sky_Clouds_M.uasset" 341
"../../../Engine/Content/EngineSky/T_Sky_Stars.uasset" 342
"../../../Engine/Content/EngineSky/M_Sky_Panning_Clouds2.uasset" 343
"../../../Engine/Content/EngineSky/SM_SkySphere.uasset" 344
"../../../Engine/Content/EngineSky/BP_Sky_Sphere.uasset" 345
"../../../../DEsktop/MyProject/Content/FirstPersonBP/Blueprints/BarrelObject.uasset" 346
"../../../../DEsktop/MyProject/Content/FirstPersonBP/Blueprints/WidgetHUD.uasset" 347
"../../../../DEsktop/MyProject/Content/FirstPersonBP/Blueprints/MyHUD.uasset" 348
"../../../../DEsktop/MyProject/Content/FirstPersonBP/Blueprints/FirstPersonGameMode.uasset" 349
"../../../Engine/Content/BasicShapes/BasicShapeMaterial.uasset" 350
"../../../Engine/Content/BasicShapes/Cube.uasset" 351
"../../../../DEsktop/MyProject/Content/FirstPersonBP/Blueprints/HealthObject.uasset" 352
"../../../../DEsktop/MyProject/Content/FirstPersonBP/InventorySystem/Item/Icons/RockIcon.uasset" 353
"../../../../DEsktop/MyProject/Content/StarterContent/Textures/T_Detail_Rocky_N.uasset" 354
"../../../../DEsktop/MyProject/Content/StarterContent/Textures/T_Rock_Basalt_D.uasset" 355
"../../../../DEsktop/MyProject/Content/StarterContent/Textures/T_RockMesh_M.uasset" 356
"../../../../DEsktop/MyProject/Content/StarterContent/Textures/T_RockMesh_N.uasset" 357
"../../../../DEsktop/MyProject/Content/StarterContent/Props/Materials/M_Rock.uasset" 358
"../../../../DEsktop/MyProject/Content/StarterContent/Props/SM_Rock.uasset" 359
"../../../../DEsktop/MyProject/Content/FirstPersonBP/InventorySystem/Item/Item_Rock.uasset" 360
"../../../../DEsktop/MyProject/Content/FirstPersonBP/Maps/FirstPersonExampleMap_BuiltData.uasset" 361
"../../../Engine/Content/Functions/Engine_MaterialFunctions03/Procedurals/ComputeFilterWidth.uasset" 362
"../../../Engine/Content/EngineMaterials/AntiAliasedTextMaterialTranslucent.uasset" 363
"../../../../DEsktop/MyProject/Content/FirstPerson/Meshes/CubeMaterialOverride.uasset" 364
"../../../Engine/Content/Functions/Engine_MaterialFunctions02/SplitComponents.uasset" 365
"../../../Engine/Content/Functions/Engine_MaterialFunctions02/Utility/VectorLength.uasset" 366
"../../../../DEsktop/MyProject/Content/Materials/MF_ConvolveTexture.uasset" 367
"../../../../DEsktop/MyProject/Content/Materials/MF_ExtractDepth.uasset" 368
"../../../../DEsktop/MyProject/Content/Materials/MF_SampleSceneTextureNeighbourUVs.uasset" 369
"../../../../DEsktop/MyProject/Content/Materials/PP_Outliner_M.uasset" 370
"../../../../DEsktop/MyProject/Content/Materials/PP_Outliner_Blue.uasset" 371
"../../../../DEsktop/MyProject/Content/Geometry/Meshes/1M_Cube.uasset" 372
"../../../../DEsktop/MyProject/Content/FirstPersonBP/Maps/FirstPersonExampleMap.umap" 373
"../../../../DEsktop/MyProject/Content/StarterContent/Blueprints/Assets/FogBrightnessLUT.uasset" 374
"../../../../DEsktop/MyProject/Content/StarterContent/Blueprints/Assets/SunlightColorLUT.uasset" 375
"../../../../DEsktop/MyProject/Content/StarterContent/Blueprints/Assets/M_LightStage_Arrows.uasset" 376
"../../../Engine/Content/MapTemplates/Sky/DaylightAmbientCubemap.uasset" 377
"../../../../DEsktop/MyProject/Content/StarterContent/Blueprints/Assets/M_LightStage_Skybox_Master.uasset" 378
"../../../../DEsktop/MyProject/Content/StarterContent/Blueprints/Assets/M_LightStage_Skybox_Black.uasset" 379
"../../../../DEsktop/MyProject/Content/StarterContent/Blueprints/Assets/M_LightStage_Skybox_HDRI.uasset" 380
"../../../Engine/Content/EditorMaterials/Thumbnails/SkySphereMaterial.uasset" 381
"../../../../DEsktop/MyProject/Content/StarterContent/Blueprints/Assets/Skybox.uasset" 382
"../../../../DEsktop/MyProject/Content/StarterContent/Blueprints/Assets/SM_Arrows.uasset" 383
"../../../../DEsktop/MyProject/Content/StarterContent/HDRI/HDRI_Epic_Courtyard_Daylight.uasset" 384
"../../../../DEsktop/MyProject/Content/StarterContent/Blueprints/BP_LightStudio.uasset" 385
"../../../../DEsktop/MyProject/Content/StarterContent/Maps/Advanced_Lighting_BuiltData.uasset" 386
"../../../../DEsktop/MyProject/Content/StarterContent/Materials/M_AssetPlatform.uasset" 387
"../../../Engine/Content/EditorMeshes/ColorCalibrator/M_ChromeBall.uasset" 388
"../../../Engine/Content/EditorMeshes/ColorCalibrator/M_ClearCoat.uasset" 389
"../../../Engine/Content/EditorMeshes/ColorCalibrator/M_ClearCoatBlack.uasset" 390
"../../../Engine/Content/EditorMeshes/ColorCalibrator/Color_checker.uasset" 391
"../../../Engine/Content/EditorMeshes/ColorCalibrator/M_ColorGrid.uasset" 392
"../../../Engine/Content/EditorMeshes/ColorCalibrator/M_GreyBall.uasset" 393
"../../../Engine/Content/EditorMeshes/ColorCalibrator/SM_ColorCalibrator.uasset" 394
"../../../../DEsktop/MyProject/Content/StarterContent/Architecture/SM_AssetPlatform.uasset" 395
"../../../../DEsktop/MyProject/Content/StarterContent/Maps/Advanced_Lighting.umap" 396
"../../../../DEsktop/MyProject/Content/StarterContent/Maps/Minimal_Default_BuiltData.uasset" 397
"../../../../DEsktop/MyProject/Content/StarterContent/Textures/T_MacroVariation.uasset" 398
"../../../../DEsktop/MyProject/Content/StarterContent/Materials/M_Metal_Brushed_Nickel.uasset" 399
"../../../../DEsktop/MyProject/Content/StarterContent/Textures/T_Metal_Aluminum_D.uasset" 400
"../../../../DEsktop/MyProject/Content/StarterContent/Textures/T_Metal_Gold_N.uasset" 401
"../../../../DEsktop/MyProject/Content/StarterContent/Materials/M_Metal_Burnished_Steel.uasset" 402
"../../../../DEsktop/MyProject/Content/StarterContent/Textures/T_Metal_Copper_D.uasset" 403
"../../../../DEsktop/MyProject/Content/StarterContent/Materials/M_Metal_Copper.uasset" 404
"../../../../DEsktop/MyProject/Content/StarterContent/Textures/T_Statue_M.uasset" 405
"../../../../DEsktop/MyProject/Content/StarterContent/Textures/T_Statue_N.uasset" 406
"../../../../DEsktop/MyProject/Content/StarterContent/Props/Materials/M_StatueGlass.uasset" 407
"../../../../DEsktop/MyProject/Content/StarterContent/Architecture/Floor_400x400.uasset" 408
"../../../../DEsktop/MyProject/Content/StarterContent/Audio/Starter_Background_Cue.uasset" 409
"../../../../DEsktop/MyProject/Content/StarterContent/Props/SM_Chair.uasset" 410
"../../../../DEsktop/MyProject/Content/StarterContent/Props/Materials/M_Statue.uasset" 411
"../../../../DEsktop/MyProject/Content/StarterContent/Props/SM_Statue.uasset" 412
"../../../../DEsktop/MyProject/Content/StarterContent/Textures/T_TableRound_M.uasset" 413
"../../../../DEsktop/MyProject/Content/StarterContent/Textures/T_TableRound_N.uasset" 414
"../../../../DEsktop/MyProject/Content/StarterContent/Props/Materials/M_TableRound.uasset" 415
"../../../../DEsktop/MyProject/Content/StarterContent/Props/SM_TableRound.uasset" 416
"../../../../DEsktop/MyProject/Content/StarterContent/Maps/Minimal_Default.umap" 417
"../../../../DEsktop/MyProject/Content/StarterContent/Audio/Fire01_Cue.uasset" 418
"../../../../DEsktop/MyProject/Content/StarterContent/Textures/T_Fire_SubUV.uasset" 419
"../../../../DEsktop/MyProject/Content/StarterContent/Textures/T_Fire_Tiled_D.uasset" 420
"../../../../DEsktop/MyProject/Content/StarterContent/Particles/Materials/M_Fire_SubUV.uasset" 421
"../../../../DEsktop/MyProject/Content/StarterContent/Textures/T_Water_N.uasset" 422
"../../../../DEsktop/MyProject/Content/StarterContent/Particles/Materials/M_Heat_Distortion.uasset" 423
"../../../../DEsktop/MyProject/Content/StarterContent/Particles/Materials/M_Radial_Gradient.uasset" 424
"../../../../DEsktop/MyProject/Content/StarterContent/Particles/P_Fire.uasset" 425
"../../../../DEsktop/MyProject/Content/StarterContent/Blueprints/Blueprint_Effect_Fire.uasset" 426
"../../../../DEsktop/MyProject/Content/StarterContent/Audio/Smoke01_Cue.uasset" 427
"../../../../DEsktop/MyProject/Content/StarterContent/Particles/P_Smoke.uasset" 428
"../../../../DEsktop/MyProject/Content/StarterContent/Blueprints/Blueprint_Effect_Smoke.uasset" 429
"../../../../DEsktop/MyProject/Content/StarterContent/Audio/Fire_Sparks01_Cue.uasset" 430
"../../../../DEsktop/MyProject/Content/StarterContent/Textures/T_Spark_Core.uasset" 431
"../../../../DEsktop/MyProject/Content/StarterContent/Particles/Materials/M_Spark.uasset" 432
"../../../../DEsktop/MyProject/Content/StarterContent/Particles/P_Sparks.uasset" 433
"../../../../DEsktop/MyProject/Content/StarterContent/Blueprints/Blueprint_Effect_Sparks.uasset" 434
"../../../../DEsktop/MyProject/Content/StarterContent/Audio/Steam01_Cue.uasset" 435
"../../../../DEsktop/MyProject/Content/StarterContent/Particles/P_Steam_Lit.uasset" 436
"../../../../DEsktop/MyProject/Content/StarterContent/Blueprints/Blueprint_Effect_Steam.uasset" 437
"../../../../DEsktop/MyProject/Content/StarterContent/Textures/T_Lamp_M.uasset" 438
"../../../../DEsktop/MyProject/Content/StarterContent/Textures/T_Lamp_N.uasset" 439
"../../../../DEsktop/MyProject/Content/StarterContent/Props/Materials/M_Lamp.uasset" 440
"../../../../DEsktop/MyProject/Content/StarterContent/Props/SM_Lamp_Ceiling.uasset" 441
"../../../../DEsktop/MyProject/Content/StarterContent/Blueprints/Blueprint_CeilingLight.uasset" 442
"../../../../DEsktop/MyProject/Content/StarterContent/Props/SM_Lamp_Wall.uasset" 443
"../../../../DEsktop/MyProject/Content/StarterContent/Blueprints/Blueprint_WallSconce.uasset" 444
"../../../../DEsktop/MyProject/Content/StarterContent/Maps/StarterMap_BuiltData.uasset" 445
"../../../../DEsktop/MyProject/Content/StarterContent/Textures/T_Brick_Clay_Beveled_D.uasset" 446
"../../../../DEsktop/MyProject/Content/StarterContent/Textures/T_Brick_Clay_Beveled_M.uasset" 447
"../../../../DEsktop/MyProject/Content/StarterContent/Textures/T_Brick_Clay_Beveled_N.uasset" 448
"../../../../DEsktop/MyProject/Content/StarterContent/Materials/M_Brick_Clay_Beveled.uasset" 449
"../../../../DEsktop/MyProject/Content/StarterContent/Textures/T_Brick_Clay_New_D.uasset" 450
"../../../../DEsktop/MyProject/Content/StarterContent/Textures/T_Brick_Clay_New_M.uasset" 451
"../../../../DEsktop/MyProject/Content/StarterContent/Textures/T_Brick_Clay_New_N.uasset" 452
"../../../../DEsktop/MyProject/Content/StarterContent/Materials/M_Brick_Clay_New.uasset" 453
"../../../../DEsktop/MyProject/Content/StarterContent/Textures/T_Brick_Clay_Old_D.uasset" 454
"../../../../DEsktop/MyProject/Content/StarterContent/Textures/T_Brick_Clay_Old_N.uasset" 455
"../../../../DEsktop/MyProject/Content/StarterContent/Textures/T_Perlin_Noise_M.uasset" 456
"../../../../DEsktop/MyProject/Content/StarterContent/Materials/M_Brick_Clay_Old.uasset" 457
"../../../../DEsktop/MyProject/Content/StarterContent/Textures/T_Brick_Cut_Stone_D.uasset" 458
"../../../../DEsktop/MyProject/Content/StarterContent/Textures/T_Brick_Cut_Stone_N.uasset" 459
"../../../../DEsktop/MyProject/Content/StarterContent/Materials/M_Brick_Cut_Stone.uasset" 460
"../../../../DEsktop/MyProject/Content/StarterContent/Textures/T_Brick_Hewn_Stone_D.uasset" 461
"../../../../DEsktop/MyProject/Content/StarterContent/Textures/T_Brick_Hewn_Stone_M.uasset" 462
"../../../../DEsktop/MyProject/Content/StarterContent/Textures/T_Brick_Hewn_Stone_N.uasset" 463
"../../../../DEsktop/MyProject/Content/StarterContent/Materials/M_Brick_Hewn_Stone.uasset" 464
"../../../../DEsktop/MyProject/Content/StarterContent/Textures/T_Ceramic_Tile_M.uasset" 465
"../../../../DEsktop/MyProject/Content/StarterContent/Textures/T_Ceramic_Tile_N.uasset" 466
"../../../../DEsktop/MyProject/Content/StarterContent/Textures/T_Rock_Marble_Polished_D.uasset" 467
"../../../../DEsktop/MyProject/Content/StarterContent/Materials/M_Ceramic_Tile_Checker.uasset" 468
"../../../../DEsktop/MyProject/Content/StarterContent/Textures/T_CobbleStone_Pebble_D.uasset" 469
"../../../../DEsktop/MyProject/Content/StarterContent/Textures/T_CobbleStone_Pebble_M.uasset" 470
"../../../../DEsktop/MyProject/Content/StarterContent/Textures/T_CobbleStone_Pebble_N.uasset" 471
"../../../../DEsktop/MyProject/Content/StarterContent/Materials/M_CobbleStone_Pebble.uasset" 472
"../../../../DEsktop/MyProject/Content/StarterContent/Textures/T_CobbleStone_Rough_D.uasset" 473
"../../../../DEsktop/MyProject/Content/StarterContent/Textures/T_CobbleStone_Rough_N.uasset" 474
"../../../../DEsktop/MyProject/Content/StarterContent/Textures/T_Gradinet_01.uasset" 475
"../../../../DEsktop/MyProject/Content/StarterContent/Textures/T_Rock_Smooth_Granite_D.uasset" 476
"../../../../DEsktop/MyProject/Content/StarterContent/Materials/M_CobbleStone_Rough.uasset" 477
"../../../../DEsktop/MyProject/Content/StarterContent/Textures/T_CobbleStone_Smooth_D.uasset" 478
"../../../../DEsktop/MyProject/Content/StarterContent/Textures/T_CobbleStone_Smooth_M.uasset" 479
"../../../../DEsktop/MyProject/Content/StarterContent/Textures/T_CobbleStone_Smooth_N.uasset" 480
"../../../../DEsktop/MyProject/Content/StarterContent/Materials/M_CobbleStone_Smooth.uasset" 481
"../../../../DEsktop/MyProject/Content/StarterContent/Textures/T_Concrete_Grime_D.uasset" 482
"../../../../DEsktop/MyProject/Content/StarterContent/Textures/T_Metal_Rust_N.uasset" 483
"../../../../DEsktop/MyProject/Content/StarterContent/Materials/M_Concrete_Grime.uasset" 484
"../../../../DEsktop/MyProject/Content/StarterContent/Textures/T_Concrete_Panels_D.uasset" 485
"../../../../DEsktop/MyProject/Content/StarterContent/Textures/T_Concrete_Panels_N.uasset" 486
"../../../../DEsktop/MyProject/Content/StarterContent/Materials/M_Concrete_Panels.uasset" 487
"../../../../DEsktop/MyProject/Content/StarterContent/Textures/T_Concrete_Poured_D.uasset" 488
"../../../../DEsktop/MyProject/Content/StarterContent/Textures/T_Concrete_Poured_N.uasset" 489
"../../../../DEsktop/MyProject/Content/StarterContent/Materials/M_Concrete_Poured.uasset" 490
"../../../../DEsktop/MyProject/Content/StarterContent/Textures/T_Concrete_Tiles_D.uasset" 491
"../../../../DEsktop/MyProject/Content/StarterContent/Textures/T_Concrete_Tiles_M.uasset" 492
"../../../../DEsktop/MyProject/Content/StarterContent/Textures/T_Concrete_Tiles_N.uasset" 493
"../../../../DEsktop/MyProject/Content/StarterContent/Textures/T_Concrete_Tiles_Variation_M.uasset" 494
"../../../../DEsktop/MyProject/Content/StarterContent/Materials/M_Concrete_Tiles.uasset" 495
"../../../../DEsktop/MyProject/Content/StarterContent/Textures/T_Ground_Grass_D.uasset" 496
"../../../../DEsktop/MyProject/Content/StarterContent/Textures/T_Ground_Grass_N.uasset" 497
"../../../../DEsktop/MyProject/Content/StarterContent/Materials/M_Ground_Grass.uasset" 498
"../../../../DEsktop/MyProject/Content/StarterContent/Textures/T_Ground_Gravel_D.uasset" 499
"../../../../DEsktop/MyProject/Content/StarterContent/Textures/T_Ground_Gravel_N.uasset" 500
"../../../../DEsktop/MyProject/Content/StarterContent/Materials/M_Ground_Gravel.uasset" 501
"../../../../DEsktop/MyProject/Content/StarterContent/Textures/T_ground_Moss_D.uasset" 502
"../../../../DEsktop/MyProject/Content/StarterContent/Textures/T_Ground_Moss_N.uasset" 503
"../../../../DEsktop/MyProject/Content/StarterContent/Materials/M_Ground_Moss.uasset" 504
"../../../../DEsktop/MyProject/Content/StarterContent/Materials/M_Metal_Chrome.uasset" 505
"../../../../DEsktop/MyProject/Content/StarterContent/Textures/T_Metal_Gold_D.uasset" 506
"../../../../DEsktop/MyProject/Content/StarterContent/Materials/M_Metal_Gold.uasset" 507
"../../../../DEsktop/MyProject/Content/StarterContent/Textures/T_Metal_Rust_D.uasset" 508
"../../../../DEsktop/MyProject/Content/StarterContent/Materials/M_Metal_Rust.uasset" 509
"../../../../DEsktop/MyProject/Content/StarterContent/Textures/T_Metal_Steel_D.uasset" 510
"../../../../DEsktop/MyProject/Content/StarterContent/Textures/T_Metal_Steel_N.uasset" 511
"../../../../DEsktop/MyProject/Content/StarterContent/Materials/M_Metal_Steel.uasset" 512
"../../../../DEsktop/MyProject/Content/StarterContent/Textures/T_Rock_Basalt_N.uasset" 513
"../../../../DEsktop/MyProject/Content/StarterContent/Materials/M_Rock_Basalt.uasset" 514
"../../../../DEsktop/MyProject/Content/StarterContent/Materials/M_Rock_Marble_Polished.uasset" 515
"../../../../DEsktop/MyProject/Content/StarterContent/Textures/T_Rock_Sandstone_D.uasset" 516
"../../../../DEsktop/MyProject/Content/StarterContent/Textures/T_Rock_Sandstone_N.uasset" 517
"../../../../DEsktop/MyProject/Content/StarterContent/Materials/M_Rock_Sandstone.uasset" 518
"../../../../DEsktop/MyProject/Content/StarterContent/Textures/T_Rock_Slate_D.uasset" 519
"../../../../DEsktop/MyProject/Content/StarterContent/Textures/T_Rock_Slate_N.uasset" 520
"../../../../DEsktop/MyProject/Content/StarterContent/Materials/M_Rock_Slate.uasset" 521
"../../../../DEsktop/MyProject/Content/StarterContent/Textures/T_Checker_Noise_M.uasset" 522
"../../../../DEsktop/MyProject/Content/StarterContent/Textures/T_Single_Tile_N.uasset" 523
"../../../../DEsktop/MyProject/Content/StarterContent/Textures/T_Tech_Dot_M.uasset" 524
"../../../../DEsktop/MyProject/Content/StarterContent/Textures/T_Tech_Dot_N.uasset" 525
"../../../../DEsktop/MyProject/Content/StarterContent/Materials/M_Tech_Checker_Dot.uasset" 526
"../../../../DEsktop/MyProject/Content/StarterContent/Textures/T_Tech_Hex_Tile_M.uasset" 527
"../../../../DEsktop/MyProject/Content/StarterContent/Textures/T_Tech_Hex_Tile_N.uasset" 528
"../../../../DEsktop/MyProject/Content/StarterContent/Materials/M_Tech_Hex_Tile.uasset" 529
"../../../../DEsktop/MyProject/Content/StarterContent/Materials/M_Tech_Hex_Tile_Pulse.uasset" 530
"../../../../DEsktop/MyProject/Content/StarterContent/Textures/T_Tech_Panel_M.uasset" 531
"../../../../DEsktop/MyProject/Content/StarterContent/Textures/T_Tech_Panel_N.uasset" 532
"../../../../DEsktop/MyProject/Content/StarterContent/Materials/M_Tech_Panel.uasset" 533
"../../../../DEsktop/MyProject/Content/StarterContent/Materials/M_Water_Lake.uasset" 534
"../../../../DEsktop/MyProject/Content/StarterContent/Textures/T_Water_M.uasset" 535
"../../../../DEsktop/MyProject/Content/StarterContent/Materials/M_Water_Ocean.uasset" 536
"../../../../DEsktop/MyProject/Content/StarterContent/Textures/T_Wood_Floor_Walnut_D.uasset" 537
"../../../../DEsktop/MyProject/Content/StarterContent/Textures/T_Wood_Floor_Walnut_M.uasset" 538
"../../../../DEsktop/MyProject/Content/StarterContent/Textures/T_Wood_Floor_Walnut_N.uasset" 539
"../../../../DEsktop/MyProject/Content/StarterContent/Materials/M_Wood_Floor_Walnut_Polished.uasset" 540
"../../../Engine/Content/Functions/Engine_MaterialFunctions01/Opacity/AlphaOffset.uasset" 541
"../../../../DEsktop/MyProject/Content/StarterContent/Materials/M_Wood_Floor_Walnut_Worn.uasset" 542
"../../../../DEsktop/MyProject/Content/StarterContent/Textures/T_Wood_Oak_D.uasset" 543
"../../../../DEsktop/MyProject/Content/StarterContent/Textures/T_Wood_Oak_N.uasset" 544
"../../../../DEsktop/MyProject/Content/StarterContent/Materials/M_Wood_Oak.uasset" 545
"../../../../DEsktop/MyProject/Content/StarterContent/Textures/T_Wood_Pine_D.uasset" 546
"../../../../DEsktop/MyProject/Content/StarterContent/Textures/T_Wood_Pine_N.uasset" 547
"../../../../DEsktop/MyProject/Content/StarterContent/Materials/M_Wood_Pine.uasset" 548
"../../../../DEsktop/MyProject/Content/StarterContent/Textures/T_Wood_Walnut_D.uasset" 549
"../../../../DEsktop/MyProject/Content/StarterContent/Textures/T_Wood_Walnut_N.uasset" 550
"../../../../DEsktop/MyProject/Content/StarterContent/Materials/M_Wood_Walnut.uasset" 551
"../../../../DEsktop/MyProject/Content/StarterContent/Architecture/Wall_400x200.uasset" 552
"../../../../DEsktop/MyProject/Content/StarterContent/Architecture/Wall_Door_400x300.uasset" 553
"../../../../DEsktop/MyProject/Content/StarterContent/Architecture/Wall_Window_400x300.uasset" 554
"../../../../DEsktop/MyProject/Content/StarterContent/Audio/Collapse_Cue.uasset" 555
"../../../../DEsktop/MyProject/Content/StarterContent/Audio/Starter_Music_Cue.uasset" 556
"../../../../DEsktop/MyProject/Content/StarterContent/Textures/T_Dust_Particle_D.uasset" 557
"../../../../DEsktop/MyProject/Content/StarterContent/Particles/Materials/M_Dust_Particle.uasset" 558
"../../../../DEsktop/MyProject/Content/StarterContent/Particles/P_Ambient_Dust.uasset" 559
"../../../../DEsktop/MyProject/Content/StarterContent/Textures/T_Frame_M.uasset" 560
"../../../../DEsktop/MyProject/Content/StarterContent/Textures/T_Frame_N.uasset" 561
"../../../../DEsktop/MyProject/Content/StarterContent/Props/Materials/M_Frame.uasset" 562
"../../../../DEsktop/MyProject/Content/StarterContent/Props/SM_CornerFrame.uasset" 563
"../../../../DEsktop/MyProject/Content/StarterContent/Props/SM_DoorFrame.uasset" 564
"../../../../DEsktop/MyProject/Content/StarterContent/Props/SM_GlassWindow.uasset" 565
"../../../../DEsktop/MyProject/Content/StarterContent/Props/SM_PillarFrame.uasset" 566
"../../../../DEsktop/MyProject/Content/StarterContent/Props/SM_PillarFrame300.uasset" 567
"../../../../DEsktop/MyProject/Content/StarterContent/Props/SM_WindowFrame.uasset" 568
"../../../../DEsktop/MyProject/Content/StarterContent/Shapes/Shape_Cube.uasset" 569
"../../../../DEsktop/MyProject/Content/StarterContent/Shapes/Shape_QuadPyramid.uasset" 570
"../../../../DEsktop/MyProject/Content/StarterContent/Shapes/Shape_Sphere.uasset" 571
"../../../../DEsktop/MyProject/Content/StarterContent/Maps/StarterMap.umap" 572
"../../../Engine/Content/Maps/Entry_BuiltData.uasset" 573
"../../../Engine/Content/Maps/Entry.umap" 574
