Log file open, 01/08/21 14:40:03
LogWindows: Failed to load 'aqProf.dll' (GetLastError=126)
LogWindows: File 'aqProf.dll' does not exist
LogWindows: Failed to load 'VSPerf140.dll' (GetLastError=126)
LogWindows: File 'VSPerf140.dll' does not exist
LogWindows: Failed to load 'VtuneApi.dll' (GetLastError=126)
LogWindows: File 'VtuneApi.dll' does not exist
LogWindows: Failed to load 'VtuneApi32e.dll' (GetLastError=126)
LogWindows: File 'VtuneApi32e.dll' does not exist
LogInit: Display: Running engine for game: MyProject4
LogPlatformFile: Not using cached read wrapper
LogTaskGraph: Started task graph with 5 named threads and 23 total threads with 3 sets of task threads.
LogStats: Stats thread started at 0.311625
LogD3D11RHI: Loaded GFSDK_Aftermath_Lib.x64.dll
LogICUInternationalization: Display: ICU TimeZone Detection - Raw Offset: +0:00, Platform Override: ''
LogPluginManager: Mounting plugin Paper2D
LogPluginManager: Mounting plugin AISupport
LogPluginManager: Mounting plugin LightPropagationVolume
LogPluginManager: Mounting plugin CLionSourceCodeAccess
LogPluginManager: Mounting plugin CodeLiteSourceCodeAccess
LogPluginManager: Mounting plugin GitSourceControl
LogPluginManager: Mounting plugin KDevelopSourceCodeAccess
LogPluginManager: Mounting plugin NullSourceCodeAccess
LogPluginManager: Mounting plugin PerforceSourceControl
LogPluginManager: Mounting plugin SubversionSourceControl
LogPluginManager: Mounting plugin UObjectPlugin
LogPluginManager: Mounting plugin VisualStudioCodeSourceCodeAccess
LogPluginManager: Mounting plugin VisualStudioSourceCodeAccess
LogPluginManager: Mounting plugin XCodeSourceCodeAccess
LogPluginManager: Mounting plugin AssetManagerEditor
LogPluginManager: Mounting plugin CryptoKeys
LogPluginManager: Mounting plugin DataValidation
LogPluginManager: Mounting plugin FacialAnimation
LogPluginManager: Mounting plugin GameplayTagsEditor
LogPluginManager: Mounting plugin MacGraphicsSwitching
LogPluginManager: Mounting plugin MeshEditor
LogPluginManager: Mounting plugin MobileLauncherProfileWizard
LogPluginManager: Mounting plugin PluginBrowser
LogPluginManager: Mounting plugin SpeedTreeImporter
LogPluginManager: Mounting plugin DatasmithContent
LogPluginManager: Mounting plugin AlembicImporter
LogPluginManager: Mounting plugin AppleImageUtils
LogPluginManager: Mounting plugin AppleVision
LogPluginManager: Mounting plugin BackChannel
LogPluginManager: Mounting plugin CharacterAI
LogPluginManager: Mounting plugin GeometryCache
LogPluginManager: Mounting plugin HTML5Networking
LogPluginManager: Mounting plugin ProxyLODPlugin
LogPluginManager: Mounting plugin MagicLeap
LogPluginManager: Mounting plugin MagicLeapEmulator
LogPluginManager: Mounting plugin MagicLeapMedia
LogPluginManager: Mounting plugin AndroidMedia
LogPluginManager: Mounting plugin AvfMedia
LogPluginManager: Mounting plugin ImgMedia
LogPluginManager: Mounting plugin LinearTimecode
LogPluginManager: Mounting plugin MediaCompositing
LogPluginManager: Mounting plugin MediaPlayerEditor
LogPluginManager: Mounting plugin WmfMedia
LogPluginManager: Mounting plugin TcpMessaging
LogPluginManager: Mounting plugin UdpMessaging
LogPluginManager: Mounting plugin ActorSequence
LogPluginManager: Mounting plugin LevelSequenceEditor
LogPluginManager: Mounting plugin MatineeToLevelSequence
LogPluginManager: Mounting plugin NetcodeUnitTest
LogPluginManager: Mounting plugin NUTUnrealEngine4
LogPluginManager: Mounting plugin OnlineSubsystemGooglePlay
LogPluginManager: Mounting plugin OnlineSubsystemIOS
LogPluginManager: Mounting plugin OnlineSubsystem
LogPluginManager: Mounting plugin OnlineSubsystemNull
LogPluginManager: Mounting plugin OnlineSubsystemUtils
LogPluginManager: Mounting plugin LauncherChunkInstaller
LogPluginManager: Mounting plugin AndroidDeviceProfileSelector
LogPluginManager: Mounting plugin AndroidMoviePlayer
LogPluginManager: Mounting plugin AndroidPermission
LogPluginManager: Mounting plugin AppleMoviePlayer
LogPluginManager: Mounting plugin ArchVisCharacter
LogPluginManager: Mounting plugin AudioCapture
LogPluginManager: Mounting plugin CableComponent
LogPluginManager: Mounting plugin CustomMeshComponent
LogPluginManager: Mounting plugin EditableMesh
LogPluginManager: Mounting plugin ExampleDeviceProfileSelector
LogPluginManager: Mounting plugin GoogleCloudMessaging
LogPluginManager: Mounting plugin ImmediatePhysics
LogPluginManager: Mounting plugin IOSDeviceProfileSelector
LogPluginManager: Mounting plugin LinuxDeviceProfileSelector
LogPluginManager: Mounting plugin LocationServicesBPLibrary
LogPluginManager: Mounting plugin MobilePatchingUtils
LogPluginManager: Mounting plugin OculusVR
LogPluginManager: Plugin shader directory ../../../Engine/Plugins/Runtime/Oculus/OculusVR/Shaders found
LogPluginManager: Mapping shader source directory ../../../Engine/Plugins/Runtime/Oculus/OculusVR/Shaders to virtual directory /Plugin/OculusVR
LogPluginManager: Mounting plugin PhysXVehicles
LogPluginManager: Mounting plugin ProceduralMeshComponent
LogPluginManager: Mounting plugin RuntimePhysXCooking
LogPluginManager: Mounting plugin SteamVR
LogPluginManager: Mounting plugin WindowsMoviePlayer
LogStreaming: Display: Took  0.083s to configure plugins.
LogInit: Using libcurl 7.55.1-DEV
LogInit:  - built for x86_64-pc-win32
LogInit:  - supports SSL with OpenSSL/1.0.2h
LogInit:  - supports HTTP deflate (compression) using libz 1.2.8
LogInit:  - other features:
LogInit:      CURL_VERSION_SSL
LogInit:      CURL_VERSION_LIBZ
LogInit:      CURL_VERSION_IPV6
LogInit:      CURL_VERSION_ASYNCHDNS
LogInit:      CURL_VERSION_LARGEFILE
LogInit:      CURL_VERSION_IDN
LogInit:  CurlRequestOptions (configurable via config and command line):
LogInit:  - bVerifyPeer = false  - Libcurl will NOT verify peer certificate
LogInit:  - bUseHttpProxy = false  - Libcurl will NOT use HTTP proxy
LogInit:  - bDontReuseConnections = false  - Libcurl will reuse connections
LogInit:  - CertBundlePath = nullptr  - Libcurl will use whatever was configured at build time.
LogInit:  - MaxHostConnections = 16  - Libcurl will limit the number of connections to a host
LogInit:  - LocalHostAddr = Default
LogInit:  - BufferSize = 65536
LogInit: WinSock: version 1.1 (2.2), MaxSocks=32767, MaxUdp=65467
LogInit: Build: ++UE4+Release-4.20-CL-4369336
LogInit: Engine Version: 4.20.3-4369336+++UE4+Release-4.20
LogInit: Compatible Engine Version: 4.20.0-4212847+++UE4+Release-4.20
LogInit: Net CL: 4212847
LogInit: OS: Windows 10 (), CPU: Intel(R) Core(TM) i7-7700 CPU @ 3.60GHz, GPU: NVIDIA GeForce GTX 1060 6GB
LogInit: Compiled (64-bit): Sep 17 2018 12:26:19
LogInit: Compiled with Visual C++: 19.13.26129.00
LogInit: Build Configuration: Development
LogInit: Branch Name: ++UE4+Release-4.20
LogInit: Command Line:  /Game/FirstPersonBP/Maps/FirstPersonExampleMap -game -PIEVIACONSOLE -ResX=1280 -ResY=720  -Multiprocess -messaging -SessionName="Play in Standalone Game" -windowed 
LogInit: Base Directory: D:/UE_4.20/Engine/Binaries/Win64/
LogInit: Installed Engine Build: 1
LogDevObjectVersion: Number of dev versions registered: 20
LogDevObjectVersion:   Dev-Blueprints (B0D832E4-1F89-4F0D-ACCF-7EB736FD4AA2): 10
LogDevObjectVersion:   Dev-Build (E1C64328-A22C-4D53-A36C-8E866417BD8C): 0
LogDevObjectVersion:   Dev-Core (375EC13C-06E4-48FB-B500-84F0262A717E): 2
LogDevObjectVersion:   Dev-Editor (E4B068ED-F494-42E9-A231-DA0B2E46BB41): 24
LogDevObjectVersion:   Dev-Framework (CFFC743F-43B0-4480-9391-14DF171D2073): 34
LogDevObjectVersion:   Dev-Mobile (B02B49B5-BB20-44E9-A304-32B752E40360): 2
LogDevObjectVersion:   Dev-Networking (A4E4105C-59A1-49B5-A7C5-40C4547EDFEE): 0
LogDevObjectVersion:   Dev-Online (39C831C9-5AE6-47DC-9A44-9C173E1C8E7C): 0
LogDevObjectVersion:   Dev-Physics (78F01B33-EBEA-4F98-B9B4-84EACCB95AA2): 0
LogDevObjectVersion:   Dev-Platform (6631380F-2D4D-43E0-8009-CF276956A95A): 0
LogDevObjectVersion:   Dev-Rendering (12F88B9F-8875-4AFC-A67C-D90C383ABD29): 26
LogDevObjectVersion:   Dev-Sequencer (7B5AE74C-D270-4C10-A958-57980B212A5A): 9
LogDevObjectVersion:   Dev-VR (D7296918-1DD6-4BDD-9DE2-64A83CC13884): 2
LogDevObjectVersion:   Dev-LoadTimes (C2A15278-BFE7-4AFE-6C17-90FF531DF755): 1
LogDevObjectVersion:   Private-Geometry (6EACA3D4-40EC-4CC1-B786-8BED09428FC5): 3
LogDevObjectVersion:   Dev-AnimPhys (29E575DD-E0A3-4627-9D10-D276232CDCEA): 17
LogDevObjectVersion:   Dev-ReflectionCapture (6B266CEC-1EC7-4B8F-A30B-E4D90942FC07): 1
LogDevObjectVersion:   Dev-Automation (0DF73D61-A23F-47EA-B727-89E90C41499A): 1
LogDevObjectVersion:   FortniteMain (601D1886-AC64-4F84-AA16-D3DE0DEAC7D6): 12
LogDevObjectVersion:   Dev-Enterprise (9DFFBCD6-494F-0158-E221-12823C92A888): 1
LogStreaming: Display: Took  0.000s to delete old logs.
LogInit: Presizing for max 8388607 objects, including 0 objects not considered by GC, pre-allocating 0 bytes for permanent pool.
LogInit: Object subsystem initialized
[2021.01.08-14.40.03:610][  0]LogInit: Selected Device Profile: [Windows]
[2021.01.08-14.40.03:610][  0]LogInit: Applying CVar settings loaded from the selected device profile: [Windows]
[2021.01.08-14.40.03:616][  0]LogHAL: Display: Platform has ~ 16 GB [17108672512 / 17179869184 / 16], which maps to Larger [LargestMinGB=32, LargerMinGB=12, DefaultMinGB=8, SmallerMinGB=6, SmallestMinGB=0)
[2021.01.08-14.40.03:616][  0]LogInit: Setting Device Profile CVar: [[r.Vulkan.UseRealUBs:1]]
[2021.01.08-14.40.03:616][  0]LogInit: Going up to parent DeviceProfile []
[2021.01.08-14.40.03:616][  0]LogInit: Computer: THOMAS-PC
[2021.01.08-14.40.03:616][  0]LogInit: User: Lumi
[2021.01.08-14.40.03:616][  0]LogInit: CPU Page size=4096, Cores=4
[2021.01.08-14.40.03:616][  0]LogInit: High frequency timer resolution =10.000000 MHz
[2021.01.08-14.40.03:617][  0]LogMemory: Memory total: Physical=15.9GB (16GB approx)
[2021.01.08-14.40.03:617][  0]LogMemory: Platform Memory Stats for Windows
[2021.01.08-14.40.03:617][  0]LogMemory: Process Physical Memory: 101.49 MB used, 101.50 MB peak
[2021.01.08-14.40.03:617][  0]LogMemory: Process Virtual Memory: 89.39 MB used, 89.39 MB peak
[2021.01.08-14.40.03:617][  0]LogMemory: Physical Memory: 7484.38 MB used,  8831.73 MB free, 16316.10 MB total
[2021.01.08-14.40.03:617][  0]LogMemory: Virtual Memory: 4626.93 MB used,  8831.73 MB free, 134217728.00 MB total
[2021.01.08-14.40.03:641][  0]LogInit: Using OS detected language (en-GB).
[2021.01.08-14.40.03:641][  0]LogInit: Using OS detected locale (en-GB).
[2021.01.08-14.40.03:642][  0]LogTextLocalizationManager: No specific localization for 'en-GB' exists, so the 'en' localization will be used.
[2021.01.08-14.40.04:029][  0]LogStreaming: Display: Took  0.388s to InitEngineTextLocalization.
[2021.01.08-14.40.04:055][  0]LogSlate: New Slate User Created.  User Index 0, Is Virtual User: 0
[2021.01.08-14.40.04:055][  0]LogSlate: Slate User Registered.  User Index 0, Is Virtual User: 0
[2021.01.08-14.40.04:061][  0]LogHMD: Failed to initialize OpenVR with code 110
[2021.01.08-14.40.04:061][  0]LogD3D11RHI: D3D11 adapters:
[2021.01.08-14.40.04:112][  0]LogD3D11RHI:    0. 'NVIDIA GeForce GTX 1060 6GB' (Feature Level 11_0)
[2021.01.08-14.40.04:112][  0]LogD3D11RHI:       6052/0/8158 MB DedicatedVideo/DedicatedSystem/SharedSystem, Outputs:2, VendorId:0x10de
[2021.01.08-14.40.04:115][  0]LogD3D11RHI:    1. 'Microsoft Basic Render Driver' (Feature Level 11_0)
[2021.01.08-14.40.04:115][  0]LogD3D11RHI:       0/0/8158 MB DedicatedVideo/DedicatedSystem/SharedSystem, Outputs:0, VendorId:0x1414
[2021.01.08-14.40.04:115][  0]LogD3D11RHI: Chosen D3D11 Adapter: 0
[2021.01.08-14.40.04:124][  0]LogD3D11RHI: Creating new Direct3DDevice
[2021.01.08-14.40.04:124][  0]LogD3D11RHI:     GPU DeviceId: 0x1c03 (for the marketing name, search the web for "GPU Device Id")
[2021.01.08-14.40.04:124][  0]LogWindows: EnumDisplayDevices:
[2021.01.08-14.40.04:124][  0]LogWindows:    0. 'NVIDIA GeForce GTX 1060 6GB' (P:1 D:1)
[2021.01.08-14.40.04:125][  0]LogWindows:    1. 'NVIDIA GeForce GTX 1060 6GB' (P:0 D:1)
[2021.01.08-14.40.04:125][  0]LogWindows:    2. 'NVIDIA GeForce GTX 1060 6GB' (P:0 D:0)
[2021.01.08-14.40.04:125][  0]LogWindows:    3. 'NVIDIA GeForce GTX 1060 6GB' (P:0 D:0)
[2021.01.08-14.40.04:125][  0]LogWindows: DebugString: FoundDriverCount:4 
[2021.01.08-14.40.04:125][  0]LogD3D11RHI:     Adapter Name: NVIDIA GeForce GTX 1060 6GB
[2021.01.08-14.40.04:125][  0]LogD3D11RHI:   Driver Version: 446.14 (internal:26.21.14.4614, unified:446.14)
[2021.01.08-14.40.04:125][  0]LogD3D11RHI:      Driver Date: 5-15-2020
[2021.01.08-14.40.04:125][  0]LogRHI: Texture pool is 4236 MB (70% of 6052 MB)
[2021.01.08-14.40.04:175][  0]LogD3D11RHI: Async texture creation enabled
[2021.01.08-14.40.04:185][  0]LogD3D11RHI: GPU Timing Frequency: 1000.000000 (Debug: 2 1)
[2021.01.08-14.40.04:188][  0]LogShaderCompilers: Guid format shader working directory is -4 characters bigger than the processId version (../../../../Thomas/Unreal Projects/MyProject4 4.20/Intermediate/Shaders/WorkingDirectory/21308/).
[2021.01.08-14.40.04:188][  0]LogShaderCompilers: Cleaned the shader compiler working directory 'C:/Users/Thomas/AppData/Local/Temp/UnrealShaderWorkingDir/E044E152448F5881F199B3A10DE4BD33/'.
[2021.01.08-14.40.04:502][  0]LogTemp: Display: Loaded TP WindowsClientTargetPlatform
[2021.01.08-14.40.04:514][  0]LogTemp: Display: Loaded TP WindowsNoEditorTargetPlatform
[2021.01.08-14.40.04:526][  0]LogTemp: Display: Loaded TP WindowsServerTargetPlatform
[2021.01.08-14.40.04:539][  0]LogTemp: Display: Loaded TP WindowsTargetPlatform
[2021.01.08-14.40.04:540][  0]LogTargetPlatformManager: Display: Building Assets For Windows
[2021.01.08-14.40.04:599][  0]LogXGEController: Cannot use XGE Controller as Incredibuild is not installed on this machine.
[2021.01.08-14.40.04:599][  0]LogShaderCompilers: Cannot use XGE Shader Compiler as Incredibuild is not installed on this machine.
[2021.01.08-14.40.04:599][  0]LogShaderCompilers: Display: Using Local Shader Compiler.
[2021.01.08-14.40.05:391][  0]LogDerivedDataCache: Display: Max Cache Size: 512 MB
[2021.01.08-14.40.05:450][  0]LogDerivedDataCache: Loaded boot cache 0.06s 71MB C:/Users/Thomas/AppData/Local/UnrealEngine/4.20/DerivedDataCache/Boot.ddc.
[2021.01.08-14.40.05:451][  0]LogDerivedDataCache: Display: Loaded Boot cache: C:/Users/Thomas/AppData/Local/UnrealEngine/4.20/DerivedDataCache/Boot.ddc
[2021.01.08-14.40.05:451][  0]LogDerivedDataCache: FDerivedDataBackendGraph:  Pak pak cache file ../../../../Thomas/Unreal Projects/MyProject4 4.20/DerivedDataCache/DDC.ddp not found, will not use a pak cache.
[2021.01.08-14.40.05:451][  0]LogDerivedDataCache: Unable to find inner node Pak for hierarchical cache Hierarchy.
[2021.01.08-14.40.05:451][  0]LogDerivedDataCache: FDerivedDataBackendGraph:  CompressedPak pak cache file ../../../../Thomas/Unreal Projects/MyProject4 4.20/DerivedDataCache/Compressed.ddp not found, will not use a pak cache.
[2021.01.08-14.40.05:451][  0]LogDerivedDataCache: Unable to find inner node CompressedPak for hierarchical cache Hierarchy.
[2021.01.08-14.40.05:467][  0]LogDerivedDataCache: Display: Pak cache opened for reading ../../../Engine/DerivedDataCache/Compressed.ddp.
[2021.01.08-14.40.05:480][  0]LogDerivedDataCache: Using Local data cache path C:/Users/Thomas/AppData/Local/UnrealEngine/Common/DerivedDataCache: Writable
[2021.01.08-14.40.05:480][  0]LogDerivedDataCache: Shared data cache path not found in *engine.ini, will not use an Shared cache.
[2021.01.08-14.40.05:480][  0]LogDerivedDataCache: Unable to find inner node Shared for hierarchical cache Hierarchy.
[2021.01.08-14.40.05:498][  0]LogMaterial: Verifying Global Shaders for PCD3D_SM5
[2021.01.08-14.40.05:509][  0]LogSlate: Using FreeType 2.6.0
[2021.01.08-14.40.05:510][  0]LogSlate: SlateFontServices - WITH_FREETYPE: 1, WITH_HARFBUZZ: 1
[2021.01.08-14.40.05:568][  0]LogInit: Using OS detected language (en-GB).
[2021.01.08-14.40.05:568][  0]LogInit: Using OS detected locale (en-GB).
[2021.01.08-14.40.05:568][  0]LogTextLocalizationManager: No localization for 'en-GB' exists, so 'en' will be used for the language.
[2021.01.08-14.40.05:568][  0]LogTextLocalizationManager: No localization for 'en-GB' exists, so 'en' will be used for the locale.
[2021.01.08-14.40.05:955][  0]LogStreaming: Display: Took  0.387s to InitGameTextLocalization.
[2021.01.08-14.40.05:960][  0]LogAssetRegistry: FAssetRegistry took 0.0033 seconds to start up
[2021.01.08-14.40.06:158][  0]LogPackageLocalizationCache: Processed 11 localized package path(s) for 1 prioritized culture(s) in 0.018466 seconds
[2021.01.08-14.40.06:284][  0]LogInit: Selected Device Profile: [Windows]
[2021.01.08-14.40.06:409][  0]LogSimplygon: Simplygon DLL not present - disabling.
[2021.01.08-14.40.06:413][  0]LogMeshReduction: Using SimplygonSwarm for distributed automatic mesh merging
[2021.01.08-14.40.06:413][  0]LogMeshReduction: Using ProxyLODMeshReduction for automatic mesh merging
[2021.01.08-14.40.06:413][  0]LogMeshReduction: Using QuadricMeshReduction for automatic static mesh reduction
[2021.01.08-14.40.06:413][  0]LogMeshReduction: No automatic skeletal mesh reduction module available
[2021.01.08-14.40.06:432][  0]LogNetVersion: MyProject4 1.0.0, NetCL: 4212847, EngineNetVer: 5, GameNetVer: 0 (Checksum: 3245095822)
[2021.01.08-14.40.06:920][  0]LogMoviePlayer: Initializing movie player
[2021.01.08-14.40.07:096][  0]LogTcpMessaging: Initializing TcpMessaging bridge
[2021.01.08-14.40.07:108][  0]LogUdpMessaging: Initializing bridge on interface 0.0.0.0:0 to multicast group 230.0.0.1:6666.
[2021.01.08-14.40.07:190][  0]SourceControl: Source control is disabled
[2021.01.08-14.40.07:190][  0]SourceControl: Source control is disabled
[2021.01.08-14.40.07:191][  0]SourceControl: Source control is disabled
[2021.01.08-14.40.07:310][  0]LogAndroidPermission: UAndroidPermissionCallbackProxy::GetInstance
[2021.01.08-14.40.07:432][  0]LogOcInput: OculusInput pre-init called
[2021.01.08-14.40.07:440][  0]LogUObjectArray: 42168 objects as part of root set at end of initial load.
[2021.01.08-14.40.07:440][  0]LogUObjectAllocator: 7432352 out of 0 bytes used by permanent object pool.
[2021.01.08-14.40.07:440][  0]LogUObjectArray: CloseDisregardForGC: 0/0 objects in disregard for GC pool
[2021.01.08-14.40.07:493][  0]LogEngine: Initializing Engine...
[2021.01.08-14.40.07:494][  0]LogHMD: Failed to initialize OpenVR with code 110
[2021.01.08-14.40.07:507][  0]LogStats: UGameplayTagsManager::ConstructGameplayTagTree: ImportINI prefixes -  0.000 s
[2021.01.08-14.40.07:507][  0]LogStats: UGameplayTagsManager::ConstructGameplayTagTree: Construct from data asset -  0.000 s
[2021.01.08-14.40.07:508][  0]LogStats: UGameplayTagsManager::ConstructGameplayTagTree: ImportINI -  0.000 s
[2021.01.08-14.40.07:508][  0]LogStats: UGameplayTagsManager::ConstructGameplayTagTree: GameplayTagTreeChangedEvent.Broadcast -  0.000 s
[2021.01.08-14.40.07:671][  0]LogInit: Initializing FReadOnlyCVARCache
[2021.01.08-14.40.07:702][  0]LogInit: XAudio2 using 'Speakers (Realtek High Definition Audio)' : 2 channels at 48 kHz using 32 bits per sample (channel mask 0x3)
[2021.01.08-14.40.07:715][  0]LogInit: FAudioDevice initialized.
[2021.01.08-14.40.07:727][  0]LogNetVersion: Set ProjectVersion to 1.0.0.0. Version Checksum will be recalculated on next use.
[2021.01.08-14.40.07:734][  0]LogInit: Texture streaming: Enabled
[2021.01.08-14.40.07:973][  0]LogSlate: Updating window title bar state: overlay mode, drag disabled, window buttons hidden, title bar hidden
[2021.01.08-14.40.07:978][  0]LogInit: Display: Game Engine Initialized.
[2021.01.08-14.40.07:978][  0]LogGameplayTags: Display: UGameplayTagsManager::DoneAddingNativeTags. DelegateIsBound: 0
[2021.01.08-14.40.07:978][  0]LogStats: UGameplayTagsManager::ConstructGameplayTagTree: ImportINI prefixes -  0.000 s
[2021.01.08-14.40.07:978][  0]LogStats: UGameplayTagsManager::ConstructGameplayTagTree: Construct from data asset -  0.000 s
[2021.01.08-14.40.07:979][  0]LogStats: UGameplayTagsManager::ConstructGameplayTagTree: ImportINI -  0.000 s
[2021.01.08-14.40.07:979][  0]LogStats: UGameplayTagsManager::ConstructGameplayTagTree: GameplayTagTreeChangedEvent.Broadcast -  0.000 s
[2021.01.08-14.40.07:992][  0]LogInit: Display: Starting Game.
[2021.01.08-14.40.07:992][  0]LogNet: Browse: /Game/FirstPersonBP/Maps/FirstPersonExampleMap?Name=Player
[2021.01.08-14.40.08:000][  0]LogLoad: LoadMap: /Game/FirstPersonBP/Maps/FirstPersonExampleMap?Name=Player
[2021.01.08-14.40.08:265][  0]LogLinker: Warning: Asset '../../../../Thomas/Unreal Projects/MyProject4 4.20/Content/Materials/PP_Outliner_M.uasset' has been saved with empty engine version. The asset will be loaded but may be incompatible.
[2021.01.08-14.40.08:291][  0]LogLinker: Warning: Asset '../../../../Thomas/Unreal Projects/MyProject4 4.20/Content/Materials/MF_ConvolveTexture.uasset' has been saved with empty engine version. The asset will be loaded but may be incompatible.
[2021.01.08-14.40.08:294][  0]LogLinker: Warning: Asset '../../../../Thomas/Unreal Projects/MyProject4 4.20/Content/Materials/MF_SampleSceneTextureNeighbourUVs.uasset' has been saved with empty engine version. The asset will be loaded but may be incompatible.
[2021.01.08-14.40.08:297][  0]LogLinker: Warning: Asset '../../../../Thomas/Unreal Projects/MyProject4 4.20/Content/Materials/MF_ExtractDepth.uasset' has been saved with empty engine version. The asset will be loaded but may be incompatible.
[2021.01.08-14.40.08:437][  0]LogAIModule: Creating AISystem for world FirstPersonExampleMap
[2021.01.08-14.40.08:437][  0]LogLoad: Game class is 'FirstPersonGameMode_C'
[2021.01.08-14.40.08:447][  0]LogWorld: Bringing World /Game/FirstPersonBP/Maps/FirstPersonExampleMap.FirstPersonExampleMap up for play (max tick rate 0) at 2021.01.08-14.40.08
[2021.01.08-14.40.08:459][  0]LogWorld: Bringing up level for play took: 0.020554
[2021.01.08-14.40.08:534][  0]LogLoad: Took 0.534128 seconds to LoadMap(/Game/FirstPersonBP/Maps/FirstPersonExampleMap)
[2021.01.08-14.40.08:622][  0]LogRenderer: Reallocating scene render targets to support 1280x720 Format 10 NumSamples 1 (Frame:1).
[2021.01.08-14.40.08:622][  0]LogLoad: (Engine Initialization) Total time: 6.84 seconds
[2021.01.08-14.40.08:622][  0]LogLoad: (Engine Initialization) Total Blueprint compile time: 0.00 seconds
[2021.01.08-14.40.08:676][  0]LogContentStreaming: Texture pool size now 1000 MB
[2021.01.08-14.42.23:051][306]LogSlate: Window 'MyProject4 (64-bit Development PCD3D_SM5) ' being destroyed
[2021.01.08-14.42.23:051][306]LogWindowsTextInputMethodSystem: Display: IME system now deactivated.
[2021.01.08-14.42.23:110][306]LogSlate: Updating window title bar state: overlay mode, drag disabled, window buttons hidden, title bar hidden
[2021.01.08-14.42.23:110][306]LogEngine: All Windows Closed
[2021.01.08-14.42.23:110][306]LogWindows: FPlatformMisc::RequestExit(0)
[2021.01.08-14.42.23:574][307]LogExit: Preparing to exit.
[2021.01.08-14.42.23:586][307]LogMoviePlayer: Shutting down movie player
[2021.01.08-14.42.24:190][307]LogSlate: Updating window title bar state: overlay mode, drag disabled, window buttons hidden, title bar hidden
[2021.01.08-14.42.24:198][307]LogExit: Game engine shut down
[2021.01.08-14.42.24:456][307]LogExit: Object subsystem successfully closed.
[2021.01.08-14.42.24:475][307]LogShaderCompilers: Display: Shaders left to compile 0
[2021.01.08-14.42.24:478][307]LogD3D11RHI: Shutdown
[2021.01.08-14.42.24:478][307]LogD3D11RHI: CleanupD3DDevice
[2021.01.08-14.42.24:479][307]LogD3D11RHI: ~FD3D11DynamicRHI
[2021.01.08-14.42.24:503][307]LogModuleManager: Shutting down and abandoning module SequenceRecorderSections (376)
[2021.01.08-14.42.24:503][307]LogModuleManager: Shutting down and abandoning module SequenceRecorder (374)
[2021.01.08-14.42.24:503][307]LogModuleManager: Shutting down and abandoning module AutomationController (372)
[2021.01.08-14.42.24:503][307]LogModuleManager: Shutting down and abandoning module AutomationWorker (370)
[2021.01.08-14.42.24:503][307]LogModuleManager: Shutting down and abandoning module Voice (368)
[2021.01.08-14.42.24:503][307]LogModuleManager: Shutting down and abandoning module AIModule (366)
[2021.01.08-14.42.24:503][307]LogModuleManager: Shutting down and abandoning module GameplayDebugger (365)
[2021.01.08-14.42.24:503][307]LogModuleManager: Shutting down and abandoning module AITestSuite (363)
[2021.01.08-14.42.24:503][307]LogModuleManager: Shutting down and abandoning module NavigationSystem (361)
[2021.01.08-14.42.24:503][307]LogModuleManager: Shutting down and abandoning module WmfMediaFactory (358)
[2021.01.08-14.42.24:503][307]LogModuleManager: Shutting down and abandoning module OpenExrWrapper (356)
[2021.01.08-14.42.24:503][307]LogModuleManager: Shutting down and abandoning module ImgMediaFactory (354)
[2021.01.08-14.42.24:503][307]LogModuleManager: Shutting down and abandoning module AvfMediaFactory (352)
[2021.01.08-14.42.24:503][307]LogModuleManager: Shutting down and abandoning module MagicLeapCameraPreviewFactory (350)
[2021.01.08-14.42.24:503][307]LogModuleManager: Shutting down and abandoning module MagicLeapMediaFactory (348)
[2021.01.08-14.42.24:503][307]LogModuleManager: Shutting down and abandoning module CharacterAI (346)
[2021.01.08-14.42.24:503][307]LogModuleManager: Shutting down and abandoning module SessionServices (344)
[2021.01.08-14.42.24:503][307]LogModuleManager: Shutting down and abandoning module MovieSceneCapture (342)
[2021.01.08-14.42.24:503][307]LogModuleManager: Shutting down and abandoning module MovieSceneTracks (340)
[2021.01.08-14.42.24:503][307]LogModuleManager: Shutting down and abandoning module MovieScene (338)
[2021.01.08-14.42.24:503][307]LogModuleManager: Shutting down and abandoning module StreamingPauseRendering (336)
[2021.01.08-14.42.24:503][307]LogModuleManager: Shutting down and abandoning module PortalServices (334)
[2021.01.08-14.42.24:504][307]LogModuleManager: Shutting down and abandoning module PortalRpc (332)
[2021.01.08-14.42.24:504][307]LogModuleManager: Shutting down and abandoning module MessagingRpc (330)
[2021.01.08-14.42.24:504][307]LogModuleManager: Shutting down and abandoning module ProfilerService (328)
[2021.01.08-14.42.24:733][307]LogModuleManager: Shutting down and abandoning module TaskGraph (326)
[2021.01.08-14.42.24:733][307]LogModuleManager: Shutting down and abandoning module SteamVRController (324)
[2021.01.08-14.42.24:733][307]LogModuleManager: Shutting down and abandoning module ProceduralMeshComponent (322)
[2021.01.08-14.42.24:733][307]LogModuleManager: Shutting down and abandoning module OculusInput (320)
[2021.01.08-14.42.24:733][307]LogModuleManager: Shutting down and abandoning module MobilePatchingUtils (318)
[2021.01.08-14.42.24:733][307]LogModuleManager: Shutting down and abandoning module EditableMesh (316)
[2021.01.08-14.42.24:733][307]LogModuleManager: Shutting down and abandoning module CustomMeshComponent (314)
[2021.01.08-14.42.24:733][307]LogModuleManager: Shutting down and abandoning module CableComponent (312)
[2021.01.08-14.42.24:733][307]LogModuleManager: Shutting down and abandoning module AudioCapture (310)
[2021.01.08-14.42.24:733][307]LogModuleManager: Shutting down and abandoning module ArchVisCharacter (308)
[2021.01.08-14.42.24:733][307]LogModuleManager: Shutting down and abandoning module AndroidPermission (306)
[2021.01.08-14.42.24:733][307]LogModuleManager: Shutting down and abandoning module NUTUnrealEngine4 (304)
[2021.01.08-14.42.24:733][307]LogModuleManager: Shutting down and abandoning module NetcodeUnitTest (302)
[2021.01.08-14.42.24:733][307]LogModuleManager: Shutting down and abandoning module MediaCompositing (300)
[2021.01.08-14.42.24:733][307]LogModuleManager: Shutting down and abandoning module LinearTimecode (298)
[2021.01.08-14.42.24:733][307]LogModuleManager: Shutting down and abandoning module ImgMedia (296)
[2021.01.08-14.42.24:736][307]LogModuleManager: Shutting down and abandoning module HTML5Networking (294)
[2021.01.08-14.42.24:736][307]LogModuleManager: Shutting down and abandoning module GeometryCacheTracks (292)
[2021.01.08-14.42.24:736][307]LogModuleManager: Shutting down and abandoning module GeometryCacheSequencer (291)
[2021.01.08-14.42.24:736][307]LogModuleManager: Shutting down and abandoning module GeometryCache (288)
[2021.01.08-14.42.24:736][307]LogModuleManager: Shutting down and abandoning module GeometryCacheEd (287)
[2021.01.08-14.42.24:736][307]LogModuleManager: Shutting down and abandoning module BackChannel (284)
[2021.01.08-14.42.24:736][307]LogModuleManager: Shutting down and abandoning module AppleVision (282)
[2021.01.08-14.42.24:736][307]LogModuleManager: Shutting down and abandoning module AppleImageUtils (280)
[2021.01.08-14.42.24:736][307]LogModuleManager: Shutting down and abandoning module DatasmithContent (278)
[2021.01.08-14.42.24:737][307]LogModuleManager: Shutting down and abandoning module CryptoKeysOpenSSL (276)
[2021.01.08-14.42.24:737][307]LogModuleManager: Shutting down and abandoning module CryptoKeys (274)
[2021.01.08-14.42.24:737][307]LogModuleManager: Shutting down and abandoning module VisualStudioSourceCodeAccess (272)
[2021.01.08-14.42.24:737][307]LogModuleManager: Shutting down and abandoning module HotReload (271)
[2021.01.08-14.42.24:737][307]LogModuleManager: Shutting down and abandoning module DirectoryWatcher (270)
[2021.01.08-14.42.24:737][307]LogModuleManager: Shutting down and abandoning module VisualStudioCodeSourceCodeAccess (266)
[2021.01.08-14.42.24:737][307]LogModuleManager: Shutting down and abandoning module UObjectPlugin (264)
[2021.01.08-14.42.24:737][307]LogModuleManager: Shutting down and abandoning module SubversionSourceControl (262)
[2021.01.08-14.42.24:737][307]LogModuleManager: Shutting down and abandoning module PerforceSourceControl (260)
[2021.01.08-14.42.24:737][307]LogModuleManager: Shutting down and abandoning module SourceControl (259)
[2021.01.08-14.42.24:737][307]LogModuleManager: Shutting down and abandoning module CLionSourceCodeAccess (256)
[2021.01.08-14.42.24:737][307]LogModuleManager: Shutting down and abandoning module RuntimePhysXCooking (254)
[2021.01.08-14.42.24:737][307]LogModuleManager: Shutting down and abandoning module PhysXVehiclesEditor (252)
[2021.01.08-14.42.24:737][307]LogModuleManager: Shutting down and abandoning module PhysXVehicles (250)
[2021.01.08-14.42.24:737][307]LogModuleManager: Shutting down and abandoning module LocationServicesBPLibrary (248)
[2021.01.08-14.42.24:737][307]LogModuleManager: Shutting down and abandoning module ImmediatePhysicsEditor (246)
[2021.01.08-14.42.24:737][307]LogModuleManager: Shutting down and abandoning module ImmediatePhysics (244)
[2021.01.08-14.42.24:737][307]LogModuleManager: Shutting down and abandoning module ActorSequence (242)
[2021.01.08-14.42.24:737][307]LogModuleManager: Shutting down and abandoning module UdpMessaging (240)
[2021.01.08-14.42.24:839][307]LogModuleManager: Shutting down and abandoning module TcpMessaging (238)
[2021.01.08-14.42.25:167][307]LogModuleManager: Shutting down and abandoning module MagicLeapAudio (236)
[2021.01.08-14.42.25:167][307]LogModuleManager: Shutting down and abandoning module GameplayTagsEditor (234)
[2021.01.08-14.42.25:167][307]LogModuleManager: Shutting down and abandoning module FacialAnimation (232)
[2021.01.08-14.42.25:167][307]LogModuleManager: Shutting down and abandoning module DataValidation (230)
[2021.01.08-14.42.25:167][307]LogModuleManager: Shutting down and abandoning module AssetManagerEditor (228)
[2021.01.08-14.42.25:167][307]LogModuleManager: Shutting down and abandoning module TreeMap (227)
[2021.01.08-14.42.25:167][307]LogModuleManager: Shutting down and abandoning module LightPropagationVolumeRuntime (224)
[2021.01.08-14.42.25:167][307]LogModuleManager: Shutting down and abandoning module AISupportModule (222)
[2021.01.08-14.42.25:167][307]LogModuleManager: Shutting down and abandoning module Paper2D (220)
[2021.01.08-14.42.25:167][307]LogModuleManager: Shutting down and abandoning module PIEPreviewDeviceProfileSelector (218)
[2021.01.08-14.42.25:167][307]LogModuleManager: Shutting down and abandoning module WindowsMoviePlayer (216)
[2021.01.08-14.42.25:167][307]LogModuleManager: Shutting down and abandoning module WmfMedia (214)
[2021.01.08-14.42.25:168][307]LogModuleManager: Shutting down and abandoning module Media (213)
[2021.01.08-14.42.25:174][307]LogModuleManager: Shutting down and abandoning module PacketHandler (210)
[2021.01.08-14.42.25:174][307]LogModuleManager: Shutting down and abandoning module ClothingSystemEditor (208)
[2021.01.08-14.42.25:174][307]LogModuleManager: Shutting down and abandoning module ClothingSystemRuntime (206)
[2021.01.08-14.42.25:174][307]LogModuleManager: Shutting down and abandoning module MediaAssets (204)
[2021.01.08-14.42.25:174][307]LogModuleManager: Shutting down and abandoning module Overlay (202)
[2021.01.08-14.42.25:174][307]LogModuleManager: Shutting down and abandoning module OverlayEditor (201)
[2021.01.08-14.42.25:174][307]LogModuleManager: Shutting down and abandoning module VREditor (198)
[2021.01.08-14.42.25:174][307]LogModuleManager: Shutting down and abandoning module StringTableEditor (196)
[2021.01.08-14.42.25:174][307]LogModuleManager: Shutting down and abandoning module GameplayTasksEditor (194)
[2021.01.08-14.42.25:174][307]LogModuleManager: Shutting down and abandoning module BehaviorTreeEditor (192)
[2021.01.08-14.42.25:174][307]LogModuleManager: Shutting down and abandoning module FunctionalTesting (190)
[2021.01.08-14.42.25:175][307]LogModuleManager: Shutting down and abandoning module CollisionAnalyzer (188)
[2021.01.08-14.42.25:175][307]LogModuleManager: Shutting down and abandoning module WorkspaceMenuStructure (187)
[2021.01.08-14.42.25:175][307]LogModuleManager: Shutting down and abandoning module UMG (184)
[2021.01.08-14.42.25:175][307]LogModuleManager: Shutting down and abandoning module UMGEditor (183)
[2021.01.08-14.42.25:175][307]LogModuleManager: Shutting down and abandoning module Sequencer (182)
[2021.01.08-14.42.25:175][307]LogModuleManager: Shutting down and abandoning module MessageLog (179)
[2021.01.08-14.42.25:175][307]LogModuleManager: Shutting down and abandoning module SlateReflector (174)
[2021.01.08-14.42.25:175][307]LogModuleManager: Shutting down and abandoning module Slate (172)
[2021.01.08-14.42.25:175][307]LogModuleManager: Shutting down and abandoning module EditorStyle (170)
[2021.01.08-14.42.25:176][307]LogModuleManager: Shutting down and abandoning module MRMesh (168)
[2021.01.08-14.42.25:177][307]LogModuleManager: Shutting down and abandoning module Messaging (166)
[2021.01.08-14.42.25:177][307]LogModuleManager: Shutting down and abandoning module SourceCodeAccess (164)
[2021.01.08-14.42.25:177][307]LogModuleManager: Shutting down and abandoning module HeadMountedDisplay (162)
[2021.01.08-14.42.25:177][307]LogModuleManager: Shutting down and abandoning module XAudio2 (160)
[2021.01.08-14.42.25:177][307]LogModuleManager: Shutting down and abandoning module Networking (158)
[2021.01.08-14.42.25:177][307]LogModuleManager: Shutting down and abandoning module Core (156)
[2021.01.08-14.42.25:177][307]LogModuleManager: Shutting down and abandoning module LevelSequence (154)
[2021.01.08-14.42.25:177][307]LogModuleManager: Shutting down and abandoning module KismetCompiler (152)
[2021.01.08-14.42.25:177][307]LogModuleManager: Shutting down and abandoning module MeshUtilities (150)
[2021.01.08-14.42.25:177][307]LogModuleManager: Shutting down and abandoning module MeshMergeUtilities (149)
[2021.01.08-14.42.25:177][307]LogModuleManager: Shutting down and abandoning module MeshReductionInterface (148)
[2021.01.08-14.42.25:177][307]LogModuleManager: Shutting down and abandoning module SimplygonSwarm (147)
[2021.01.08-14.42.25:177][307]LogModuleManager: Shutting down and abandoning module ProxyLODMeshReduction (145)
[2021.01.08-14.42.25:177][307]LogModuleManager: Shutting down and abandoning module SimplygonMeshReduction (143)
[2021.01.08-14.42.25:177][307]LogModuleManager: Shutting down and abandoning module QuadricMeshReduction (141)
[2021.01.08-14.42.25:177][307]LogModuleManager: Shutting down and abandoning module MaterialBaking (137)
[2021.01.08-14.42.25:177][307]LogModuleManager: Shutting down and abandoning module DerivedDataCache (132)
[2021.01.08-14.42.25:180][307]LogDerivedDataCache: Shutdown
[2021.01.08-14.42.25:180][307]LogModuleManager: Shutting down and abandoning module XGEController (130)
[2021.01.08-14.42.25:180][307]LogModuleManager: Shutting down and abandoning module TargetPlatform (128)
[2021.01.08-14.42.25:180][307]LogModuleManager: Shutting down and abandoning module VulkanShaderFormat (127)
[2021.01.08-14.42.25:180][307]LogModuleManager: Shutting down and abandoning module ShaderFormatVectorVM (125)
[2021.01.08-14.42.25:180][307]LogModuleManager: Shutting down and abandoning module ShaderFormatOpenGL (123)
[2021.01.08-14.42.25:180][307]LogModuleManager: Shutting down and abandoning module ShaderFormatD3D (121)
[2021.01.08-14.42.25:180][307]LogModuleManager: Shutting down and abandoning module MetalShaderFormat (119)
[2021.01.08-14.42.25:180][307]LogModuleManager: Shutting down and abandoning module TextureFormatUncompressed (117)
[2021.01.08-14.42.25:180][307]LogModuleManager: Shutting down and abandoning module TextureFormatPVR (115)
[2021.01.08-14.42.25:180][307]LogModuleManager: Shutting down and abandoning module TextureFormatDXT (113)
[2021.01.08-14.42.25:180][307]LogModuleManager: Shutting down and abandoning module TextureFormatIntelISPCTexComp (111)
[2021.01.08-14.42.25:180][307]LogModuleManager: Shutting down and abandoning module TextureFormatASTC (109)
[2021.01.08-14.42.25:180][307]LogModuleManager: Shutting down and abandoning module ImageWrapper (108)
[2021.01.08-14.42.25:180][307]LogModuleManager: Shutting down and abandoning module TextureFormatAndroid (105)
[2021.01.08-14.42.25:180][307]LogModuleManager: Shutting down and abandoning module AudioFormatOpus (103)
[2021.01.08-14.42.25:180][307]LogModuleManager: Shutting down and abandoning module AudioFormatOgg (101)
[2021.01.08-14.42.25:180][307]LogModuleManager: Shutting down and abandoning module AudioFormatADPCM (99)
[2021.01.08-14.42.25:180][307]LogModuleManager: Shutting down and abandoning module WindowsTargetPlatform (97)
[2021.01.08-14.42.25:181][307]LogModuleManager: Shutting down and abandoning module WindowsServerTargetPlatform (95)
[2021.01.08-14.42.25:181][307]LogModuleManager: Shutting down and abandoning module WindowsNoEditorTargetPlatform (93)
[2021.01.08-14.42.25:181][307]LogModuleManager: Shutting down and abandoning module WindowsClientTargetPlatform (91)
[2021.01.08-14.42.25:181][307]LogModuleManager: Shutting down and abandoning module InputCore (88)
[2021.01.08-14.42.25:181][307]LogModuleManager: Shutting down and abandoning module Settings (86)
[2021.01.08-14.42.25:181][307]LogModuleManager: Shutting down and abandoning module PhysXCooking (84)
[2021.01.08-14.42.25:181][307]LogModuleManager: Shutting down and abandoning module SteamVR (82)
[2021.01.08-14.42.25:181][307]LogModuleManager: Shutting down and abandoning module OculusHMD (80)
[2021.01.08-14.42.25:181][307]LogModuleManager: Shutting down and abandoning module ExampleDeviceProfileSelector (78)
[2021.01.08-14.42.25:181][307]LogModuleManager: Shutting down and abandoning module LauncherChunkInstaller (76)
[2021.01.08-14.42.25:181][307]LogModuleManager: Shutting down and abandoning module OnlineBlueprintSupport (74)
[2021.01.08-14.42.25:181][307]LogModuleManager: Shutting down and abandoning module OnlineSubsystem (70)
[2021.01.08-14.42.25:181][307]LogModuleManager: Shutting down and abandoning module XMPP (65)
[2021.01.08-14.42.25:181][307]LogModuleManager: Shutting down and abandoning module WebSockets (64)
[2021.01.08-14.42.25:191][307]LogModuleManager: Shutting down and abandoning module HTTP (61)
[2021.01.08-14.42.25:222][307]LogModuleManager: Shutting down and abandoning module SSL (60)
[2021.01.08-14.42.25:224][307]LogModuleManager: Shutting down and abandoning module MagicLeapEmulator (56)
[2021.01.08-14.42.25:224][307]LogModuleManager: Shutting down and abandoning module MagicLeapPrivileges (54)
[2021.01.08-14.42.25:224][307]LogModuleManager: Shutting down and abandoning module MagicLeapIdentity (52)
[2021.01.08-14.42.25:224][307]LogModuleManager: Shutting down and abandoning module MagicLeapHelperVulkan (50)
[2021.01.08-14.42.25:224][307]LogModuleManager: Shutting down and abandoning module MagicLeapHelperOpenGL (48)
[2021.01.08-14.42.25:224][307]LogModuleManager: Shutting down and abandoning module MagicLeapSecureStorage (46)
[2021.01.08-14.42.25:224][307]LogModuleManager: Shutting down and abandoning module MagicLeapGestures (44)
[2021.01.08-14.42.25:224][307]LogModuleManager: Shutting down and abandoning module MagicLeapEyeTracker (42)
[2021.01.08-14.42.25:224][307]LogModuleManager: Shutting down and abandoning module MagicLeapController (40)
[2021.01.08-14.42.25:225][307]LogSlate: Slate User Destroyed.  User Index 0, Is Virtual User: 0
[2021.01.08-14.42.25:225][307]LogModuleManager: Shutting down and abandoning module MagicLeap (38)
[2021.01.08-14.42.25:225][307]LogModuleManager: Shutting down and abandoning module AnimationModifiers (36)
[2021.01.08-14.42.25:225][307]LogModuleManager: Shutting down and abandoning module PropertyEditor (35)
[2021.01.08-14.42.25:225][307]LogModuleManager: Shutting down and abandoning module AudioEditor (32)
[2021.01.08-14.42.25:225][307]LogModuleManager: Shutting down and abandoning module TextureCompressor (30)
[2021.01.08-14.42.25:225][307]LogModuleManager: Shutting down and abandoning module ShaderCore (28)
[2021.01.08-14.42.25:225][307]LogModuleManager: Shutting down and abandoning module Landscape (26)
[2021.01.08-14.42.25:225][307]LogModuleManager: Shutting down and abandoning module SlateRHIRenderer (24)
[2021.01.08-14.42.25:225][307]LogModuleManager: Shutting down and abandoning module OpenGLDrv (22)
[2021.01.08-14.42.25:225][307]LogModuleManager: Shutting down and abandoning module D3D11RHI (20)
[2021.01.08-14.42.25:225][307]LogModuleManager: Shutting down and abandoning module AnimGraphRuntime (18)
[2021.01.08-14.42.25:225][307]LogModuleManager: Shutting down and abandoning module Renderer (16)
[2021.01.08-14.42.25:225][307]LogModuleManager: Shutting down and abandoning module Engine (14)
[2021.01.08-14.42.25:225][307]LogModuleManager: Shutting down and abandoning module CoreUObject (12)
[2021.01.08-14.42.25:225][307]LogModuleManager: Shutting down and abandoning module NetworkFile (10)
[2021.01.08-14.42.25:225][307]LogModuleManager: Shutting down and abandoning module CookedIterativeFile (8)
[2021.01.08-14.42.25:225][307]LogModuleManager: Shutting down and abandoning module StreamingFile (6)
[2021.01.08-14.42.25:225][307]LogModuleManager: Shutting down and abandoning module SandboxFile (4)
[2021.01.08-14.42.25:225][307]LogModuleManager: Shutting down and abandoning module PakFile (2)
[2021.01.08-14.42.25:232][307]LogExit: Exiting.
[2021.01.08-14.42.25:244][307]Log file closed, 01/08/21 14:42:25
