Log file open, 03/23/21 16:09:10
LogInit: Display: Running engine for game: MyProject
LogPlatformFile: Not using cached read wrapper
LogTaskGraph: Started task graph with 5 named threads and 35 total threads with 3 sets of task threads.
LogStats: Stats thread started at 0.378146
LogD3D11RHI: Loaded GFSDK_Aftermath_Lib.x64.dll
LogICUInternationalization: ICU TimeZone Detection - Raw Offset: +0:00, Platform Override: ''
LogPluginManager: Mounting plugin Paper2D
LogPluginManager: Mounting plugin AISupport
LogPluginManager: Mounting plugin LightPropagationVolume
LogPluginManager: Mounting plugin CameraShakePreviewer
LogPluginManager: Mounting plugin ActorLayerUtilities
LogPluginManager: Mounting plugin AnimationSharing
LogPluginManager: Mounting plugin CLionSourceCodeAccess
LogPluginManager: Mounting plugin CodeLiteSourceCodeAccess
LogPluginManager: Mounting plugin GitSourceControl
LogPluginManager: Mounting plugin KDevelopSourceCodeAccess
LogPluginManager: Mounting plugin NullSourceCodeAccess
LogPluginManager: Mounting plugin PerforceSourceControl
LogPluginManager: Mounting plugin PlasticSourceControl
LogPluginManager: Mounting plugin RiderSourceCodeAccess
LogPluginManager: Mounting plugin SubversionSourceControl
LogPluginManager: Mounting plugin UObjectPlugin
LogPluginManager: Mounting plugin VisualStudioCodeSourceCodeAccess
LogPluginManager: Mounting plugin VisualStudioSourceCodeAccess
LogPluginManager: Mounting plugin XCodeSourceCodeAccess
LogPluginManager: Mounting plugin AssetManagerEditor
LogPluginManager: Mounting plugin CryptoKeys
LogPluginManager: Mounting plugin CurveEditorTools
LogPluginManager: Mounting plugin DataValidation
LogPluginManager: Mounting plugin EditorScriptingUtilities
LogPluginManager: Mounting plugin FacialAnimation
LogPluginManager: Mounting plugin GameplayTagsEditor
LogPluginManager: Mounting plugin GeometryMode
LogPluginManager: Mounting plugin MacGraphicsSwitching
LogPluginManager: Mounting plugin MaterialAnalyzer
LogPluginManager: Mounting plugin MobileLauncherProfileWizard
LogPluginManager: Mounting plugin PluginBrowser
LogPluginManager: Mounting plugin SpeedTreeImporter
LogPluginManager: Mounting plugin DatasmithContent
LogPluginManager: Mounting plugin VariantManagerContent
LogPluginManager: Mounting plugin AlembicImporter
LogPluginManager: Mounting plugin AutomationUtils
LogPluginManager: Mounting plugin BackChannel
LogPluginManager: Mounting plugin ChaosCloth
LogPluginManager: Mounting plugin ChaosClothEditor
LogPluginManager: Mounting plugin ChaosEditor
LogPluginManager: Mounting plugin ChaosNiagara
LogPluginManager: Mounting plugin ChaosSolverPlugin
LogPluginManager: Mounting plugin CharacterAI
LogPluginManager: Mounting plugin GeometryCache
LogPluginManager: Mounting plugin GeometryCollectionPlugin
LogPluginManager: Mounting plugin GeometryProcessing
LogPluginManager: Mounting plugin PlanarCut
LogPluginManager: Mounting plugin PlatformCrypto
LogPluginManager: Mounting plugin ProxyLODPlugin
LogPluginManager: Mounting plugin SkeletalReduction
LogPluginManager: Mounting plugin Niagara
LogPluginManager: Mounting plugin MagicLeap
LogPluginManager: Mounting plugin MagicLeapLightEstimation
LogPluginManager: Mounting plugin MagicLeapMedia
LogPluginManager: Mounting plugin MagicLeapPassableWorld
LogPluginManager: Mounting plugin MLSDK
LogPluginManager: Mounting plugin AndroidMedia
LogPluginManager: Mounting plugin AvfMedia
LogPluginManager: Mounting plugin ImgMedia
LogPluginManager: Mounting plugin MediaCompositing
LogPluginManager: Mounting plugin MediaPlayerEditor
LogPluginManager: Mounting plugin WebMMedia
LogPluginManager: Mounting plugin WmfMedia
LogPluginManager: Mounting plugin MeshPainting
LogPluginManager: Mounting plugin TcpMessaging
LogPluginManager: Mounting plugin UdpMessaging
LogPluginManager: Mounting plugin ActorSequence
LogPluginManager: Mounting plugin LevelSequenceEditor
LogPluginManager: Mounting plugin MatineeToLevelSequence
LogPluginManager: Mounting plugin MovieRenderPipeline
LogPluginManager: Mounting plugin TemplateSequence
LogPluginManager: Mounting plugin NetcodeUnitTest
LogPluginManager: Mounting plugin NUTUnrealEngine4
LogPluginManager: Mounting plugin OnlineSubsystemGooglePlay
LogPluginManager: Mounting plugin OnlineSubsystemIOS
LogPluginManager: Mounting plugin OnlineSubsystem
LogPluginManager: Mounting plugin OnlineSubsystemNull
LogPluginManager: Mounting plugin OnlineSubsystemUtils
LogPluginManager: Mounting plugin LauncherChunkInstaller
LogPluginManager: Mounting plugin AndroidDeviceProfileSelector
LogPluginManager: Mounting plugin AndroidMoviePlayer
LogPluginManager: Mounting plugin AndroidPermission
LogPluginManager: Mounting plugin AppleImageUtils
LogPluginManager: Mounting plugin AppleMoviePlayer
LogPluginManager: Mounting plugin ArchVisCharacter
LogPluginManager: Mounting plugin AssetTags
LogPluginManager: Mounting plugin AudioCapture
LogPluginManager: Mounting plugin CableComponent
LogPluginManager: Mounting plugin CustomMeshComponent
LogPluginManager: Mounting plugin EditableMesh
LogPluginManager: Mounting plugin ExampleDeviceProfileSelector
LogPluginManager: Mounting plugin GoogleCloudMessaging
LogPluginManager: Mounting plugin GooglePAD
LogPluginManager: Mounting plugin IOSDeviceProfileSelector
LogPluginManager: Mounting plugin LinuxDeviceProfileSelector
LogPluginManager: Mounting plugin LocationServicesBPLibrary
LogPluginManager: Mounting plugin MobilePatchingUtils
LogPluginManager: Mounting plugin OculusVR
LogPluginManager: Mounting plugin PhysXVehicles
LogPluginManager: Mounting plugin PostSplashScreen
LogPluginManager: Mounting plugin ProceduralMeshComponent
LogPluginManager: Mounting plugin RuntimePhysXCooking
LogPluginManager: Mounting plugin SignificanceManager
LogPluginManager: Mounting plugin SoundFields
LogPluginManager: Mounting plugin SteamVR
LogPluginManager: Mounting plugin Synthesis
LogPluginManager: Mounting plugin WebMMoviePlayer
LogPluginManager: Mounting plugin WindowsMoviePlayer
LogPluginManager: Mounting plugin ScreenshotTools
LogInit: Using libcurl 7.55.1-DEV
LogInit:  - built for x86_64-pc-win32
LogInit:  - supports SSL with OpenSSL/1.1.1
LogInit:  - supports HTTP deflate (compression) using libz 1.2.8
LogInit:  - other features:
LogInit:      CURL_VERSION_SSL
LogInit:      CURL_VERSION_LIBZ
LogInit:      CURL_VERSION_IPV6
LogInit:      CURL_VERSION_ASYNCHDNS
LogInit:      CURL_VERSION_LARGEFILE
LogInit:      CURL_VERSION_IDN
LogInit:  CurlRequestOptions (configurable via config and command line):
LogInit:  - bVerifyPeer = true  - Libcurl will verify peer certificate
LogInit:  - bUseHttpProxy = false  - Libcurl will NOT use HTTP proxy
LogInit:  - bDontReuseConnections = false  - Libcurl will reuse connections
LogInit:  - MaxHostConnections = 16  - Libcurl will limit the number of connections to a host
LogInit:  - LocalHostAddr = Default
LogInit:  - BufferSize = 65536
LogOnline: OSS: Creating online subsystem instance for: NULL
LogInit: WinSock: version 1.1 (2.2), MaxSocks=32767, MaxUdp=65467
LogOnline: OSS: TryLoadSubsystemAndSetDefault: Loaded subsystem for module [NULL]
LogInit: Build: ++UE4+Release-4.25-CL-14469661
LogInit: Engine Version: 4.25.4-14469661+++UE4+Release-4.25
LogInit: Compatible Engine Version: 4.25.0-13144385+++UE4+Release-4.25
LogInit: Net CL: 13144385
LogInit: OS: Windows 10 (Release 1909) (), CPU: Intel(R) Core(TM) i7-8750H CPU @ 2.20GHz, GPU: Intel(R) UHD Graphics 630
LogInit: Compiled (64-bit): Oct 11 2020 08:10:49
LogInit: Compiled with Visual C++: 19.24.28315.00
LogInit: Build Configuration: Development
LogInit: Branch Name: ++UE4+Release-4.25
LogInit: Command Line:  -EpicPortal -epicusername=Roggentrolla -epicuserid=5106b0ba80504c519b784d2eb6463af8 -epiclocale=en
LogInit: Base Directory: C:/Program Files/Epic Games/UE_4.25/Engine/Binaries/Win64/
LogInit: Allocator: TBB
LogInit: Installed Engine Build: 1
LogDevObjectVersion: Number of dev versions registered: 26
LogDevObjectVersion:   Dev-Blueprints (B0D832E4-1F89-4F0D-ACCF-7EB736FD4AA2): 10
LogDevObjectVersion:   Dev-Build (E1C64328-A22C-4D53-A36C-8E866417BD8C): 0
LogDevObjectVersion:   Dev-Core (375EC13C-06E4-48FB-B500-84F0262A717E): 4
LogDevObjectVersion:   Dev-Editor (E4B068ED-F494-42E9-A231-DA0B2E46BB41): 38
LogDevObjectVersion:   Dev-Framework (CFFC743F-43B0-4480-9391-14DF171D2073): 37
LogDevObjectVersion:   Dev-Mobile (B02B49B5-BB20-44E9-A304-32B752E40360): 2
LogDevObjectVersion:   Dev-Networking (A4E4105C-59A1-49B5-A7C5-40C4547EDFEE): 0
LogDevObjectVersion:   Dev-Online (39C831C9-5AE6-47DC-9A44-9C173E1C8E7C): 0
LogDevObjectVersion:   Dev-Physics (78F01B33-EBEA-4F98-B9B4-84EACCB95AA2): 4
LogDevObjectVersion:   Dev-Platform (6631380F-2D4D-43E0-8009-CF276956A95A): 0
LogDevObjectVersion:   Dev-Rendering (12F88B9F-8875-4AFC-A67C-D90C383ABD29): 43
LogDevObjectVersion:   Dev-Sequencer (7B5AE74C-D270-4C10-A958-57980B212A5A): 12
LogDevObjectVersion:   Dev-VR (D7296918-1DD6-4BDD-9DE2-64A83CC13884): 3
LogDevObjectVersion:   Dev-LoadTimes (C2A15278-BFE7-4AFE-6C17-90FF531DF755): 1
LogDevObjectVersion:   Private-Geometry (6EACA3D4-40EC-4CC1-B786-8BED09428FC5): 3
LogDevObjectVersion:   Dev-AnimPhys (29E575DD-E0A3-4627-9D10-D276232CDCEA): 17
LogDevObjectVersion:   Dev-Anim (AF43A65D-7FD3-4947-9873-3E8ED9C1BB05): 7
LogDevObjectVersion:   Dev-ReflectionCapture (6B266CEC-1EC7-4B8F-A30B-E4D90942FC07): 1
LogDevObjectVersion:   Dev-Automation (0DF73D61-A23F-47EA-B727-89E90C41499A): 1
LogDevObjectVersion:   FortniteMain (601D1886-AC64-4F84-AA16-D3DE0DEAC7D6): 31
LogDevObjectVersion:   Dev-Enterprise (9DFFBCD6-494F-0158-E221-12823C92A888): 10
LogDevObjectVersion:   Dev-Niagara (F2AED0AC-9AFE-416F-8664-AA7FFA26D6FC): 1
LogDevObjectVersion:   Dev-Destruction (174F1F0B-B4C6-45A5-B13F-2EE8D0FB917D): 10
LogDevObjectVersion:   Dev-Physics-Ext (35F94A83-E258-406C-A318-09F59610247C): 37
LogDevObjectVersion:   Dev-PhysicsMaterial-Chaos (B68FC16E-8B1B-42E2-B453-215C058844FE): 1
LogDevObjectVersion:   Dev-CineCamera (B2E18506-4273-CFC2-A54E-F4BB758BBA07): 1
LogInit: Presizing for max 25165824 objects, including 0 objects not considered by GC, pre-allocating 0 bytes for permanent pool.
LogConfig: Applying CVar settings from Section [/Script/Engine.StreamingSettings] File [C:/Users/44770/Documents/TSE_24_NEWUSETHISONE/uol_TSE_Team24/MyProject/Saved/Config/Windows/Engine.ini]
LogConfig: Setting CVar [[s.MinBulkDataSizeForAsyncLoading:131072]]
LogConfig: Setting CVar [[s.AsyncLoadingThreadEnabled:0]]
LogConfig: Setting CVar [[s.EventDrivenLoaderEnabled:1]]
LogConfig: Setting CVar [[s.WarnIfTimeLimitExceeded:0]]
LogConfig: Setting CVar [[s.TimeLimitExceededMultiplier:1.5]]
LogConfig: Setting CVar [[s.TimeLimitExceededMinTime:0.005]]
LogConfig: Setting CVar [[s.UseBackgroundLevelStreaming:1]]
LogConfig: Setting CVar [[s.PriorityAsyncLoadingExtraTime:15.0]]
LogConfig: Setting CVar [[s.LevelStreamingActorsUpdateTimeLimit:5.0]]
LogConfig: Setting CVar [[s.PriorityLevelStreamingActorsUpdateExtraTime:5.0]]
LogConfig: Setting CVar [[s.LevelStreamingComponentsRegistrationGranularity:10]]
LogConfig: Setting CVar [[s.UnregisterComponentsTimeLimit:1.0]]
LogConfig: Setting CVar [[s.LevelStreamingComponentsUnregistrationGranularity:5]]
LogConfig: Setting CVar [[s.FlushStreamingOnExit:1]]
LogInit: Object subsystem initialized
LogConfig: Setting CVar [[con.DebugEarlyDefault:1]]
LogConfig: Setting CVar [[r.setres:1280x720]]
[2021.03.23-16.09.11:279][  0]LogConfig: Setting CVar [[r.VSync:0]]
[2021.03.23-16.09.11:279][  0]LogConfig: Setting CVar [[r.RHICmdBypass:0]]
[2021.03.23-16.09.11:279][  0]LogConfig: Applying CVar settings from Section [/Script/Engine.RendererSettings] File [C:/Users/44770/Documents/TSE_24_NEWUSETHISONE/uol_TSE_Team24/MyProject/Saved/Config/Windows/Engine.ini]
[2021.03.23-16.09.11:279][  0]LogConfig: Setting CVar [[r.GPUCrashDebugging:0]]
[2021.03.23-16.09.11:279][  0]LogConfig: Applying CVar settings from Section [/Script/Engine.RendererOverrideSettings] File [C:/Users/44770/Documents/TSE_24_NEWUSETHISONE/uol_TSE_Team24/MyProject/Saved/Config/Windows/Engine.ini]
[2021.03.23-16.09.11:279][  0]LogConfig: Applying CVar settings from Section [/Script/Engine.StreamingSettings] File [C:/Users/44770/Documents/TSE_24_NEWUSETHISONE/uol_TSE_Team24/MyProject/Saved/Config/Windows/Engine.ini]
[2021.03.23-16.09.11:279][  0]LogConfig: Setting CVar [[s.MinBulkDataSizeForAsyncLoading:131072]]
[2021.03.23-16.09.11:279][  0]LogConfig: Setting CVar [[s.AsyncLoadingThreadEnabled:0]]
[2021.03.23-16.09.11:279][  0]LogConfig: Setting CVar [[s.EventDrivenLoaderEnabled:1]]
[2021.03.23-16.09.11:279][  0]LogConfig: Setting CVar [[s.WarnIfTimeLimitExceeded:0]]
[2021.03.23-16.09.11:279][  0]LogConfig: Setting CVar [[s.TimeLimitExceededMultiplier:1.5]]
[2021.03.23-16.09.11:279][  0]LogConfig: Setting CVar [[s.TimeLimitExceededMinTime:0.005]]
[2021.03.23-16.09.11:279][  0]LogConfig: Setting CVar [[s.UseBackgroundLevelStreaming:1]]
[2021.03.23-16.09.11:279][  0]LogConfig: Setting CVar [[s.PriorityAsyncLoadingExtraTime:15.0]]
[2021.03.23-16.09.11:279][  0]LogConfig: Setting CVar [[s.LevelStreamingActorsUpdateTimeLimit:5.0]]
[2021.03.23-16.09.11:279][  0]LogConfig: Setting CVar [[s.PriorityLevelStreamingActorsUpdateExtraTime:5.0]]
[2021.03.23-16.09.11:279][  0]LogConfig: Setting CVar [[s.LevelStreamingComponentsRegistrationGranularity:10]]
[2021.03.23-16.09.11:279][  0]LogConfig: Setting CVar [[s.UnregisterComponentsTimeLimit:1.0]]
[2021.03.23-16.09.11:279][  0]LogConfig: Setting CVar [[s.LevelStreamingComponentsUnregistrationGranularity:5]]
[2021.03.23-16.09.11:280][  0]LogConfig: Setting CVar [[s.FlushStreamingOnExit:1]]
[2021.03.23-16.09.11:280][  0]LogConfig: Applying CVar settings from Section [/Script/Engine.GarbageCollectionSettings] File [C:/Users/44770/Documents/TSE_24_NEWUSETHISONE/uol_TSE_Team24/MyProject/Saved/Config/Windows/Engine.ini]
[2021.03.23-16.09.11:280][  0]LogConfig: Setting CVar [[gc.MaxObjectsNotConsideredByGC:1]]
[2021.03.23-16.09.11:280][  0]LogConfig: Setting CVar [[gc.SizeOfPermanentObjectPool:0]]
[2021.03.23-16.09.11:280][  0]LogConfig: Setting CVar [[gc.FlushStreamingOnGC:0]]
[2021.03.23-16.09.11:280][  0]LogConfig: Setting CVar [[gc.NumRetriesBeforeForcingGC:10]]
[2021.03.23-16.09.11:280][  0]LogConfig: Setting CVar [[gc.AllowParallelGC:1]]
[2021.03.23-16.09.11:280][  0]LogConfig: Setting CVar [[gc.TimeBetweenPurgingPendingKillObjects:61.1]]
[2021.03.23-16.09.11:280][  0]LogConfig: Setting CVar [[gc.MaxObjectsInEditor:25165824]]
[2021.03.23-16.09.11:280][  0]LogConfig: Setting CVar [[gc.IncrementalBeginDestroyEnabled:1]]
[2021.03.23-16.09.11:280][  0]LogConfig: Setting CVar [[gc.CreateGCClusters:1]]
[2021.03.23-16.09.11:280][  0]LogConfig: Setting CVar [[gc.MinGCClusterSize:5]]
[2021.03.23-16.09.11:280][  0]LogConfig: Setting CVar [[gc.ActorClusteringEnabled:0]]
[2021.03.23-16.09.11:280][  0]LogConfig: Setting CVar [[gc.BlueprintClusteringEnabled:0]]
[2021.03.23-16.09.11:280][  0]LogConfig: Setting CVar [[gc.UseDisregardForGCOnDedicatedServers:0]]
[2021.03.23-16.09.11:280][  0]LogConfig: Applying CVar settings from Section [/Script/Engine.NetworkSettings] File [C:/Users/44770/Documents/TSE_24_NEWUSETHISONE/uol_TSE_Team24/MyProject/Saved/Config/Windows/Engine.ini]
[2021.03.23-16.09.11:280][  0]LogConfig: Applying CVar settings from Section [/Script/UnrealEd.CookerSettings] File [C:/Users/44770/Documents/TSE_24_NEWUSETHISONE/uol_TSE_Team24/MyProject/Saved/Config/Windows/Engine.ini]
[2021.03.23-16.09.11:287][  0]LogConfig: Applying CVar settings from Section [ViewDistanceQuality@3] File [C:/Users/44770/Documents/TSE_24_NEWUSETHISONE/uol_TSE_Team24/MyProject/Saved/Config/Windows/Scalability.ini]
[2021.03.23-16.09.11:287][  0]LogConfig: Setting CVar [[r.SkeletalMeshLODBias:0]]
[2021.03.23-16.09.11:287][  0]LogConfig: Setting CVar [[r.ViewDistanceScale:1.0]]
[2021.03.23-16.09.11:287][  0]LogConfig: Applying CVar settings from Section [AntiAliasingQuality@3] File [C:/Users/44770/Documents/TSE_24_NEWUSETHISONE/uol_TSE_Team24/MyProject/Saved/Config/Windows/Scalability.ini]
[2021.03.23-16.09.11:287][  0]LogConfig: Setting CVar [[r.PostProcessAAQuality:4]]
[2021.03.23-16.09.11:287][  0]LogConfig: Applying CVar settings from Section [ShadowQuality@3] File [C:/Users/44770/Documents/TSE_24_NEWUSETHISONE/uol_TSE_Team24/MyProject/Saved/Config/Windows/Scalability.ini]
[2021.03.23-16.09.11:287][  0]LogConfig: Setting CVar [[r.LightFunctionQuality:1]]
[2021.03.23-16.09.11:287][  0]LogConfig: Setting CVar [[r.ShadowQuality:5]]
[2021.03.23-16.09.11:287][  0]LogConfig: Setting CVar [[r.Shadow.CSM.MaxCascades:10]]
[2021.03.23-16.09.11:287][  0]LogConfig: Setting CVar [[r.Shadow.MaxResolution:2048]]
[2021.03.23-16.09.11:287][  0]LogConfig: Setting CVar [[r.Shadow.MaxCSMResolution:2048]]
[2021.03.23-16.09.11:287][  0]LogConfig: Setting CVar [[r.Shadow.RadiusThreshold:0.01]]
[2021.03.23-16.09.11:287][  0]LogConfig: Setting CVar [[r.Shadow.DistanceScale:1.0]]
[2021.03.23-16.09.11:287][  0]LogConfig: Setting CVar [[r.Shadow.CSM.TransitionScale:1.0]]
[2021.03.23-16.09.11:287][  0]LogConfig: Setting CVar [[r.Shadow.PreShadowResolutionFactor:1.0]]
[2021.03.23-16.09.11:287][  0]LogConfig: Setting CVar [[r.DistanceFieldShadowing:1]]
[2021.03.23-16.09.11:287][  0]LogConfig: Setting CVar [[r.DistanceFieldAO:1]]
[2021.03.23-16.09.11:287][  0]LogConfig: Setting CVar [[r.AOQuality:2]]
[2021.03.23-16.09.11:288][  0]LogConfig: Setting CVar [[r.VolumetricFog:1]]
[2021.03.23-16.09.11:288][  0]LogConfig: Setting CVar [[r.VolumetricFog.GridPixelSize:8]]
[2021.03.23-16.09.11:288][  0]LogConfig: Setting CVar [[r.VolumetricFog.GridSizeZ:128]]
[2021.03.23-16.09.11:288][  0]LogConfig: Setting CVar [[r.VolumetricFog.HistoryMissSupersampleCount:4]]
[2021.03.23-16.09.11:288][  0]LogConfig: Setting CVar [[r.LightMaxDrawDistanceScale:1]]
[2021.03.23-16.09.11:288][  0]LogConfig: Setting CVar [[r.CapsuleShadows:1]]
[2021.03.23-16.09.11:288][  0]LogConfig: Applying CVar settings from Section [PostProcessQuality@3] File [C:/Users/44770/Documents/TSE_24_NEWUSETHISONE/uol_TSE_Team24/MyProject/Saved/Config/Windows/Scalability.ini]
[2021.03.23-16.09.11:288][  0]LogConfig: Setting CVar [[r.MotionBlurQuality:4]]
[2021.03.23-16.09.11:288][  0]LogConfig: Setting CVar [[r.AmbientOcclusionMipLevelFactor:0.4]]
[2021.03.23-16.09.11:288][  0]LogConfig: Setting CVar [[r.AmbientOcclusionMaxQuality:100]]
[2021.03.23-16.09.11:288][  0]LogConfig: Setting CVar [[r.AmbientOcclusionLevels:-1]]
[2021.03.23-16.09.11:288][  0]LogConfig: Setting CVar [[r.AmbientOcclusionRadiusScale:1.0]]
[2021.03.23-16.09.11:288][  0]LogConfig: Setting CVar [[r.DepthOfFieldQuality:2]]
[2021.03.23-16.09.11:288][  0]LogConfig: Setting CVar [[r.RenderTargetPoolMin:400]]
[2021.03.23-16.09.11:288][  0]LogConfig: Setting CVar [[r.LensFlareQuality:2]]
[2021.03.23-16.09.11:288][  0]LogConfig: Setting CVar [[r.SceneColorFringeQuality:1]]
[2021.03.23-16.09.11:288][  0]LogConfig: Setting CVar [[r.EyeAdaptationQuality:2]]
[2021.03.23-16.09.11:288][  0]LogConfig: Setting CVar [[r.BloomQuality:5]]
[2021.03.23-16.09.11:288][  0]LogConfig: Setting CVar [[r.FastBlurThreshold:100]]
[2021.03.23-16.09.11:288][  0]LogConfig: Setting CVar [[r.Upscale.Quality:3]]
[2021.03.23-16.09.11:288][  0]LogConfig: Setting CVar [[r.Tonemapper.GrainQuantization:1]]
[2021.03.23-16.09.11:288][  0]LogConfig: Setting CVar [[r.LightShaftQuality:1]]
[2021.03.23-16.09.11:288][  0]LogConfig: Setting CVar [[r.Filter.SizeScale:1]]
[2021.03.23-16.09.11:288][  0]LogConfig: Setting CVar [[r.Tonemapper.Quality:5]]
[2021.03.23-16.09.11:288][  0]LogConfig: Setting CVar [[r.DOF.Gather.AccumulatorQuality:1        ; higher gathering accumulator quality]]
[2021.03.23-16.09.11:288][  0]LogConfig: Setting CVar [[r.DOF.Gather.PostfilterMethod:1          ; Median3x3 postfilering method]]
[2021.03.23-16.09.11:289][  0]LogConfig: Setting CVar [[r.DOF.Gather.EnableBokehSettings:0       ; no bokeh simulation when gathering]]
[2021.03.23-16.09.11:289][  0]LogConfig: Setting CVar [[r.DOF.Gather.RingCount:4                 ; medium number of samples when gathering]]
[2021.03.23-16.09.11:289][  0]LogConfig: Setting CVar [[r.DOF.Scatter.ForegroundCompositing:1    ; additive foreground scattering]]
[2021.03.23-16.09.11:289][  0]LogConfig: Setting CVar [[r.DOF.Scatter.BackgroundCompositing:2    ; additive background scattering]]
[2021.03.23-16.09.11:289][  0]LogConfig: Setting CVar [[r.DOF.Scatter.EnableBokehSettings:1      ; bokeh simulation when scattering]]
[2021.03.23-16.09.11:289][  0]LogConfig: Setting CVar [[r.DOF.Scatter.MaxSpriteRatio:0.1         ; only a maximum of 10% of scattered bokeh]]
[2021.03.23-16.09.11:289][  0]LogConfig: Setting CVar [[r.DOF.Recombine.Quality:1                ; cheap slight out of focus]]
[2021.03.23-16.09.11:289][  0]LogConfig: Setting CVar [[r.DOF.Recombine.EnableBokehSettings:0    ; no bokeh simulation on slight out of focus]]
[2021.03.23-16.09.11:289][  0]LogConfig: Setting CVar [[r.DOF.TemporalAAQuality:1                ; more stable temporal accumulation]]
[2021.03.23-16.09.11:289][  0]LogConfig: Setting CVar [[r.DOF.Kernel.MaxForegroundRadius:0.025]]
[2021.03.23-16.09.11:289][  0]LogConfig: Setting CVar [[r.DOF.Kernel.MaxBackgroundRadius:0.025]]
[2021.03.23-16.09.11:289][  0]LogConfig: Applying CVar settings from Section [TextureQuality@3] File [C:/Users/44770/Documents/TSE_24_NEWUSETHISONE/uol_TSE_Team24/MyProject/Saved/Config/Windows/Scalability.ini]
[2021.03.23-16.09.11:289][  0]LogConfig: Setting CVar [[r.Streaming.MipBias:0]]
[2021.03.23-16.09.11:289][  0]LogConfig: Setting CVar [[r.Streaming.AmortizeCPUToGPUCopy:0]]
[2021.03.23-16.09.11:289][  0]LogConfig: Setting CVar [[r.Streaming.MaxNumTexturesToStreamPerFrame:0]]
[2021.03.23-16.09.11:289][  0]LogConfig: Setting CVar [[r.Streaming.Boost:1]]
[2021.03.23-16.09.11:289][  0]LogConfig: Setting CVar [[r.MaxAnisotropy:8]]
[2021.03.23-16.09.11:289][  0]LogConfig: Setting CVar [[r.VT.MaxAnisotropy:8]]
[2021.03.23-16.09.11:289][  0]LogConfig: Setting CVar [[r.Streaming.LimitPoolSizeToVRAM:0]]
[2021.03.23-16.09.11:289][  0]LogConfig: Setting CVar [[r.Streaming.PoolSize:1000]]
[2021.03.23-16.09.11:289][  0]LogConfig: Setting CVar [[r.Streaming.MaxEffectiveScreenSize:0]]
[2021.03.23-16.09.11:289][  0]LogConfig: Applying CVar settings from Section [EffectsQuality@3] File [C:/Users/44770/Documents/TSE_24_NEWUSETHISONE/uol_TSE_Team24/MyProject/Saved/Config/Windows/Scalability.ini]
[2021.03.23-16.09.11:289][  0]LogConfig: Setting CVar [[r.TranslucencyLightingVolumeDim:64]]
[2021.03.23-16.09.11:289][  0]LogConfig: Setting CVar [[r.RefractionQuality:2]]
[2021.03.23-16.09.11:289][  0]LogConfig: Setting CVar [[r.SSR.Quality:3]]
[2021.03.23-16.09.11:289][  0]LogConfig: Setting CVar [[r.SSR.HalfResSceneColor:0]]
[2021.03.23-16.09.11:290][  0]LogConfig: Setting CVar [[r.SceneColorFormat:4]]
[2021.03.23-16.09.11:290][  0]LogConfig: Setting CVar [[r.DetailMode:2]]
[2021.03.23-16.09.11:290][  0]LogConfig: Setting CVar [[r.TranslucencyVolumeBlur:1]]
[2021.03.23-16.09.11:290][  0]LogConfig: Setting CVar [[r.MaterialQualityLevel:1 ; High quality]]
[2021.03.23-16.09.11:290][  0]LogConfig: Setting CVar [[r.SSS.Scale:1]]
[2021.03.23-16.09.11:290][  0]LogConfig: Setting CVar [[r.SSS.SampleSet:2]]
[2021.03.23-16.09.11:290][  0]LogConfig: Setting CVar [[r.SSS.Quality:1]]
[2021.03.23-16.09.11:290][  0]LogConfig: Setting CVar [[r.SSS.HalfRes:0]]
[2021.03.23-16.09.11:290][  0]LogConfig: Setting CVar [[r.SSGI.Quality:3]]
[2021.03.23-16.09.11:290][  0]LogConfig: Setting CVar [[r.EmitterSpawnRateScale:1.0]]
[2021.03.23-16.09.11:290][  0]LogConfig: Setting CVar [[r.ParticleLightQuality:2]]
[2021.03.23-16.09.11:290][  0]LogConfig: Setting CVar [[r.SkyAtmosphere.AerialPerspectiveLUT.FastApplyOnOpaque:1 ; Always have FastSkyLUT 1 in this case to avoid wrong sky]]
[2021.03.23-16.09.11:290][  0]LogConfig: Setting CVar [[r.SkyAtmosphere.AerialPerspectiveLUT.SampleCountPerSlice:1]]
[2021.03.23-16.09.11:290][  0]LogConfig: Setting CVar [[r.SkyAtmosphere.AerialPerspectiveLUT.DepthResolution:16.0]]
[2021.03.23-16.09.11:290][  0]LogConfig: Setting CVar [[r.SkyAtmosphere.FastSkyLUT:1]]
[2021.03.23-16.09.11:290][  0]LogConfig: Setting CVar [[r.SkyAtmosphere.FastSkyLUT.SampleCountMin:4.0]]
[2021.03.23-16.09.11:290][  0]LogConfig: Setting CVar [[r.SkyAtmosphere.FastSkyLUT.SampleCountMax:32.0]]
[2021.03.23-16.09.11:290][  0]LogConfig: Setting CVar [[r.SkyAtmosphere.SampleCountMin:4.0]]
[2021.03.23-16.09.11:290][  0]LogConfig: Setting CVar [[r.SkyAtmosphere.SampleCountMax:32.0]]
[2021.03.23-16.09.11:290][  0]LogConfig: Setting CVar [[r.SkyAtmosphere.TransmittanceLUT.UseSmallFormat:0]]
[2021.03.23-16.09.11:290][  0]LogConfig: Setting CVar [[r.SkyAtmosphere.TransmittanceLUT.SampleCount:10.0]]
[2021.03.23-16.09.11:290][  0]LogConfig: Setting CVar [[r.SkyAtmosphere.MultiScatteringLUT.SampleCount:15.0]]
[2021.03.23-16.09.11:290][  0]LogConfig: Applying CVar settings from Section [FoliageQuality@3] File [C:/Users/44770/Documents/TSE_24_NEWUSETHISONE/uol_TSE_Team24/MyProject/Saved/Config/Windows/Scalability.ini]
[2021.03.23-16.09.11:290][  0]LogConfig: Setting CVar [[foliage.DensityScale:1.0]]
[2021.03.23-16.09.11:290][  0]LogConfig: Setting CVar [[grass.DensityScale:1.0]]
[2021.03.23-16.09.11:291][  0]LogConfig: Applying CVar settings from Section [ShadingQuality@3] File [C:/Users/44770/Documents/TSE_24_NEWUSETHISONE/uol_TSE_Team24/MyProject/Saved/Config/Windows/Scalability.ini]
[2021.03.23-16.09.11:291][  0]LogConfig: Setting CVar [[r.HairStrands.SkyLighting.SampleCount:16]]
[2021.03.23-16.09.11:291][  0]LogConfig: Setting CVar [[r.HairStrands.SkyLighting.JitterIntegration:0]]
[2021.03.23-16.09.11:291][  0]LogConfig: Setting CVar [[r.HairStrands.SkyAO.SampleCount:16]]
[2021.03.23-16.09.11:291][  0]LogConfig: Setting CVar [[r.HairStrands.DeepShadow.SuperSampling:0]]
[2021.03.23-16.09.11:291][  0]LogConfig: Setting CVar [[r.HairStrands.VisibilityPPLL:0]]
[2021.03.23-16.09.11:291][  0]LogConfig: Setting CVar [[r.HairStrands.RasterizationScale:0.5]]
[2021.03.23-16.09.11:291][  0]LogConfig: Setting CVar [[r.HairStrands.VelocityRasterizationScale:1]]
[2021.03.23-16.09.11:291][  0]LogInit: Selected Device Profile: [Windows]
[2021.03.23-16.09.11:291][  0]LogInit: Applying CVar settings loaded from the selected device profile: [Windows]
[2021.03.23-16.09.11:291][  0]LogHAL: Display: Platform has ~ 12 GB [12736229376 / 17179869184 / 12], which maps to Larger [LargestMinGB=32, LargerMinGB=12, DefaultMinGB=8, SmallerMinGB=6, SmallestMinGB=0)
[2021.03.23-16.09.11:291][  0]LogInit: Going up to parent DeviceProfile []
[2021.03.23-16.09.11:291][  0]LogConfig: Applying CVar settings from Section [ViewDistanceQuality@3] File [C:/Users/44770/Documents/TSE_24_NEWUSETHISONE/uol_TSE_Team24/MyProject/Saved/Config/Windows/Scalability.ini]
[2021.03.23-16.09.11:291][  0]LogConfig: Setting CVar [[r.SkeletalMeshLODBias:0]]
[2021.03.23-16.09.11:291][  0]LogConfig: Setting CVar [[r.ViewDistanceScale:1.0]]
[2021.03.23-16.09.11:291][  0]LogConfig: Applying CVar settings from Section [AntiAliasingQuality@3] File [C:/Users/44770/Documents/TSE_24_NEWUSETHISONE/uol_TSE_Team24/MyProject/Saved/Config/Windows/Scalability.ini]
[2021.03.23-16.09.11:291][  0]LogConfig: Setting CVar [[r.PostProcessAAQuality:4]]
[2021.03.23-16.09.11:292][  0]LogConfig: Applying CVar settings from Section [ShadowQuality@3] File [C:/Users/44770/Documents/TSE_24_NEWUSETHISONE/uol_TSE_Team24/MyProject/Saved/Config/Windows/Scalability.ini]
[2021.03.23-16.09.11:292][  0]LogConfig: Setting CVar [[r.LightFunctionQuality:1]]
[2021.03.23-16.09.11:292][  0]LogConfig: Setting CVar [[r.ShadowQuality:5]]
[2021.03.23-16.09.11:292][  0]LogConfig: Setting CVar [[r.Shadow.CSM.MaxCascades:10]]
[2021.03.23-16.09.11:292][  0]LogConfig: Setting CVar [[r.Shadow.MaxResolution:2048]]
[2021.03.23-16.09.11:292][  0]LogConfig: Setting CVar [[r.Shadow.MaxCSMResolution:2048]]
[2021.03.23-16.09.11:292][  0]LogConfig: Setting CVar [[r.Shadow.RadiusThreshold:0.01]]
[2021.03.23-16.09.11:292][  0]LogConfig: Setting CVar [[r.Shadow.DistanceScale:1.0]]
[2021.03.23-16.09.11:292][  0]LogConfig: Setting CVar [[r.Shadow.CSM.TransitionScale:1.0]]
[2021.03.23-16.09.11:292][  0]LogConfig: Setting CVar [[r.Shadow.PreShadowResolutionFactor:1.0]]
[2021.03.23-16.09.11:292][  0]LogConfig: Setting CVar [[r.DistanceFieldShadowing:1]]
[2021.03.23-16.09.11:292][  0]LogConfig: Setting CVar [[r.DistanceFieldAO:1]]
[2021.03.23-16.09.11:292][  0]LogConfig: Setting CVar [[r.AOQuality:2]]
[2021.03.23-16.09.11:292][  0]LogConfig: Setting CVar [[r.VolumetricFog:1]]
[2021.03.23-16.09.11:292][  0]LogConfig: Setting CVar [[r.VolumetricFog.GridPixelSize:8]]
[2021.03.23-16.09.11:292][  0]LogConfig: Setting CVar [[r.VolumetricFog.GridSizeZ:128]]
[2021.03.23-16.09.11:292][  0]LogConfig: Setting CVar [[r.VolumetricFog.HistoryMissSupersampleCount:4]]
[2021.03.23-16.09.11:292][  0]LogConfig: Setting CVar [[r.LightMaxDrawDistanceScale:1]]
[2021.03.23-16.09.11:292][  0]LogConfig: Setting CVar [[r.CapsuleShadows:1]]
[2021.03.23-16.09.11:292][  0]LogConfig: Applying CVar settings from Section [PostProcessQuality@3] File [C:/Users/44770/Documents/TSE_24_NEWUSETHISONE/uol_TSE_Team24/MyProject/Saved/Config/Windows/Scalability.ini]
[2021.03.23-16.09.11:292][  0]LogConfig: Setting CVar [[r.MotionBlurQuality:4]]
[2021.03.23-16.09.11:292][  0]LogConfig: Setting CVar [[r.AmbientOcclusionMipLevelFactor:0.4]]
[2021.03.23-16.09.11:292][  0]LogConfig: Setting CVar [[r.AmbientOcclusionMaxQuality:100]]
[2021.03.23-16.09.11:292][  0]LogConfig: Setting CVar [[r.AmbientOcclusionLevels:-1]]
[2021.03.23-16.09.11:292][  0]LogConfig: Setting CVar [[r.AmbientOcclusionRadiusScale:1.0]]
[2021.03.23-16.09.11:292][  0]LogConfig: Setting CVar [[r.DepthOfFieldQuality:2]]
[2021.03.23-16.09.11:292][  0]LogConfig: Setting CVar [[r.RenderTargetPoolMin:400]]
[2021.03.23-16.09.11:293][  0]LogConfig: Setting CVar [[r.LensFlareQuality:2]]
[2021.03.23-16.09.11:293][  0]LogConfig: Setting CVar [[r.SceneColorFringeQuality:1]]
[2021.03.23-16.09.11:293][  0]LogConfig: Setting CVar [[r.EyeAdaptationQuality:2]]
[2021.03.23-16.09.11:293][  0]LogConfig: Setting CVar [[r.BloomQuality:5]]
[2021.03.23-16.09.11:293][  0]LogConfig: Setting CVar [[r.FastBlurThreshold:100]]
[2021.03.23-16.09.11:293][  0]LogConfig: Setting CVar [[r.Upscale.Quality:3]]
[2021.03.23-16.09.11:293][  0]LogConfig: Setting CVar [[r.Tonemapper.GrainQuantization:1]]
[2021.03.23-16.09.11:293][  0]LogConfig: Setting CVar [[r.LightShaftQuality:1]]
[2021.03.23-16.09.11:293][  0]LogConfig: Setting CVar [[r.Filter.SizeScale:1]]
[2021.03.23-16.09.11:293][  0]LogConfig: Setting CVar [[r.Tonemapper.Quality:5]]
[2021.03.23-16.09.11:293][  0]LogConfig: Setting CVar [[r.DOF.Gather.AccumulatorQuality:1        ; higher gathering accumulator quality]]
[2021.03.23-16.09.11:293][  0]LogConfig: Setting CVar [[r.DOF.Gather.PostfilterMethod:1          ; Median3x3 postfilering method]]
[2021.03.23-16.09.11:293][  0]LogConfig: Setting CVar [[r.DOF.Gather.EnableBokehSettings:0       ; no bokeh simulation when gathering]]
[2021.03.23-16.09.11:293][  0]LogConfig: Setting CVar [[r.DOF.Gather.RingCount:4                 ; medium number of samples when gathering]]
[2021.03.23-16.09.11:293][  0]LogConfig: Setting CVar [[r.DOF.Scatter.ForegroundCompositing:1    ; additive foreground scattering]]
[2021.03.23-16.09.11:293][  0]LogConfig: Setting CVar [[r.DOF.Scatter.BackgroundCompositing:2    ; additive background scattering]]
[2021.03.23-16.09.11:293][  0]LogConfig: Setting CVar [[r.DOF.Scatter.EnableBokehSettings:1      ; bokeh simulation when scattering]]
[2021.03.23-16.09.11:293][  0]LogConfig: Setting CVar [[r.DOF.Scatter.MaxSpriteRatio:0.1         ; only a maximum of 10% of scattered bokeh]]
[2021.03.23-16.09.11:293][  0]LogConfig: Setting CVar [[r.DOF.Recombine.Quality:1                ; cheap slight out of focus]]
[2021.03.23-16.09.11:293][  0]LogConfig: Setting CVar [[r.DOF.Recombine.EnableBokehSettings:0    ; no bokeh simulation on slight out of focus]]
[2021.03.23-16.09.11:293][  0]LogConfig: Setting CVar [[r.DOF.TemporalAAQuality:1                ; more stable temporal accumulation]]
[2021.03.23-16.09.11:293][  0]LogConfig: Setting CVar [[r.DOF.Kernel.MaxForegroundRadius:0.025]]
[2021.03.23-16.09.11:293][  0]LogConfig: Setting CVar [[r.DOF.Kernel.MaxBackgroundRadius:0.025]]
[2021.03.23-16.09.11:293][  0]LogConfig: Applying CVar settings from Section [TextureQuality@3] File [C:/Users/44770/Documents/TSE_24_NEWUSETHISONE/uol_TSE_Team24/MyProject/Saved/Config/Windows/Scalability.ini]
[2021.03.23-16.09.11:293][  0]LogConfig: Setting CVar [[r.Streaming.MipBias:0]]
[2021.03.23-16.09.11:293][  0]LogConfig: Setting CVar [[r.Streaming.AmortizeCPUToGPUCopy:0]]
[2021.03.23-16.09.11:294][  0]LogConfig: Setting CVar [[r.Streaming.MaxNumTexturesToStreamPerFrame:0]]
[2021.03.23-16.09.11:294][  0]LogConfig: Setting CVar [[r.Streaming.Boost:1]]
[2021.03.23-16.09.11:294][  0]LogConfig: Setting CVar [[r.MaxAnisotropy:8]]
[2021.03.23-16.09.11:294][  0]LogConfig: Setting CVar [[r.VT.MaxAnisotropy:8]]
[2021.03.23-16.09.11:294][  0]LogConfig: Setting CVar [[r.Streaming.LimitPoolSizeToVRAM:0]]
[2021.03.23-16.09.11:294][  0]LogConfig: Setting CVar [[r.Streaming.PoolSize:1000]]
[2021.03.23-16.09.11:294][  0]LogConfig: Setting CVar [[r.Streaming.MaxEffectiveScreenSize:0]]
[2021.03.23-16.09.11:294][  0]LogConfig: Applying CVar settings from Section [EffectsQuality@3] File [C:/Users/44770/Documents/TSE_24_NEWUSETHISONE/uol_TSE_Team24/MyProject/Saved/Config/Windows/Scalability.ini]
[2021.03.23-16.09.11:294][  0]LogConfig: Setting CVar [[r.TranslucencyLightingVolumeDim:64]]
[2021.03.23-16.09.11:294][  0]LogConfig: Setting CVar [[r.RefractionQuality:2]]
[2021.03.23-16.09.11:294][  0]LogConfig: Setting CVar [[r.SSR.Quality:3]]
[2021.03.23-16.09.11:294][  0]LogConfig: Setting CVar [[r.SSR.HalfResSceneColor:0]]
[2021.03.23-16.09.11:294][  0]LogConfig: Setting CVar [[r.SceneColorFormat:4]]
[2021.03.23-16.09.11:294][  0]LogConfig: Setting CVar [[r.DetailMode:2]]
[2021.03.23-16.09.11:294][  0]LogConfig: Setting CVar [[r.TranslucencyVolumeBlur:1]]
[2021.03.23-16.09.11:294][  0]LogConfig: Setting CVar [[r.MaterialQualityLevel:1 ; High quality]]
[2021.03.23-16.09.11:294][  0]LogConfig: Setting CVar [[r.SSS.Scale:1]]
[2021.03.23-16.09.11:294][  0]LogConfig: Setting CVar [[r.SSS.SampleSet:2]]
[2021.03.23-16.09.11:294][  0]LogConfig: Setting CVar [[r.SSS.Quality:1]]
[2021.03.23-16.09.11:294][  0]LogConfig: Setting CVar [[r.SSS.HalfRes:0]]
[2021.03.23-16.09.11:294][  0]LogConfig: Setting CVar [[r.SSGI.Quality:3]]
[2021.03.23-16.09.11:294][  0]LogConfig: Setting CVar [[r.EmitterSpawnRateScale:1.0]]
[2021.03.23-16.09.11:294][  0]LogConfig: Setting CVar [[r.ParticleLightQuality:2]]
[2021.03.23-16.09.11:294][  0]LogConfig: Setting CVar [[r.SkyAtmosphere.AerialPerspectiveLUT.FastApplyOnOpaque:1 ; Always have FastSkyLUT 1 in this case to avoid wrong sky]]
[2021.03.23-16.09.11:294][  0]LogConfig: Setting CVar [[r.SkyAtmosphere.AerialPerspectiveLUT.SampleCountPerSlice:1]]
[2021.03.23-16.09.11:295][  0]LogConfig: Setting CVar [[r.SkyAtmosphere.AerialPerspectiveLUT.DepthResolution:16.0]]
[2021.03.23-16.09.11:295][  0]LogConfig: Setting CVar [[r.SkyAtmosphere.FastSkyLUT:1]]
[2021.03.23-16.09.11:295][  0]LogConfig: Setting CVar [[r.SkyAtmosphere.FastSkyLUT.SampleCountMin:4.0]]
[2021.03.23-16.09.11:295][  0]LogConfig: Setting CVar [[r.SkyAtmosphere.FastSkyLUT.SampleCountMax:32.0]]
[2021.03.23-16.09.11:295][  0]LogConfig: Setting CVar [[r.SkyAtmosphere.SampleCountMin:4.0]]
[2021.03.23-16.09.11:295][  0]LogConfig: Setting CVar [[r.SkyAtmosphere.SampleCountMax:32.0]]
[2021.03.23-16.09.11:295][  0]LogConfig: Setting CVar [[r.SkyAtmosphere.TransmittanceLUT.UseSmallFormat:0]]
[2021.03.23-16.09.11:295][  0]LogConfig: Setting CVar [[r.SkyAtmosphere.TransmittanceLUT.SampleCount:10.0]]
[2021.03.23-16.09.11:295][  0]LogConfig: Setting CVar [[r.SkyAtmosphere.MultiScatteringLUT.SampleCount:15.0]]
[2021.03.23-16.09.11:295][  0]LogConfig: Applying CVar settings from Section [FoliageQuality@3] File [C:/Users/44770/Documents/TSE_24_NEWUSETHISONE/uol_TSE_Team24/MyProject/Saved/Config/Windows/Scalability.ini]
[2021.03.23-16.09.11:295][  0]LogConfig: Setting CVar [[foliage.DensityScale:1.0]]
[2021.03.23-16.09.11:295][  0]LogConfig: Setting CVar [[grass.DensityScale:1.0]]
[2021.03.23-16.09.11:295][  0]LogConfig: Applying CVar settings from Section [ShadingQuality@3] File [C:/Users/44770/Documents/TSE_24_NEWUSETHISONE/uol_TSE_Team24/MyProject/Saved/Config/Windows/Scalability.ini]
[2021.03.23-16.09.11:295][  0]LogConfig: Setting CVar [[r.HairStrands.SkyLighting.SampleCount:16]]
[2021.03.23-16.09.11:295][  0]LogConfig: Setting CVar [[r.HairStrands.SkyLighting.JitterIntegration:0]]
[2021.03.23-16.09.11:295][  0]LogConfig: Setting CVar [[r.HairStrands.SkyAO.SampleCount:16]]
[2021.03.23-16.09.11:295][  0]LogConfig: Setting CVar [[r.HairStrands.DeepShadow.SuperSampling:0]]
[2021.03.23-16.09.11:295][  0]LogConfig: Setting CVar [[r.HairStrands.VisibilityPPLL:0]]
[2021.03.23-16.09.11:295][  0]LogConfig: Setting CVar [[r.HairStrands.RasterizationScale:0.5]]
[2021.03.23-16.09.11:295][  0]LogConfig: Setting CVar [[r.HairStrands.VelocityRasterizationScale:1]]
[2021.03.23-16.09.11:295][  0]LogConfig: Applying CVar settings from Section [Startup] File [../../../Engine/Config/ConsoleVariables.ini]
[2021.03.23-16.09.11:296][  0]LogConfig: Setting CVar [[net.UseAdaptiveNetUpdateFrequency:0]]
[2021.03.23-16.09.11:296][  0]LogConfig: Setting CVar [[p.chaos.AllowCreatePhysxBodies:1]]
[2021.03.23-16.09.11:296][  0]LogConfig: Setting CVar [[fx.SkipVectorVMBackendOptimizations:1]]
[2021.03.23-16.09.11:296][  0]LogConfig: Applying CVar settings from Section [ConsoleVariables] File [C:/Users/44770/Documents/TSE_24_NEWUSETHISONE/uol_TSE_Team24/MyProject/Saved/Config/Windows/Engine.ini]
[2021.03.23-16.09.11:296][  0]LogInit: Computer: DESKTOP-IKLF26Q
[2021.03.23-16.09.11:296][  0]LogInit: User: 44770
[2021.03.23-16.09.11:296][  0]LogInit: CPU Page size=4096, Cores=6
[2021.03.23-16.09.11:296][  0]LogInit: High frequency timer resolution =10.000000 MHz
[2021.03.23-16.09.11:297][  0]LogMemory: Memory total: Physical=11.9GB (12GB approx)
[2021.03.23-16.09.11:297][  0]LogMemory: Platform Memory Stats for Windows
[2021.03.23-16.09.11:297][  0]LogMemory: Process Physical Memory: 118.80 MB used, 118.80 MB peak
[2021.03.23-16.09.11:297][  0]LogMemory: Process Virtual Memory: 104.21 MB used, 104.21 MB peak
[2021.03.23-16.09.11:297][  0]LogMemory: Physical Memory: 8594.91 MB used,  3551.30 MB free, 12146.21 MB total
[2021.03.23-16.09.11:297][  0]LogMemory: Virtual Memory: 5172.55 MB used,  134212552.00 MB free, 134217728.00 MB total
[2021.03.23-16.09.11:306][  0]LogWindows: WindowsPlatformFeatures enabled
[2021.03.23-16.09.11:392][  0]LogInit: Physics initialised using underlying interface: PhysX
[2021.03.23-16.09.11:393][  0]LogInit: Using OS detected language (en-GB).
[2021.03.23-16.09.11:393][  0]LogInit: Using OS detected locale (en-GB).
[2021.03.23-16.09.11:399][  0]LogTextLocalizationManager: No specific localization for 'en-GB' exists, so the 'en' localization will be used.
[2021.03.23-16.09.11:695][  0]LogInit: Setting process to per monitor DPI aware
[2021.03.23-16.09.11:738][  0]LogSlate: New Slate User Created.  User Index 0, Is Virtual User: 0
[2021.03.23-16.09.11:738][  0]LogSlate: Slate User Registered.  User Index 0, Is Virtual User: 0
[2021.03.23-16.09.12:025][  0]LogHMD: Failed to initialize OpenVR with code 110
[2021.03.23-16.09.12:025][  0]LogD3D11RHI: D3D11 min allowed feature level: 11_0
[2021.03.23-16.09.12:025][  0]LogD3D11RHI: D3D11 max allowed feature level: 11_0
[2021.03.23-16.09.12:025][  0]LogD3D11RHI: D3D11 adapters:
[2021.03.23-16.09.12:147][  0]LogD3D11RHI:    0. 'NVIDIA GeForce GTX 1060' (Feature Level 11_0)
[2021.03.23-16.09.12:147][  0]LogD3D11RHI:       6052/0/6073 MB DedicatedVideo/DedicatedSystem/SharedSystem, Outputs:1, VendorId:0x10de
[2021.03.23-16.09.12:176][  0]LogD3D11RHI:    1. 'Intel(R) UHD Graphics 630' (Feature Level 11_0)
[2021.03.23-16.09.12:176][  0]LogD3D11RHI:       128/0/6073 MB DedicatedVideo/DedicatedSystem/SharedSystem, Outputs:0, VendorId:0x8086
[2021.03.23-16.09.12:180][  0]LogD3D11RHI:    2. 'Microsoft Basic Render Driver' (Feature Level 11_0)
[2021.03.23-16.09.12:180][  0]LogD3D11RHI:       0/0/6073 MB DedicatedVideo/DedicatedSystem/SharedSystem, Outputs:0, VendorId:0x1414
[2021.03.23-16.09.12:180][  0]LogD3D11RHI: Chosen D3D11 Adapter: 0
[2021.03.23-16.09.12:196][  0]LogD3D11RHI: Creating new Direct3DDevice
[2021.03.23-16.09.12:196][  0]LogD3D11RHI:     GPU DeviceId: 0x1c20 (for the marketing name, search the web for "GPU Device Id")
[2021.03.23-16.09.12:196][  0]LogWindows: EnumDisplayDevices:
[2021.03.23-16.09.12:197][  0]LogWindows:    0. 'Intel(R) UHD Graphics 630' (P:1 D:1)
[2021.03.23-16.09.12:197][  0]LogWindows:    1. 'Intel(R) UHD Graphics 630' (P:0 D:0)
[2021.03.23-16.09.12:198][  0]LogWindows:    2. 'Intel(R) UHD Graphics 630' (P:0 D:0)
[2021.03.23-16.09.12:198][  0]LogWindows:    3. 'NVIDIA GeForce GTX 1060' (P:0 D:0)
[2021.03.23-16.09.12:198][  0]LogWindows:    4. 'NVIDIA GeForce GTX 1060' (P:0 D:0)
[2021.03.23-16.09.12:199][  0]LogWindows:    5. 'NVIDIA GeForce GTX 1060' (P:0 D:0)
[2021.03.23-16.09.12:199][  0]LogWindows:    6. 'NVIDIA GeForce GTX 1060' (P:0 D:0)
[2021.03.23-16.09.12:200][  0]LogWindows: DebugString: PrimaryIsNotTheChoosenAdapter PrimaryIsNotTheChoosenAdapter PrimaryIsNotTheChoosenAdapter FoundDriverCount:4 
[2021.03.23-16.09.12:200][  0]LogD3D11RHI:     Adapter Name: NVIDIA GeForce GTX 1060
[2021.03.23-16.09.12:200][  0]LogD3D11RHI:   Driver Version: 460.79 (internal:27.21.14.6079, unified:460.79)
[2021.03.23-16.09.12:200][  0]LogD3D11RHI:      Driver Date: 12-3-2020
[2021.03.23-16.09.12:200][  0]LogRHI: Texture pool is 4236 MB (70% of 6052 MB)
[2021.03.23-16.09.12:291][  0]LogD3D11RHI: RHI has support for 64 bit atomics
[2021.03.23-16.09.12:292][  0]LogD3D11RHI: Async texture creation enabled
[2021.03.23-16.09.12:292][  0]LogD3D11RHI: Array index from any shader is supported
[2021.03.23-16.09.12:323][  0]LogD3D11RHI: GPU Timing Frequency: 1000.000000 (Debug: 2 1)
[2021.03.23-16.09.12:812][  0]LogTargetPlatformManager: Display: Loaded TargetPlatform 'AllDesktop'
[2021.03.23-16.09.12:848][  0]LogTargetPlatformManager: Display: Loaded TargetPlatform 'Android'
[2021.03.23-16.09.12:848][  0]LogTargetPlatformManager: Display: Loaded TargetPlatform 'Android_ASTC'
[2021.03.23-16.09.12:848][  0]LogTargetPlatformManager: Display: Loaded TargetPlatform 'Android_DXT'
[2021.03.23-16.09.12:848][  0]LogTargetPlatformManager: Display: Loaded TargetPlatform 'Android_ETC2'
[2021.03.23-16.09.12:848][  0]LogTargetPlatformManager: Display: Loaded TargetPlatform 'AndroidClient'
[2021.03.23-16.09.12:848][  0]LogTargetPlatformManager: Display: Loaded TargetPlatform 'Android_ASTCClient'
[2021.03.23-16.09.12:848][  0]LogTargetPlatformManager: Display: Loaded TargetPlatform 'Android_DXTClient'
[2021.03.23-16.09.12:848][  0]LogTargetPlatformManager: Display: Loaded TargetPlatform 'Android_ETC2Client'
[2021.03.23-16.09.12:848][  0]LogTargetPlatformManager: Display: Loaded TargetPlatform 'Android_Multi'
[2021.03.23-16.09.12:848][  0]LogTargetPlatformManager: Display: Loaded TargetPlatform 'Android_MultiClient'
[2021.03.23-16.09.12:887][  0]LogTargetPlatformManager: Display: Loaded TargetPlatform 'IOSClient'
[2021.03.23-16.09.12:887][  0]LogTargetPlatformManager: Display: Loaded TargetPlatform 'IOS'
[2021.03.23-16.09.12:904][  0]LogTargetPlatformManager: Display: Loaded TargetPlatform 'Linux'
[2021.03.23-16.09.12:920][  0]LogTargetPlatformManager: Display: Loaded TargetPlatform 'LinuxNoEditor'
[2021.03.23-16.09.12:935][  0]LogTargetPlatformManager: Display: Loaded TargetPlatform 'LinuxClient'
[2021.03.23-16.09.12:951][  0]LogTargetPlatformManager: Display: Loaded TargetPlatform 'LinuxServer'
[2021.03.23-16.09.12:971][  0]LogTargetPlatformManager: Display: Loaded TargetPlatform 'LinuxAArch64NoEditor'
[2021.03.23-16.09.12:987][  0]LogTargetPlatformManager: Display: Loaded TargetPlatform 'LinuxAArch64Client'
[2021.03.23-16.09.13:003][  0]LogTargetPlatformManager: Display: Loaded TargetPlatform 'LinuxAArch64Server'
[2021.03.23-16.09.13:049][  0]LogTargetPlatformManager: Display: Loaded TargetPlatform 'Lumin'
[2021.03.23-16.09.13:049][  0]LogTargetPlatformManager: Display: Loaded TargetPlatform 'LuminClient'
[2021.03.23-16.09.13:085][  0]LogTargetPlatformManager: Display: Loaded TargetPlatform 'TVOSClient'
[2021.03.23-16.09.13:085][  0]LogTargetPlatformManager: Display: Loaded TargetPlatform 'TVOS'
[2021.03.23-16.09.13:101][  0]LogTargetPlatformManager: Display: Loaded TargetPlatform 'WindowsNoEditor'
[2021.03.23-16.09.13:117][  0]LogTargetPlatformManager: Display: Loaded TargetPlatform 'Windows'
[2021.03.23-16.09.13:133][  0]LogTargetPlatformManager: Display: Loaded TargetPlatform 'WindowsClient'
[2021.03.23-16.09.13:148][  0]LogTargetPlatformManager: Display: Loaded TargetPlatform 'WindowsServer'
[2021.03.23-16.09.13:148][  0]LogTargetPlatformManager: Display: Building Assets For Windows
[2021.03.23-16.09.13:159][  0]LogAudioDebug: Display: Lib vorbis DLL was dynamically loaded.
[2021.03.23-16.09.13:248][  0]LogShaderCompilers: Guid format shader working directory is -40 characters bigger than the processId version (../../../../../../Users/44770/Documents/TSE_24_NEWUSETHISONE/uol_TSE_Team24/MyProject/Intermediate/Shaders/WorkingDirectory/42016/).
[2021.03.23-16.09.13:249][  0]LogShaderCompilers: Cleaned the shader compiler working directory 'C:/Users/44770/AppData/Local/Temp/UnrealShaderWorkingDir/0135F7D2449DAA5B134C9288FD8E0D75/'.
[2021.03.23-16.09.13:249][  0]LogXGEController: Cannot use XGE Controller as Incredibuild is not installed on this machine.
[2021.03.23-16.09.13:250][  0]LogShaderCompilers: Cannot use XGE Shader Compiler as Incredibuild is not installed on this machine.
[2021.03.23-16.09.13:250][  0]LogShaderCompilers: Display: Using Local Shader Compiler.
[2021.03.23-16.09.14:603][  0]LogDerivedDataCache: Display: Max Cache Size: 512 MB
[2021.03.23-16.09.14:678][  0]LogDerivedDataCache: Loaded boot cache 0.08s 75MB C:/Users/44770/AppData/Local/UnrealEngine/4.25/DerivedDataCache/Boot.ddc.
[2021.03.23-16.09.14:678][  0]LogDerivedDataCache: Display: Loaded Boot cache: C:/Users/44770/AppData/Local/UnrealEngine/4.25/DerivedDataCache/Boot.ddc
[2021.03.23-16.09.14:678][  0]LogDerivedDataCache: FDerivedDataBackendGraph:  Pak pak cache file ../../../../../../Users/44770/Documents/TSE_24_NEWUSETHISONE/uol_TSE_Team24/MyProject/DerivedDataCache/DDC.ddp not found, will not use a pak cache.
[2021.03.23-16.09.14:678][  0]LogDerivedDataCache: Unable to find inner node Pak for hierarchical cache Hierarchy.
[2021.03.23-16.09.14:678][  0]LogDerivedDataCache: FDerivedDataBackendGraph:  CompressedPak pak cache file ../../../../../../Users/44770/Documents/TSE_24_NEWUSETHISONE/uol_TSE_Team24/MyProject/DerivedDataCache/Compressed.ddp not found, will not use a pak cache.
[2021.03.23-16.09.14:678][  0]LogDerivedDataCache: Unable to find inner node CompressedPak for hierarchical cache Hierarchy.
[2021.03.23-16.09.14:696][  0]LogDerivedDataCache: Display: Pak cache opened for reading ../../../Engine/DerivedDataCache/Compressed.ddp.
[2021.03.23-16.09.14:696][  0]LogDerivedDataCache: FDerivedDataBackendGraph:  EnterprisePak pak cache file ../../../Enterprise/DerivedDataCache/Compressed.ddp not found, will not use a pak cache.
[2021.03.23-16.09.14:696][  0]LogDerivedDataCache: Unable to find inner node EnterprisePak for hierarchical cache Hierarchy.
[2021.03.23-16.09.14:698][  0]LogDerivedDataCache: Using Local data cache path C:/Users/44770/AppData/Local/UnrealEngine/Common/DerivedDataCache: Writable
[2021.03.23-16.09.14:698][  0]LogDerivedDataCache: Shared data cache path not found in *engine.ini, will not use an Shared cache.
[2021.03.23-16.09.14:698][  0]LogDerivedDataCache: Unable to find inner node Shared for hierarchical cache Hierarchy.
[2021.03.23-16.09.14:788][  0]LogSlate: Using FreeType 2.10.0
[2021.03.23-16.09.14:788][  0]LogSlate: SlateFontServices - WITH_FREETYPE: 1, WITH_HARFBUZZ: 1
[2021.03.23-16.09.14:831][  0]LogAssetRegistry: FAssetRegistry took 0.0040 seconds to start up
[2021.03.23-16.09.15:225][  0]LogInit: Selected Device Profile: [Windows]
[2021.03.23-16.09.15:415][  0]LogMeshReduction: Using QuadricMeshReduction for automatic static mesh reduction
[2021.03.23-16.09.15:415][  0]LogMeshReduction: Using SimplygonMeshReduction for automatic skeletal mesh reduction
[2021.03.23-16.09.15:415][  0]LogMeshReduction: Using ProxyLODMeshReduction for automatic mesh merging
[2021.03.23-16.09.15:415][  0]LogMeshReduction: No distributed automatic mesh merging module available
[2021.03.23-16.09.15:415][  0]LogMeshMerging: No distributed automatic mesh merging module available
[2021.03.23-16.09.15:440][  0]LogNetVersion: MyProject 1.0.0, NetCL: 13144385, EngineNetVer: 14, GameNetVer: 0 (Checksum: 709303259)
[2021.03.23-16.09.16:143][  0]LogAISub: UAISubsystem::UAISubsystem AISubsystem (0000020FAC171CC0), frame # 0
[2021.03.23-16.09.16:143][  0]LogAISub: UAISubsystem::UAISubsystem AIPerceptionSystem (0000020FAD078F40), frame # 0
[2021.03.23-16.09.16:145][  0]LogAISub: UAISubsystem::UAISubsystem EnvQueryManager (0000020FAD0CDE00), frame # 0
[2021.03.23-16.09.16:197][  0]LogPackageLocalizationCache: Processed 19 localized package path(s) for 1 prioritized culture(s) in 0.040140 seconds
[2021.03.23-16.09.16:204][  0]LogUObjectArray: 15913 objects as part of root set at end of initial load.
[2021.03.23-16.09.16:204][  0]LogUObjectAllocator: 3964304 out of 0 bytes used by permanent object pool.
[2021.03.23-16.09.16:204][  0]LogUObjectArray: CloseDisregardForGC: 0/0 objects in disregard for GC pool
[2021.03.23-16.09.16:710][  0]LogTcpMessaging: Initializing TcpMessaging bridge
[2021.03.23-16.09.16:718][  0]LogUdpMessaging: Initializing bridge on interface 0.0.0.0:0 to multicast group 230.0.0.1:6666.
[2021.03.23-16.09.16:834][  0]SourceControl: Source control is disabled
[2021.03.23-16.09.16:834][  0]SourceControl: Source control is disabled
[2021.03.23-16.09.16:839][  0]SourceControl: Source control is disabled
[2021.03.23-16.09.16:844][  0]SourceControl: Source control is disabled
[2021.03.23-16.09.16:855][  0]SourceControl: Source control is disabled
[2021.03.23-16.09.17:226][  0]LogAndroidPermission: UAndroidPermissionCallbackProxy::GetInstance
[2021.03.23-16.09.17:256][  0]LogAudioCaptureCore: Display: No Audio Capture implementations found. Audio input will be silent.
[2021.03.23-16.09.17:256][  0]LogAudioCaptureCore: Display: No Audio Capture implementations found. Audio input will be silent.
[2021.03.23-16.09.17:336][  0]LogOcInput: OculusInput pre-init called
[2021.03.23-16.09.17:353][  0]LogWindows: Failed to load 'OVRPlugin.dll' (GetLastError=126)
[2021.03.23-16.09.17:353][  0]LogWindows: File 'OVRPlugin.dll' does not exist
[2021.03.23-16.09.17:449][  0]LogEngine: Initializing Engine...
[2021.03.23-16.09.17:453][  0]LogHMD: Failed to initialize OpenVR with code 110
[2021.03.23-16.09.17:453][  0]LogMagicLeap: Warning: VR disabled because ZI is not enabled.  To enable, in the editor, Edit -> Project Settings -> Plugins -> Magic Leap Plugin -> Enable Zero Iteration
[2021.03.23-16.09.17:454][  0]LogStats: UGameplayTagsManager::InitializeManager -  0.000 s
[2021.03.23-16.09.17:647][  0]LogInit: Initializing FReadOnlyCVARCache
[2021.03.23-16.09.17:662][  0]LogAIModule: Creating AISystem for world Untitled
[2021.03.23-16.09.17:663][  0]LogAISub: UAISubsystem::UAISubsystem EnvQueryManager (0000020FB1380800), frame # 0
[2021.03.23-16.09.17:663][  0]LogAISub: UAISubsystem::UAISubsystem AIPerceptionSystem (0000020FB1372D40), frame # 0
[2021.03.23-16.09.17:688][  0]LogAudioMixer: Display: Audio Mixer Platform Settings:
[2021.03.23-16.09.17:688][  0]LogAudioMixer: Display: 	Sample Rate:						  48000
[2021.03.23-16.09.17:688][  0]LogAudioMixer: Display: 	Callback Buffer Frame Size Requested: 1024
[2021.03.23-16.09.17:689][  0]LogAudioMixer: Display: 	Callback Buffer Frame Size To Use:	  1024
[2021.03.23-16.09.17:689][  0]LogAudioMixer: Display: 	Number of buffers to queue:			  2
[2021.03.23-16.09.17:689][  0]LogAudioMixer: Display: 	Max Channels (voices):				  32
[2021.03.23-16.09.17:689][  0]LogAudioMixer: Display: 	Number of Async Source Workers:		  0
[2021.03.23-16.09.17:689][  0]LogAudio: Display: AudioDevice MaxSources: 32
[2021.03.23-16.09.17:689][  0]LogAudio: Display: Using built-in audio occlusion.
[2021.03.23-16.09.17:689][  0]LogAudioMixer: Display: Initializing audio mixer.
[2021.03.23-16.09.17:733][  0]LogAudioMixer: Display: 0: FrontLeft
[2021.03.23-16.09.17:733][  0]LogAudioMixer: Display: 1: FrontRight
[2021.03.23-16.09.17:790][  0]LogAudioMixer: Display: Using Audio Device VoiceMeeter Input (VB-Audio VoiceMeeter VAIO)
[2021.03.23-16.09.17:796][  0]LogAudioMixer: Display: Initializing Sound Submixes...
[2021.03.23-16.09.17:800][  0]LogAudioMixer: Display: Creating Master Submix 'MasterSubmixDefault'
[2021.03.23-16.09.17:800][  0]LogAudioMixer: Display: Creating Master Submix 'MasterReverbSubmixDefault'
[2021.03.23-16.09.17:801][  0]LogAudioMixer: Display: Creating Master Submix 'MasterEQSubmixDefault'
[2021.03.23-16.09.17:802][  0]LogInit: FAudioDevice initialized.
[2021.03.23-16.09.17:803][  0]LogNetVersion: Set ProjectVersion to 1.0.0.0. Version Checksum will be recalculated on next use.
[2021.03.23-16.09.17:876][  0]LogDerivedDataCache: Saved boot cache 0.07s 75MB C:/Users/44770/AppData/Local/UnrealEngine/4.25/DerivedDataCache/Boot.ddc.
[2021.03.23-16.09.17:878][  0]LogInit: Texture streaming: Enabled
[2021.03.23-16.09.17:902][  0]LogEngineSessionManager: EngineSessionManager initialized
[2021.03.23-16.09.17:902][  0]LogEditorSessionSummary: Verbose: Initializing EditorSessionSummaryWriter for editor session tracking
[2021.03.23-16.09.17:905][  0]LogEditorSessionSummary: EditorSessionSummaryWriter initialized
[2021.03.23-16.09.17:987][  0]LogInit: Transaction tracking system initialized
[2021.03.23-16.09.18:020][  0]BlueprintLog: New page: Editor Load
[2021.03.23-16.09.18:131][  0]LocalizationService: Localization service is disabled
[2021.03.23-16.09.18:382][  0]LogCook: Display: Max memory allowance for cook 16384mb min free memory 0mb
[2021.03.23-16.09.18:382][  0]LogCook: Display: Mobile HDR setting 1
[2021.03.23-16.09.18:438][  0]LogFileCache: Scanning file cache for directory 'C:/Users/44770/Documents/TSE_24_NEWUSETHISONE/uol_TSE_Team24/MyProject/Content/' took 0.01s
[2021.03.23-16.09.18:903][  0]SourceControl: Source control is disabled
[2021.03.23-16.09.18:903][  0]LogUnrealEdMisc: Loading editor; pre map load, took 10.478
[2021.03.23-16.09.18:903][  0]Cmd: MAP LOAD FILE="../../../../../../Users/44770/Documents/TSE_24_NEWUSETHISONE/uol_TSE_Team24/MyProject/Content/FirstPersonBP/Maps/FirstPersonExampleMap.umap" TEMPLATE=0 SHOWPROGRESS=1 FEATURELEVEL=3
[2021.03.23-16.09.18:904][  0]LightingResults: New page: Lighting Build
[2021.03.23-16.09.18:905][  0]LogWorld: UWorld::CleanupWorld for Untitled, bSessionEnded=true, bCleanupResources=true
[2021.03.23-16.09.18:905][  0]LogSlate: InvalidateAllWidgets triggered.  All widgets were invalidated
[2021.03.23-16.09.18:905][  0]MapCheck: New page: Map Check
[2021.03.23-16.09.18:905][  0]LightingResults: New page: Lighting Build
[2021.03.23-16.09.18:924][  0]LogAISub: UAISubsystem::~UAISubsystem EnvQueryManager (0000020FB1380800), frame # 0
[2021.03.23-16.09.18:924][  0]LogAISub: UAISubsystem::~UAISubsystem AIPerceptionSystem (0000020FB1372D40), frame # 0
[2021.03.23-16.09.18:926][  0]LogUObjectHash: Compacting FUObjectHashTables data took   1.38ms
[2021.03.23-16.09.19:316][  0]LogBlueprint: Error: [Compiler MyPlayerController] Spawn node  Create Widget  must have a class specified.
[2021.03.23-16.09.19:318][  0]LogBlueprint: Error: [Compiler MyPlayerController] In use pin  Hud Widget  no longer exists on node  Set . Please refresh node or break links to remove pin.
[2021.03.23-16.09.19:318][  0]LogBlueprint: Error: [Compiler MyPlayerController] In use pin  <Unnamed>  no longer exists on node  Set . Please refresh node or break links to remove pin.
[2021.03.23-16.09.19:354][  0]LogLinker: Warning: Asset '../../../../../../Users/44770/Documents/TSE_24_NEWUSETHISONE/uol_TSE_Team24/MyProject/Content/Materials/PP_Outliner_M.uasset' has been saved with empty engine version. The asset will be loaded but may be incompatible.
[2021.03.23-16.09.19:356][  0]LogLinker: Warning: Asset '../../../../../../Users/44770/Documents/TSE_24_NEWUSETHISONE/uol_TSE_Team24/MyProject/Content/Materials/MF_ConvolveTexture.uasset' has been saved with empty engine version. The asset will be loaded but may be incompatible.
[2021.03.23-16.09.19:358][  0]LogLinker: Warning: Asset '../../../../../../Users/44770/Documents/TSE_24_NEWUSETHISONE/uol_TSE_Team24/MyProject/Content/Materials/MF_ExtractDepth.uasset' has been saved with empty engine version. The asset will be loaded but may be incompatible.
[2021.03.23-16.09.19:358][  0]LogLinker: Warning: Asset '../../../../../../Users/44770/Documents/TSE_24_NEWUSETHISONE/uol_TSE_Team24/MyProject/Content/Materials/MF_SampleSceneTextureNeighbourUVs.uasset' has been saved with empty engine version. The asset will be loaded but may be incompatible.
[2021.03.23-16.09.19:432][  0]LogTexture: Display: Building textures: TexturesCom_WoodPlanksOverlapping0019_1_seamless_S (AutoDXT, 128X128)
[2021.03.23-16.09.19:432][  0]LogTexture: Display: Building textures: NormalMap__8_ (BC5, 128X128)
[2021.03.23-16.09.19:432][  0]LogTexture: Display: Building textures: TexturesCom_MetalBare0207_2_seamless_S (AutoDXT, 128X128)
[2021.03.23-16.09.19:432][  0]LogTexture: Display: Building textures: healthpotionIcon (BGRA8, 73X73)
[2021.03.23-16.09.19:432][  0]LogTexture: Display: Building textures: StaminaPotionIcon (BGRA8, 73X73)
[2021.03.23-16.09.19:432][  0]LogTexture: Display: Building textures: BLANK (BGRA8, 277X253)
[2021.03.23-16.09.19:432][  0]LogTexture: Display: Building textures: UILight (AutoDXT, 1400X328)
[2021.03.23-16.09.19:432][  0]LogTexture: Display: Building textures: UIHP (BGRA8, 1108X95)
[2021.03.23-16.09.19:432][  0]LogTexture: Display: Building textures: InventoryBG (BGRA8, 1053X405)
[2021.03.23-16.09.19:432][  0]LogTexture: Display: Building textures: pipeTex (AutoDXT, 128X128)
[2021.03.23-16.09.19:432][  0]LogMaterial: Display: Missing cached shader map for material PP_Outliner_M, compiling. 
[2021.03.23-16.09.19:489][  0]LogTexture: Display: Building textures: UIBack (AutoDXT, 1400X328)
[2021.03.23-16.09.19:489][  0]LogShaderCompilers: Display: Worker (1/9): shaders left to compile 6
[2021.03.23-16.09.19:489][  0]LogShaderCompilers: Display: Worker (2/9): shaders left to compile 5
[2021.03.23-16.09.19:489][  0]LogShaderCompilers: Display: Worker (3/9): shaders left to compile 4
[2021.03.23-16.09.19:489][  0]LogShaderCompilers: Display: Worker (4/9): shaders left to compile 3
[2021.03.23-16.09.19:490][  0]LogShaderCompilers: Display: Worker (5/9): shaders left to compile 2
[2021.03.23-16.09.19:490][  0]LogShaderCompilers: Display: Worker (6/9): shaders left to compile 1
[2021.03.23-16.09.19:490][  0]LogMaterial: Display: Missing cached shader map for material Material__15, compiling. 
[2021.03.23-16.09.19:638][  0]LogShaderCompilers: Display: Worker (7/9): shaders left to compile 24
[2021.03.23-16.09.19:638][  0]LogShaderCompilers: Display: Worker (8/9): shaders left to compile 21
[2021.03.23-16.09.19:638][  0]LogShaderCompilers: Display: Worker (9/9): shaders left to compile 18
[2021.03.23-16.09.19:638][  0]LogMaterial: Display: Missing cached shader map for material M_Wood, compiling. 
[2021.03.23-16.09.19:688][  0]LogStaticMesh: Building static mesh barrel_mesh...
[2021.03.23-16.09.19:712][  0]LogStaticMesh: Built static mesh [0.02s] /Game/FirstPerson/Meshes/barrel_mesh.barrel_mesh
[2021.03.23-16.09.19:762][  0]LogAnimationCompression: Building Anim DDC data for AnimSequence /Game/FirstPersonBP/AnimatedModels/pipeSwing_Anim.pipeSwing_Anim
[2021.03.23-16.09.19:769][  0]LogStaticMesh: Building static mesh CONSUME_POTION...
[2021.03.23-16.09.19:814][  0]LogStaticMesh: Built static mesh [0.04s] /Game/Inventory/Consumables/CONSUME_POTION.CONSUME_POTION
[2021.03.23-16.09.20:635][  0]LogShaderCompilers: Display: Worker (5/9): shaders left to compile 39
[2021.03.23-16.09.20:635][  0]LogShaderCompilers: Display: Worker (3/9): shaders left to compile 34
[2021.03.23-16.09.20:635][  0]LogShaderCompilers: Display: Worker (1/9): shaders left to compile 30
[2021.03.23-16.09.20:635][  0]LogAudioDerivedData: Display: Building compressed audio format OGG hash OGG10000-1-1-1-1-1 wave pickup...
[2021.03.23-16.09.20:635][  0]LogAudioDerivedData: Display: Compression Quality for SoundWave /Game/Sound/pickup.pickup will be modified from 40 to 40.
[2021.03.23-16.09.20:686][  0]LogShaderCompilers: Display: Worker (4/9): shaders left to compile 26
[2021.03.23-16.09.20:686][  0]LogAudioDerivedData: Display: Updated SoundWave->RawPCMDataSize from 0 to 11256 while cooking SoundWave /Game/Sound/pickup.pickup.
[2021.03.23-16.09.20:690][  0]LogMaterial: Display: Missing cached shader map for material Stamina, compiling. 
[2021.03.23-16.09.20:715][  0]LogMaterial: Display: Missing cached shader map for material Health, compiling. 
[2021.03.23-16.09.20:738][  0]LogMaterial: Display: Missing cached shader map for material CorkColour, compiling. 
[2021.03.23-16.09.20:763][  0]LogMaterial: Display: Missing cached shader map for material Material__2, compiling. 
[2021.03.23-16.09.20:826][  0]LogSkeletalMesh: Building Skeletal Mesh pipeSwing...
[2021.03.23-16.09.20:830][  0]LogSkeletalMesh: Built Skeletal Mesh [0.00s] /Game/FirstPersonBP/AnimatedModels/pipeSwing.pipeSwing
[2021.03.23-16.09.20:839][  0]LogAIModule: Creating AISystem for world FirstPersonExampleMap
[2021.03.23-16.09.20:839][  0]LogAISub: UAISubsystem::UAISubsystem EnvQueryManager (0000020FB9472600), frame # 0
[2021.03.23-16.09.20:839][  0]LogAISub: UAISubsystem::UAISubsystem AIPerceptionSystem (0000020F9DF96980), frame # 0
[2021.03.23-16.09.20:900][  0]LogEditorServer: Finished looking for orphan Actors (0.000 secs)
[2021.03.23-16.09.20:959][  0]LogUObjectHash: Compacting FUObjectHashTables data took   2.62ms
[2021.03.23-16.09.20:962][  0]Cmd: MAP CHECKDEP NOCLEARLOG
[2021.03.23-16.09.20:963][  0]MapCheck: Map check complete: 0 Error(s), 0 Warning(s), took 0.462ms to complete.
[2021.03.23-16.09.20:963][  0]LogFileHelpers: Loading map 'FirstPersonExampleMap' took 2.060
[2021.03.23-16.09.20:971][  0]LogUnrealEdMisc: Total Editor Startup Time, took 12.545
[2021.03.23-16.09.21:029][  0]LogShaderCompilers: Display: Worker (6/9): shaders left to compile 107
[2021.03.23-16.09.21:266][  0]LogShaderCompilers: Display: Worker (2/9): shaders left to compile 97
[2021.03.23-16.09.21:266][  0]LogSlate: Updating window title bar state: overlay mode, drag disabled, window buttons hidden, title bar hidden
[2021.03.23-16.09.21:293][  0]LogSlate: Updating window title bar state: overlay mode, drag disabled, window buttons hidden, title bar hidden
[2021.03.23-16.09.21:316][  0]LogSlate: Updating window title bar state: overlay mode, drag disabled, window buttons hidden, title bar hidden
[2021.03.23-16.09.21:338][  0]LogSlate: Updating window title bar state: overlay mode, drag disabled, window buttons hidden, title bar hidden
[2021.03.23-16.09.21:359][  0]LogCollectionManager: Loaded 0 collections in 0.004305 seconds
[2021.03.23-16.09.21:414][  0]LogFileCache: Scanning file cache for directory 'C:/Users/44770/Documents/TSE_24_NEWUSETHISONE/uol_TSE_Team24/MyProject/Saved/Collections/' took 0.00s
[2021.03.23-16.09.21:414][  0]LogFileCache: Scanning file cache for directory 'C:/Users/44770/Documents/TSE_24_NEWUSETHISONE/uol_TSE_Team24/MyProject/Content/Developers/44770/Collections/' took 0.00s
[2021.03.23-16.09.21:414][  0]LogFileCache: Scanning file cache for directory 'C:/Users/44770/Documents/TSE_24_NEWUSETHISONE/uol_TSE_Team24/MyProject/Content/Collections/' took 0.00s
[2021.03.23-16.09.21:414][  0]LogContentBrowser: Native class hierarchy populated in 0.0247 seconds. Added 3427 classes and 821 folders.
[2021.03.23-16.09.21:430][  0]LogContentBrowser: Native class hierarchy updated for 'WidgetCarousel' in 0.0007 seconds. Added 0 classes and 0 folders.
[2021.03.23-16.09.21:727][  0]LogContentBrowser: Native class hierarchy updated for 'AddContentDialog' in 0.0006 seconds. Added 0 classes and 0 folders.
[2021.03.23-16.09.21:730][  0]LogContentBrowser: Native class hierarchy updated for 'SceneOutliner' in 0.0006 seconds. Added 2 classes and 0 folders.
[2021.03.23-16.09.22:113][  0]LogSlate: Took 0.000250 seconds to synchronously load lazily loaded font '../../../Engine/Content/Slate/Fonts/Roboto-Regular.ttf' (155K)
[2021.03.23-16.09.22:120][  0]LogSlate: Took 0.000323 seconds to synchronously load lazily loaded font '../../../Engine/Content/Slate/Fonts/Roboto-Bold.ttf' (160K)
[2021.03.23-16.09.22:140][  0]LogSlate: Took 0.000893 seconds to synchronously load lazily loaded font '../../../Engine/Content/Editor/Slate/Fonts/FontAwesome.ttf' (139K)
[2021.03.23-16.09.22:371][  0]LogRenderer: Reallocating scene render targets to support 992x536 Format 10 NumSamples 1 (Frame:1).
[2021.03.23-16.09.26:927][  0]LogShaderCompilers: Display: Worker (4/9): shaders left to compile 87
[2021.03.23-16.09.26:927][  0]LogShaderCompilers: Display: Worker (8/9): shaders left to compile 77
[2021.03.23-16.09.26:927][  0]LogShaderCompilers: Display: Worker (7/9): shaders left to compile 68
[2021.03.23-16.09.26:927][  0]LogShaderCompilers: Display: Worker (9/9): shaders left to compile 60
[2021.03.23-16.09.26:927][  0]LogShaderCompilers: Display: Worker (3/9): shaders left to compile 53
[2021.03.23-16.09.26:927][  0]LogShaderCompilers: Display: Worker (1/9): shaders left to compile 47
[2021.03.23-16.09.26:927][  0]LogShaderCompilers: Display: Worker (5/9): shaders left to compile 41
[2021.03.23-16.09.26:940][  0]LogContentBrowser: Native class hierarchy updated for 'HierarchicalLODOutliner' in 0.0007 seconds. Added 0 classes and 0 folders.
[2021.03.23-16.09.26:940][  0]LogLoad: (Engine Initialization) Total time: 18.52 seconds
[2021.03.23-16.09.26:940][  0]LogLoad: (Engine Initialization) Total Blueprint compile time: 0.00 seconds
[2021.03.23-16.09.27:093][  0]LogContentStreaming: Texture pool size now 1000 MB
[2021.03.23-16.09.27:182][  0]LogSlate: Took 0.001515 seconds to synchronously load lazily loaded font '../../../Engine/Content/Slate/Fonts/Roboto-Light.ttf' (167K)
[2021.03.23-16.09.27:235][  1]LogAssetRegistry: Asset discovery search completed in 12.4057 seconds
[2021.03.23-16.09.27:251][  1]LogCollectionManager: Fixed up redirectors for 0 collections in 0.000008 seconds (updated 0 objects)
[2021.03.23-16.09.28:128][ 31]LogSlate: Took 0.000309 seconds to synchronously load lazily loaded font '../../../Engine/Content/Slate/Fonts/Roboto-Light.ttf' (167K)
[2021.03.23-16.09.33:231][284]LogShaderCompilers: Display: Worker (5/9): shaders left to compile 36
[2021.03.23-16.09.33:567][299]LogShaderCompilers: Display: Worker (3/9): shaders left to compile 31
[2021.03.23-16.09.34:138][329]LogShaderCompilers: Display: Worker (1/9): shaders left to compile 27
[2021.03.23-16.09.35:813][423]LogShaderCompilers: Display: Worker (2/9): shaders left to compile 23
[2021.03.23-16.09.36:472][460]LogShaderCompilers: Display: Worker (7/9): shaders left to compile 20
[2021.03.23-16.09.36:716][473]LogShaderCompilers: Display: Worker (8/9): shaders left to compile 17
[2021.03.23-16.09.37:360][508]LogShaderCompilers: Display: Worker (6/9): shaders left to compile 14
[2021.03.23-16.09.38:832][590]LogShaderCompilers: Display: Worker (3/9): shaders left to compile 12
[2021.03.23-16.09.38:898][593]LogShaderCompilers: Display: Worker (4/9): shaders left to compile 10
[2021.03.23-16.09.39:691][633]LogShaderCompilers: Display: Worker (6/9): shaders left to compile 8
[2021.03.23-16.09.39:782][637]LogShaderCompilers: Display: Worker (2/9): shaders left to compile 6
[2021.03.23-16.09.40:125][657]LogShaderCompilers: Display: Worker (1/9): shaders left to compile 5
[2021.03.23-16.09.40:417][673]LogShaderCompilers: Display: Worker (5/9): shaders left to compile 4
[2021.03.23-16.09.40:509][677]LogShaderCompilers: Display: Worker (8/9): shaders left to compile 3
[2021.03.23-16.09.40:858][696]LogShaderCompilers: Display: Worker (7/9): shaders left to compile 2
[2021.03.23-16.09.41:060][707]LogShaderCompilers: Display: Worker (8/9): shaders left to compile 1
[2021.03.23-16.09.43:461][835]LogTemp: Repeating last play command: Standalone Game
[2021.03.23-16.09.43:510][835]LogUObjectHash: Compacting FUObjectHashTables data took   0.96ms
[2021.03.23-16.09.48:752][142]LogPlayLevel: PlayLevel: No blueprints needed recompiling
[2021.03.23-16.09.48:752][142]BlueprintLog: Warning: Blueprint failed to compile:  MyPlayerController
[2021.03.23-16.09.48:756][142]LogCustomDialog: Dialog displayed:
[2021.03.23-16.09.50:406][142]LogSlate: Window 'Blueprint Compilation Errors' being destroyed
[2021.03.23-16.09.50:504][142]LogSlate: Took 0.001240 seconds to synchronously load lazily loaded font '../../../Engine/Content/Slate/Fonts/DroidSansMono.ttf' (77K)
[2021.03.23-16.09.51:757][217]LogSlate: Window 'Message Log' being destroyed
[2021.03.23-16.09.51:767][217]LogSlate: Window 'Message Log' being destroyed
[2021.03.23-16.09.53:377][311]LogTemp: Repeating last play command: Selected Viewport
[2021.03.23-16.09.53:402][311]LogPlayLevel: PlayLevel: No blueprints needed recompiling
[2021.03.23-16.09.53:402][311]BlueprintLog: Warning: Blueprint failed to compile:  MyPlayerController
[2021.03.23-16.09.53:402][311]LogCustomDialog: Dialog displayed:
[2021.03.23-16.09.56:688][311]LogSlate: Window 'Blueprint Compilation Errors' being destroyed
[2021.03.23-16.09.56:701][311]PIE: New page: PIE session: FirstPersonExampleMap (23 Mar 2021, 16:09:56)
[2021.03.23-16.09.56:703][311]LogOnline: OSS: Creating online subsystem instance for: NULL
[2021.03.23-16.09.56:705][311]LogOnline: OSS: TryLoadSubsystemAndSetDefault: Loaded subsystem for module [NULL]
[2021.03.23-16.09.56:707][311]LogPlayLevel: Creating play world package: /Game/FirstPersonBP/Maps/UEDPIE_0_FirstPersonExampleMap
[2021.03.23-16.09.56:738][311]LogPlayLevel: PIE: StaticDuplicateObject took: (0.031257s)
[2021.03.23-16.09.56:740][311]LogAIModule: Creating AISystem for world FirstPersonExampleMap
[2021.03.23-16.09.56:740][311]LogAISub: UAISubsystem::UAISubsystem EnvQueryManager (0000020FFFA0FE00), frame # 1311
[2021.03.23-16.09.56:741][311]LogAISub: UAISubsystem::UAISubsystem AIPerceptionSystem (0000020FB944FD80), frame # 1311
[2021.03.23-16.09.56:741][311]LogPlayLevel: PIE: World Init took: (0.002314s)
[2021.03.23-16.09.56:741][311]LogPlayLevel: PIE: Created PIE world by copying editor world from /Game/FirstPersonBP/Maps/FirstPersonExampleMap.FirstPersonExampleMap to /Game/FirstPersonBP/Maps/UEDPIE_0_FirstPersonExampleMap.FirstPersonExampleMap (0.034236s)
[2021.03.23-16.09.56:764][311]LogUObjectHash: Compacting FUObjectHashTables data took   1.37ms
[2021.03.23-16.09.56:768][311]LogAudioMixer: Display: Audio Mixer Platform Settings:
[2021.03.23-16.09.56:769][311]LogAudioMixer: Display: 	Sample Rate:						  48000
[2021.03.23-16.09.56:769][311]LogAudioMixer: Display: 	Callback Buffer Frame Size Requested: 1024
[2021.03.23-16.09.56:769][311]LogAudioMixer: Display: 	Callback Buffer Frame Size To Use:	  1024
[2021.03.23-16.09.56:769][311]LogAudioMixer: Display: 	Number of buffers to queue:			  2
[2021.03.23-16.09.56:769][311]LogAudioMixer: Display: 	Max Channels (voices):				  32
[2021.03.23-16.09.56:769][311]LogAudioMixer: Display: 	Number of Async Source Workers:		  0
[2021.03.23-16.09.56:769][311]LogAudio: Display: AudioDevice MaxSources: 32
[2021.03.23-16.09.56:770][311]LogAudio: Display: Using built-in audio occlusion.
[2021.03.23-16.09.56:770][311]LogAudioMixer: Display: Initializing audio mixer.
[2021.03.23-16.09.56:782][311]LogAudioMixer: Display: 0: FrontLeft
[2021.03.23-16.09.56:782][311]LogAudioMixer: Display: 1: FrontRight
[2021.03.23-16.09.56:806][311]LogAudioMixer: Display: Using Audio Device VoiceMeeter Input (VB-Audio VoiceMeeter VAIO)
[2021.03.23-16.09.56:806][311]LogAudioMixer: Display: Initializing Sound Submixes...
[2021.03.23-16.09.56:806][311]LogAudioMixer: Display: Creating Master Submix 'MasterSubmixDefault'
[2021.03.23-16.09.56:806][311]LogAudioMixer: Display: Creating Master Submix 'MasterReverbSubmixDefault'
[2021.03.23-16.09.56:807][311]LogAudioMixer: Display: Creating Master Submix 'MasterEQSubmixDefault'
[2021.03.23-16.09.56:832][311]LogInit: FAudioDevice initialized.
[2021.03.23-16.09.56:848][311]LogLoad: Game class is 'FirstPersonGameMode_C'
[2021.03.23-16.09.56:857][311]LogWorld: Bringing World /Game/FirstPersonBP/Maps/UEDPIE_0_FirstPersonExampleMap.FirstPersonExampleMap up for play (max tick rate 60) at 2021.03.23-16.09.56
[2021.03.23-16.09.56:860][311]LogWorld: Bringing up level for play took: 0.005467
[2021.03.23-16.09.56:860][311]LogOnline: OSS: Creating online subsystem instance for: :Context_1
[2021.03.23-16.09.56:885][311]LogContentBrowser: Native class hierarchy updated for 'MovieSceneCapture' in 0.0005 seconds. Added 20 classes and 0 folders.
[2021.03.23-16.09.56:920][311]PIE: Server logged in
[2021.03.23-16.09.56:922][311]PIE: Play in editor total start time 3.521 seconds.
[2021.03.23-16.10.04:678][772]LogBlueprintUserMessages: [FirstPersonCharacter_7] Hit Smthn
[2021.03.23-16.10.05:193][803]LogBlueprintUserMessages: [FirstPersonCharacter_7] Hit Smthn
[2021.03.23-16.10.06:026][853]LogBlueprintUserMessages: [FirstPersonCharacter_7] Hit Smthn
[2021.03.23-16.10.07:127][919]LogBlueprintUserMessages: [FirstPersonCharacter_7] Hit Smthn
[2021.03.23-16.10.07:243][926]LogBlueprintUserMessages: [FirstPersonCharacter_7] Hit Smthn
[2021.03.23-16.10.10:060][ 95]LogBlueprintUserMessages: [FirstPersonCharacter_7] Hit Smthn
[2021.03.23-16.10.10:344][112]LogBlueprintUserMessages: [FirstPersonCharacter_7] Hit Smthn
[2021.03.23-16.10.10:744][136]LogBlueprintUserMessages: [FirstPersonCharacter_7] Hit Smthn
[2021.03.23-16.10.10:894][145]LogBlueprintUserMessages: [FirstPersonCharacter_7] Hit Smthn
[2021.03.23-16.10.12:128][219]LogBlueprintUserMessages: [FirstPersonCharacter_7] Hit Smthn
[2021.03.23-16.10.12:977][270]LogBlueprintUserMessages: [FirstPersonCharacter_7] Hit Smthn
[2021.03.23-16.10.32:246][421]LogSlate: Updating window title bar state: overlay mode, drag disabled, window buttons hidden, title bar hidden
[2021.03.23-16.10.32:246][421]LogWorld: BeginTearingDown for /Game/FirstPersonBP/Maps/UEDPIE_0_FirstPersonExampleMap
[2021.03.23-16.10.32:246][421]LogWorld: UWorld::CleanupWorld for FirstPersonExampleMap, bSessionEnded=true, bCleanupResources=true
[2021.03.23-16.10.32:247][421]LogSlate: InvalidateAllWidgets triggered.  All widgets were invalidated
[2021.03.23-16.10.32:256][421]LogPlayLevel: Display: Shutting down PIE online subsystems
[2021.03.23-16.10.32:258][421]LogSlate: InvalidateAllWidgets triggered.  All widgets were invalidated
[2021.03.23-16.10.32:308][421]LogSlate: Updating window title bar state: overlay mode, drag disabled, window buttons hidden, title bar hidden
[2021.03.23-16.10.32:309][421]LogAISub: UAISubsystem::~UAISubsystem AIPerceptionSystem (0000020FB944FD80), frame # 3421
[2021.03.23-16.10.32:309][421]LogAISub: UAISubsystem::~UAISubsystem EnvQueryManager (0000020FFFA0FE00), frame # 3421
[2021.03.23-16.10.32:310][421]LogUObjectHash: Compacting FUObjectHashTables data took   0.92ms
[2021.03.23-16.10.32:360][422]LogPlayLevel: Display: Destroying online subsystem :Context_1
