Log file open, 04/26/21 04:59:11
LogInit: Display: Running engine for game: MyProject
LogPlatformFile: Not using cached read wrapper
LogTaskGraph: Started task graph with 5 named threads and 35 total threads with 3 sets of task threads.
LogStats: Stats thread started at 0.264901
LogD3D11RHI: Loaded GFSDK_Aftermath_Lib.x64.dll
LogICUInternationalization: ICU TimeZone Detection - Raw Offset: +0:00, Platform Override: ''
LogPluginManager: Mounting plugin Paper2D
LogPluginManager: Mounting plugin AISupport
LogPluginManager: Mounting plugin LightPropagationVolume
LogPluginManager: Mounting plugin CameraShakePreviewer
LogPluginManager: Mounting plugin ActorLayerUtilities
LogPluginManager: Mounting plugin AnimationSharing
LogPluginManager: Mounting plugin CLionSourceCodeAccess
LogPluginManager: Mounting plugin CodeLiteSourceCodeAccess
LogPluginManager: Mounting plugin GitSourceControl
LogPluginManager: Mounting plugin KDevelopSourceCodeAccess
LogPluginManager: Mounting plugin NullSourceCodeAccess
LogPluginManager: Mounting plugin PerforceSourceControl
LogPluginManager: Mounting plugin PlasticSourceControl
LogPluginManager: Mounting plugin RiderSourceCodeAccess
LogPluginManager: Mounting plugin SubversionSourceControl
LogPluginManager: Mounting plugin UObjectPlugin
LogPluginManager: Mounting plugin VisualStudioCodeSourceCodeAccess
LogPluginManager: Mounting plugin VisualStudioSourceCodeAccess
LogPluginManager: Mounting plugin XCodeSourceCodeAccess
LogPluginManager: Mounting plugin AssetManagerEditor
LogPluginManager: Mounting plugin CryptoKeys
LogPluginManager: Mounting plugin CurveEditorTools
LogPluginManager: Mounting plugin DataValidation
LogPluginManager: Mounting plugin EditorScriptingUtilities
LogPluginManager: Mounting plugin FacialAnimation
LogPluginManager: Mounting plugin GameplayTagsEditor
LogPluginManager: Mounting plugin GeometryMode
LogPluginManager: Mounting plugin MacGraphicsSwitching
LogPluginManager: Mounting plugin MaterialAnalyzer
LogPluginManager: Mounting plugin MobileLauncherProfileWizard
LogPluginManager: Mounting plugin PluginBrowser
LogPluginManager: Mounting plugin SpeedTreeImporter
LogPluginManager: Mounting plugin DatasmithContent
LogPluginManager: Mounting plugin VariantManagerContent
LogPluginManager: Mounting plugin AlembicImporter
LogPluginManager: Mounting plugin AutomationUtils
LogPluginManager: Mounting plugin BackChannel
LogPluginManager: Mounting plugin ChaosCloth
LogPluginManager: Mounting plugin ChaosClothEditor
LogPluginManager: Mounting plugin ChaosEditor
LogPluginManager: Mounting plugin ChaosNiagara
LogPluginManager: Mounting plugin ChaosSolverPlugin
LogPluginManager: Mounting plugin CharacterAI
LogPluginManager: Mounting plugin GeometryCache
LogPluginManager: Mounting plugin GeometryCollectionPlugin
LogPluginManager: Mounting plugin GeometryProcessing
LogPluginManager: Mounting plugin PlanarCut
LogPluginManager: Mounting plugin PlatformCrypto
LogPluginManager: Mounting plugin ProxyLODPlugin
LogPluginManager: Mounting plugin SkeletalReduction
LogPluginManager: Mounting plugin Niagara
LogPluginManager: Mounting plugin MagicLeap
LogPluginManager: Mounting plugin MagicLeapLightEstimation
LogPluginManager: Mounting plugin MagicLeapMedia
LogPluginManager: Mounting plugin MagicLeapPassableWorld
LogPluginManager: Mounting plugin MLSDK
LogPluginManager: Mounting plugin AndroidMedia
LogPluginManager: Mounting plugin AvfMedia
LogPluginManager: Mounting plugin ImgMedia
LogPluginManager: Mounting plugin MediaCompositing
LogPluginManager: Mounting plugin MediaPlayerEditor
LogPluginManager: Mounting plugin WebMMedia
LogPluginManager: Mounting plugin WmfMedia
LogPluginManager: Mounting plugin MeshPainting
LogPluginManager: Mounting plugin TcpMessaging
LogPluginManager: Mounting plugin UdpMessaging
LogPluginManager: Mounting plugin ActorSequence
LogPluginManager: Mounting plugin LevelSequenceEditor
LogPluginManager: Mounting plugin MatineeToLevelSequence
LogPluginManager: Mounting plugin MovieRenderPipeline
LogPluginManager: Mounting plugin TemplateSequence
LogPluginManager: Mounting plugin NetcodeUnitTest
LogPluginManager: Mounting plugin NUTUnrealEngine4
LogPluginManager: Mounting plugin OnlineSubsystemGooglePlay
LogPluginManager: Mounting plugin OnlineSubsystemIOS
LogPluginManager: Mounting plugin OnlineSubsystem
LogPluginManager: Mounting plugin OnlineSubsystemNull
LogPluginManager: Mounting plugin OnlineSubsystemUtils
LogPluginManager: Mounting plugin LauncherChunkInstaller
LogPluginManager: Mounting plugin AndroidDeviceProfileSelector
LogPluginManager: Mounting plugin AndroidMoviePlayer
LogPluginManager: Mounting plugin AndroidPermission
LogPluginManager: Mounting plugin AppleImageUtils
LogPluginManager: Mounting plugin AppleMoviePlayer
LogPluginManager: Mounting plugin ArchVisCharacter
LogPluginManager: Mounting plugin AssetTags
LogPluginManager: Mounting plugin AudioCapture
LogPluginManager: Mounting plugin CableComponent
LogPluginManager: Mounting plugin CustomMeshComponent
LogPluginManager: Mounting plugin EditableMesh
LogPluginManager: Mounting plugin ExampleDeviceProfileSelector
LogPluginManager: Mounting plugin GoogleCloudMessaging
LogPluginManager: Mounting plugin GooglePAD
LogPluginManager: Mounting plugin IOSDeviceProfileSelector
LogPluginManager: Mounting plugin LinuxDeviceProfileSelector
LogPluginManager: Mounting plugin LocationServicesBPLibrary
LogPluginManager: Mounting plugin MobilePatchingUtils
LogPluginManager: Mounting plugin OculusVR
LogPluginManager: Mounting plugin PhysXVehicles
LogPluginManager: Mounting plugin PostSplashScreen
LogPluginManager: Mounting plugin ProceduralMeshComponent
LogPluginManager: Mounting plugin RuntimePhysXCooking
LogPluginManager: Mounting plugin SignificanceManager
LogPluginManager: Mounting plugin SoundFields
LogPluginManager: Mounting plugin SteamVR
LogPluginManager: Mounting plugin Synthesis
LogPluginManager: Mounting plugin WebMMoviePlayer
LogPluginManager: Mounting plugin WindowsMoviePlayer
LogPluginManager: Mounting plugin ScreenshotTools
LogInit: Using libcurl 7.55.1-DEV
LogInit:  - built for x86_64-pc-win32
LogInit:  - supports SSL with OpenSSL/1.1.1
LogInit:  - supports HTTP deflate (compression) using libz 1.2.8
LogInit:  - other features:
LogInit:      CURL_VERSION_SSL
LogInit:      CURL_VERSION_LIBZ
LogInit:      CURL_VERSION_IPV6
LogInit:      CURL_VERSION_ASYNCHDNS
LogInit:      CURL_VERSION_LARGEFILE
LogInit:      CURL_VERSION_IDN
LogInit:  CurlRequestOptions (configurable via config and command line):
LogInit:  - bVerifyPeer = true  - Libcurl will verify peer certificate
LogInit:  - bUseHttpProxy = false  - Libcurl will NOT use HTTP proxy
LogInit:  - bDontReuseConnections = false  - Libcurl will reuse connections
LogInit:  - MaxHostConnections = 16  - Libcurl will limit the number of connections to a host
LogInit:  - LocalHostAddr = Default
LogInit:  - BufferSize = 65536
LogOnline: OSS: Creating online subsystem instance for: NULL
LogInit: WinSock: version 1.1 (2.2), MaxSocks=32767, MaxUdp=65467
LogOnline: OSS: TryLoadSubsystemAndSetDefault: Loaded subsystem for module [NULL]
LogInit: Build: ++UE4+Release-4.25-CL-14469661
LogInit: Engine Version: 4.25.4-14469661+++UE4+Release-4.25
LogInit: Compatible Engine Version: 4.25.0-13144385+++UE4+Release-4.25
LogInit: Net CL: 13144385
LogInit: OS: Windows 10 (Release 1909) (), CPU: Intel(R) Core(TM) i7-8750H CPU @ 2.20GHz, GPU: Intel(R) UHD Graphics 630
LogInit: Compiled (64-bit): Oct 11 2020 08:10:49
LogInit: Compiled with Visual C++: 19.24.28315.00
LogInit: Build Configuration: Development
LogInit: Branch Name: ++UE4+Release-4.25
LogInit: Command Line:  -EpicPortal -epicusername=Roggentrolla -epicuserid=5106b0ba80504c519b784d2eb6463af8 -epiclocale=en
LogInit: Base Directory: C:/Program Files/Epic Games/UE_4.25/Engine/Binaries/Win64/
LogInit: Allocator: TBB
LogInit: Installed Engine Build: 1
LogDevObjectVersion: Number of dev versions registered: 26
LogDevObjectVersion:   Dev-Blueprints (B0D832E4-1F89-4F0D-ACCF-7EB736FD4AA2): 10
LogDevObjectVersion:   Dev-Build (E1C64328-A22C-4D53-A36C-8E866417BD8C): 0
LogDevObjectVersion:   Dev-Core (375EC13C-06E4-48FB-B500-84F0262A717E): 4
LogDevObjectVersion:   Dev-Editor (E4B068ED-F494-42E9-A231-DA0B2E46BB41): 38
LogDevObjectVersion:   Dev-Framework (CFFC743F-43B0-4480-9391-14DF171D2073): 37
LogDevObjectVersion:   Dev-Mobile (B02B49B5-BB20-44E9-A304-32B752E40360): 2
LogDevObjectVersion:   Dev-Networking (A4E4105C-59A1-49B5-A7C5-40C4547EDFEE): 0
LogDevObjectVersion:   Dev-Online (39C831C9-5AE6-47DC-9A44-9C173E1C8E7C): 0
LogDevObjectVersion:   Dev-Physics (78F01B33-EBEA-4F98-B9B4-84EACCB95AA2): 4
LogDevObjectVersion:   Dev-Platform (6631380F-2D4D-43E0-8009-CF276956A95A): 0
LogDevObjectVersion:   Dev-Rendering (12F88B9F-8875-4AFC-A67C-D90C383ABD29): 43
LogDevObjectVersion:   Dev-Sequencer (7B5AE74C-D270-4C10-A958-57980B212A5A): 12
LogDevObjectVersion:   Dev-VR (D7296918-1DD6-4BDD-9DE2-64A83CC13884): 3
LogDevObjectVersion:   Dev-LoadTimes (C2A15278-BFE7-4AFE-6C17-90FF531DF755): 1
LogDevObjectVersion:   Private-Geometry (6EACA3D4-40EC-4CC1-B786-8BED09428FC5): 3
LogDevObjectVersion:   Dev-AnimPhys (29E575DD-E0A3-4627-9D10-D276232CDCEA): 17
LogDevObjectVersion:   Dev-Anim (AF43A65D-7FD3-4947-9873-3E8ED9C1BB05): 7
LogDevObjectVersion:   Dev-ReflectionCapture (6B266CEC-1EC7-4B8F-A30B-E4D90942FC07): 1
LogDevObjectVersion:   Dev-Automation (0DF73D61-A23F-47EA-B727-89E90C41499A): 1
LogDevObjectVersion:   FortniteMain (601D1886-AC64-4F84-AA16-D3DE0DEAC7D6): 31
LogDevObjectVersion:   Dev-Enterprise (9DFFBCD6-494F-0158-E221-12823C92A888): 10
LogDevObjectVersion:   Dev-Niagara (F2AED0AC-9AFE-416F-8664-AA7FFA26D6FC): 1
LogDevObjectVersion:   Dev-Destruction (174F1F0B-B4C6-45A5-B13F-2EE8D0FB917D): 10
LogDevObjectVersion:   Dev-Physics-Ext (35F94A83-E258-406C-A318-09F59610247C): 37
LogDevObjectVersion:   Dev-PhysicsMaterial-Chaos (B68FC16E-8B1B-42E2-B453-215C058844FE): 1
LogDevObjectVersion:   Dev-CineCamera (B2E18506-4273-CFC2-A54E-F4BB758BBA07): 1
LogInit: Presizing for max 25165824 objects, including 0 objects not considered by GC, pre-allocating 0 bytes for permanent pool.
LogConfig: Applying CVar settings from Section [/Script/Engine.StreamingSettings] File [C:/Users/44770/Documents/TSE_24_NEWUSETHISONE/uol_TSE_Team24/MyProject/Saved/Config/Windows/Engine.ini]
LogConfig: Setting CVar [[s.MinBulkDataSizeForAsyncLoading:131072]]
LogConfig: Setting CVar [[s.AsyncLoadingThreadEnabled:0]]
LogConfig: Setting CVar [[s.EventDrivenLoaderEnabled:1]]
LogConfig: Setting CVar [[s.WarnIfTimeLimitExceeded:0]]
LogConfig: Setting CVar [[s.TimeLimitExceededMultiplier:1.5]]
LogConfig: Setting CVar [[s.TimeLimitExceededMinTime:0.005]]
LogConfig: Setting CVar [[s.UseBackgroundLevelStreaming:1]]
LogConfig: Setting CVar [[s.PriorityAsyncLoadingExtraTime:15.0]]
LogConfig: Setting CVar [[s.LevelStreamingActorsUpdateTimeLimit:5.0]]
LogConfig: Setting CVar [[s.PriorityLevelStreamingActorsUpdateExtraTime:5.0]]
LogConfig: Setting CVar [[s.LevelStreamingComponentsRegistrationGranularity:10]]
LogConfig: Setting CVar [[s.UnregisterComponentsTimeLimit:1.0]]
LogConfig: Setting CVar [[s.LevelStreamingComponentsUnregistrationGranularity:5]]
LogConfig: Setting CVar [[s.FlushStreamingOnExit:1]]
LogInit: Object subsystem initialized
LogConfig: Setting CVar [[con.DebugEarlyDefault:1]]
LogConfig: Setting CVar [[r.setres:1280x720]]
[2021.04.26-03.59.11:531][  0]LogConfig: Setting CVar [[r.VSync:0]]
[2021.04.26-03.59.11:531][  0]LogConfig: Setting CVar [[r.RHICmdBypass:0]]
[2021.04.26-03.59.11:531][  0]LogConfig: Applying CVar settings from Section [/Script/Engine.RendererSettings] File [C:/Users/44770/Documents/TSE_24_NEWUSETHISONE/uol_TSE_Team24/MyProject/Saved/Config/Windows/Engine.ini]
[2021.04.26-03.59.11:531][  0]LogConfig: Setting CVar [[r.GPUCrashDebugging:0]]
[2021.04.26-03.59.11:531][  0]LogConfig: Applying CVar settings from Section [/Script/Engine.RendererOverrideSettings] File [C:/Users/44770/Documents/TSE_24_NEWUSETHISONE/uol_TSE_Team24/MyProject/Saved/Config/Windows/Engine.ini]
[2021.04.26-03.59.11:531][  0]LogConfig: Applying CVar settings from Section [/Script/Engine.StreamingSettings] File [C:/Users/44770/Documents/TSE_24_NEWUSETHISONE/uol_TSE_Team24/MyProject/Saved/Config/Windows/Engine.ini]
[2021.04.26-03.59.11:531][  0]LogConfig: Setting CVar [[s.MinBulkDataSizeForAsyncLoading:131072]]
[2021.04.26-03.59.11:531][  0]LogConfig: Setting CVar [[s.AsyncLoadingThreadEnabled:0]]
[2021.04.26-03.59.11:531][  0]LogConfig: Setting CVar [[s.EventDrivenLoaderEnabled:1]]
[2021.04.26-03.59.11:531][  0]LogConfig: Setting CVar [[s.WarnIfTimeLimitExceeded:0]]
[2021.04.26-03.59.11:531][  0]LogConfig: Setting CVar [[s.TimeLimitExceededMultiplier:1.5]]
[2021.04.26-03.59.11:531][  0]LogConfig: Setting CVar [[s.TimeLimitExceededMinTime:0.005]]
[2021.04.26-03.59.11:531][  0]LogConfig: Setting CVar [[s.UseBackgroundLevelStreaming:1]]
[2021.04.26-03.59.11:531][  0]LogConfig: Setting CVar [[s.PriorityAsyncLoadingExtraTime:15.0]]
[2021.04.26-03.59.11:531][  0]LogConfig: Setting CVar [[s.LevelStreamingActorsUpdateTimeLimit:5.0]]
[2021.04.26-03.59.11:531][  0]LogConfig: Setting CVar [[s.PriorityLevelStreamingActorsUpdateExtraTime:5.0]]
[2021.04.26-03.59.11:531][  0]LogConfig: Setting CVar [[s.LevelStreamingComponentsRegistrationGranularity:10]]
[2021.04.26-03.59.11:531][  0]LogConfig: Setting CVar [[s.UnregisterComponentsTimeLimit:1.0]]
[2021.04.26-03.59.11:531][  0]LogConfig: Setting CVar [[s.LevelStreamingComponentsUnregistrationGranularity:5]]
[2021.04.26-03.59.11:531][  0]LogConfig: Setting CVar [[s.FlushStreamingOnExit:1]]
[2021.04.26-03.59.11:531][  0]LogConfig: Applying CVar settings from Section [/Script/Engine.GarbageCollectionSettings] File [C:/Users/44770/Documents/TSE_24_NEWUSETHISONE/uol_TSE_Team24/MyProject/Saved/Config/Windows/Engine.ini]
[2021.04.26-03.59.11:531][  0]LogConfig: Setting CVar [[gc.MaxObjectsNotConsideredByGC:1]]
[2021.04.26-03.59.11:531][  0]LogConfig: Setting CVar [[gc.SizeOfPermanentObjectPool:0]]
[2021.04.26-03.59.11:531][  0]LogConfig: Setting CVar [[gc.FlushStreamingOnGC:0]]
[2021.04.26-03.59.11:531][  0]LogConfig: Setting CVar [[gc.NumRetriesBeforeForcingGC:10]]
[2021.04.26-03.59.11:531][  0]LogConfig: Setting CVar [[gc.AllowParallelGC:1]]
[2021.04.26-03.59.11:531][  0]LogConfig: Setting CVar [[gc.TimeBetweenPurgingPendingKillObjects:61.1]]
[2021.04.26-03.59.11:531][  0]LogConfig: Setting CVar [[gc.MaxObjectsInEditor:25165824]]
[2021.04.26-03.59.11:531][  0]LogConfig: Setting CVar [[gc.IncrementalBeginDestroyEnabled:1]]
[2021.04.26-03.59.11:531][  0]LogConfig: Setting CVar [[gc.CreateGCClusters:1]]
[2021.04.26-03.59.11:531][  0]LogConfig: Setting CVar [[gc.MinGCClusterSize:5]]
[2021.04.26-03.59.11:531][  0]LogConfig: Setting CVar [[gc.ActorClusteringEnabled:0]]
[2021.04.26-03.59.11:531][  0]LogConfig: Setting CVar [[gc.BlueprintClusteringEnabled:0]]
[2021.04.26-03.59.11:531][  0]LogConfig: Setting CVar [[gc.UseDisregardForGCOnDedicatedServers:0]]
[2021.04.26-03.59.11:531][  0]LogConfig: Applying CVar settings from Section [/Script/Engine.NetworkSettings] File [C:/Users/44770/Documents/TSE_24_NEWUSETHISONE/uol_TSE_Team24/MyProject/Saved/Config/Windows/Engine.ini]
[2021.04.26-03.59.11:531][  0]LogConfig: Applying CVar settings from Section [/Script/UnrealEd.CookerSettings] File [C:/Users/44770/Documents/TSE_24_NEWUSETHISONE/uol_TSE_Team24/MyProject/Saved/Config/Windows/Engine.ini]
[2021.04.26-03.59.11:535][  0]LogConfig: Applying CVar settings from Section [ViewDistanceQuality@3] File [C:/Users/44770/Documents/TSE_24_NEWUSETHISONE/uol_TSE_Team24/MyProject/Saved/Config/Windows/Scalability.ini]
[2021.04.26-03.59.11:535][  0]LogConfig: Setting CVar [[r.SkeletalMeshLODBias:0]]
[2021.04.26-03.59.11:535][  0]LogConfig: Setting CVar [[r.ViewDistanceScale:1.0]]
[2021.04.26-03.59.11:535][  0]LogConfig: Applying CVar settings from Section [AntiAliasingQuality@3] File [C:/Users/44770/Documents/TSE_24_NEWUSETHISONE/uol_TSE_Team24/MyProject/Saved/Config/Windows/Scalability.ini]
[2021.04.26-03.59.11:535][  0]LogConfig: Setting CVar [[r.PostProcessAAQuality:4]]
[2021.04.26-03.59.11:535][  0]LogConfig: Applying CVar settings from Section [ShadowQuality@3] File [C:/Users/44770/Documents/TSE_24_NEWUSETHISONE/uol_TSE_Team24/MyProject/Saved/Config/Windows/Scalability.ini]
[2021.04.26-03.59.11:535][  0]LogConfig: Setting CVar [[r.LightFunctionQuality:1]]
[2021.04.26-03.59.11:535][  0]LogConfig: Setting CVar [[r.ShadowQuality:5]]
[2021.04.26-03.59.11:536][  0]LogConfig: Setting CVar [[r.Shadow.CSM.MaxCascades:10]]
[2021.04.26-03.59.11:536][  0]LogConfig: Setting CVar [[r.Shadow.MaxResolution:2048]]
[2021.04.26-03.59.11:536][  0]LogConfig: Setting CVar [[r.Shadow.MaxCSMResolution:2048]]
[2021.04.26-03.59.11:536][  0]LogConfig: Setting CVar [[r.Shadow.RadiusThreshold:0.01]]
[2021.04.26-03.59.11:536][  0]LogConfig: Setting CVar [[r.Shadow.DistanceScale:1.0]]
[2021.04.26-03.59.11:536][  0]LogConfig: Setting CVar [[r.Shadow.CSM.TransitionScale:1.0]]
[2021.04.26-03.59.11:536][  0]LogConfig: Setting CVar [[r.Shadow.PreShadowResolutionFactor:1.0]]
[2021.04.26-03.59.11:536][  0]LogConfig: Setting CVar [[r.DistanceFieldShadowing:1]]
[2021.04.26-03.59.11:536][  0]LogConfig: Setting CVar [[r.DistanceFieldAO:1]]
[2021.04.26-03.59.11:536][  0]LogConfig: Setting CVar [[r.AOQuality:2]]
[2021.04.26-03.59.11:536][  0]LogConfig: Setting CVar [[r.VolumetricFog:1]]
[2021.04.26-03.59.11:536][  0]LogConfig: Setting CVar [[r.VolumetricFog.GridPixelSize:8]]
[2021.04.26-03.59.11:536][  0]LogConfig: Setting CVar [[r.VolumetricFog.GridSizeZ:128]]
[2021.04.26-03.59.11:536][  0]LogConfig: Setting CVar [[r.VolumetricFog.HistoryMissSupersampleCount:4]]
[2021.04.26-03.59.11:536][  0]LogConfig: Setting CVar [[r.LightMaxDrawDistanceScale:1]]
[2021.04.26-03.59.11:536][  0]LogConfig: Setting CVar [[r.CapsuleShadows:1]]
[2021.04.26-03.59.11:536][  0]LogConfig: Applying CVar settings from Section [PostProcessQuality@3] File [C:/Users/44770/Documents/TSE_24_NEWUSETHISONE/uol_TSE_Team24/MyProject/Saved/Config/Windows/Scalability.ini]
[2021.04.26-03.59.11:536][  0]LogConfig: Setting CVar [[r.MotionBlurQuality:4]]
[2021.04.26-03.59.11:536][  0]LogConfig: Setting CVar [[r.AmbientOcclusionMipLevelFactor:0.4]]
[2021.04.26-03.59.11:536][  0]LogConfig: Setting CVar [[r.AmbientOcclusionMaxQuality:100]]
[2021.04.26-03.59.11:536][  0]LogConfig: Setting CVar [[r.AmbientOcclusionLevels:-1]]
[2021.04.26-03.59.11:536][  0]LogConfig: Setting CVar [[r.AmbientOcclusionRadiusScale:1.0]]
[2021.04.26-03.59.11:536][  0]LogConfig: Setting CVar [[r.DepthOfFieldQuality:2]]
[2021.04.26-03.59.11:536][  0]LogConfig: Setting CVar [[r.RenderTargetPoolMin:400]]
[2021.04.26-03.59.11:536][  0]LogConfig: Setting CVar [[r.LensFlareQuality:2]]
[2021.04.26-03.59.11:536][  0]LogConfig: Setting CVar [[r.SceneColorFringeQuality:1]]
[2021.04.26-03.59.11:536][  0]LogConfig: Setting CVar [[r.EyeAdaptationQuality:2]]
[2021.04.26-03.59.11:536][  0]LogConfig: Setting CVar [[r.BloomQuality:5]]
[2021.04.26-03.59.11:536][  0]LogConfig: Setting CVar [[r.FastBlurThreshold:100]]
[2021.04.26-03.59.11:536][  0]LogConfig: Setting CVar [[r.Upscale.Quality:3]]
[2021.04.26-03.59.11:536][  0]LogConfig: Setting CVar [[r.Tonemapper.GrainQuantization:1]]
[2021.04.26-03.59.11:536][  0]LogConfig: Setting CVar [[r.LightShaftQuality:1]]
[2021.04.26-03.59.11:536][  0]LogConfig: Setting CVar [[r.Filter.SizeScale:1]]
[2021.04.26-03.59.11:536][  0]LogConfig: Setting CVar [[r.Tonemapper.Quality:5]]
[2021.04.26-03.59.11:536][  0]LogConfig: Setting CVar [[r.DOF.Gather.AccumulatorQuality:1        ; higher gathering accumulator quality]]
[2021.04.26-03.59.11:536][  0]LogConfig: Setting CVar [[r.DOF.Gather.PostfilterMethod:1          ; Median3x3 postfilering method]]
[2021.04.26-03.59.11:536][  0]LogConfig: Setting CVar [[r.DOF.Gather.EnableBokehSettings:0       ; no bokeh simulation when gathering]]
[2021.04.26-03.59.11:536][  0]LogConfig: Setting CVar [[r.DOF.Gather.RingCount:4                 ; medium number of samples when gathering]]
[2021.04.26-03.59.11:536][  0]LogConfig: Setting CVar [[r.DOF.Scatter.ForegroundCompositing:1    ; additive foreground scattering]]
[2021.04.26-03.59.11:536][  0]LogConfig: Setting CVar [[r.DOF.Scatter.BackgroundCompositing:2    ; additive background scattering]]
[2021.04.26-03.59.11:536][  0]LogConfig: Setting CVar [[r.DOF.Scatter.EnableBokehSettings:1      ; bokeh simulation when scattering]]
[2021.04.26-03.59.11:536][  0]LogConfig: Setting CVar [[r.DOF.Scatter.MaxSpriteRatio:0.1         ; only a maximum of 10% of scattered bokeh]]
[2021.04.26-03.59.11:536][  0]LogConfig: Setting CVar [[r.DOF.Recombine.Quality:1                ; cheap slight out of focus]]
[2021.04.26-03.59.11:536][  0]LogConfig: Setting CVar [[r.DOF.Recombine.EnableBokehSettings:0    ; no bokeh simulation on slight out of focus]]
[2021.04.26-03.59.11:536][  0]LogConfig: Setting CVar [[r.DOF.TemporalAAQuality:1                ; more stable temporal accumulation]]
[2021.04.26-03.59.11:536][  0]LogConfig: Setting CVar [[r.DOF.Kernel.MaxForegroundRadius:0.025]]
[2021.04.26-03.59.11:536][  0]LogConfig: Setting CVar [[r.DOF.Kernel.MaxBackgroundRadius:0.025]]
[2021.04.26-03.59.11:537][  0]LogConfig: Applying CVar settings from Section [TextureQuality@3] File [C:/Users/44770/Documents/TSE_24_NEWUSETHISONE/uol_TSE_Team24/MyProject/Saved/Config/Windows/Scalability.ini]
[2021.04.26-03.59.11:537][  0]LogConfig: Setting CVar [[r.Streaming.MipBias:0]]
[2021.04.26-03.59.11:537][  0]LogConfig: Setting CVar [[r.Streaming.AmortizeCPUToGPUCopy:0]]
[2021.04.26-03.59.11:537][  0]LogConfig: Setting CVar [[r.Streaming.MaxNumTexturesToStreamPerFrame:0]]
[2021.04.26-03.59.11:537][  0]LogConfig: Setting CVar [[r.Streaming.Boost:1]]
[2021.04.26-03.59.11:537][  0]LogConfig: Setting CVar [[r.MaxAnisotropy:8]]
[2021.04.26-03.59.11:537][  0]LogConfig: Setting CVar [[r.VT.MaxAnisotropy:8]]
[2021.04.26-03.59.11:537][  0]LogConfig: Setting CVar [[r.Streaming.LimitPoolSizeToVRAM:0]]
[2021.04.26-03.59.11:537][  0]LogConfig: Setting CVar [[r.Streaming.PoolSize:1000]]
[2021.04.26-03.59.11:537][  0]LogConfig: Setting CVar [[r.Streaming.MaxEffectiveScreenSize:0]]
[2021.04.26-03.59.11:537][  0]LogConfig: Applying CVar settings from Section [EffectsQuality@3] File [C:/Users/44770/Documents/TSE_24_NEWUSETHISONE/uol_TSE_Team24/MyProject/Saved/Config/Windows/Scalability.ini]
[2021.04.26-03.59.11:537][  0]LogConfig: Setting CVar [[r.TranslucencyLightingVolumeDim:64]]
[2021.04.26-03.59.11:537][  0]LogConfig: Setting CVar [[r.RefractionQuality:2]]
[2021.04.26-03.59.11:537][  0]LogConfig: Setting CVar [[r.SSR.Quality:3]]
[2021.04.26-03.59.11:537][  0]LogConfig: Setting CVar [[r.SSR.HalfResSceneColor:0]]
[2021.04.26-03.59.11:537][  0]LogConfig: Setting CVar [[r.SceneColorFormat:4]]
[2021.04.26-03.59.11:537][  0]LogConfig: Setting CVar [[r.DetailMode:2]]
[2021.04.26-03.59.11:537][  0]LogConfig: Setting CVar [[r.TranslucencyVolumeBlur:1]]
[2021.04.26-03.59.11:537][  0]LogConfig: Setting CVar [[r.MaterialQualityLevel:1 ; High quality]]
[2021.04.26-03.59.11:537][  0]LogConfig: Setting CVar [[r.SSS.Scale:1]]
[2021.04.26-03.59.11:537][  0]LogConfig: Setting CVar [[r.SSS.SampleSet:2]]
[2021.04.26-03.59.11:537][  0]LogConfig: Setting CVar [[r.SSS.Quality:1]]
[2021.04.26-03.59.11:537][  0]LogConfig: Setting CVar [[r.SSS.HalfRes:0]]
[2021.04.26-03.59.11:537][  0]LogConfig: Setting CVar [[r.SSGI.Quality:3]]
[2021.04.26-03.59.11:537][  0]LogConfig: Setting CVar [[r.EmitterSpawnRateScale:1.0]]
[2021.04.26-03.59.11:537][  0]LogConfig: Setting CVar [[r.ParticleLightQuality:2]]
[2021.04.26-03.59.11:537][  0]LogConfig: Setting CVar [[r.SkyAtmosphere.AerialPerspectiveLUT.FastApplyOnOpaque:1 ; Always have FastSkyLUT 1 in this case to avoid wrong sky]]
[2021.04.26-03.59.11:537][  0]LogConfig: Setting CVar [[r.SkyAtmosphere.AerialPerspectiveLUT.SampleCountPerSlice:1]]
[2021.04.26-03.59.11:537][  0]LogConfig: Setting CVar [[r.SkyAtmosphere.AerialPerspectiveLUT.DepthResolution:16.0]]
[2021.04.26-03.59.11:537][  0]LogConfig: Setting CVar [[r.SkyAtmosphere.FastSkyLUT:1]]
[2021.04.26-03.59.11:537][  0]LogConfig: Setting CVar [[r.SkyAtmosphere.FastSkyLUT.SampleCountMin:4.0]]
[2021.04.26-03.59.11:537][  0]LogConfig: Setting CVar [[r.SkyAtmosphere.FastSkyLUT.SampleCountMax:32.0]]
[2021.04.26-03.59.11:537][  0]LogConfig: Setting CVar [[r.SkyAtmosphere.SampleCountMin:4.0]]
[2021.04.26-03.59.11:537][  0]LogConfig: Setting CVar [[r.SkyAtmosphere.SampleCountMax:32.0]]
[2021.04.26-03.59.11:537][  0]LogConfig: Setting CVar [[r.SkyAtmosphere.TransmittanceLUT.UseSmallFormat:0]]
[2021.04.26-03.59.11:537][  0]LogConfig: Setting CVar [[r.SkyAtmosphere.TransmittanceLUT.SampleCount:10.0]]
[2021.04.26-03.59.11:537][  0]LogConfig: Setting CVar [[r.SkyAtmosphere.MultiScatteringLUT.SampleCount:15.0]]
[2021.04.26-03.59.11:537][  0]LogConfig: Applying CVar settings from Section [FoliageQuality@3] File [C:/Users/44770/Documents/TSE_24_NEWUSETHISONE/uol_TSE_Team24/MyProject/Saved/Config/Windows/Scalability.ini]
[2021.04.26-03.59.11:537][  0]LogConfig: Setting CVar [[foliage.DensityScale:1.0]]
[2021.04.26-03.59.11:537][  0]LogConfig: Setting CVar [[grass.DensityScale:1.0]]
[2021.04.26-03.59.11:537][  0]LogConfig: Applying CVar settings from Section [ShadingQuality@3] File [C:/Users/44770/Documents/TSE_24_NEWUSETHISONE/uol_TSE_Team24/MyProject/Saved/Config/Windows/Scalability.ini]
[2021.04.26-03.59.11:537][  0]LogConfig: Setting CVar [[r.HairStrands.SkyLighting.SampleCount:16]]
[2021.04.26-03.59.11:537][  0]LogConfig: Setting CVar [[r.HairStrands.SkyLighting.JitterIntegration:0]]
[2021.04.26-03.59.11:538][  0]LogConfig: Setting CVar [[r.HairStrands.SkyAO.SampleCount:16]]
[2021.04.26-03.59.11:538][  0]LogConfig: Setting CVar [[r.HairStrands.DeepShadow.SuperSampling:0]]
[2021.04.26-03.59.11:538][  0]LogConfig: Setting CVar [[r.HairStrands.VisibilityPPLL:0]]
[2021.04.26-03.59.11:538][  0]LogConfig: Setting CVar [[r.HairStrands.RasterizationScale:0.5]]
[2021.04.26-03.59.11:538][  0]LogConfig: Setting CVar [[r.HairStrands.VelocityRasterizationScale:1]]
[2021.04.26-03.59.11:538][  0]LogInit: Selected Device Profile: [Windows]
[2021.04.26-03.59.11:538][  0]LogInit: Applying CVar settings loaded from the selected device profile: [Windows]
[2021.04.26-03.59.11:538][  0]LogHAL: Display: Platform has ~ 12 GB [12736229376 / 17179869184 / 12], which maps to Larger [LargestMinGB=32, LargerMinGB=12, DefaultMinGB=8, SmallerMinGB=6, SmallestMinGB=0)
[2021.04.26-03.59.11:538][  0]LogInit: Going up to parent DeviceProfile []
[2021.04.26-03.59.11:538][  0]LogConfig: Applying CVar settings from Section [ViewDistanceQuality@3] File [C:/Users/44770/Documents/TSE_24_NEWUSETHISONE/uol_TSE_Team24/MyProject/Saved/Config/Windows/Scalability.ini]
[2021.04.26-03.59.11:538][  0]LogConfig: Setting CVar [[r.SkeletalMeshLODBias:0]]
[2021.04.26-03.59.11:538][  0]LogConfig: Setting CVar [[r.ViewDistanceScale:1.0]]
[2021.04.26-03.59.11:538][  0]LogConfig: Applying CVar settings from Section [AntiAliasingQuality@3] File [C:/Users/44770/Documents/TSE_24_NEWUSETHISONE/uol_TSE_Team24/MyProject/Saved/Config/Windows/Scalability.ini]
[2021.04.26-03.59.11:538][  0]LogConfig: Setting CVar [[r.PostProcessAAQuality:4]]
[2021.04.26-03.59.11:538][  0]LogConfig: Applying CVar settings from Section [ShadowQuality@3] File [C:/Users/44770/Documents/TSE_24_NEWUSETHISONE/uol_TSE_Team24/MyProject/Saved/Config/Windows/Scalability.ini]
[2021.04.26-03.59.11:538][  0]LogConfig: Setting CVar [[r.LightFunctionQuality:1]]
[2021.04.26-03.59.11:538][  0]LogConfig: Setting CVar [[r.ShadowQuality:5]]
[2021.04.26-03.59.11:538][  0]LogConfig: Setting CVar [[r.Shadow.CSM.MaxCascades:10]]
[2021.04.26-03.59.11:538][  0]LogConfig: Setting CVar [[r.Shadow.MaxResolution:2048]]
[2021.04.26-03.59.11:538][  0]LogConfig: Setting CVar [[r.Shadow.MaxCSMResolution:2048]]
[2021.04.26-03.59.11:538][  0]LogConfig: Setting CVar [[r.Shadow.RadiusThreshold:0.01]]
[2021.04.26-03.59.11:538][  0]LogConfig: Setting CVar [[r.Shadow.DistanceScale:1.0]]
[2021.04.26-03.59.11:538][  0]LogConfig: Setting CVar [[r.Shadow.CSM.TransitionScale:1.0]]
[2021.04.26-03.59.11:538][  0]LogConfig: Setting CVar [[r.Shadow.PreShadowResolutionFactor:1.0]]
[2021.04.26-03.59.11:538][  0]LogConfig: Setting CVar [[r.DistanceFieldShadowing:1]]
[2021.04.26-03.59.11:538][  0]LogConfig: Setting CVar [[r.DistanceFieldAO:1]]
[2021.04.26-03.59.11:538][  0]LogConfig: Setting CVar [[r.AOQuality:2]]
[2021.04.26-03.59.11:538][  0]LogConfig: Setting CVar [[r.VolumetricFog:1]]
[2021.04.26-03.59.11:538][  0]LogConfig: Setting CVar [[r.VolumetricFog.GridPixelSize:8]]
[2021.04.26-03.59.11:538][  0]LogConfig: Setting CVar [[r.VolumetricFog.GridSizeZ:128]]
[2021.04.26-03.59.11:538][  0]LogConfig: Setting CVar [[r.VolumetricFog.HistoryMissSupersampleCount:4]]
[2021.04.26-03.59.11:538][  0]LogConfig: Setting CVar [[r.LightMaxDrawDistanceScale:1]]
[2021.04.26-03.59.11:538][  0]LogConfig: Setting CVar [[r.CapsuleShadows:1]]
[2021.04.26-03.59.11:538][  0]LogConfig: Applying CVar settings from Section [PostProcessQuality@3] File [C:/Users/44770/Documents/TSE_24_NEWUSETHISONE/uol_TSE_Team24/MyProject/Saved/Config/Windows/Scalability.ini]
[2021.04.26-03.59.11:538][  0]LogConfig: Setting CVar [[r.MotionBlurQuality:4]]
[2021.04.26-03.59.11:538][  0]LogConfig: Setting CVar [[r.AmbientOcclusionMipLevelFactor:0.4]]
[2021.04.26-03.59.11:538][  0]LogConfig: Setting CVar [[r.AmbientOcclusionMaxQuality:100]]
[2021.04.26-03.59.11:538][  0]LogConfig: Setting CVar [[r.AmbientOcclusionLevels:-1]]
[2021.04.26-03.59.11:539][  0]LogConfig: Setting CVar [[r.AmbientOcclusionRadiusScale:1.0]]
[2021.04.26-03.59.11:539][  0]LogConfig: Setting CVar [[r.DepthOfFieldQuality:2]]
[2021.04.26-03.59.11:539][  0]LogConfig: Setting CVar [[r.RenderTargetPoolMin:400]]
[2021.04.26-03.59.11:539][  0]LogConfig: Setting CVar [[r.LensFlareQuality:2]]
[2021.04.26-03.59.11:539][  0]LogConfig: Setting CVar [[r.SceneColorFringeQuality:1]]
[2021.04.26-03.59.11:539][  0]LogConfig: Setting CVar [[r.EyeAdaptationQuality:2]]
[2021.04.26-03.59.11:539][  0]LogConfig: Setting CVar [[r.BloomQuality:5]]
[2021.04.26-03.59.11:539][  0]LogConfig: Setting CVar [[r.FastBlurThreshold:100]]
[2021.04.26-03.59.11:539][  0]LogConfig: Setting CVar [[r.Upscale.Quality:3]]
[2021.04.26-03.59.11:539][  0]LogConfig: Setting CVar [[r.Tonemapper.GrainQuantization:1]]
[2021.04.26-03.59.11:539][  0]LogConfig: Setting CVar [[r.LightShaftQuality:1]]
[2021.04.26-03.59.11:539][  0]LogConfig: Setting CVar [[r.Filter.SizeScale:1]]
[2021.04.26-03.59.11:539][  0]LogConfig: Setting CVar [[r.Tonemapper.Quality:5]]
[2021.04.26-03.59.11:539][  0]LogConfig: Setting CVar [[r.DOF.Gather.AccumulatorQuality:1        ; higher gathering accumulator quality]]
[2021.04.26-03.59.11:539][  0]LogConfig: Setting CVar [[r.DOF.Gather.PostfilterMethod:1          ; Median3x3 postfilering method]]
[2021.04.26-03.59.11:539][  0]LogConfig: Setting CVar [[r.DOF.Gather.EnableBokehSettings:0       ; no bokeh simulation when gathering]]
[2021.04.26-03.59.11:539][  0]LogConfig: Setting CVar [[r.DOF.Gather.RingCount:4                 ; medium number of samples when gathering]]
[2021.04.26-03.59.11:539][  0]LogConfig: Setting CVar [[r.DOF.Scatter.ForegroundCompositing:1    ; additive foreground scattering]]
[2021.04.26-03.59.11:539][  0]LogConfig: Setting CVar [[r.DOF.Scatter.BackgroundCompositing:2    ; additive background scattering]]
[2021.04.26-03.59.11:539][  0]LogConfig: Setting CVar [[r.DOF.Scatter.EnableBokehSettings:1      ; bokeh simulation when scattering]]
[2021.04.26-03.59.11:539][  0]LogConfig: Setting CVar [[r.DOF.Scatter.MaxSpriteRatio:0.1         ; only a maximum of 10% of scattered bokeh]]
[2021.04.26-03.59.11:539][  0]LogConfig: Setting CVar [[r.DOF.Recombine.Quality:1                ; cheap slight out of focus]]
[2021.04.26-03.59.11:539][  0]LogConfig: Setting CVar [[r.DOF.Recombine.EnableBokehSettings:0    ; no bokeh simulation on slight out of focus]]
[2021.04.26-03.59.11:539][  0]LogConfig: Setting CVar [[r.DOF.TemporalAAQuality:1                ; more stable temporal accumulation]]
[2021.04.26-03.59.11:539][  0]LogConfig: Setting CVar [[r.DOF.Kernel.MaxForegroundRadius:0.025]]
[2021.04.26-03.59.11:539][  0]LogConfig: Setting CVar [[r.DOF.Kernel.MaxBackgroundRadius:0.025]]
[2021.04.26-03.59.11:539][  0]LogConfig: Applying CVar settings from Section [TextureQuality@3] File [C:/Users/44770/Documents/TSE_24_NEWUSETHISONE/uol_TSE_Team24/MyProject/Saved/Config/Windows/Scalability.ini]
[2021.04.26-03.59.11:539][  0]LogConfig: Setting CVar [[r.Streaming.MipBias:0]]
[2021.04.26-03.59.11:539][  0]LogConfig: Setting CVar [[r.Streaming.AmortizeCPUToGPUCopy:0]]
[2021.04.26-03.59.11:539][  0]LogConfig: Setting CVar [[r.Streaming.MaxNumTexturesToStreamPerFrame:0]]
[2021.04.26-03.59.11:539][  0]LogConfig: Setting CVar [[r.Streaming.Boost:1]]
[2021.04.26-03.59.11:539][  0]LogConfig: Setting CVar [[r.MaxAnisotropy:8]]
[2021.04.26-03.59.11:539][  0]LogConfig: Setting CVar [[r.VT.MaxAnisotropy:8]]
[2021.04.26-03.59.11:539][  0]LogConfig: Setting CVar [[r.Streaming.LimitPoolSizeToVRAM:0]]
[2021.04.26-03.59.11:539][  0]LogConfig: Setting CVar [[r.Streaming.PoolSize:1000]]
[2021.04.26-03.59.11:539][  0]LogConfig: Setting CVar [[r.Streaming.MaxEffectiveScreenSize:0]]
[2021.04.26-03.59.11:539][  0]LogConfig: Applying CVar settings from Section [EffectsQuality@3] File [C:/Users/44770/Documents/TSE_24_NEWUSETHISONE/uol_TSE_Team24/MyProject/Saved/Config/Windows/Scalability.ini]
[2021.04.26-03.59.11:539][  0]LogConfig: Setting CVar [[r.TranslucencyLightingVolumeDim:64]]
[2021.04.26-03.59.11:539][  0]LogConfig: Setting CVar [[r.RefractionQuality:2]]
[2021.04.26-03.59.11:539][  0]LogConfig: Setting CVar [[r.SSR.Quality:3]]
[2021.04.26-03.59.11:539][  0]LogConfig: Setting CVar [[r.SSR.HalfResSceneColor:0]]
[2021.04.26-03.59.11:539][  0]LogConfig: Setting CVar [[r.SceneColorFormat:4]]
[2021.04.26-03.59.11:539][  0]LogConfig: Setting CVar [[r.DetailMode:2]]
[2021.04.26-03.59.11:539][  0]LogConfig: Setting CVar [[r.TranslucencyVolumeBlur:1]]
[2021.04.26-03.59.11:539][  0]LogConfig: Setting CVar [[r.MaterialQualityLevel:1 ; High quality]]
[2021.04.26-03.59.11:539][  0]LogConfig: Setting CVar [[r.SSS.Scale:1]]
[2021.04.26-03.59.11:540][  0]LogConfig: Setting CVar [[r.SSS.SampleSet:2]]
[2021.04.26-03.59.11:540][  0]LogConfig: Setting CVar [[r.SSS.Quality:1]]
[2021.04.26-03.59.11:540][  0]LogConfig: Setting CVar [[r.SSS.HalfRes:0]]
[2021.04.26-03.59.11:540][  0]LogConfig: Setting CVar [[r.SSGI.Quality:3]]
[2021.04.26-03.59.11:540][  0]LogConfig: Setting CVar [[r.EmitterSpawnRateScale:1.0]]
[2021.04.26-03.59.11:540][  0]LogConfig: Setting CVar [[r.ParticleLightQuality:2]]
[2021.04.26-03.59.11:540][  0]LogConfig: Setting CVar [[r.SkyAtmosphere.AerialPerspectiveLUT.FastApplyOnOpaque:1 ; Always have FastSkyLUT 1 in this case to avoid wrong sky]]
[2021.04.26-03.59.11:540][  0]LogConfig: Setting CVar [[r.SkyAtmosphere.AerialPerspectiveLUT.SampleCountPerSlice:1]]
[2021.04.26-03.59.11:540][  0]LogConfig: Setting CVar [[r.SkyAtmosphere.AerialPerspectiveLUT.DepthResolution:16.0]]
[2021.04.26-03.59.11:540][  0]LogConfig: Setting CVar [[r.SkyAtmosphere.FastSkyLUT:1]]
[2021.04.26-03.59.11:540][  0]LogConfig: Setting CVar [[r.SkyAtmosphere.FastSkyLUT.SampleCountMin:4.0]]
[2021.04.26-03.59.11:540][  0]LogConfig: Setting CVar [[r.SkyAtmosphere.FastSkyLUT.SampleCountMax:32.0]]
[2021.04.26-03.59.11:540][  0]LogConfig: Setting CVar [[r.SkyAtmosphere.SampleCountMin:4.0]]
[2021.04.26-03.59.11:540][  0]LogConfig: Setting CVar [[r.SkyAtmosphere.SampleCountMax:32.0]]
[2021.04.26-03.59.11:540][  0]LogConfig: Setting CVar [[r.SkyAtmosphere.TransmittanceLUT.UseSmallFormat:0]]
[2021.04.26-03.59.11:540][  0]LogConfig: Setting CVar [[r.SkyAtmosphere.TransmittanceLUT.SampleCount:10.0]]
[2021.04.26-03.59.11:540][  0]LogConfig: Setting CVar [[r.SkyAtmosphere.MultiScatteringLUT.SampleCount:15.0]]
[2021.04.26-03.59.11:540][  0]LogConfig: Applying CVar settings from Section [FoliageQuality@3] File [C:/Users/44770/Documents/TSE_24_NEWUSETHISONE/uol_TSE_Team24/MyProject/Saved/Config/Windows/Scalability.ini]
[2021.04.26-03.59.11:540][  0]LogConfig: Setting CVar [[foliage.DensityScale:1.0]]
[2021.04.26-03.59.11:540][  0]LogConfig: Setting CVar [[grass.DensityScale:1.0]]
[2021.04.26-03.59.11:540][  0]LogConfig: Applying CVar settings from Section [ShadingQuality@3] File [C:/Users/44770/Documents/TSE_24_NEWUSETHISONE/uol_TSE_Team24/MyProject/Saved/Config/Windows/Scalability.ini]
[2021.04.26-03.59.11:540][  0]LogConfig: Setting CVar [[r.HairStrands.SkyLighting.SampleCount:16]]
[2021.04.26-03.59.11:540][  0]LogConfig: Setting CVar [[r.HairStrands.SkyLighting.JitterIntegration:0]]
[2021.04.26-03.59.11:540][  0]LogConfig: Setting CVar [[r.HairStrands.SkyAO.SampleCount:16]]
[2021.04.26-03.59.11:540][  0]LogConfig: Setting CVar [[r.HairStrands.DeepShadow.SuperSampling:0]]
[2021.04.26-03.59.11:540][  0]LogConfig: Setting CVar [[r.HairStrands.VisibilityPPLL:0]]
[2021.04.26-03.59.11:540][  0]LogConfig: Setting CVar [[r.HairStrands.RasterizationScale:0.5]]
[2021.04.26-03.59.11:540][  0]LogConfig: Setting CVar [[r.HairStrands.VelocityRasterizationScale:1]]
[2021.04.26-03.59.11:540][  0]LogConfig: Applying CVar settings from Section [Startup] File [../../../Engine/Config/ConsoleVariables.ini]
[2021.04.26-03.59.11:540][  0]LogConfig: Setting CVar [[net.UseAdaptiveNetUpdateFrequency:0]]
[2021.04.26-03.59.11:540][  0]LogConfig: Setting CVar [[p.chaos.AllowCreatePhysxBodies:1]]
[2021.04.26-03.59.11:541][  0]LogConfig: Setting CVar [[fx.SkipVectorVMBackendOptimizations:1]]
[2021.04.26-03.59.11:541][  0]LogConfig: Applying CVar settings from Section [ConsoleVariables] File [C:/Users/44770/Documents/TSE_24_NEWUSETHISONE/uol_TSE_Team24/MyProject/Saved/Config/Windows/Engine.ini]
[2021.04.26-03.59.11:541][  0]LogInit: Computer: DESKTOP-IKLF26Q
[2021.04.26-03.59.11:541][  0]LogInit: User: 44770
[2021.04.26-03.59.11:541][  0]LogInit: CPU Page size=4096, Cores=6
[2021.04.26-03.59.11:541][  0]LogInit: High frequency timer resolution =10.000000 MHz
[2021.04.26-03.59.11:541][  0]LogMemory: Memory total: Physical=11.9GB (12GB approx)
[2021.04.26-03.59.11:541][  0]LogMemory: Platform Memory Stats for Windows
[2021.04.26-03.59.11:541][  0]LogMemory: Process Physical Memory: 115.89 MB used, 115.89 MB peak
[2021.04.26-03.59.11:541][  0]LogMemory: Process Virtual Memory: 113.69 MB used, 113.69 MB peak
[2021.04.26-03.59.11:541][  0]LogMemory: Physical Memory: 7400.64 MB used,  4745.58 MB free, 12146.21 MB total
[2021.04.26-03.59.11:541][  0]LogMemory: Virtual Memory: 5181.18 MB used,  134212544.00 MB free, 134217728.00 MB total
[2021.04.26-03.59.11:549][  0]LogWindows: WindowsPlatformFeatures enabled
[2021.04.26-03.59.11:626][  0]LogInit: Physics initialised using underlying interface: PhysX
[2021.04.26-03.59.11:627][  0]LogInit: Using OS detected language (en-GB).
[2021.04.26-03.59.11:627][  0]LogInit: Using OS detected locale (en-GB).
[2021.04.26-03.59.11:633][  0]LogTextLocalizationManager: No specific localization for 'en-GB' exists, so the 'en' localization will be used.
[2021.04.26-03.59.11:911][  0]LogInit: Setting process to per monitor DPI aware
[2021.04.26-03.59.11:968][  0]LogSlate: New Slate User Created.  User Index 0, Is Virtual User: 0
[2021.04.26-03.59.11:968][  0]LogSlate: Slate User Registered.  User Index 0, Is Virtual User: 0
[2021.04.26-03.59.12:216][  0]LogHMD: Failed to initialize OpenVR with code 110
[2021.04.26-03.59.12:216][  0]LogD3D11RHI: D3D11 min allowed feature level: 11_0
[2021.04.26-03.59.12:216][  0]LogD3D11RHI: D3D11 max allowed feature level: 11_0
[2021.04.26-03.59.12:216][  0]LogD3D11RHI: D3D11 adapters:
[2021.04.26-03.59.12:341][  0]LogD3D11RHI:    0. 'NVIDIA GeForce GTX 1060' (Feature Level 11_0)
[2021.04.26-03.59.12:341][  0]LogD3D11RHI:       6052/0/6073 MB DedicatedVideo/DedicatedSystem/SharedSystem, Outputs:1, VendorId:0x10de
[2021.04.26-03.59.12:371][  0]LogD3D11RHI:    1. 'Intel(R) UHD Graphics 630' (Feature Level 11_0)
[2021.04.26-03.59.12:371][  0]LogD3D11RHI:       128/0/6073 MB DedicatedVideo/DedicatedSystem/SharedSystem, Outputs:0, VendorId:0x8086
[2021.04.26-03.59.12:374][  0]LogD3D11RHI:    2. 'Microsoft Basic Render Driver' (Feature Level 11_0)
[2021.04.26-03.59.12:374][  0]LogD3D11RHI:       0/0/6073 MB DedicatedVideo/DedicatedSystem/SharedSystem, Outputs:0, VendorId:0x1414
[2021.04.26-03.59.12:374][  0]LogD3D11RHI: Chosen D3D11 Adapter: 0
[2021.04.26-03.59.12:390][  0]LogD3D11RHI: Creating new Direct3DDevice
[2021.04.26-03.59.12:390][  0]LogD3D11RHI:     GPU DeviceId: 0x1c20 (for the marketing name, search the web for "GPU Device Id")
[2021.04.26-03.59.12:390][  0]LogWindows: EnumDisplayDevices:
[2021.04.26-03.59.12:390][  0]LogWindows:    0. 'Intel(R) UHD Graphics 630' (P:1 D:1)
[2021.04.26-03.59.12:391][  0]LogWindows:    1. 'Intel(R) UHD Graphics 630' (P:0 D:0)
[2021.04.26-03.59.12:391][  0]LogWindows:    2. 'Intel(R) UHD Graphics 630' (P:0 D:0)
[2021.04.26-03.59.12:392][  0]LogWindows:    3. 'NVIDIA GeForce GTX 1060' (P:0 D:0)
[2021.04.26-03.59.12:392][  0]LogWindows:    4. 'NVIDIA GeForce GTX 1060' (P:0 D:0)
[2021.04.26-03.59.12:392][  0]LogWindows:    5. 'NVIDIA GeForce GTX 1060' (P:0 D:0)
[2021.04.26-03.59.12:393][  0]LogWindows:    6. 'NVIDIA GeForce GTX 1060' (P:0 D:0)
[2021.04.26-03.59.12:393][  0]LogWindows: DebugString: PrimaryIsNotTheChoosenAdapter PrimaryIsNotTheChoosenAdapter PrimaryIsNotTheChoosenAdapter FoundDriverCount:4 
[2021.04.26-03.59.12:393][  0]LogD3D11RHI:     Adapter Name: NVIDIA GeForce GTX 1060
[2021.04.26-03.59.12:393][  0]LogD3D11RHI:   Driver Version: 460.79 (internal:27.21.14.6079, unified:460.79)
[2021.04.26-03.59.12:393][  0]LogD3D11RHI:      Driver Date: 12-3-2020
[2021.04.26-03.59.12:393][  0]LogRHI: Texture pool is 4236 MB (70% of 6052 MB)
[2021.04.26-03.59.12:488][  0]LogD3D11RHI: RHI has support for 64 bit atomics
[2021.04.26-03.59.12:488][  0]LogD3D11RHI: Async texture creation enabled
[2021.04.26-03.59.12:488][  0]LogD3D11RHI: Array index from any shader is supported
[2021.04.26-03.59.12:522][  0]LogD3D11RHI: GPU Timing Frequency: 1000.000000 (Debug: 2 1)
[2021.04.26-03.59.13:061][  0]LogTargetPlatformManager: Display: Loaded TargetPlatform 'AllDesktop'
[2021.04.26-03.59.13:098][  0]LogTargetPlatformManager: Display: Loaded TargetPlatform 'Android'
[2021.04.26-03.59.13:098][  0]LogTargetPlatformManager: Display: Loaded TargetPlatform 'Android_ASTC'
[2021.04.26-03.59.13:098][  0]LogTargetPlatformManager: Display: Loaded TargetPlatform 'Android_DXT'
[2021.04.26-03.59.13:098][  0]LogTargetPlatformManager: Display: Loaded TargetPlatform 'Android_ETC2'
[2021.04.26-03.59.13:098][  0]LogTargetPlatformManager: Display: Loaded TargetPlatform 'AndroidClient'
[2021.04.26-03.59.13:098][  0]LogTargetPlatformManager: Display: Loaded TargetPlatform 'Android_ASTCClient'
[2021.04.26-03.59.13:098][  0]LogTargetPlatformManager: Display: Loaded TargetPlatform 'Android_DXTClient'
[2021.04.26-03.59.13:098][  0]LogTargetPlatformManager: Display: Loaded TargetPlatform 'Android_ETC2Client'
[2021.04.26-03.59.13:098][  0]LogTargetPlatformManager: Display: Loaded TargetPlatform 'Android_Multi'
[2021.04.26-03.59.13:098][  0]LogTargetPlatformManager: Display: Loaded TargetPlatform 'Android_MultiClient'
[2021.04.26-03.59.13:136][  0]LogTargetPlatformManager: Display: Loaded TargetPlatform 'IOSClient'
[2021.04.26-03.59.13:136][  0]LogTargetPlatformManager: Display: Loaded TargetPlatform 'IOS'
[2021.04.26-03.59.13:154][  0]LogTargetPlatformManager: Display: Loaded TargetPlatform 'Linux'
[2021.04.26-03.59.13:170][  0]LogTargetPlatformManager: Display: Loaded TargetPlatform 'LinuxNoEditor'
[2021.04.26-03.59.13:185][  0]LogTargetPlatformManager: Display: Loaded TargetPlatform 'LinuxClient'
[2021.04.26-03.59.13:201][  0]LogTargetPlatformManager: Display: Loaded TargetPlatform 'LinuxServer'
[2021.04.26-03.59.13:217][  0]LogTargetPlatformManager: Display: Loaded TargetPlatform 'LinuxAArch64NoEditor'
[2021.04.26-03.59.13:232][  0]LogTargetPlatformManager: Display: Loaded TargetPlatform 'LinuxAArch64Client'
[2021.04.26-03.59.13:248][  0]LogTargetPlatformManager: Display: Loaded TargetPlatform 'LinuxAArch64Server'
[2021.04.26-03.59.13:293][  0]LogTargetPlatformManager: Display: Loaded TargetPlatform 'Lumin'
[2021.04.26-03.59.13:293][  0]LogTargetPlatformManager: Display: Loaded TargetPlatform 'LuminClient'
[2021.04.26-03.59.13:319][  0]LogTargetPlatformManager: Display: Loaded TargetPlatform 'TVOSClient'
[2021.04.26-03.59.13:319][  0]LogTargetPlatformManager: Display: Loaded TargetPlatform 'TVOS'
[2021.04.26-03.59.13:335][  0]LogTargetPlatformManager: Display: Loaded TargetPlatform 'WindowsNoEditor'
[2021.04.26-03.59.13:351][  0]LogTargetPlatformManager: Display: Loaded TargetPlatform 'Windows'
[2021.04.26-03.59.13:366][  0]LogTargetPlatformManager: Display: Loaded TargetPlatform 'WindowsClient'
[2021.04.26-03.59.13:382][  0]LogTargetPlatformManager: Display: Loaded TargetPlatform 'WindowsServer'
[2021.04.26-03.59.13:382][  0]LogTargetPlatformManager: Display: Building Assets For Windows
[2021.04.26-03.59.13:392][  0]LogAudioDebug: Display: Lib vorbis DLL was dynamically loaded.
[2021.04.26-03.59.13:471][  0]LogShaderCompilers: Guid format shader working directory is -40 characters bigger than the processId version (../../../../../../Users/44770/Documents/TSE_24_NEWUSETHISONE/uol_TSE_Team24/MyProject/Intermediate/Shaders/WorkingDirectory/29956/).
[2021.04.26-03.59.13:471][  0]LogShaderCompilers: Cleaned the shader compiler working directory 'C:/Users/44770/AppData/Local/Temp/UnrealShaderWorkingDir/42E1BCE74272E31E56B4CEB95B322F98/'.
[2021.04.26-03.59.13:472][  0]LogXGEController: Cleaning working directory: C:/Users/44770/AppData/Local/Temp/UnrealXGEWorkingDir/
[2021.04.26-03.59.13:472][  0]LogXGEController: Cannot use XGE Controller as Incredibuild is not installed on this machine.
[2021.04.26-03.59.13:472][  0]LogShaderCompilers: Cannot use XGE Shader Compiler as Incredibuild is not installed on this machine.
[2021.04.26-03.59.13:472][  0]LogShaderCompilers: Display: Using Local Shader Compiler.
[2021.04.26-03.59.14:812][  0]LogDerivedDataCache: Display: Max Cache Size: 512 MB
[2021.04.26-03.59.14:891][  0]LogDerivedDataCache: Loaded boot cache 0.08s 75MB C:/Users/44770/AppData/Local/UnrealEngine/4.25/DerivedDataCache/Boot.ddc.
[2021.04.26-03.59.14:891][  0]LogDerivedDataCache: Display: Loaded Boot cache: C:/Users/44770/AppData/Local/UnrealEngine/4.25/DerivedDataCache/Boot.ddc
[2021.04.26-03.59.14:891][  0]LogDerivedDataCache: FDerivedDataBackendGraph:  Pak pak cache file ../../../../../../Users/44770/Documents/TSE_24_NEWUSETHISONE/uol_TSE_Team24/MyProject/DerivedDataCache/DDC.ddp not found, will not use a pak cache.
[2021.04.26-03.59.14:891][  0]LogDerivedDataCache: Unable to find inner node Pak for hierarchical cache Hierarchy.
[2021.04.26-03.59.14:891][  0]LogDerivedDataCache: FDerivedDataBackendGraph:  CompressedPak pak cache file ../../../../../../Users/44770/Documents/TSE_24_NEWUSETHISONE/uol_TSE_Team24/MyProject/DerivedDataCache/Compressed.ddp not found, will not use a pak cache.
[2021.04.26-03.59.14:891][  0]LogDerivedDataCache: Unable to find inner node CompressedPak for hierarchical cache Hierarchy.
[2021.04.26-03.59.14:910][  0]LogDerivedDataCache: Display: Pak cache opened for reading ../../../Engine/DerivedDataCache/Compressed.ddp.
[2021.04.26-03.59.14:910][  0]LogDerivedDataCache: FDerivedDataBackendGraph:  EnterprisePak pak cache file ../../../Enterprise/DerivedDataCache/Compressed.ddp not found, will not use a pak cache.
[2021.04.26-03.59.14:910][  0]LogDerivedDataCache: Unable to find inner node EnterprisePak for hierarchical cache Hierarchy.
[2021.04.26-03.59.14:911][  0]LogDerivedDataCache: Using Local data cache path C:/Users/44770/AppData/Local/UnrealEngine/Common/DerivedDataCache: Writable
[2021.04.26-03.59.14:911][  0]LogDerivedDataCache: Shared data cache path not found in *engine.ini, will not use an Shared cache.
[2021.04.26-03.59.14:911][  0]LogDerivedDataCache: Unable to find inner node Shared for hierarchical cache Hierarchy.
[2021.04.26-03.59.15:001][  0]LogSlate: Using FreeType 2.10.0
[2021.04.26-03.59.15:001][  0]LogSlate: SlateFontServices - WITH_FREETYPE: 1, WITH_HARFBUZZ: 1
[2021.04.26-03.59.15:043][  0]LogAssetRegistry: FAssetRegistry took 0.0042 seconds to start up
[2021.04.26-03.59.15:465][  0]LogInit: Selected Device Profile: [Windows]
[2021.04.26-03.59.15:652][  0]LogMeshReduction: Using QuadricMeshReduction for automatic static mesh reduction
[2021.04.26-03.59.15:652][  0]LogMeshReduction: Using SimplygonMeshReduction for automatic skeletal mesh reduction
[2021.04.26-03.59.15:652][  0]LogMeshReduction: Using ProxyLODMeshReduction for automatic mesh merging
[2021.04.26-03.59.15:652][  0]LogMeshReduction: No distributed automatic mesh merging module available
[2021.04.26-03.59.15:652][  0]LogMeshMerging: No distributed automatic mesh merging module available
[2021.04.26-03.59.15:677][  0]LogNetVersion: MyProject 1.0.0, NetCL: 13144385, EngineNetVer: 14, GameNetVer: 0 (Checksum: 709303259)
[2021.04.26-03.59.16:368][  0]LogAISub: UAISubsystem::UAISubsystem AISubsystem (000001CB670C9D40), frame # 0
[2021.04.26-03.59.16:368][  0]LogAISub: UAISubsystem::UAISubsystem AIPerceptionSystem (000001CB67024F40), frame # 0
[2021.04.26-03.59.16:371][  0]LogAISub: UAISubsystem::UAISubsystem EnvQueryManager (000001CB67079E00), frame # 0
[2021.04.26-03.59.16:437][  0]LogPackageLocalizationCache: Processed 19 localized package path(s) for 1 prioritized culture(s) in 0.051121 seconds
[2021.04.26-03.59.16:446][  0]LogUObjectArray: 15913 objects as part of root set at end of initial load.
[2021.04.26-03.59.16:446][  0]LogUObjectAllocator: 3964304 out of 0 bytes used by permanent object pool.
[2021.04.26-03.59.16:446][  0]LogUObjectArray: CloseDisregardForGC: 0/0 objects in disregard for GC pool
[2021.04.26-03.59.16:959][  0]LogTcpMessaging: Initializing TcpMessaging bridge
[2021.04.26-03.59.16:966][  0]LogUdpMessaging: Initializing bridge on interface 0.0.0.0:0 to multicast group 230.0.0.1:6666.
[2021.04.26-03.59.17:080][  0]SourceControl: Source control is disabled
[2021.04.26-03.59.17:080][  0]SourceControl: Source control is disabled
[2021.04.26-03.59.17:085][  0]SourceControl: Source control is disabled
[2021.04.26-03.59.17:089][  0]SourceControl: Source control is disabled
[2021.04.26-03.59.17:101][  0]SourceControl: Source control is disabled
[2021.04.26-03.59.17:446][  0]LogAndroidPermission: UAndroidPermissionCallbackProxy::GetInstance
[2021.04.26-03.59.17:475][  0]LogAudioCaptureCore: Display: No Audio Capture implementations found. Audio input will be silent.
[2021.04.26-03.59.17:475][  0]LogAudioCaptureCore: Display: No Audio Capture implementations found. Audio input will be silent.
[2021.04.26-03.59.17:551][  0]LogOcInput: OculusInput pre-init called
[2021.04.26-03.59.17:567][  0]LogWindows: Failed to load 'OVRPlugin.dll' (GetLastError=126)
[2021.04.26-03.59.17:567][  0]LogWindows: File 'OVRPlugin.dll' does not exist
[2021.04.26-03.59.17:661][  0]LogEngine: Initializing Engine...
[2021.04.26-03.59.17:663][  0]LogHMD: Failed to initialize OpenVR with code 110
[2021.04.26-03.59.17:663][  0]LogMagicLeap: Warning: VR disabled because ZI is not enabled.  To enable, in the editor, Edit -> Project Settings -> Plugins -> Magic Leap Plugin -> Enable Zero Iteration
[2021.04.26-03.59.17:664][  0]LogStats: UGameplayTagsManager::InitializeManager -  0.000 s
[2021.04.26-03.59.17:852][  0]LogInit: Initializing FReadOnlyCVARCache
[2021.04.26-03.59.17:863][  0]LogAIModule: Creating AISystem for world Untitled
[2021.04.26-03.59.17:863][  0]LogAISub: UAISubsystem::UAISubsystem EnvQueryManager (000001CB6ADE8800), frame # 0
[2021.04.26-03.59.17:863][  0]LogAISub: UAISubsystem::UAISubsystem AIPerceptionSystem (000001CB6ADCED40), frame # 0
[2021.04.26-03.59.17:895][  0]LogAudioMixer: Display: Audio Mixer Platform Settings:
[2021.04.26-03.59.17:895][  0]LogAudioMixer: Display: 	Sample Rate:						  48000
[2021.04.26-03.59.17:895][  0]LogAudioMixer: Display: 	Callback Buffer Frame Size Requested: 1024
[2021.04.26-03.59.17:895][  0]LogAudioMixer: Display: 	Callback Buffer Frame Size To Use:	  1024
[2021.04.26-03.59.17:895][  0]LogAudioMixer: Display: 	Number of buffers to queue:			  2
[2021.04.26-03.59.17:895][  0]LogAudioMixer: Display: 	Max Channels (voices):				  32
[2021.04.26-03.59.17:895][  0]LogAudioMixer: Display: 	Number of Async Source Workers:		  0
[2021.04.26-03.59.17:895][  0]LogAudio: Display: AudioDevice MaxSources: 32
[2021.04.26-03.59.17:895][  0]LogAudio: Display: Using built-in audio occlusion.
[2021.04.26-03.59.17:895][  0]LogAudioMixer: Display: Initializing audio mixer.
[2021.04.26-03.59.17:940][  0]LogAudioMixer: Display: 0: FrontLeft
[2021.04.26-03.59.17:940][  0]LogAudioMixer: Display: 1: FrontRight
[2021.04.26-03.59.17:996][  0]LogAudioMixer: Display: Using Audio Device VoiceMeeter Input (VB-Audio VoiceMeeter VAIO)
[2021.04.26-03.59.18:002][  0]LogAudioMixer: Display: Initializing Sound Submixes...
[2021.04.26-03.59.18:006][  0]LogAudioMixer: Display: Creating Master Submix 'MasterSubmixDefault'
[2021.04.26-03.59.18:006][  0]LogAudioMixer: Display: Creating Master Submix 'MasterReverbSubmixDefault'
[2021.04.26-03.59.18:008][  0]LogAudioMixer: Display: Creating Master Submix 'MasterEQSubmixDefault'
[2021.04.26-03.59.18:009][  0]LogInit: FAudioDevice initialized.
[2021.04.26-03.59.18:009][  0]LogNetVersion: Set ProjectVersion to 1.0.0.0. Version Checksum will be recalculated on next use.
[2021.04.26-03.59.18:085][  0]LogDerivedDataCache: Saved boot cache 0.08s 75MB C:/Users/44770/AppData/Local/UnrealEngine/4.25/DerivedDataCache/Boot.ddc.
[2021.04.26-03.59.18:086][  0]LogInit: Texture streaming: Enabled
[2021.04.26-03.59.18:109][  0]LogEngineSessionManager: EngineSessionManager initialized
[2021.04.26-03.59.18:110][  0]LogEngineSessionManager: EngineSessionManager sent abnormal shutdown report. Type=Crashed, SessionId={3F5B729F-42C8-73D6-456E-9EBEE5E033DA}
[2021.04.26-03.59.18:110][  0]LogEditorSessionSummary: Verbose: Initializing EditorSessionSummaryWriter for editor session tracking
[2021.04.26-03.59.18:114][  0]LogEditorSessionSummary: EditorSessionSummaryWriter initialized
[2021.04.26-03.59.18:192][  0]LogInit: Transaction tracking system initialized
[2021.04.26-03.59.18:221][  0]BlueprintLog: New page: Editor Load
[2021.04.26-03.59.18:320][  0]LocalizationService: Localization service is disabled
[2021.04.26-03.59.18:582][  0]LogCook: Display: Max memory allowance for cook 16384mb min free memory 0mb
[2021.04.26-03.59.18:582][  0]LogCook: Display: Mobile HDR setting 1
[2021.04.26-03.59.18:637][  0]LogFileCache: Scanning file cache for directory 'C:/Users/44770/Documents/TSE_24_NEWUSETHISONE/uol_TSE_Team24/MyProject/Content/' took 0.01s
[2021.04.26-03.59.19:120][  0]SourceControl: Source control is disabled
[2021.04.26-03.59.19:120][  0]LogUnrealEdMisc: Loading editor; pre map load, took 9.849
[2021.04.26-03.59.19:120][  0]Cmd: MAP LOAD FILE="../../../../../../Users/44770/Documents/TSE_24_NEWUSETHISONE/uol_TSE_Team24/MyProject/Content/FirstPersonBP/Maps/FirstPersonExampleMap.umap" TEMPLATE=0 SHOWPROGRESS=1 FEATURELEVEL=3
[2021.04.26-03.59.19:121][  0]LightingResults: New page: Lighting Build
[2021.04.26-03.59.19:122][  0]LogWorld: UWorld::CleanupWorld for Untitled, bSessionEnded=true, bCleanupResources=true
[2021.04.26-03.59.19:122][  0]LogSlate: InvalidateAllWidgets triggered.  All widgets were invalidated
[2021.04.26-03.59.19:122][  0]MapCheck: New page: Map Check
[2021.04.26-03.59.19:122][  0]LightingResults: New page: Lighting Build
[2021.04.26-03.59.19:142][  0]LogAISub: UAISubsystem::~UAISubsystem EnvQueryManager (000001CB6ADE8800), frame # 0
[2021.04.26-03.59.19:142][  0]LogAISub: UAISubsystem::~UAISubsystem AIPerceptionSystem (000001CB6ADCED40), frame # 0
[2021.04.26-03.59.19:144][  0]LogUObjectHash: Compacting FUObjectHashTables data took   1.14ms
[2021.04.26-03.59.19:482][  0]LogBlueprint: Error: [Compiler MyPlayerController] Spawn node  Create Widget  must have a class specified.
[2021.04.26-03.59.19:482][  0]LogBlueprint: Error: [Compiler MyPlayerController] In use pin  <Unnamed>  no longer exists on node  Set HudWidget . Please refresh node or break links to remove pin.
[2021.04.26-03.59.19:520][  0]LogLinker: Warning: Asset '../../../../../../Users/44770/Documents/TSE_24_NEWUSETHISONE/uol_TSE_Team24/MyProject/Content/Materials/PP_Outliner_M.uasset' has been saved with empty engine version. The asset will be loaded but may be incompatible.
[2021.04.26-03.59.19:521][  0]LogLinker: Warning: Asset '../../../../../../Users/44770/Documents/TSE_24_NEWUSETHISONE/uol_TSE_Team24/MyProject/Content/Materials/MF_ConvolveTexture.uasset' has been saved with empty engine version. The asset will be loaded but may be incompatible.
[2021.04.26-03.59.19:523][  0]LogLinker: Warning: Asset '../../../../../../Users/44770/Documents/TSE_24_NEWUSETHISONE/uol_TSE_Team24/MyProject/Content/Materials/MF_ExtractDepth.uasset' has been saved with empty engine version. The asset will be loaded but may be incompatible.
[2021.04.26-03.59.19:524][  0]LogLinker: Warning: Asset '../../../../../../Users/44770/Documents/TSE_24_NEWUSETHISONE/uol_TSE_Team24/MyProject/Content/Materials/MF_SampleSceneTextureNeighbourUVs.uasset' has been saved with empty engine version. The asset will be loaded but may be incompatible.
[2021.04.26-03.59.19:626][  0]LogAIModule: Creating AISystem for world FirstPersonExampleMap
[2021.04.26-03.59.19:626][  0]LogAISub: UAISubsystem::UAISubsystem EnvQueryManager (000001CB4F328400), frame # 0
[2021.04.26-03.59.19:626][  0]LogAISub: UAISubsystem::UAISubsystem AIPerceptionSystem (000001CB4F2287C0), frame # 0
[2021.04.26-03.59.19:648][  0]LogEditorServer: Finished looking for orphan Actors (0.000 secs)
[2021.04.26-03.59.19:672][  0]LogUObjectHash: Compacting FUObjectHashTables data took   1.36ms
[2021.04.26-03.59.19:672][  0]Cmd: MAP CHECKDEP NOCLEARLOG
[2021.04.26-03.59.19:673][  0]MapCheck: Map check complete: 0 Error(s), 0 Warning(s), took 0.304ms to complete.
[2021.04.26-03.59.19:673][  0]LogFileHelpers: Loading map 'FirstPersonExampleMap' took 0.553
[2021.04.26-03.59.19:675][  0]LogUnrealEdMisc: Total Editor Startup Time, took 10.404
[2021.04.26-03.59.19:856][  0]LogSlate: Updating window title bar state: overlay mode, drag disabled, window buttons hidden, title bar hidden
[2021.04.26-03.59.19:870][  0]LogSlate: Updating window title bar state: overlay mode, drag disabled, window buttons hidden, title bar hidden
[2021.04.26-03.59.19:882][  0]LogSlate: Updating window title bar state: overlay mode, drag disabled, window buttons hidden, title bar hidden
[2021.04.26-03.59.19:895][  0]LogSlate: Updating window title bar state: overlay mode, drag disabled, window buttons hidden, title bar hidden
[2021.04.26-03.59.19:905][  0]LogCollectionManager: Loaded 0 collections in 0.002926 seconds
[2021.04.26-03.59.19:929][  0]LogFileCache: Scanning file cache for directory 'C:/Users/44770/Documents/TSE_24_NEWUSETHISONE/uol_TSE_Team24/MyProject/Saved/Collections/' took 0.00s
[2021.04.26-03.59.19:929][  0]LogFileCache: Scanning file cache for directory 'C:/Users/44770/Documents/TSE_24_NEWUSETHISONE/uol_TSE_Team24/MyProject/Content/Developers/44770/Collections/' took 0.00s
[2021.04.26-03.59.19:929][  0]LogFileCache: Scanning file cache for directory 'C:/Users/44770/Documents/TSE_24_NEWUSETHISONE/uol_TSE_Team24/MyProject/Content/Collections/' took 0.00s
[2021.04.26-03.59.19:929][  0]LogContentBrowser: Native class hierarchy populated in 0.0157 seconds. Added 3427 classes and 821 folders.
[2021.04.26-03.59.19:932][  0]LogContentBrowser: Native class hierarchy updated for 'WidgetCarousel' in 0.0004 seconds. Added 0 classes and 0 folders.
[2021.04.26-03.59.20:007][  0]LogContentBrowser: Native class hierarchy updated for 'AddContentDialog' in 0.0004 seconds. Added 0 classes and 0 folders.
[2021.04.26-03.59.20:008][  0]LogContentBrowser: Native class hierarchy updated for 'SceneOutliner' in 0.0004 seconds. Added 2 classes and 0 folders.
[2021.04.26-03.59.20:192][  0]LogSlate: Took 0.000181 seconds to synchronously load lazily loaded font '../../../Engine/Content/Slate/Fonts/Roboto-Regular.ttf' (155K)
[2021.04.26-03.59.20:197][  0]LogSlate: Took 0.000185 seconds to synchronously load lazily loaded font '../../../Engine/Content/Slate/Fonts/Roboto-Bold.ttf' (160K)
[2021.04.26-03.59.20:205][  0]LogSlate: Took 0.000180 seconds to synchronously load lazily loaded font '../../../Engine/Content/Editor/Slate/Fonts/FontAwesome.ttf' (139K)
[2021.04.26-03.59.20:318][  0]LogRenderer: Reallocating scene render targets to support 992x536 Format 10 NumSamples 1 (Frame:1).
[2021.04.26-03.59.20:500][  0]LogContentBrowser: Native class hierarchy updated for 'HierarchicalLODOutliner' in 0.0005 seconds. Added 0 classes and 0 folders.
[2021.04.26-03.59.20:500][  0]LogLoad: (Engine Initialization) Total time: 11.23 seconds
[2021.04.26-03.59.20:500][  0]LogLoad: (Engine Initialization) Total Blueprint compile time: 0.00 seconds
[2021.04.26-03.59.20:575][  0]LogContentStreaming: Texture pool size now 1000 MB
[2021.04.26-03.59.20:627][  0]LogSlate: Took 0.000141 seconds to synchronously load lazily loaded font '../../../Engine/Content/Slate/Fonts/Roboto-Light.ttf' (167K)
[2021.04.26-03.59.20:676][  1]LogAssetRegistry: Asset discovery search completed in 5.6339 seconds
[2021.04.26-03.59.20:682][  1]LogCollectionManager: Fixed up redirectors for 0 collections in 0.000004 seconds (updated 0 objects)
[2021.04.26-03.59.21:946][ 33]LogSlate: Took 0.000160 seconds to synchronously load lazily loaded font '../../../Engine/Content/Slate/Fonts/Roboto-Light.ttf' (167K)
[2021.04.26-03.59.28:206][234]LogClass: Warning: Type mismatch in State of UpdateText_Service_C - Previous (TextProperty) Current(StructProperty) for package:  FObjectReader
[2021.04.26-03.59.28:214][234]LogClass: Warning: Type mismatch in State of REINST_UpdateText_Service_C_41 - Previous (StructProperty) Current(TextProperty) for package:  ../../../../../../Users/44770/Documents/TSE_24_NEWUSETHISONE/uol_TSE_Team24/MyProject/Content/FirstPersonBP/AI_Stuff/Ai_BH_Tree.uasset
[2021.04.26-03.59.28:214][234]LogClass: Warning: Type mismatch in State of REINST_UpdateText_Service_C_41 - Previous (StructProperty) Current(TextProperty) for package:  ../../../../../../Users/44770/Documents/TSE_24_NEWUSETHISONE/uol_TSE_Team24/MyProject/Content/FirstPersonBP/AI_Stuff/Ai_BH_Tree.uasset
[2021.04.26-03.59.28:214][234]LogClass: Warning: Type mismatch in State of REINST_UpdateText_Service_C_41 - Previous (StructProperty) Current(TextProperty) for package:  ../../../../../../Users/44770/Documents/TSE_24_NEWUSETHISONE/uol_TSE_Team24/MyProject/Content/FirstPersonBP/AI_Stuff/Ai_BH_Tree.uasset
[2021.04.26-03.59.28:214][234]LogClass: Warning: Type mismatch in State of REINST_UpdateText_Service_C_41 - Previous (StructProperty) Current(TextProperty) for package:  ../../../../../../Users/44770/Documents/TSE_24_NEWUSETHISONE/uol_TSE_Team24/MyProject/Content/FirstPersonBP/AI_Stuff/Ai_BH_Tree.uasset
[2021.04.26-03.59.28:214][234]LogClass: Warning: Type mismatch in State of REINST_UpdateText_Service_C_41 - Previous (StructProperty) Current(TextProperty) for package:  ../../../../../../Users/44770/Documents/TSE_24_NEWUSETHISONE/uol_TSE_Team24/MyProject/Content/FirstPersonBP/AI_Stuff/Ai_BH_Tree.uasset
[2021.04.26-03.59.28:214][234]LogClass: Warning: Type mismatch in State of REINST_UpdateText_Service_C_41 - Previous (StructProperty) Current(TextProperty) for package:  ../../../../../../Users/44770/Documents/TSE_24_NEWUSETHISONE/uol_TSE_Team24/MyProject/Content/FirstPersonBP/AI_Stuff/Ai_BH_Tree.uasset
[2021.04.26-03.59.28:270][234]LogAssetEditorSubsystem: Opening Asset editor for Blueprint /Game/FirstPersonBP/AI_Stuff/Task_Ragdoll.Task_Ragdoll
[2021.04.26-03.59.28:646][234]LogContentBrowser: Native class hierarchy updated for 'BlueprintGraph' in 0.0008 seconds. Added 125 classes and 0 folders.
[2021.04.26-03.59.30:116][234]LogAssetEditorSubsystem: Opening Asset editor for Blueprint /Game/FirstPersonBP/MyPlayerController.MyPlayerController
[2021.04.26-03.59.30:706][234]LogSlate: Took 0.000246 seconds to synchronously load lazily loaded font '../../../Engine/Content/Slate/Fonts/Roboto-BoldCondensed.ttf' (158K)
[2021.04.26-03.59.30:754][234]LogSlate: Took 0.000173 seconds to synchronously load lazily loaded font '../../../Engine/Content/Slate/Fonts/DroidSansMono.ttf' (77K)
[2021.04.26-03.59.30:803][235]LogSlate: Took 0.000302 seconds to synchronously load lazily loaded font '../../../Engine/Content/Slate/Fonts/Roboto-Italic.ttf' (157K)
[2021.04.26-03.59.39:780][634]LogUObjectHash: Compacting FUObjectHashTables data took   3.18ms
[2021.04.26-03.59.39:783][634]Cmd: MAP LOAD FILE="../../../../../../Users/44770/Documents/TSE_24_NEWUSETHISONE/uol_TSE_Team24/MyProject/Content/FirstPersonBP/Maps/BuildingMap.umap" TEMPLATE=0 SHOWPROGRESS=1 FEATURELEVEL=3
[2021.04.26-03.59.39:841][634]LightingResults: New page: Lighting Build
[2021.04.26-03.59.39:841][634]LoadErrors: New page: Loading map: BuildingMap.umap
[2021.04.26-03.59.39:843][634]LogWorld: UWorld::CleanupWorld for FirstPersonExampleMap, bSessionEnded=true, bCleanupResources=true
[2021.04.26-03.59.39:843][634]LogSlate: InvalidateAllWidgets triggered.  All widgets were invalidated
[2021.04.26-03.59.39:843][634]MapCheck: New page: Map Check
[2021.04.26-03.59.39:843][634]LightingResults: New page: Lighting Build
[2021.04.26-03.59.39:880][634]LogAISub: UAISubsystem::~UAISubsystem EnvQueryManager (000001CB4F328400), frame # 634
[2021.04.26-03.59.39:880][634]LogAISub: UAISubsystem::~UAISubsystem AIPerceptionSystem (000001CB4F2287C0), frame # 634
[2021.04.26-03.59.39:883][634]LogUObjectHash: Compacting FUObjectHashTables data took   2.82ms
[2021.04.26-03.59.39:920][634]LogAIModule: Creating AISystem for world BuildingMap
[2021.04.26-03.59.39:920][634]LogAISub: UAISubsystem::UAISubsystem EnvQueryManager (000001CB1075DA00), frame # 634
[2021.04.26-03.59.39:920][634]LogAISub: UAISubsystem::UAISubsystem AIPerceptionSystem (000001CB6404B380), frame # 634
[2021.04.26-03.59.40:068][634]LogEditorServer: Finished looking for orphan Actors (0.000 secs)
[2021.04.26-03.59.40:108][634]LogUObjectHash: Compacting FUObjectHashTables data took   3.85ms
[2021.04.26-03.59.40:167][634]Cmd: MAP CHECKDEP NOCLEARLOG
[2021.04.26-03.59.40:167][634]MapCheck: Map check complete: 0 Error(s), 0 Warning(s), took 0.195ms to complete.
[2021.04.26-03.59.40:167][634]LogFileHelpers: Loading map 'BuildingMap' took 0.384
[2021.04.26-03.59.40:168][634]LogSlate: Window 'Open Level' being destroyed
[2021.04.26-03.59.41:416][697]LogTemp: Repeating last play command: Selected Viewport
[2021.04.26-03.59.41:442][697]LogPlayLevel: PlayLevel: No blueprints needed recompiling
[2021.04.26-03.59.41:442][697]BlueprintLog: Warning: Blueprint failed to compile:  MyPlayerController
[2021.04.26-03.59.41:442][697]LogCustomDialog: Dialog displayed:
[2021.04.26-03.59.42:540][697]LogSlate: Window 'Blueprint Compilation Errors' being destroyed
[2021.04.26-03.59.42:550][697]PIE: New page: PIE session: BuildingMap (26 Apr 2021, 05:59:42)
[2021.04.26-03.59.42:551][697]LogOnline: OSS: Creating online subsystem instance for: NULL
[2021.04.26-03.59.42:553][697]LogOnline: OSS: TryLoadSubsystemAndSetDefault: Loaded subsystem for module [NULL]
[2021.04.26-03.59.42:553][697]LogPlayLevel: Creating play world package: /Game/FirstPersonBP/Maps/UEDPIE_0_BuildingMap
[2021.04.26-03.59.42:561][697]LogPlayLevel: PIE: StaticDuplicateObject took: (0.007287s)
[2021.04.26-03.59.42:562][697]LogAIModule: Creating AISystem for world BuildingMap
[2021.04.26-03.59.42:562][697]LogAISub: UAISubsystem::UAISubsystem EnvQueryManager (000001CB7FADC400), frame # 697
[2021.04.26-03.59.42:562][697]LogAISub: UAISubsystem::UAISubsystem AIPerceptionSystem (000001CB254925C0), frame # 697
[2021.04.26-03.59.42:563][697]LogPlayLevel: PIE: World Init took: (0.001690s)
[2021.04.26-03.59.42:563][697]LogPlayLevel: PIE: Created PIE world by copying editor world from /Game/FirstPersonBP/Maps/BuildingMap.BuildingMap to /Game/FirstPersonBP/Maps/UEDPIE_0_BuildingMap.BuildingMap (0.009265s)
[2021.04.26-03.59.42:602][697]LogUObjectHash: Compacting FUObjectHashTables data took   2.63ms
[2021.04.26-03.59.42:605][697]LogAudioMixer: Display: Audio Mixer Platform Settings:
[2021.04.26-03.59.42:605][697]LogAudioMixer: Display: 	Sample Rate:						  48000
[2021.04.26-03.59.42:605][697]LogAudioMixer: Display: 	Callback Buffer Frame Size Requested: 1024
[2021.04.26-03.59.42:605][697]LogAudioMixer: Display: 	Callback Buffer Frame Size To Use:	  1024
[2021.04.26-03.59.42:605][697]LogAudioMixer: Display: 	Number of buffers to queue:			  2
[2021.04.26-03.59.42:605][697]LogAudioMixer: Display: 	Max Channels (voices):				  32
[2021.04.26-03.59.42:605][697]LogAudioMixer: Display: 	Number of Async Source Workers:		  0
[2021.04.26-03.59.42:605][697]LogAudio: Display: AudioDevice MaxSources: 32
[2021.04.26-03.59.42:605][697]LogAudio: Display: Using built-in audio occlusion.
[2021.04.26-03.59.42:606][697]LogAudioMixer: Display: Initializing audio mixer.
[2021.04.26-03.59.42:614][697]LogAudioMixer: Display: 0: FrontLeft
[2021.04.26-03.59.42:615][697]LogAudioMixer: Display: 1: FrontRight
[2021.04.26-03.59.42:635][697]LogAudioMixer: Display: Using Audio Device VoiceMeeter Input (VB-Audio VoiceMeeter VAIO)
[2021.04.26-03.59.42:635][697]LogAudioMixer: Display: Initializing Sound Submixes...
[2021.04.26-03.59.42:635][697]LogAudioMixer: Display: Creating Master Submix 'MasterSubmixDefault'
[2021.04.26-03.59.42:635][697]LogAudioMixer: Display: Creating Master Submix 'MasterReverbSubmixDefault'
[2021.04.26-03.59.42:637][697]LogAudioMixer: Display: Creating Master Submix 'MasterEQSubmixDefault'
[2021.04.26-03.59.42:661][697]LogInit: FAudioDevice initialized.
[2021.04.26-03.59.42:670][697]LogLoad: Game class is 'FirstPersonGameMode_C'
[2021.04.26-03.59.42:674][697]LogWorld: Bringing World /Game/FirstPersonBP/Maps/UEDPIE_0_BuildingMap.BuildingMap up for play (max tick rate 60) at 2021.04.26-04.59.42
[2021.04.26-03.59.42:676][697]LogWorld: Bringing up level for play took: 0.003430
[2021.04.26-03.59.42:676][697]LogOnline: OSS: Creating online subsystem instance for: :Context_7
[2021.04.26-03.59.42:681][697]LogContentBrowser: Native class hierarchy updated for 'MovieSceneCapture' in 0.0005 seconds. Added 20 classes and 0 folders.
[2021.04.26-03.59.42:697][697]PIE: Server logged in
[2021.04.26-03.59.42:700][697]PIE: Play in editor total start time 1.259 seconds.
[2021.04.26-03.59.47:545][928]LogBlueprintUserMessages: [Ai_Character3] that thing is false
[2021.04.26-03.59.47:546][928]LogBlueprintUserMessages: [Ai_Character_2] that thing is false
[2021.04.26-03.59.47:917][948]LogBlueprintUserMessages: [Ai_Controller_C_1] Hello
[2021.04.26-03.59.48:433][974]LogBlueprintUserMessages: [Ai_Controller_C_1] Hello
[2021.04.26-03.59.48:642][985]LogBlueprintUserMessages: [FirstPersonCharacter_C_0] Hit Smthn
[2021.04.26-03.59.48:932][  2]LogBlueprintUserMessages: [Ai_Controller_C_1] Hello
[2021.04.26-03.59.49:443][ 31]LogBlueprintUserMessages: [Ai_Controller_C_1] Hello
[2021.04.26-03.59.49:958][ 61]LogBlueprintUserMessages: [Ai_Controller_C_1] Hello
[2021.04.26-03.59.52:514][211]LogBlueprintUserMessages: [Ai_Controller_C_1] Hello
[2021.04.26-03.59.52:547][213]LogBlueprintUserMessages: [Ai_Controller_C_1] turning off just saw player
[2021.04.26-03.59.52:548][213]LogOutputDevice: Warning: 

Script Stack (2 frames):
Task_Ragdoll_C.ExecuteUbergraph_Task_Ragdoll
Task_Ragdoll_C.ReceiveExecute

[2021.04.26-03.59.52:549][213]LogWindows: Windows GetLastError: The operation completed successfully. (0)
[2021.04.26-03.59.55:880][213]LogWindows: Error: === Critical error: ===
[2021.04.26-03.59.55:881][213]LogWindows: Error: 
[2021.04.26-03.59.55:881][213]LogWindows: Error: Assertion failed: ComponentClass->IsChildOf(ComponentType::StaticClass()) [File:D:\Build\++UE4\Sync\Engine\Source\Runtime\Engine\Classes\GameFramework/Actor.h] [Line: 2866] 
[2021.04.26-03.59.55:881][213]LogWindows: Error: 
[2021.04.26-03.59.55:881][213]LogWindows: Error: 
[2021.04.26-03.59.55:881][213]LogWindows: Error: 
[2021.04.26-03.59.55:881][213]LogWindows: Error: [Callstack] 0x00007ffc9e223b29 KERNELBASE.dll!UnknownFunction []
[2021.04.26-03.59.55:881][213]LogWindows: Error: [Callstack] 0x00007ffc3912ec66 UE4Editor-Core.dll!UnknownFunction []
[2021.04.26-03.59.55:881][213]LogWindows: Error: [Callstack] 0x00007ffc39132048 UE4Editor-Core.dll!UnknownFunction []
[2021.04.26-03.59.55:881][213]LogWindows: Error: [Callstack] 0x00007ffc38ebe52d UE4Editor-Core.dll!UnknownFunction []
[2021.04.26-03.59.55:881][213]LogWindows: Error: [Callstack] 0x00007ffc38e497c5 UE4Editor-Core.dll!UnknownFunction []
[2021.04.26-03.59.55:881][213]LogWindows: Error: [Callstack] 0x00007ffc38e4bb00 UE4Editor-Core.dll!UnknownFunction []
[2021.04.26-03.59.55:881][213]LogWindows: Error: [Callstack] 0x00007ffc35f6454e UE4Editor-Engine.dll!UnknownFunction []
[2021.04.26-03.59.55:881][213]LogWindows: Error: [Callstack] 0x00007ffc35f6cfcd UE4Editor-Engine.dll!UnknownFunction []
[2021.04.26-03.59.55:881][213]LogWindows: Error: [Callstack] 0x00007ffc35fb1abf UE4Editor-Engine.dll!UnknownFunction []
[2021.04.26-03.59.55:881][213]LogWindows: Error: [Callstack] 0x00007ffc372533b8 UE4Editor-Engine.dll!UnknownFunction []
[2021.04.26-03.59.55:881][213]LogWindows: Error: [Callstack] 0x00007ffc4d3a0b34 UE4Editor-CoreUObject.dll!UnknownFunction []
[2021.04.26-03.59.55:881][213]LogWindows: Error: [Callstack] 0x00007ffc4d5f00ad UE4Editor-CoreUObject.dll!UnknownFunction []
[2021.04.26-03.59.55:881][213]LogWindows: Error: [Callstack] 0x00007ffc4d6130e3 UE4Editor-CoreUObject.dll!UnknownFunction []
[2021.04.26-03.59.55:881][213]LogWindows: Error: [Callstack] 0x00007ffc4d63c9c1 UE4Editor-CoreUObject.dll!UnknownFunction []
[2021.04.26-03.59.55:881][213]LogWindows: Error: [Callstack] 0x00007ffc4d61571d UE4Editor-CoreUObject.dll!UnknownFunction []
[2021.04.26-03.59.55:881][213]LogWindows: Error: [Callstack] 0x00007ffc4d5e3bba UE4Editor-CoreUObject.dll!UnknownFunction []
[2021.04.26-03.59.55:881][213]LogWindows: Error: [Callstack] 0x00007ffc4d615362 UE4Editor-CoreUObject.dll!UnknownFunction []
[2021.04.26-03.59.55:881][213]LogWindows: Error: [Callstack] 0x00007ffc4d61571d UE4Editor-CoreUObject.dll!UnknownFunction []
[2021.04.26-03.59.55:881][213]LogWindows: Error: [Callstack] 0x00007ffc4d614c24 UE4Editor-CoreUObject.dll!UnknownFunction []
[2021.04.26-03.59.55:881][213]LogWindows: Error: [Callstack] 0x00007ffc4d3a0b34 UE4Editor-CoreUObject.dll!UnknownFunction []
[2021.04.26-03.59.55:881][213]LogWindows: Error: [Callstack] 0x00007ffc4d614753 UE4Editor-CoreUObject.dll!UnknownFunction []
[2021.04.26-03.59.55:881][213]LogWindows: Error: [Callstack] 0x00007ffc1defe579 UE4Editor-AIModule.dll!UnknownFunction []
[2021.04.26-03.59.55:881][213]LogWindows: Error: [Callstack] 0x00007ffc1de2b0a4 UE4Editor-AIModule.dll!UnknownFunction []
[2021.04.26-03.59.55:881][213]LogWindows: Error: [Callstack] 0x00007ffc1ddbf92e UE4Editor-AIModule.dll!UnknownFunction []
[2021.04.26-03.59.55:881][213]LogWindows: Error: [Callstack] 0x00007ffc1ddd8954 UE4Editor-AIModule.dll!UnknownFunction []
[2021.04.26-03.59.55:881][213]LogWindows: Error: [Callstack] 0x00007ffc1ddee222 UE4Editor-AIModule.dll!UnknownFunction []
[2021.04.26-03.59.55:881][213]LogWindows: Error: [Callstack] 0x00007ffc36329346 UE4Editor-Engine.dll!UnknownFunction []
[2021.04.26-03.59.55:881][213]LogWindows: Error: [Callstack] 0x00007ffc363501c4 UE4Editor-Engine.dll!UnknownFunction []
[2021.04.26-03.59.55:881][213]LogWindows: Error: [Callstack] 0x00007ffc3706936f UE4Editor-Engine.dll!UnknownFunction []
[2021.04.26-03.59.55:881][213]LogWindows: Error: [Callstack] 0x00007ffc3706e3c7 UE4Editor-Engine.dll!UnknownFunction []
[2021.04.26-03.59.55:881][213]LogWindows: Error: [Callstack] 0x00007ffc38c687d8 UE4Editor-Core.dll!UnknownFunction []
[2021.04.26-03.59.55:881][213]LogWindows: Error: [Callstack] 0x00007ffc38c689aa UE4Editor-Core.dll!UnknownFunction []
[2021.04.26-03.59.55:881][213]LogWindows: Error: [Callstack] 0x00007ffc38c68bb0 UE4Editor-Core.dll!UnknownFunction []
[2021.04.26-03.59.55:881][213]LogWindows: Error: [Callstack] 0x00007ffc3708a217 UE4Editor-Engine.dll!UnknownFunction []
[2021.04.26-03.59.55:881][213]LogWindows: Error: [Callstack] 0x00007ffc3708f6ca UE4Editor-Engine.dll!UnknownFunction []
[2021.04.26-03.59.55:881][213]LogWindows: Error: [Callstack] 0x00007ffc3684d0bf UE4Editor-Engine.dll!UnknownFunction []
[2021.04.26-03.59.55:881][213]LogWindows: Error: [Callstack] 0x00007ffc3685809a UE4Editor-Engine.dll!UnknownFunction []
[2021.04.26-03.59.55:881][213]LogWindows: Error: [Callstack] 0x00007ffc2f3caf57 UE4Editor-UnrealEd.dll!UnknownFunction []
[2021.04.26-03.59.55:881][213]LogWindows: Error: [Callstack] 0x00007ffc2fca37e6 UE4Editor-UnrealEd.dll!UnknownFunction []
[2021.04.26-03.59.55:881][213]LogWindows: Error: [Callstack] 0x00007ff634fc7800 UE4Editor.exe!UnknownFunction []
[2021.04.26-03.59.55:881][213]LogWindows: Error: [Callstack] 0x00007ff634fdba7c UE4Editor.exe!UnknownFunction []
[2021.04.26-03.59.55:882][213]LogWindows: Error: [Callstack] 0x00007ff634fdbb5a UE4Editor.exe!UnknownFunction []
[2021.04.26-03.59.55:882][213]LogWindows: Error: [Callstack] 0x00007ff634fee31d UE4Editor.exe!UnknownFunction []
[2021.04.26-03.59.55:882][213]LogWindows: Error: [Callstack] 0x00007ff634ff145a UE4Editor.exe!UnknownFunction []
[2021.04.26-03.59.55:882][213]LogWindows: Error: [Callstack] 0x00007ffc9f627c24 KERNEL32.DLL!UnknownFunction []
[2021.04.26-03.59.55:882][213]LogWindows: Error: [Callstack] 0x00007ffca064d721 ntdll.dll!UnknownFunction []
[2021.04.26-03.59.55:882][213]LogWindows: Error: 
[2021.04.26-03.59.55:903][213]LogExit: Executing StaticShutdownAfterError
[2021.04.26-03.59.55:908][213]LogWindows: FPlatformMisc::RequestExit(1)
[2021.04.26-03.59.55:908][213]LogCore: Engine exit requested (reason: Win RequestExit)
[2021.04.26-03.59.55:919][213]Log file closed, 04/26/21 04:59:55
