Log file open, 04/26/21 04:54:43
LogInit: Display: Running engine for game: MyProject
LogPlatformFile: Not using cached read wrapper
LogTaskGraph: Started task graph with 5 named threads and 35 total threads with 3 sets of task threads.
LogStats: Stats thread started at 0.269498
LogD3D11RHI: Loaded GFSDK_Aftermath_Lib.x64.dll
LogICUInternationalization: ICU TimeZone Detection - Raw Offset: +0:00, Platform Override: ''
LogPluginManager: Mounting plugin Paper2D
LogPluginManager: Mounting plugin AISupport
LogPluginManager: Mounting plugin LightPropagationVolume
LogPluginManager: Mounting plugin CameraShakePreviewer
LogPluginManager: Mounting plugin ActorLayerUtilities
LogPluginManager: Mounting plugin AnimationSharing
LogPluginManager: Mounting plugin CLionSourceCodeAccess
LogPluginManager: Mounting plugin CodeLiteSourceCodeAccess
LogPluginManager: Mounting plugin GitSourceControl
LogPluginManager: Mounting plugin KDevelopSourceCodeAccess
LogPluginManager: Mounting plugin NullSourceCodeAccess
LogPluginManager: Mounting plugin PerforceSourceControl
LogPluginManager: Mounting plugin PlasticSourceControl
LogPluginManager: Mounting plugin RiderSourceCodeAccess
LogPluginManager: Mounting plugin SubversionSourceControl
LogPluginManager: Mounting plugin UObjectPlugin
LogPluginManager: Mounting plugin VisualStudioCodeSourceCodeAccess
LogPluginManager: Mounting plugin VisualStudioSourceCodeAccess
LogPluginManager: Mounting plugin XCodeSourceCodeAccess
LogPluginManager: Mounting plugin AssetManagerEditor
LogPluginManager: Mounting plugin CryptoKeys
LogPluginManager: Mounting plugin CurveEditorTools
LogPluginManager: Mounting plugin DataValidation
LogPluginManager: Mounting plugin EditorScriptingUtilities
LogPluginManager: Mounting plugin FacialAnimation
LogPluginManager: Mounting plugin GameplayTagsEditor
LogPluginManager: Mounting plugin GeometryMode
LogPluginManager: Mounting plugin MacGraphicsSwitching
LogPluginManager: Mounting plugin MaterialAnalyzer
LogPluginManager: Mounting plugin MobileLauncherProfileWizard
LogPluginManager: Mounting plugin PluginBrowser
LogPluginManager: Mounting plugin SpeedTreeImporter
LogPluginManager: Mounting plugin DatasmithContent
LogPluginManager: Mounting plugin VariantManagerContent
LogPluginManager: Mounting plugin AlembicImporter
LogPluginManager: Mounting plugin AutomationUtils
LogPluginManager: Mounting plugin BackChannel
LogPluginManager: Mounting plugin ChaosCloth
LogPluginManager: Mounting plugin ChaosClothEditor
LogPluginManager: Mounting plugin ChaosEditor
LogPluginManager: Mounting plugin ChaosNiagara
LogPluginManager: Mounting plugin ChaosSolverPlugin
LogPluginManager: Mounting plugin CharacterAI
LogPluginManager: Mounting plugin GeometryCache
LogPluginManager: Mounting plugin GeometryCollectionPlugin
LogPluginManager: Mounting plugin GeometryProcessing
LogPluginManager: Mounting plugin PlanarCut
LogPluginManager: Mounting plugin PlatformCrypto
LogPluginManager: Mounting plugin ProxyLODPlugin
LogPluginManager: Mounting plugin SkeletalReduction
LogPluginManager: Mounting plugin Niagara
LogPluginManager: Mounting plugin MagicLeap
LogPluginManager: Mounting plugin MagicLeapLightEstimation
LogPluginManager: Mounting plugin MagicLeapMedia
LogPluginManager: Mounting plugin MagicLeapPassableWorld
LogPluginManager: Mounting plugin MLSDK
LogPluginManager: Mounting plugin AndroidMedia
LogPluginManager: Mounting plugin AvfMedia
LogPluginManager: Mounting plugin ImgMedia
LogPluginManager: Mounting plugin MediaCompositing
LogPluginManager: Mounting plugin MediaPlayerEditor
LogPluginManager: Mounting plugin WebMMedia
LogPluginManager: Mounting plugin WmfMedia
LogPluginManager: Mounting plugin MeshPainting
LogPluginManager: Mounting plugin TcpMessaging
LogPluginManager: Mounting plugin UdpMessaging
LogPluginManager: Mounting plugin ActorSequence
LogPluginManager: Mounting plugin LevelSequenceEditor
LogPluginManager: Mounting plugin MatineeToLevelSequence
LogPluginManager: Mounting plugin MovieRenderPipeline
LogPluginManager: Mounting plugin TemplateSequence
LogPluginManager: Mounting plugin NetcodeUnitTest
LogPluginManager: Mounting plugin NUTUnrealEngine4
LogPluginManager: Mounting plugin OnlineSubsystemGooglePlay
LogPluginManager: Mounting plugin OnlineSubsystemIOS
LogPluginManager: Mounting plugin OnlineSubsystem
LogPluginManager: Mounting plugin OnlineSubsystemNull
LogPluginManager: Mounting plugin OnlineSubsystemUtils
LogPluginManager: Mounting plugin LauncherChunkInstaller
LogPluginManager: Mounting plugin AndroidDeviceProfileSelector
LogPluginManager: Mounting plugin AndroidMoviePlayer
LogPluginManager: Mounting plugin AndroidPermission
LogPluginManager: Mounting plugin AppleImageUtils
LogPluginManager: Mounting plugin AppleMoviePlayer
LogPluginManager: Mounting plugin ArchVisCharacter
LogPluginManager: Mounting plugin AssetTags
LogPluginManager: Mounting plugin AudioCapture
LogPluginManager: Mounting plugin CableComponent
LogPluginManager: Mounting plugin CustomMeshComponent
LogPluginManager: Mounting plugin EditableMesh
LogPluginManager: Mounting plugin ExampleDeviceProfileSelector
LogPluginManager: Mounting plugin GoogleCloudMessaging
LogPluginManager: Mounting plugin GooglePAD
LogPluginManager: Mounting plugin IOSDeviceProfileSelector
LogPluginManager: Mounting plugin LinuxDeviceProfileSelector
LogPluginManager: Mounting plugin LocationServicesBPLibrary
LogPluginManager: Mounting plugin MobilePatchingUtils
LogPluginManager: Mounting plugin OculusVR
LogPluginManager: Mounting plugin PhysXVehicles
LogPluginManager: Mounting plugin PostSplashScreen
LogPluginManager: Mounting plugin ProceduralMeshComponent
LogPluginManager: Mounting plugin RuntimePhysXCooking
LogPluginManager: Mounting plugin SignificanceManager
LogPluginManager: Mounting plugin SoundFields
LogPluginManager: Mounting plugin SteamVR
LogPluginManager: Mounting plugin Synthesis
LogPluginManager: Mounting plugin WebMMoviePlayer
LogPluginManager: Mounting plugin WindowsMoviePlayer
LogPluginManager: Mounting plugin ScreenshotTools
LogInit: Using libcurl 7.55.1-DEV
LogInit:  - built for x86_64-pc-win32
LogInit:  - supports SSL with OpenSSL/1.1.1
LogInit:  - supports HTTP deflate (compression) using libz 1.2.8
LogInit:  - other features:
LogInit:      CURL_VERSION_SSL
LogInit:      CURL_VERSION_LIBZ
LogInit:      CURL_VERSION_IPV6
LogInit:      CURL_VERSION_ASYNCHDNS
LogInit:      CURL_VERSION_LARGEFILE
LogInit:      CURL_VERSION_IDN
LogInit:  CurlRequestOptions (configurable via config and command line):
LogInit:  - bVerifyPeer = true  - Libcurl will verify peer certificate
LogInit:  - bUseHttpProxy = false  - Libcurl will NOT use HTTP proxy
LogInit:  - bDontReuseConnections = false  - Libcurl will reuse connections
LogInit:  - MaxHostConnections = 16  - Libcurl will limit the number of connections to a host
LogInit:  - LocalHostAddr = Default
LogInit:  - BufferSize = 65536
LogOnline: OSS: Creating online subsystem instance for: NULL
LogInit: WinSock: version 1.1 (2.2), MaxSocks=32767, MaxUdp=65467
LogOnline: OSS: TryLoadSubsystemAndSetDefault: Loaded subsystem for module [NULL]
LogInit: Build: ++UE4+Release-4.25-CL-14469661
LogInit: Engine Version: 4.25.4-14469661+++UE4+Release-4.25
LogInit: Compatible Engine Version: 4.25.0-13144385+++UE4+Release-4.25
LogInit: Net CL: 13144385
LogInit: OS: Windows 10 (Release 1909) (), CPU: Intel(R) Core(TM) i7-8750H CPU @ 2.20GHz, GPU: Intel(R) UHD Graphics 630
LogInit: Compiled (64-bit): Oct 11 2020 08:10:49
LogInit: Compiled with Visual C++: 19.24.28315.00
LogInit: Build Configuration: Development
LogInit: Branch Name: ++UE4+Release-4.25
LogInit: Command Line:  -EpicPortal -epicusername=Roggentrolla -epicuserid=5106b0ba80504c519b784d2eb6463af8 -epiclocale=en
LogInit: Base Directory: C:/Program Files/Epic Games/UE_4.25/Engine/Binaries/Win64/
LogInit: Allocator: TBB
LogInit: Installed Engine Build: 1
LogDevObjectVersion: Number of dev versions registered: 26
LogDevObjectVersion:   Dev-Blueprints (B0D832E4-1F89-4F0D-ACCF-7EB736FD4AA2): 10
LogDevObjectVersion:   Dev-Build (E1C64328-A22C-4D53-A36C-8E866417BD8C): 0
LogDevObjectVersion:   Dev-Core (375EC13C-06E4-48FB-B500-84F0262A717E): 4
LogDevObjectVersion:   Dev-Editor (E4B068ED-F494-42E9-A231-DA0B2E46BB41): 38
LogDevObjectVersion:   Dev-Framework (CFFC743F-43B0-4480-9391-14DF171D2073): 37
LogDevObjectVersion:   Dev-Mobile (B02B49B5-BB20-44E9-A304-32B752E40360): 2
LogDevObjectVersion:   Dev-Networking (A4E4105C-59A1-49B5-A7C5-40C4547EDFEE): 0
LogDevObjectVersion:   Dev-Online (39C831C9-5AE6-47DC-9A44-9C173E1C8E7C): 0
LogDevObjectVersion:   Dev-Physics (78F01B33-EBEA-4F98-B9B4-84EACCB95AA2): 4
LogDevObjectVersion:   Dev-Platform (6631380F-2D4D-43E0-8009-CF276956A95A): 0
LogDevObjectVersion:   Dev-Rendering (12F88B9F-8875-4AFC-A67C-D90C383ABD29): 43
LogDevObjectVersion:   Dev-Sequencer (7B5AE74C-D270-4C10-A958-57980B212A5A): 12
LogDevObjectVersion:   Dev-VR (D7296918-1DD6-4BDD-9DE2-64A83CC13884): 3
LogDevObjectVersion:   Dev-LoadTimes (C2A15278-BFE7-4AFE-6C17-90FF531DF755): 1
LogDevObjectVersion:   Private-Geometry (6EACA3D4-40EC-4CC1-B786-8BED09428FC5): 3
LogDevObjectVersion:   Dev-AnimPhys (29E575DD-E0A3-4627-9D10-D276232CDCEA): 17
LogDevObjectVersion:   Dev-Anim (AF43A65D-7FD3-4947-9873-3E8ED9C1BB05): 7
LogDevObjectVersion:   Dev-ReflectionCapture (6B266CEC-1EC7-4B8F-A30B-E4D90942FC07): 1
LogDevObjectVersion:   Dev-Automation (0DF73D61-A23F-47EA-B727-89E90C41499A): 1
LogDevObjectVersion:   FortniteMain (601D1886-AC64-4F84-AA16-D3DE0DEAC7D6): 31
LogDevObjectVersion:   Dev-Enterprise (9DFFBCD6-494F-0158-E221-12823C92A888): 10
LogDevObjectVersion:   Dev-Niagara (F2AED0AC-9AFE-416F-8664-AA7FFA26D6FC): 1
LogDevObjectVersion:   Dev-Destruction (174F1F0B-B4C6-45A5-B13F-2EE8D0FB917D): 10
LogDevObjectVersion:   Dev-Physics-Ext (35F94A83-E258-406C-A318-09F59610247C): 37
LogDevObjectVersion:   Dev-PhysicsMaterial-Chaos (B68FC16E-8B1B-42E2-B453-215C058844FE): 1
LogDevObjectVersion:   Dev-CineCamera (B2E18506-4273-CFC2-A54E-F4BB758BBA07): 1
LogInit: Presizing for max 25165824 objects, including 0 objects not considered by GC, pre-allocating 0 bytes for permanent pool.
LogConfig: Applying CVar settings from Section [/Script/Engine.StreamingSettings] File [C:/Users/44770/Documents/TSE_24_NEWUSETHISONE/uol_TSE_Team24/MyProject/Saved/Config/Windows/Engine.ini]
LogConfig: Setting CVar [[s.MinBulkDataSizeForAsyncLoading:131072]]
LogConfig: Setting CVar [[s.AsyncLoadingThreadEnabled:0]]
LogConfig: Setting CVar [[s.EventDrivenLoaderEnabled:1]]
LogConfig: Setting CVar [[s.WarnIfTimeLimitExceeded:0]]
LogConfig: Setting CVar [[s.TimeLimitExceededMultiplier:1.5]]
LogConfig: Setting CVar [[s.TimeLimitExceededMinTime:0.005]]
LogConfig: Setting CVar [[s.UseBackgroundLevelStreaming:1]]
LogConfig: Setting CVar [[s.PriorityAsyncLoadingExtraTime:15.0]]
LogConfig: Setting CVar [[s.LevelStreamingActorsUpdateTimeLimit:5.0]]
LogConfig: Setting CVar [[s.PriorityLevelStreamingActorsUpdateExtraTime:5.0]]
LogConfig: Setting CVar [[s.LevelStreamingComponentsRegistrationGranularity:10]]
LogConfig: Setting CVar [[s.UnregisterComponentsTimeLimit:1.0]]
LogConfig: Setting CVar [[s.LevelStreamingComponentsUnregistrationGranularity:5]]
LogConfig: Setting CVar [[s.FlushStreamingOnExit:1]]
LogInit: Object subsystem initialized
LogConfig: Setting CVar [[con.DebugEarlyDefault:1]]
LogConfig: Setting CVar [[r.setres:1280x720]]
[2021.04.26-03.54.43:873][  0]LogConfig: Setting CVar [[r.VSync:0]]
[2021.04.26-03.54.43:873][  0]LogConfig: Setting CVar [[r.RHICmdBypass:0]]
[2021.04.26-03.54.43:873][  0]LogConfig: Applying CVar settings from Section [/Script/Engine.RendererSettings] File [C:/Users/44770/Documents/TSE_24_NEWUSETHISONE/uol_TSE_Team24/MyProject/Saved/Config/Windows/Engine.ini]
[2021.04.26-03.54.43:873][  0]LogConfig: Setting CVar [[r.GPUCrashDebugging:0]]
[2021.04.26-03.54.43:873][  0]LogConfig: Applying CVar settings from Section [/Script/Engine.RendererOverrideSettings] File [C:/Users/44770/Documents/TSE_24_NEWUSETHISONE/uol_TSE_Team24/MyProject/Saved/Config/Windows/Engine.ini]
[2021.04.26-03.54.43:873][  0]LogConfig: Applying CVar settings from Section [/Script/Engine.StreamingSettings] File [C:/Users/44770/Documents/TSE_24_NEWUSETHISONE/uol_TSE_Team24/MyProject/Saved/Config/Windows/Engine.ini]
[2021.04.26-03.54.43:873][  0]LogConfig: Setting CVar [[s.MinBulkDataSizeForAsyncLoading:131072]]
[2021.04.26-03.54.43:873][  0]LogConfig: Setting CVar [[s.AsyncLoadingThreadEnabled:0]]
[2021.04.26-03.54.43:873][  0]LogConfig: Setting CVar [[s.EventDrivenLoaderEnabled:1]]
[2021.04.26-03.54.43:873][  0]LogConfig: Setting CVar [[s.WarnIfTimeLimitExceeded:0]]
[2021.04.26-03.54.43:873][  0]LogConfig: Setting CVar [[s.TimeLimitExceededMultiplier:1.5]]
[2021.04.26-03.54.43:873][  0]LogConfig: Setting CVar [[s.TimeLimitExceededMinTime:0.005]]
[2021.04.26-03.54.43:873][  0]LogConfig: Setting CVar [[s.UseBackgroundLevelStreaming:1]]
[2021.04.26-03.54.43:873][  0]LogConfig: Setting CVar [[s.PriorityAsyncLoadingExtraTime:15.0]]
[2021.04.26-03.54.43:873][  0]LogConfig: Setting CVar [[s.LevelStreamingActorsUpdateTimeLimit:5.0]]
[2021.04.26-03.54.43:873][  0]LogConfig: Setting CVar [[s.PriorityLevelStreamingActorsUpdateExtraTime:5.0]]
[2021.04.26-03.54.43:873][  0]LogConfig: Setting CVar [[s.LevelStreamingComponentsRegistrationGranularity:10]]
[2021.04.26-03.54.43:873][  0]LogConfig: Setting CVar [[s.UnregisterComponentsTimeLimit:1.0]]
[2021.04.26-03.54.43:873][  0]LogConfig: Setting CVar [[s.LevelStreamingComponentsUnregistrationGranularity:5]]
[2021.04.26-03.54.43:873][  0]LogConfig: Setting CVar [[s.FlushStreamingOnExit:1]]
[2021.04.26-03.54.43:873][  0]LogConfig: Applying CVar settings from Section [/Script/Engine.GarbageCollectionSettings] File [C:/Users/44770/Documents/TSE_24_NEWUSETHISONE/uol_TSE_Team24/MyProject/Saved/Config/Windows/Engine.ini]
[2021.04.26-03.54.43:873][  0]LogConfig: Setting CVar [[gc.MaxObjectsNotConsideredByGC:1]]
[2021.04.26-03.54.43:873][  0]LogConfig: Setting CVar [[gc.SizeOfPermanentObjectPool:0]]
[2021.04.26-03.54.43:873][  0]LogConfig: Setting CVar [[gc.FlushStreamingOnGC:0]]
[2021.04.26-03.54.43:873][  0]LogConfig: Setting CVar [[gc.NumRetriesBeforeForcingGC:10]]
[2021.04.26-03.54.43:873][  0]LogConfig: Setting CVar [[gc.AllowParallelGC:1]]
[2021.04.26-03.54.43:874][  0]LogConfig: Setting CVar [[gc.TimeBetweenPurgingPendingKillObjects:61.1]]
[2021.04.26-03.54.43:874][  0]LogConfig: Setting CVar [[gc.MaxObjectsInEditor:25165824]]
[2021.04.26-03.54.43:874][  0]LogConfig: Setting CVar [[gc.IncrementalBeginDestroyEnabled:1]]
[2021.04.26-03.54.43:874][  0]LogConfig: Setting CVar [[gc.CreateGCClusters:1]]
[2021.04.26-03.54.43:874][  0]LogConfig: Setting CVar [[gc.MinGCClusterSize:5]]
[2021.04.26-03.54.43:874][  0]LogConfig: Setting CVar [[gc.ActorClusteringEnabled:0]]
[2021.04.26-03.54.43:874][  0]LogConfig: Setting CVar [[gc.BlueprintClusteringEnabled:0]]
[2021.04.26-03.54.43:874][  0]LogConfig: Setting CVar [[gc.UseDisregardForGCOnDedicatedServers:0]]
[2021.04.26-03.54.43:874][  0]LogConfig: Applying CVar settings from Section [/Script/Engine.NetworkSettings] File [C:/Users/44770/Documents/TSE_24_NEWUSETHISONE/uol_TSE_Team24/MyProject/Saved/Config/Windows/Engine.ini]
[2021.04.26-03.54.43:874][  0]LogConfig: Applying CVar settings from Section [/Script/UnrealEd.CookerSettings] File [C:/Users/44770/Documents/TSE_24_NEWUSETHISONE/uol_TSE_Team24/MyProject/Saved/Config/Windows/Engine.ini]
[2021.04.26-03.54.43:878][  0]LogConfig: Applying CVar settings from Section [ViewDistanceQuality@3] File [C:/Users/44770/Documents/TSE_24_NEWUSETHISONE/uol_TSE_Team24/MyProject/Saved/Config/Windows/Scalability.ini]
[2021.04.26-03.54.43:878][  0]LogConfig: Setting CVar [[r.SkeletalMeshLODBias:0]]
[2021.04.26-03.54.43:879][  0]LogConfig: Setting CVar [[r.ViewDistanceScale:1.0]]
[2021.04.26-03.54.43:879][  0]LogConfig: Applying CVar settings from Section [AntiAliasingQuality@3] File [C:/Users/44770/Documents/TSE_24_NEWUSETHISONE/uol_TSE_Team24/MyProject/Saved/Config/Windows/Scalability.ini]
[2021.04.26-03.54.43:879][  0]LogConfig: Setting CVar [[r.PostProcessAAQuality:4]]
[2021.04.26-03.54.43:879][  0]LogConfig: Applying CVar settings from Section [ShadowQuality@3] File [C:/Users/44770/Documents/TSE_24_NEWUSETHISONE/uol_TSE_Team24/MyProject/Saved/Config/Windows/Scalability.ini]
[2021.04.26-03.54.43:879][  0]LogConfig: Setting CVar [[r.LightFunctionQuality:1]]
[2021.04.26-03.54.43:879][  0]LogConfig: Setting CVar [[r.ShadowQuality:5]]
[2021.04.26-03.54.43:879][  0]LogConfig: Setting CVar [[r.Shadow.CSM.MaxCascades:10]]
[2021.04.26-03.54.43:879][  0]LogConfig: Setting CVar [[r.Shadow.MaxResolution:2048]]
[2021.04.26-03.54.43:879][  0]LogConfig: Setting CVar [[r.Shadow.MaxCSMResolution:2048]]
[2021.04.26-03.54.43:879][  0]LogConfig: Setting CVar [[r.Shadow.RadiusThreshold:0.01]]
[2021.04.26-03.54.43:879][  0]LogConfig: Setting CVar [[r.Shadow.DistanceScale:1.0]]
[2021.04.26-03.54.43:879][  0]LogConfig: Setting CVar [[r.Shadow.CSM.TransitionScale:1.0]]
[2021.04.26-03.54.43:879][  0]LogConfig: Setting CVar [[r.Shadow.PreShadowResolutionFactor:1.0]]
[2021.04.26-03.54.43:879][  0]LogConfig: Setting CVar [[r.DistanceFieldShadowing:1]]
[2021.04.26-03.54.43:879][  0]LogConfig: Setting CVar [[r.DistanceFieldAO:1]]
[2021.04.26-03.54.43:879][  0]LogConfig: Setting CVar [[r.AOQuality:2]]
[2021.04.26-03.54.43:879][  0]LogConfig: Setting CVar [[r.VolumetricFog:1]]
[2021.04.26-03.54.43:879][  0]LogConfig: Setting CVar [[r.VolumetricFog.GridPixelSize:8]]
[2021.04.26-03.54.43:879][  0]LogConfig: Setting CVar [[r.VolumetricFog.GridSizeZ:128]]
[2021.04.26-03.54.43:879][  0]LogConfig: Setting CVar [[r.VolumetricFog.HistoryMissSupersampleCount:4]]
[2021.04.26-03.54.43:879][  0]LogConfig: Setting CVar [[r.LightMaxDrawDistanceScale:1]]
[2021.04.26-03.54.43:879][  0]LogConfig: Setting CVar [[r.CapsuleShadows:1]]
[2021.04.26-03.54.43:879][  0]LogConfig: Applying CVar settings from Section [PostProcessQuality@3] File [C:/Users/44770/Documents/TSE_24_NEWUSETHISONE/uol_TSE_Team24/MyProject/Saved/Config/Windows/Scalability.ini]
[2021.04.26-03.54.43:879][  0]LogConfig: Setting CVar [[r.MotionBlurQuality:4]]
[2021.04.26-03.54.43:879][  0]LogConfig: Setting CVar [[r.AmbientOcclusionMipLevelFactor:0.4]]
[2021.04.26-03.54.43:879][  0]LogConfig: Setting CVar [[r.AmbientOcclusionMaxQuality:100]]
[2021.04.26-03.54.43:879][  0]LogConfig: Setting CVar [[r.AmbientOcclusionLevels:-1]]
[2021.04.26-03.54.43:879][  0]LogConfig: Setting CVar [[r.AmbientOcclusionRadiusScale:1.0]]
[2021.04.26-03.54.43:879][  0]LogConfig: Setting CVar [[r.DepthOfFieldQuality:2]]
[2021.04.26-03.54.43:879][  0]LogConfig: Setting CVar [[r.RenderTargetPoolMin:400]]
[2021.04.26-03.54.43:879][  0]LogConfig: Setting CVar [[r.LensFlareQuality:2]]
[2021.04.26-03.54.43:879][  0]LogConfig: Setting CVar [[r.SceneColorFringeQuality:1]]
[2021.04.26-03.54.43:879][  0]LogConfig: Setting CVar [[r.EyeAdaptationQuality:2]]
[2021.04.26-03.54.43:879][  0]LogConfig: Setting CVar [[r.BloomQuality:5]]
[2021.04.26-03.54.43:879][  0]LogConfig: Setting CVar [[r.FastBlurThreshold:100]]
[2021.04.26-03.54.43:879][  0]LogConfig: Setting CVar [[r.Upscale.Quality:3]]
[2021.04.26-03.54.43:879][  0]LogConfig: Setting CVar [[r.Tonemapper.GrainQuantization:1]]
[2021.04.26-03.54.43:879][  0]LogConfig: Setting CVar [[r.LightShaftQuality:1]]
[2021.04.26-03.54.43:879][  0]LogConfig: Setting CVar [[r.Filter.SizeScale:1]]
[2021.04.26-03.54.43:879][  0]LogConfig: Setting CVar [[r.Tonemapper.Quality:5]]
[2021.04.26-03.54.43:879][  0]LogConfig: Setting CVar [[r.DOF.Gather.AccumulatorQuality:1        ; higher gathering accumulator quality]]
[2021.04.26-03.54.43:879][  0]LogConfig: Setting CVar [[r.DOF.Gather.PostfilterMethod:1          ; Median3x3 postfilering method]]
[2021.04.26-03.54.43:879][  0]LogConfig: Setting CVar [[r.DOF.Gather.EnableBokehSettings:0       ; no bokeh simulation when gathering]]
[2021.04.26-03.54.43:879][  0]LogConfig: Setting CVar [[r.DOF.Gather.RingCount:4                 ; medium number of samples when gathering]]
[2021.04.26-03.54.43:880][  0]LogConfig: Setting CVar [[r.DOF.Scatter.ForegroundCompositing:1    ; additive foreground scattering]]
[2021.04.26-03.54.43:880][  0]LogConfig: Setting CVar [[r.DOF.Scatter.BackgroundCompositing:2    ; additive background scattering]]
[2021.04.26-03.54.43:880][  0]LogConfig: Setting CVar [[r.DOF.Scatter.EnableBokehSettings:1      ; bokeh simulation when scattering]]
[2021.04.26-03.54.43:880][  0]LogConfig: Setting CVar [[r.DOF.Scatter.MaxSpriteRatio:0.1         ; only a maximum of 10% of scattered bokeh]]
[2021.04.26-03.54.43:880][  0]LogConfig: Setting CVar [[r.DOF.Recombine.Quality:1                ; cheap slight out of focus]]
[2021.04.26-03.54.43:880][  0]LogConfig: Setting CVar [[r.DOF.Recombine.EnableBokehSettings:0    ; no bokeh simulation on slight out of focus]]
[2021.04.26-03.54.43:880][  0]LogConfig: Setting CVar [[r.DOF.TemporalAAQuality:1                ; more stable temporal accumulation]]
[2021.04.26-03.54.43:880][  0]LogConfig: Setting CVar [[r.DOF.Kernel.MaxForegroundRadius:0.025]]
[2021.04.26-03.54.43:880][  0]LogConfig: Setting CVar [[r.DOF.Kernel.MaxBackgroundRadius:0.025]]
[2021.04.26-03.54.43:880][  0]LogConfig: Applying CVar settings from Section [TextureQuality@3] File [C:/Users/44770/Documents/TSE_24_NEWUSETHISONE/uol_TSE_Team24/MyProject/Saved/Config/Windows/Scalability.ini]
[2021.04.26-03.54.43:880][  0]LogConfig: Setting CVar [[r.Streaming.MipBias:0]]
[2021.04.26-03.54.43:880][  0]LogConfig: Setting CVar [[r.Streaming.AmortizeCPUToGPUCopy:0]]
[2021.04.26-03.54.43:880][  0]LogConfig: Setting CVar [[r.Streaming.MaxNumTexturesToStreamPerFrame:0]]
[2021.04.26-03.54.43:880][  0]LogConfig: Setting CVar [[r.Streaming.Boost:1]]
[2021.04.26-03.54.43:880][  0]LogConfig: Setting CVar [[r.MaxAnisotropy:8]]
[2021.04.26-03.54.43:880][  0]LogConfig: Setting CVar [[r.VT.MaxAnisotropy:8]]
[2021.04.26-03.54.43:880][  0]LogConfig: Setting CVar [[r.Streaming.LimitPoolSizeToVRAM:0]]
[2021.04.26-03.54.43:880][  0]LogConfig: Setting CVar [[r.Streaming.PoolSize:1000]]
[2021.04.26-03.54.43:880][  0]LogConfig: Setting CVar [[r.Streaming.MaxEffectiveScreenSize:0]]
[2021.04.26-03.54.43:880][  0]LogConfig: Applying CVar settings from Section [EffectsQuality@3] File [C:/Users/44770/Documents/TSE_24_NEWUSETHISONE/uol_TSE_Team24/MyProject/Saved/Config/Windows/Scalability.ini]
[2021.04.26-03.54.43:880][  0]LogConfig: Setting CVar [[r.TranslucencyLightingVolumeDim:64]]
[2021.04.26-03.54.43:880][  0]LogConfig: Setting CVar [[r.RefractionQuality:2]]
[2021.04.26-03.54.43:880][  0]LogConfig: Setting CVar [[r.SSR.Quality:3]]
[2021.04.26-03.54.43:880][  0]LogConfig: Setting CVar [[r.SSR.HalfResSceneColor:0]]
[2021.04.26-03.54.43:880][  0]LogConfig: Setting CVar [[r.SceneColorFormat:4]]
[2021.04.26-03.54.43:880][  0]LogConfig: Setting CVar [[r.DetailMode:2]]
[2021.04.26-03.54.43:880][  0]LogConfig: Setting CVar [[r.TranslucencyVolumeBlur:1]]
[2021.04.26-03.54.43:880][  0]LogConfig: Setting CVar [[r.MaterialQualityLevel:1 ; High quality]]
[2021.04.26-03.54.43:880][  0]LogConfig: Setting CVar [[r.SSS.Scale:1]]
[2021.04.26-03.54.43:880][  0]LogConfig: Setting CVar [[r.SSS.SampleSet:2]]
[2021.04.26-03.54.43:880][  0]LogConfig: Setting CVar [[r.SSS.Quality:1]]
[2021.04.26-03.54.43:880][  0]LogConfig: Setting CVar [[r.SSS.HalfRes:0]]
[2021.04.26-03.54.43:880][  0]LogConfig: Setting CVar [[r.SSGI.Quality:3]]
[2021.04.26-03.54.43:880][  0]LogConfig: Setting CVar [[r.EmitterSpawnRateScale:1.0]]
[2021.04.26-03.54.43:880][  0]LogConfig: Setting CVar [[r.ParticleLightQuality:2]]
[2021.04.26-03.54.43:880][  0]LogConfig: Setting CVar [[r.SkyAtmosphere.AerialPerspectiveLUT.FastApplyOnOpaque:1 ; Always have FastSkyLUT 1 in this case to avoid wrong sky]]
[2021.04.26-03.54.43:880][  0]LogConfig: Setting CVar [[r.SkyAtmosphere.AerialPerspectiveLUT.SampleCountPerSlice:1]]
[2021.04.26-03.54.43:880][  0]LogConfig: Setting CVar [[r.SkyAtmosphere.AerialPerspectiveLUT.DepthResolution:16.0]]
[2021.04.26-03.54.43:880][  0]LogConfig: Setting CVar [[r.SkyAtmosphere.FastSkyLUT:1]]
[2021.04.26-03.54.43:880][  0]LogConfig: Setting CVar [[r.SkyAtmosphere.FastSkyLUT.SampleCountMin:4.0]]
[2021.04.26-03.54.43:880][  0]LogConfig: Setting CVar [[r.SkyAtmosphere.FastSkyLUT.SampleCountMax:32.0]]
[2021.04.26-03.54.43:880][  0]LogConfig: Setting CVar [[r.SkyAtmosphere.SampleCountMin:4.0]]
[2021.04.26-03.54.43:880][  0]LogConfig: Setting CVar [[r.SkyAtmosphere.SampleCountMax:32.0]]
[2021.04.26-03.54.43:880][  0]LogConfig: Setting CVar [[r.SkyAtmosphere.TransmittanceLUT.UseSmallFormat:0]]
[2021.04.26-03.54.43:880][  0]LogConfig: Setting CVar [[r.SkyAtmosphere.TransmittanceLUT.SampleCount:10.0]]
[2021.04.26-03.54.43:880][  0]LogConfig: Setting CVar [[r.SkyAtmosphere.MultiScatteringLUT.SampleCount:15.0]]
[2021.04.26-03.54.43:881][  0]LogConfig: Applying CVar settings from Section [FoliageQuality@3] File [C:/Users/44770/Documents/TSE_24_NEWUSETHISONE/uol_TSE_Team24/MyProject/Saved/Config/Windows/Scalability.ini]
[2021.04.26-03.54.43:881][  0]LogConfig: Setting CVar [[foliage.DensityScale:1.0]]
[2021.04.26-03.54.43:881][  0]LogConfig: Setting CVar [[grass.DensityScale:1.0]]
[2021.04.26-03.54.43:881][  0]LogConfig: Applying CVar settings from Section [ShadingQuality@3] File [C:/Users/44770/Documents/TSE_24_NEWUSETHISONE/uol_TSE_Team24/MyProject/Saved/Config/Windows/Scalability.ini]
[2021.04.26-03.54.43:881][  0]LogConfig: Setting CVar [[r.HairStrands.SkyLighting.SampleCount:16]]
[2021.04.26-03.54.43:881][  0]LogConfig: Setting CVar [[r.HairStrands.SkyLighting.JitterIntegration:0]]
[2021.04.26-03.54.43:881][  0]LogConfig: Setting CVar [[r.HairStrands.SkyAO.SampleCount:16]]
[2021.04.26-03.54.43:881][  0]LogConfig: Setting CVar [[r.HairStrands.DeepShadow.SuperSampling:0]]
[2021.04.26-03.54.43:881][  0]LogConfig: Setting CVar [[r.HairStrands.VisibilityPPLL:0]]
[2021.04.26-03.54.43:881][  0]LogConfig: Setting CVar [[r.HairStrands.RasterizationScale:0.5]]
[2021.04.26-03.54.43:881][  0]LogConfig: Setting CVar [[r.HairStrands.VelocityRasterizationScale:1]]
[2021.04.26-03.54.43:881][  0]LogInit: Selected Device Profile: [Windows]
[2021.04.26-03.54.43:881][  0]LogInit: Applying CVar settings loaded from the selected device profile: [Windows]
[2021.04.26-03.54.43:881][  0]LogHAL: Display: Platform has ~ 12 GB [12736229376 / 17179869184 / 12], which maps to Larger [LargestMinGB=32, LargerMinGB=12, DefaultMinGB=8, SmallerMinGB=6, SmallestMinGB=0)
[2021.04.26-03.54.43:881][  0]LogInit: Going up to parent DeviceProfile []
[2021.04.26-03.54.43:881][  0]LogConfig: Applying CVar settings from Section [ViewDistanceQuality@3] File [C:/Users/44770/Documents/TSE_24_NEWUSETHISONE/uol_TSE_Team24/MyProject/Saved/Config/Windows/Scalability.ini]
[2021.04.26-03.54.43:881][  0]LogConfig: Setting CVar [[r.SkeletalMeshLODBias:0]]
[2021.04.26-03.54.43:881][  0]LogConfig: Setting CVar [[r.ViewDistanceScale:1.0]]
[2021.04.26-03.54.43:881][  0]LogConfig: Applying CVar settings from Section [AntiAliasingQuality@3] File [C:/Users/44770/Documents/TSE_24_NEWUSETHISONE/uol_TSE_Team24/MyProject/Saved/Config/Windows/Scalability.ini]
[2021.04.26-03.54.43:881][  0]LogConfig: Setting CVar [[r.PostProcessAAQuality:4]]
[2021.04.26-03.54.43:881][  0]LogConfig: Applying CVar settings from Section [ShadowQuality@3] File [C:/Users/44770/Documents/TSE_24_NEWUSETHISONE/uol_TSE_Team24/MyProject/Saved/Config/Windows/Scalability.ini]
[2021.04.26-03.54.43:881][  0]LogConfig: Setting CVar [[r.LightFunctionQuality:1]]
[2021.04.26-03.54.43:881][  0]LogConfig: Setting CVar [[r.ShadowQuality:5]]
[2021.04.26-03.54.43:881][  0]LogConfig: Setting CVar [[r.Shadow.CSM.MaxCascades:10]]
[2021.04.26-03.54.43:881][  0]LogConfig: Setting CVar [[r.Shadow.MaxResolution:2048]]
[2021.04.26-03.54.43:881][  0]LogConfig: Setting CVar [[r.Shadow.MaxCSMResolution:2048]]
[2021.04.26-03.54.43:881][  0]LogConfig: Setting CVar [[r.Shadow.RadiusThreshold:0.01]]
[2021.04.26-03.54.43:881][  0]LogConfig: Setting CVar [[r.Shadow.DistanceScale:1.0]]
[2021.04.26-03.54.43:881][  0]LogConfig: Setting CVar [[r.Shadow.CSM.TransitionScale:1.0]]
[2021.04.26-03.54.43:881][  0]LogConfig: Setting CVar [[r.Shadow.PreShadowResolutionFactor:1.0]]
[2021.04.26-03.54.43:881][  0]LogConfig: Setting CVar [[r.DistanceFieldShadowing:1]]
[2021.04.26-03.54.43:881][  0]LogConfig: Setting CVar [[r.DistanceFieldAO:1]]
[2021.04.26-03.54.43:881][  0]LogConfig: Setting CVar [[r.AOQuality:2]]
[2021.04.26-03.54.43:881][  0]LogConfig: Setting CVar [[r.VolumetricFog:1]]
[2021.04.26-03.54.43:881][  0]LogConfig: Setting CVar [[r.VolumetricFog.GridPixelSize:8]]
[2021.04.26-03.54.43:881][  0]LogConfig: Setting CVar [[r.VolumetricFog.GridSizeZ:128]]
[2021.04.26-03.54.43:881][  0]LogConfig: Setting CVar [[r.VolumetricFog.HistoryMissSupersampleCount:4]]
[2021.04.26-03.54.43:881][  0]LogConfig: Setting CVar [[r.LightMaxDrawDistanceScale:1]]
[2021.04.26-03.54.43:882][  0]LogConfig: Setting CVar [[r.CapsuleShadows:1]]
[2021.04.26-03.54.43:882][  0]LogConfig: Applying CVar settings from Section [PostProcessQuality@3] File [C:/Users/44770/Documents/TSE_24_NEWUSETHISONE/uol_TSE_Team24/MyProject/Saved/Config/Windows/Scalability.ini]
[2021.04.26-03.54.43:882][  0]LogConfig: Setting CVar [[r.MotionBlurQuality:4]]
[2021.04.26-03.54.43:882][  0]LogConfig: Setting CVar [[r.AmbientOcclusionMipLevelFactor:0.4]]
[2021.04.26-03.54.43:882][  0]LogConfig: Setting CVar [[r.AmbientOcclusionMaxQuality:100]]
[2021.04.26-03.54.43:882][  0]LogConfig: Setting CVar [[r.AmbientOcclusionLevels:-1]]
[2021.04.26-03.54.43:882][  0]LogConfig: Setting CVar [[r.AmbientOcclusionRadiusScale:1.0]]
[2021.04.26-03.54.43:882][  0]LogConfig: Setting CVar [[r.DepthOfFieldQuality:2]]
[2021.04.26-03.54.43:882][  0]LogConfig: Setting CVar [[r.RenderTargetPoolMin:400]]
[2021.04.26-03.54.43:882][  0]LogConfig: Setting CVar [[r.LensFlareQuality:2]]
[2021.04.26-03.54.43:882][  0]LogConfig: Setting CVar [[r.SceneColorFringeQuality:1]]
[2021.04.26-03.54.43:882][  0]LogConfig: Setting CVar [[r.EyeAdaptationQuality:2]]
[2021.04.26-03.54.43:882][  0]LogConfig: Setting CVar [[r.BloomQuality:5]]
[2021.04.26-03.54.43:882][  0]LogConfig: Setting CVar [[r.FastBlurThreshold:100]]
[2021.04.26-03.54.43:882][  0]LogConfig: Setting CVar [[r.Upscale.Quality:3]]
[2021.04.26-03.54.43:882][  0]LogConfig: Setting CVar [[r.Tonemapper.GrainQuantization:1]]
[2021.04.26-03.54.43:882][  0]LogConfig: Setting CVar [[r.LightShaftQuality:1]]
[2021.04.26-03.54.43:882][  0]LogConfig: Setting CVar [[r.Filter.SizeScale:1]]
[2021.04.26-03.54.43:882][  0]LogConfig: Setting CVar [[r.Tonemapper.Quality:5]]
[2021.04.26-03.54.43:882][  0]LogConfig: Setting CVar [[r.DOF.Gather.AccumulatorQuality:1        ; higher gathering accumulator quality]]
[2021.04.26-03.54.43:882][  0]LogConfig: Setting CVar [[r.DOF.Gather.PostfilterMethod:1          ; Median3x3 postfilering method]]
[2021.04.26-03.54.43:882][  0]LogConfig: Setting CVar [[r.DOF.Gather.EnableBokehSettings:0       ; no bokeh simulation when gathering]]
[2021.04.26-03.54.43:882][  0]LogConfig: Setting CVar [[r.DOF.Gather.RingCount:4                 ; medium number of samples when gathering]]
[2021.04.26-03.54.43:882][  0]LogConfig: Setting CVar [[r.DOF.Scatter.ForegroundCompositing:1    ; additive foreground scattering]]
[2021.04.26-03.54.43:882][  0]LogConfig: Setting CVar [[r.DOF.Scatter.BackgroundCompositing:2    ; additive background scattering]]
[2021.04.26-03.54.43:882][  0]LogConfig: Setting CVar [[r.DOF.Scatter.EnableBokehSettings:1      ; bokeh simulation when scattering]]
[2021.04.26-03.54.43:882][  0]LogConfig: Setting CVar [[r.DOF.Scatter.MaxSpriteRatio:0.1         ; only a maximum of 10% of scattered bokeh]]
[2021.04.26-03.54.43:882][  0]LogConfig: Setting CVar [[r.DOF.Recombine.Quality:1                ; cheap slight out of focus]]
[2021.04.26-03.54.43:882][  0]LogConfig: Setting CVar [[r.DOF.Recombine.EnableBokehSettings:0    ; no bokeh simulation on slight out of focus]]
[2021.04.26-03.54.43:882][  0]LogConfig: Setting CVar [[r.DOF.TemporalAAQuality:1                ; more stable temporal accumulation]]
[2021.04.26-03.54.43:882][  0]LogConfig: Setting CVar [[r.DOF.Kernel.MaxForegroundRadius:0.025]]
[2021.04.26-03.54.43:882][  0]LogConfig: Setting CVar [[r.DOF.Kernel.MaxBackgroundRadius:0.025]]
[2021.04.26-03.54.43:882][  0]LogConfig: Applying CVar settings from Section [TextureQuality@3] File [C:/Users/44770/Documents/TSE_24_NEWUSETHISONE/uol_TSE_Team24/MyProject/Saved/Config/Windows/Scalability.ini]
[2021.04.26-03.54.43:882][  0]LogConfig: Setting CVar [[r.Streaming.MipBias:0]]
[2021.04.26-03.54.43:882][  0]LogConfig: Setting CVar [[r.Streaming.AmortizeCPUToGPUCopy:0]]
[2021.04.26-03.54.43:882][  0]LogConfig: Setting CVar [[r.Streaming.MaxNumTexturesToStreamPerFrame:0]]
[2021.04.26-03.54.43:882][  0]LogConfig: Setting CVar [[r.Streaming.Boost:1]]
[2021.04.26-03.54.43:882][  0]LogConfig: Setting CVar [[r.MaxAnisotropy:8]]
[2021.04.26-03.54.43:882][  0]LogConfig: Setting CVar [[r.VT.MaxAnisotropy:8]]
[2021.04.26-03.54.43:882][  0]LogConfig: Setting CVar [[r.Streaming.LimitPoolSizeToVRAM:0]]
[2021.04.26-03.54.43:882][  0]LogConfig: Setting CVar [[r.Streaming.PoolSize:1000]]
[2021.04.26-03.54.43:882][  0]LogConfig: Setting CVar [[r.Streaming.MaxEffectiveScreenSize:0]]
[2021.04.26-03.54.43:882][  0]LogConfig: Applying CVar settings from Section [EffectsQuality@3] File [C:/Users/44770/Documents/TSE_24_NEWUSETHISONE/uol_TSE_Team24/MyProject/Saved/Config/Windows/Scalability.ini]
[2021.04.26-03.54.43:882][  0]LogConfig: Setting CVar [[r.TranslucencyLightingVolumeDim:64]]
[2021.04.26-03.54.43:882][  0]LogConfig: Setting CVar [[r.RefractionQuality:2]]
[2021.04.26-03.54.43:882][  0]LogConfig: Setting CVar [[r.SSR.Quality:3]]
[2021.04.26-03.54.43:883][  0]LogConfig: Setting CVar [[r.SSR.HalfResSceneColor:0]]
[2021.04.26-03.54.43:883][  0]LogConfig: Setting CVar [[r.SceneColorFormat:4]]
[2021.04.26-03.54.43:883][  0]LogConfig: Setting CVar [[r.DetailMode:2]]
[2021.04.26-03.54.43:883][  0]LogConfig: Setting CVar [[r.TranslucencyVolumeBlur:1]]
[2021.04.26-03.54.43:883][  0]LogConfig: Setting CVar [[r.MaterialQualityLevel:1 ; High quality]]
[2021.04.26-03.54.43:883][  0]LogConfig: Setting CVar [[r.SSS.Scale:1]]
[2021.04.26-03.54.43:883][  0]LogConfig: Setting CVar [[r.SSS.SampleSet:2]]
[2021.04.26-03.54.43:883][  0]LogConfig: Setting CVar [[r.SSS.Quality:1]]
[2021.04.26-03.54.43:883][  0]LogConfig: Setting CVar [[r.SSS.HalfRes:0]]
[2021.04.26-03.54.43:883][  0]LogConfig: Setting CVar [[r.SSGI.Quality:3]]
[2021.04.26-03.54.43:883][  0]LogConfig: Setting CVar [[r.EmitterSpawnRateScale:1.0]]
[2021.04.26-03.54.43:883][  0]LogConfig: Setting CVar [[r.ParticleLightQuality:2]]
[2021.04.26-03.54.43:883][  0]LogConfig: Setting CVar [[r.SkyAtmosphere.AerialPerspectiveLUT.FastApplyOnOpaque:1 ; Always have FastSkyLUT 1 in this case to avoid wrong sky]]
[2021.04.26-03.54.43:883][  0]LogConfig: Setting CVar [[r.SkyAtmosphere.AerialPerspectiveLUT.SampleCountPerSlice:1]]
[2021.04.26-03.54.43:883][  0]LogConfig: Setting CVar [[r.SkyAtmosphere.AerialPerspectiveLUT.DepthResolution:16.0]]
[2021.04.26-03.54.43:883][  0]LogConfig: Setting CVar [[r.SkyAtmosphere.FastSkyLUT:1]]
[2021.04.26-03.54.43:883][  0]LogConfig: Setting CVar [[r.SkyAtmosphere.FastSkyLUT.SampleCountMin:4.0]]
[2021.04.26-03.54.43:883][  0]LogConfig: Setting CVar [[r.SkyAtmosphere.FastSkyLUT.SampleCountMax:32.0]]
[2021.04.26-03.54.43:883][  0]LogConfig: Setting CVar [[r.SkyAtmosphere.SampleCountMin:4.0]]
[2021.04.26-03.54.43:883][  0]LogConfig: Setting CVar [[r.SkyAtmosphere.SampleCountMax:32.0]]
[2021.04.26-03.54.43:883][  0]LogConfig: Setting CVar [[r.SkyAtmosphere.TransmittanceLUT.UseSmallFormat:0]]
[2021.04.26-03.54.43:883][  0]LogConfig: Setting CVar [[r.SkyAtmosphere.TransmittanceLUT.SampleCount:10.0]]
[2021.04.26-03.54.43:883][  0]LogConfig: Setting CVar [[r.SkyAtmosphere.MultiScatteringLUT.SampleCount:15.0]]
[2021.04.26-03.54.43:883][  0]LogConfig: Applying CVar settings from Section [FoliageQuality@3] File [C:/Users/44770/Documents/TSE_24_NEWUSETHISONE/uol_TSE_Team24/MyProject/Saved/Config/Windows/Scalability.ini]
[2021.04.26-03.54.43:883][  0]LogConfig: Setting CVar [[foliage.DensityScale:1.0]]
[2021.04.26-03.54.43:883][  0]LogConfig: Setting CVar [[grass.DensityScale:1.0]]
[2021.04.26-03.54.43:883][  0]LogConfig: Applying CVar settings from Section [ShadingQuality@3] File [C:/Users/44770/Documents/TSE_24_NEWUSETHISONE/uol_TSE_Team24/MyProject/Saved/Config/Windows/Scalability.ini]
[2021.04.26-03.54.43:883][  0]LogConfig: Setting CVar [[r.HairStrands.SkyLighting.SampleCount:16]]
[2021.04.26-03.54.43:883][  0]LogConfig: Setting CVar [[r.HairStrands.SkyLighting.JitterIntegration:0]]
[2021.04.26-03.54.43:883][  0]LogConfig: Setting CVar [[r.HairStrands.SkyAO.SampleCount:16]]
[2021.04.26-03.54.43:883][  0]LogConfig: Setting CVar [[r.HairStrands.DeepShadow.SuperSampling:0]]
[2021.04.26-03.54.43:883][  0]LogConfig: Setting CVar [[r.HairStrands.VisibilityPPLL:0]]
[2021.04.26-03.54.43:883][  0]LogConfig: Setting CVar [[r.HairStrands.RasterizationScale:0.5]]
[2021.04.26-03.54.43:883][  0]LogConfig: Setting CVar [[r.HairStrands.VelocityRasterizationScale:1]]
[2021.04.26-03.54.43:883][  0]LogConfig: Applying CVar settings from Section [Startup] File [../../../Engine/Config/ConsoleVariables.ini]
[2021.04.26-03.54.43:884][  0]LogConfig: Setting CVar [[net.UseAdaptiveNetUpdateFrequency:0]]
[2021.04.26-03.54.43:884][  0]LogConfig: Setting CVar [[p.chaos.AllowCreatePhysxBodies:1]]
[2021.04.26-03.54.43:884][  0]LogConfig: Setting CVar [[fx.SkipVectorVMBackendOptimizations:1]]
[2021.04.26-03.54.43:884][  0]LogConfig: Applying CVar settings from Section [ConsoleVariables] File [C:/Users/44770/Documents/TSE_24_NEWUSETHISONE/uol_TSE_Team24/MyProject/Saved/Config/Windows/Engine.ini]
[2021.04.26-03.54.43:884][  0]LogInit: Computer: DESKTOP-IKLF26Q
[2021.04.26-03.54.43:884][  0]LogInit: User: 44770
[2021.04.26-03.54.43:884][  0]LogInit: CPU Page size=4096, Cores=6
[2021.04.26-03.54.43:884][  0]LogInit: High frequency timer resolution =10.000000 MHz
[2021.04.26-03.54.43:884][  0]LogMemory: Memory total: Physical=11.9GB (12GB approx)
[2021.04.26-03.54.43:884][  0]LogMemory: Platform Memory Stats for Windows
[2021.04.26-03.54.43:884][  0]LogMemory: Process Physical Memory: 116.61 MB used, 116.62 MB peak
[2021.04.26-03.54.43:884][  0]LogMemory: Process Virtual Memory: 103.22 MB used, 103.22 MB peak
[2021.04.26-03.54.43:884][  0]LogMemory: Physical Memory: 7907.61 MB used,  4238.60 MB free, 12146.21 MB total
[2021.04.26-03.54.43:884][  0]LogMemory: Virtual Memory: 5170.93 MB used,  134212560.00 MB free, 134217728.00 MB total
[2021.04.26-03.54.43:894][  0]LogWindows: WindowsPlatformFeatures enabled
[2021.04.26-03.54.43:984][  0]LogInit: Physics initialised using underlying interface: PhysX
[2021.04.26-03.54.43:985][  0]LogInit: Using OS detected language (en-GB).
[2021.04.26-03.54.43:986][  0]LogInit: Using OS detected locale (en-GB).
[2021.04.26-03.54.43:991][  0]LogTextLocalizationManager: No specific localization for 'en-GB' exists, so the 'en' localization will be used.
[2021.04.26-03.54.44:275][  0]LogInit: Setting process to per monitor DPI aware
[2021.04.26-03.54.44:330][  0]LogSlate: New Slate User Created.  User Index 0, Is Virtual User: 0
[2021.04.26-03.54.44:330][  0]LogSlate: Slate User Registered.  User Index 0, Is Virtual User: 0
[2021.04.26-03.54.44:602][  0]LogHMD: Failed to initialize OpenVR with code 110
[2021.04.26-03.54.44:602][  0]LogD3D11RHI: D3D11 min allowed feature level: 11_0
[2021.04.26-03.54.44:602][  0]LogD3D11RHI: D3D11 max allowed feature level: 11_0
[2021.04.26-03.54.44:602][  0]LogD3D11RHI: D3D11 adapters:
[2021.04.26-03.54.44:732][  0]LogD3D11RHI:    0. 'NVIDIA GeForce GTX 1060' (Feature Level 11_0)
[2021.04.26-03.54.44:732][  0]LogD3D11RHI:       6052/0/6073 MB DedicatedVideo/DedicatedSystem/SharedSystem, Outputs:1, VendorId:0x10de
[2021.04.26-03.54.44:760][  0]LogD3D11RHI:    1. 'Intel(R) UHD Graphics 630' (Feature Level 11_0)
[2021.04.26-03.54.44:760][  0]LogD3D11RHI:       128/0/6073 MB DedicatedVideo/DedicatedSystem/SharedSystem, Outputs:0, VendorId:0x8086
[2021.04.26-03.54.44:764][  0]LogD3D11RHI:    2. 'Microsoft Basic Render Driver' (Feature Level 11_0)
[2021.04.26-03.54.44:764][  0]LogD3D11RHI:       0/0/6073 MB DedicatedVideo/DedicatedSystem/SharedSystem, Outputs:0, VendorId:0x1414
[2021.04.26-03.54.44:764][  0]LogD3D11RHI: Chosen D3D11 Adapter: 0
[2021.04.26-03.54.44:777][  0]LogD3D11RHI: Creating new Direct3DDevice
[2021.04.26-03.54.44:777][  0]LogD3D11RHI:     GPU DeviceId: 0x1c20 (for the marketing name, search the web for "GPU Device Id")
[2021.04.26-03.54.44:777][  0]LogWindows: EnumDisplayDevices:
[2021.04.26-03.54.44:777][  0]LogWindows:    0. 'Intel(R) UHD Graphics 630' (P:1 D:1)
[2021.04.26-03.54.44:778][  0]LogWindows:    1. 'Intel(R) UHD Graphics 630' (P:0 D:0)
[2021.04.26-03.54.44:778][  0]LogWindows:    2. 'Intel(R) UHD Graphics 630' (P:0 D:0)
[2021.04.26-03.54.44:779][  0]LogWindows:    3. 'NVIDIA GeForce GTX 1060' (P:0 D:0)
[2021.04.26-03.54.44:779][  0]LogWindows:    4. 'NVIDIA GeForce GTX 1060' (P:0 D:0)
[2021.04.26-03.54.44:780][  0]LogWindows:    5. 'NVIDIA GeForce GTX 1060' (P:0 D:0)
[2021.04.26-03.54.44:780][  0]LogWindows:    6. 'NVIDIA GeForce GTX 1060' (P:0 D:0)
[2021.04.26-03.54.44:780][  0]LogWindows: DebugString: PrimaryIsNotTheChoosenAdapter PrimaryIsNotTheChoosenAdapter PrimaryIsNotTheChoosenAdapter FoundDriverCount:4 
[2021.04.26-03.54.44:780][  0]LogD3D11RHI:     Adapter Name: NVIDIA GeForce GTX 1060
[2021.04.26-03.54.44:780][  0]LogD3D11RHI:   Driver Version: 460.79 (internal:27.21.14.6079, unified:460.79)
[2021.04.26-03.54.44:780][  0]LogD3D11RHI:      Driver Date: 12-3-2020
[2021.04.26-03.54.44:780][  0]LogRHI: Texture pool is 4236 MB (70% of 6052 MB)
[2021.04.26-03.54.44:871][  0]LogD3D11RHI: RHI has support for 64 bit atomics
[2021.04.26-03.54.44:871][  0]LogD3D11RHI: Async texture creation enabled
[2021.04.26-03.54.44:871][  0]LogD3D11RHI: Array index from any shader is supported
[2021.04.26-03.54.44:902][  0]LogD3D11RHI: GPU Timing Frequency: 1000.000000 (Debug: 2 1)
[2021.04.26-03.54.45:404][  0]LogTargetPlatformManager: Display: Loaded TargetPlatform 'AllDesktop'
[2021.04.26-03.54.45:440][  0]LogTargetPlatformManager: Display: Loaded TargetPlatform 'Android'
[2021.04.26-03.54.45:440][  0]LogTargetPlatformManager: Display: Loaded TargetPlatform 'Android_ASTC'
[2021.04.26-03.54.45:440][  0]LogTargetPlatformManager: Display: Loaded TargetPlatform 'Android_DXT'
[2021.04.26-03.54.45:440][  0]LogTargetPlatformManager: Display: Loaded TargetPlatform 'Android_ETC2'
[2021.04.26-03.54.45:440][  0]LogTargetPlatformManager: Display: Loaded TargetPlatform 'AndroidClient'
[2021.04.26-03.54.45:440][  0]LogTargetPlatformManager: Display: Loaded TargetPlatform 'Android_ASTCClient'
[2021.04.26-03.54.45:440][  0]LogTargetPlatformManager: Display: Loaded TargetPlatform 'Android_DXTClient'
[2021.04.26-03.54.45:440][  0]LogTargetPlatformManager: Display: Loaded TargetPlatform 'Android_ETC2Client'
[2021.04.26-03.54.45:440][  0]LogTargetPlatformManager: Display: Loaded TargetPlatform 'Android_Multi'
[2021.04.26-03.54.45:440][  0]LogTargetPlatformManager: Display: Loaded TargetPlatform 'Android_MultiClient'
[2021.04.26-03.54.45:479][  0]LogTargetPlatformManager: Display: Loaded TargetPlatform 'IOSClient'
[2021.04.26-03.54.45:479][  0]LogTargetPlatformManager: Display: Loaded TargetPlatform 'IOS'
[2021.04.26-03.54.45:496][  0]LogTargetPlatformManager: Display: Loaded TargetPlatform 'Linux'
[2021.04.26-03.54.45:511][  0]LogTargetPlatformManager: Display: Loaded TargetPlatform 'LinuxNoEditor'
[2021.04.26-03.54.45:526][  0]LogTargetPlatformManager: Display: Loaded TargetPlatform 'LinuxClient'
[2021.04.26-03.54.45:542][  0]LogTargetPlatformManager: Display: Loaded TargetPlatform 'LinuxServer'
[2021.04.26-03.54.45:558][  0]LogTargetPlatformManager: Display: Loaded TargetPlatform 'LinuxAArch64NoEditor'
[2021.04.26-03.54.45:573][  0]LogTargetPlatformManager: Display: Loaded TargetPlatform 'LinuxAArch64Client'
[2021.04.26-03.54.45:589][  0]LogTargetPlatformManager: Display: Loaded TargetPlatform 'LinuxAArch64Server'
[2021.04.26-03.54.45:635][  0]LogTargetPlatformManager: Display: Loaded TargetPlatform 'Lumin'
[2021.04.26-03.54.45:635][  0]LogTargetPlatformManager: Display: Loaded TargetPlatform 'LuminClient'
[2021.04.26-03.54.45:662][  0]LogTargetPlatformManager: Display: Loaded TargetPlatform 'TVOSClient'
[2021.04.26-03.54.45:662][  0]LogTargetPlatformManager: Display: Loaded TargetPlatform 'TVOS'
[2021.04.26-03.54.45:678][  0]LogTargetPlatformManager: Display: Loaded TargetPlatform 'WindowsNoEditor'
[2021.04.26-03.54.45:693][  0]LogTargetPlatformManager: Display: Loaded TargetPlatform 'Windows'
[2021.04.26-03.54.45:709][  0]LogTargetPlatformManager: Display: Loaded TargetPlatform 'WindowsClient'
[2021.04.26-03.54.45:724][  0]LogTargetPlatformManager: Display: Loaded TargetPlatform 'WindowsServer'
[2021.04.26-03.54.45:724][  0]LogTargetPlatformManager: Display: Building Assets For Windows
[2021.04.26-03.54.45:734][  0]LogAudioDebug: Display: Lib vorbis DLL was dynamically loaded.
[2021.04.26-03.54.45:822][  0]LogShaderCompilers: Guid format shader working directory is -40 characters bigger than the processId version (../../../../../../Users/44770/Documents/TSE_24_NEWUSETHISONE/uol_TSE_Team24/MyProject/Intermediate/Shaders/WorkingDirectory/27592/).
[2021.04.26-03.54.45:823][  0]LogShaderCompilers: Cleaned the shader compiler working directory 'C:/Users/44770/AppData/Local/Temp/UnrealShaderWorkingDir/0FF4E2F84E98A29893A0BABE530A72E4/'.
[2021.04.26-03.54.45:823][  0]LogXGEController: Cannot use XGE Controller as Incredibuild is not installed on this machine.
[2021.04.26-03.54.45:824][  0]LogShaderCompilers: Cannot use XGE Shader Compiler as Incredibuild is not installed on this machine.
[2021.04.26-03.54.45:824][  0]LogShaderCompilers: Display: Using Local Shader Compiler.
[2021.04.26-03.54.47:149][  0]LogDerivedDataCache: Display: Max Cache Size: 512 MB
[2021.04.26-03.54.47:234][  0]LogDerivedDataCache: Loaded boot cache 0.08s 75MB C:/Users/44770/AppData/Local/UnrealEngine/4.25/DerivedDataCache/Boot.ddc.
[2021.04.26-03.54.47:234][  0]LogDerivedDataCache: Display: Loaded Boot cache: C:/Users/44770/AppData/Local/UnrealEngine/4.25/DerivedDataCache/Boot.ddc
[2021.04.26-03.54.47:234][  0]LogDerivedDataCache: FDerivedDataBackendGraph:  Pak pak cache file ../../../../../../Users/44770/Documents/TSE_24_NEWUSETHISONE/uol_TSE_Team24/MyProject/DerivedDataCache/DDC.ddp not found, will not use a pak cache.
[2021.04.26-03.54.47:234][  0]LogDerivedDataCache: Unable to find inner node Pak for hierarchical cache Hierarchy.
[2021.04.26-03.54.47:234][  0]LogDerivedDataCache: FDerivedDataBackendGraph:  CompressedPak pak cache file ../../../../../../Users/44770/Documents/TSE_24_NEWUSETHISONE/uol_TSE_Team24/MyProject/DerivedDataCache/Compressed.ddp not found, will not use a pak cache.
[2021.04.26-03.54.47:234][  0]LogDerivedDataCache: Unable to find inner node CompressedPak for hierarchical cache Hierarchy.
[2021.04.26-03.54.47:252][  0]LogDerivedDataCache: Display: Pak cache opened for reading ../../../Engine/DerivedDataCache/Compressed.ddp.
[2021.04.26-03.54.47:252][  0]LogDerivedDataCache: FDerivedDataBackendGraph:  EnterprisePak pak cache file ../../../Enterprise/DerivedDataCache/Compressed.ddp not found, will not use a pak cache.
[2021.04.26-03.54.47:252][  0]LogDerivedDataCache: Unable to find inner node EnterprisePak for hierarchical cache Hierarchy.
[2021.04.26-03.54.47:254][  0]LogDerivedDataCache: Using Local data cache path C:/Users/44770/AppData/Local/UnrealEngine/Common/DerivedDataCache: Writable
[2021.04.26-03.54.47:254][  0]LogDerivedDataCache: Shared data cache path not found in *engine.ini, will not use an Shared cache.
[2021.04.26-03.54.47:254][  0]LogDerivedDataCache: Unable to find inner node Shared for hierarchical cache Hierarchy.
[2021.04.26-03.54.47:343][  0]LogSlate: Using FreeType 2.10.0
[2021.04.26-03.54.47:344][  0]LogSlate: SlateFontServices - WITH_FREETYPE: 1, WITH_HARFBUZZ: 1
[2021.04.26-03.54.47:386][  0]LogAssetRegistry: FAssetRegistry took 0.0040 seconds to start up
[2021.04.26-03.54.47:794][  0]LogInit: Selected Device Profile: [Windows]
[2021.04.26-03.54.47:987][  0]LogMeshReduction: Using QuadricMeshReduction for automatic static mesh reduction
[2021.04.26-03.54.47:987][  0]LogMeshReduction: Using SimplygonMeshReduction for automatic skeletal mesh reduction
[2021.04.26-03.54.47:987][  0]LogMeshReduction: Using ProxyLODMeshReduction for automatic mesh merging
[2021.04.26-03.54.47:987][  0]LogMeshReduction: No distributed automatic mesh merging module available
[2021.04.26-03.54.47:987][  0]LogMeshMerging: No distributed automatic mesh merging module available
[2021.04.26-03.54.48:011][  0]LogNetVersion: MyProject 1.0.0, NetCL: 13144385, EngineNetVer: 14, GameNetVer: 0 (Checksum: 709303259)
[2021.04.26-03.54.48:739][  0]LogAISub: UAISubsystem::UAISubsystem AISubsystem (000001FE40D19D40), frame # 0
[2021.04.26-03.54.48:739][  0]LogAISub: UAISubsystem::UAISubsystem AIPerceptionSystem (000001FE40C78F40), frame # 0
[2021.04.26-03.54.48:742][  0]LogAISub: UAISubsystem::UAISubsystem EnvQueryManager (000001FE40CBDE00), frame # 0
[2021.04.26-03.54.48:794][  0]LogPackageLocalizationCache: Processed 19 localized package path(s) for 1 prioritized culture(s) in 0.042318 seconds
[2021.04.26-03.54.48:802][  0]LogUObjectArray: 15913 objects as part of root set at end of initial load.
[2021.04.26-03.54.48:802][  0]LogUObjectAllocator: 3964304 out of 0 bytes used by permanent object pool.
[2021.04.26-03.54.48:802][  0]LogUObjectArray: CloseDisregardForGC: 0/0 objects in disregard for GC pool
[2021.04.26-03.54.49:303][  0]LogTcpMessaging: Initializing TcpMessaging bridge
[2021.04.26-03.54.49:310][  0]LogUdpMessaging: Initializing bridge on interface 0.0.0.0:0 to multicast group 230.0.0.1:6666.
[2021.04.26-03.54.49:421][  0]SourceControl: Source control is disabled
[2021.04.26-03.54.49:421][  0]SourceControl: Source control is disabled
[2021.04.26-03.54.49:426][  0]SourceControl: Source control is disabled
[2021.04.26-03.54.49:430][  0]SourceControl: Source control is disabled
[2021.04.26-03.54.49:441][  0]SourceControl: Source control is disabled
[2021.04.26-03.54.49:791][  0]LogAndroidPermission: UAndroidPermissionCallbackProxy::GetInstance
[2021.04.26-03.54.49:820][  0]LogAudioCaptureCore: Display: No Audio Capture implementations found. Audio input will be silent.
[2021.04.26-03.54.49:821][  0]LogAudioCaptureCore: Display: No Audio Capture implementations found. Audio input will be silent.
[2021.04.26-03.54.49:896][  0]LogOcInput: OculusInput pre-init called
[2021.04.26-03.54.49:913][  0]LogWindows: Failed to load 'OVRPlugin.dll' (GetLastError=126)
[2021.04.26-03.54.49:913][  0]LogWindows: File 'OVRPlugin.dll' does not exist
[2021.04.26-03.54.50:007][  0]LogEngine: Initializing Engine...
[2021.04.26-03.54.50:009][  0]LogHMD: Failed to initialize OpenVR with code 110
[2021.04.26-03.54.50:009][  0]LogMagicLeap: Warning: VR disabled because ZI is not enabled.  To enable, in the editor, Edit -> Project Settings -> Plugins -> Magic Leap Plugin -> Enable Zero Iteration
[2021.04.26-03.54.50:011][  0]LogStats: UGameplayTagsManager::InitializeManager -  0.000 s
[2021.04.26-03.54.50:206][  0]LogInit: Initializing FReadOnlyCVARCache
[2021.04.26-03.54.50:223][  0]LogAIModule: Creating AISystem for world Untitled
[2021.04.26-03.54.50:223][  0]LogAISub: UAISubsystem::UAISubsystem EnvQueryManager (000001FE43EC4800), frame # 0
[2021.04.26-03.54.50:223][  0]LogAISub: UAISubsystem::UAISubsystem AIPerceptionSystem (000001FE43EC2980), frame # 0
[2021.04.26-03.54.50:252][  0]LogAudioMixer: Display: Audio Mixer Platform Settings:
[2021.04.26-03.54.50:252][  0]LogAudioMixer: Display: 	Sample Rate:						  48000
[2021.04.26-03.54.50:252][  0]LogAudioMixer: Display: 	Callback Buffer Frame Size Requested: 1024
[2021.04.26-03.54.50:252][  0]LogAudioMixer: Display: 	Callback Buffer Frame Size To Use:	  1024
[2021.04.26-03.54.50:252][  0]LogAudioMixer: Display: 	Number of buffers to queue:			  2
[2021.04.26-03.54.50:252][  0]LogAudioMixer: Display: 	Max Channels (voices):				  32
[2021.04.26-03.54.50:252][  0]LogAudioMixer: Display: 	Number of Async Source Workers:		  0
[2021.04.26-03.54.50:252][  0]LogAudio: Display: AudioDevice MaxSources: 32
[2021.04.26-03.54.50:253][  0]LogAudio: Display: Using built-in audio occlusion.
[2021.04.26-03.54.50:253][  0]LogAudioMixer: Display: Initializing audio mixer.
[2021.04.26-03.54.50:296][  0]LogAudioMixer: Display: 0: FrontLeft
[2021.04.26-03.54.50:296][  0]LogAudioMixer: Display: 1: FrontRight
[2021.04.26-03.54.50:351][  0]LogAudioMixer: Display: Using Audio Device VoiceMeeter Input (VB-Audio VoiceMeeter VAIO)
[2021.04.26-03.54.50:357][  0]LogAudioMixer: Display: Initializing Sound Submixes...
[2021.04.26-03.54.50:359][  0]LogAudioMixer: Display: Creating Master Submix 'MasterSubmixDefault'
[2021.04.26-03.54.50:359][  0]LogAudioMixer: Display: Creating Master Submix 'MasterReverbSubmixDefault'
[2021.04.26-03.54.50:361][  0]LogAudioMixer: Display: Creating Master Submix 'MasterEQSubmixDefault'
[2021.04.26-03.54.50:362][  0]LogInit: FAudioDevice initialized.
[2021.04.26-03.54.50:363][  0]LogNetVersion: Set ProjectVersion to 1.0.0.0. Version Checksum will be recalculated on next use.
[2021.04.26-03.54.50:441][  0]LogDerivedDataCache: Saved boot cache 0.08s 75MB C:/Users/44770/AppData/Local/UnrealEngine/4.25/DerivedDataCache/Boot.ddc.
[2021.04.26-03.54.50:442][  0]LogInit: Texture streaming: Enabled
[2021.04.26-03.54.50:464][  0]LogEngineSessionManager: EngineSessionManager initialized
[2021.04.26-03.54.50:464][  0]LogEditorSessionSummary: Verbose: Initializing EditorSessionSummaryWriter for editor session tracking
[2021.04.26-03.54.50:467][  0]LogEditorSessionSummary: EditorSessionSummaryWriter initialized
[2021.04.26-03.54.50:544][  0]LogInit: Transaction tracking system initialized
[2021.04.26-03.54.50:574][  0]BlueprintLog: New page: Editor Load
[2021.04.26-03.54.50:675][  0]LocalizationService: Localization service is disabled
[2021.04.26-03.54.50:926][  0]LogCook: Display: Max memory allowance for cook 16384mb min free memory 0mb
[2021.04.26-03.54.50:926][  0]LogCook: Display: Mobile HDR setting 1
[2021.04.26-03.54.50:981][  0]LogFileCache: Scanning file cache for directory 'C:/Users/44770/Documents/TSE_24_NEWUSETHISONE/uol_TSE_Team24/MyProject/Content/' took 0.01s
[2021.04.26-03.54.51:462][  0]SourceControl: Source control is disabled
[2021.04.26-03.54.51:633][  0]LogSlate: Took 0.000233 seconds to synchronously load lazily loaded font '../../../Engine/Content/Slate/Fonts/Roboto-Regular.ttf' (155K)
[2021.04.26-03.54.58:552][  0]LogSlate: Window 'Restore Packages' being destroyed
[2021.04.26-03.54.58:553][  0]LogWindowsTextInputMethodSystem: Display: IME system now deactivated.
[2021.04.26-03.54.58:592][  0]LogWindowsTextInputMethodSystem: Display: IME system now deactivated.
[2021.04.26-03.55.04:221][  0]LogSlate: Window 'Unable to Check Out From Source Control!' being destroyed
[2021.04.26-03.55.04:222][  0]LogWindowsTextInputMethodSystem: Display: IME system now deactivated.
[2021.04.26-03.55.04:232][  0]Message dialog closed, result: Ok, title: Unable to Check Out From Source Control!, text: The following assets could not be successfully checked out from source control:
/Game/FirstPersonBP/Maps/BuildingMap
/Game/FirstPersonBP/AI_Stuff/Task_Ragdoll
/Game/FirstPersonBP/Blueprints/FirstPersonCharacter
[2021.04.26-03.55.04:245][  0]LogWindowsTextInputMethodSystem: Display: IME system now deactivated.
[2021.04.26-03.55.04:246][  0]LogUnrealEdMisc: Loading editor; pre map load, took 22.711
[2021.04.26-03.55.04:248][  0]Cmd: MAP LOAD FILE="../../../../../../Users/44770/Documents/TSE_24_NEWUSETHISONE/uol_TSE_Team24/MyProject/Content/FirstPersonBP/Maps/FirstPersonExampleMap.umap" TEMPLATE=0 SHOWPROGRESS=1 FEATURELEVEL=3
[2021.04.26-03.55.04:249][  0]LightingResults: New page: Lighting Build
[2021.04.26-03.55.04:251][  0]LogWorld: UWorld::CleanupWorld for Untitled, bSessionEnded=true, bCleanupResources=true
[2021.04.26-03.55.04:251][  0]LogSlate: InvalidateAllWidgets triggered.  All widgets were invalidated
[2021.04.26-03.55.04:251][  0]MapCheck: New page: Map Check
[2021.04.26-03.55.04:251][  0]LightingResults: New page: Lighting Build
[2021.04.26-03.55.04:272][  0]LogAISub: UAISubsystem::~UAISubsystem EnvQueryManager (000001FE43EC4800), frame # 0
[2021.04.26-03.55.04:272][  0]LogAISub: UAISubsystem::~UAISubsystem AIPerceptionSystem (000001FE43EC2980), frame # 0
[2021.04.26-03.55.04:274][  0]LogUObjectHash: Compacting FUObjectHashTables data took   2.33ms
[2021.04.26-03.55.04:689][  0]LogBlueprint: Error: [Compiler MyPlayerController] Spawn node  Create Widget  must have a class specified.
[2021.04.26-03.55.04:690][  0]LogBlueprint: Error: [Compiler MyPlayerController] In use pin  Hud Widget  no longer exists on node  Set . Please refresh node or break links to remove pin.
[2021.04.26-03.55.04:690][  0]LogBlueprint: Error: [Compiler MyPlayerController] In use pin  <Unnamed>  no longer exists on node  Set . Please refresh node or break links to remove pin.
[2021.04.26-03.55.04:732][  0]LogLinker: Warning: Asset '../../../../../../Users/44770/Documents/TSE_24_NEWUSETHISONE/uol_TSE_Team24/MyProject/Content/Materials/PP_Outliner_M.uasset' has been saved with empty engine version. The asset will be loaded but may be incompatible.
[2021.04.26-03.55.04:734][  0]LogLinker: Warning: Asset '../../../../../../Users/44770/Documents/TSE_24_NEWUSETHISONE/uol_TSE_Team24/MyProject/Content/Materials/MF_ConvolveTexture.uasset' has been saved with empty engine version. The asset will be loaded but may be incompatible.
[2021.04.26-03.55.04:736][  0]LogLinker: Warning: Asset '../../../../../../Users/44770/Documents/TSE_24_NEWUSETHISONE/uol_TSE_Team24/MyProject/Content/Materials/MF_ExtractDepth.uasset' has been saved with empty engine version. The asset will be loaded but may be incompatible.
[2021.04.26-03.55.04:737][  0]LogLinker: Warning: Asset '../../../../../../Users/44770/Documents/TSE_24_NEWUSETHISONE/uol_TSE_Team24/MyProject/Content/Materials/MF_SampleSceneTextureNeighbourUVs.uasset' has been saved with empty engine version. The asset will be loaded but may be incompatible.
[2021.04.26-03.55.04:862][  0]LogAIModule: Creating AISystem for world FirstPersonExampleMap
[2021.04.26-03.55.04:862][  0]LogAISub: UAISubsystem::UAISubsystem EnvQueryManager (000001FE1E8D7E00), frame # 0
[2021.04.26-03.55.04:862][  0]LogAISub: UAISubsystem::UAISubsystem AIPerceptionSystem (000001FE1E8DFB00), frame # 0
[2021.04.26-03.55.04:894][  0]LogEditorServer: Finished looking for orphan Actors (0.000 secs)
[2021.04.26-03.55.04:949][  0]LogUObjectHash: Compacting FUObjectHashTables data took   1.67ms
[2021.04.26-03.55.04:950][  0]Cmd: MAP CHECKDEP NOCLEARLOG
[2021.04.26-03.55.04:950][  0]MapCheck: Map check complete: 0 Error(s), 0 Warning(s), took 0.26ms to complete.
[2021.04.26-03.55.04:950][  0]LogFileHelpers: Loading map 'FirstPersonExampleMap' took 0.702
[2021.04.26-03.55.04:953][  0]LogUnrealEdMisc: Total Editor Startup Time, took 23.417
[2021.04.26-03.55.05:119][  0]LogSlate: Updating window title bar state: overlay mode, drag disabled, window buttons hidden, title bar hidden
[2021.04.26-03.55.05:136][  0]LogSlate: Updating window title bar state: overlay mode, drag disabled, window buttons hidden, title bar hidden
[2021.04.26-03.55.05:149][  0]LogSlate: Updating window title bar state: overlay mode, drag disabled, window buttons hidden, title bar hidden
[2021.04.26-03.55.05:162][  0]LogSlate: Updating window title bar state: overlay mode, drag disabled, window buttons hidden, title bar hidden
[2021.04.26-03.55.05:174][  0]LogCollectionManager: Loaded 0 collections in 0.003277 seconds
[2021.04.26-03.55.05:201][  0]LogFileCache: Scanning file cache for directory 'C:/Users/44770/Documents/TSE_24_NEWUSETHISONE/uol_TSE_Team24/MyProject/Saved/Collections/' took 0.00s
[2021.04.26-03.55.05:201][  0]LogFileCache: Scanning file cache for directory 'C:/Users/44770/Documents/TSE_24_NEWUSETHISONE/uol_TSE_Team24/MyProject/Content/Developers/44770/Collections/' took 0.00s
[2021.04.26-03.55.05:201][  0]LogFileCache: Scanning file cache for directory 'C:/Users/44770/Documents/TSE_24_NEWUSETHISONE/uol_TSE_Team24/MyProject/Content/Collections/' took 0.00s
[2021.04.26-03.55.05:201][  0]LogContentBrowser: Native class hierarchy populated in 0.0167 seconds. Added 3427 classes and 821 folders.
[2021.04.26-03.55.05:207][  0]LogContentBrowser: Native class hierarchy updated for 'WidgetCarousel' in 0.0004 seconds. Added 0 classes and 0 folders.
[2021.04.26-03.55.05:364][  0]LogContentBrowser: Native class hierarchy updated for 'AddContentDialog' in 0.0004 seconds. Added 0 classes and 0 folders.
[2021.04.26-03.55.05:366][  0]LogContentBrowser: Native class hierarchy updated for 'SceneOutliner' in 0.0004 seconds. Added 2 classes and 0 folders.
[2021.04.26-03.55.05:639][  0]LogSlate: Took 0.000274 seconds to synchronously load lazily loaded font '../../../Engine/Content/Slate/Fonts/Roboto-Bold.ttf' (160K)
[2021.04.26-03.55.05:650][  0]LogSlate: Took 0.001484 seconds to synchronously load lazily loaded font '../../../Engine/Content/Editor/Slate/Fonts/FontAwesome.ttf' (139K)
[2021.04.26-03.55.05:719][  0]LogRenderer: Reallocating scene render targets to support 992x536 Format 10 NumSamples 1 (Frame:1).
[2021.04.26-03.55.05:882][  0]LogContentBrowser: Native class hierarchy updated for 'HierarchicalLODOutliner' in 0.0004 seconds. Added 0 classes and 0 folders.
[2021.04.26-03.55.05:882][  0]LogLoad: (Engine Initialization) Total time: 24.35 seconds
[2021.04.26-03.55.05:882][  0]LogLoad: (Engine Initialization) Total Blueprint compile time: 0.00 seconds
[2021.04.26-03.55.05:963][  0]LogContentStreaming: Texture pool size now 1000 MB
[2021.04.26-03.55.06:021][  0]LogSlate: Took 0.000161 seconds to synchronously load lazily loaded font '../../../Engine/Content/Slate/Fonts/Roboto-Light.ttf' (167K)
[2021.04.26-03.55.06:072][  1]LogAssetRegistry: Asset discovery search completed in 18.6872 seconds
[2021.04.26-03.55.06:079][  1]LogCollectionManager: Fixed up redirectors for 0 collections in 0.000004 seconds (updated 0 objects)
[2021.04.26-03.55.06:948][ 46]LogSlate: Took 0.000193 seconds to synchronously load lazily loaded font '../../../Engine/Content/Slate/Fonts/Roboto-Light.ttf' (167K)
[2021.04.26-03.55.22:248][892]LogBlueprint: Error: [Compiler Task_Ragdoll] This blueprint (self) is not a ActorComponent, therefore ' Target ' must have a connection.
[2021.04.26-03.55.22:248][892]LogBlueprint: Error: [Compiler Task_Ragdoll] This blueprint (self) is not a PrimitiveComponent, therefore ' Target ' must have a connection.
[2021.04.26-03.55.22:259][892]LogClass: Warning: Type mismatch in State of UpdateText_Service_C - Previous (TextProperty) Current(StructProperty) for package:  FObjectReader
[2021.04.26-03.55.22:268][892]LogClass: Warning: Type mismatch in State of REINST_UpdateText_Service_C_41 - Previous (StructProperty) Current(TextProperty) for package:  ../../../../../../Users/44770/Documents/TSE_24_NEWUSETHISONE/uol_TSE_Team24/MyProject/Content/FirstPersonBP/AI_Stuff/Ai_BH_Tree.uasset
[2021.04.26-03.55.22:268][892]LogClass: Warning: Type mismatch in State of REINST_UpdateText_Service_C_41 - Previous (StructProperty) Current(TextProperty) for package:  ../../../../../../Users/44770/Documents/TSE_24_NEWUSETHISONE/uol_TSE_Team24/MyProject/Content/FirstPersonBP/AI_Stuff/Ai_BH_Tree.uasset
[2021.04.26-03.55.22:268][892]LogClass: Warning: Type mismatch in State of REINST_UpdateText_Service_C_41 - Previous (StructProperty) Current(TextProperty) for package:  ../../../../../../Users/44770/Documents/TSE_24_NEWUSETHISONE/uol_TSE_Team24/MyProject/Content/FirstPersonBP/AI_Stuff/Ai_BH_Tree.uasset
[2021.04.26-03.55.22:268][892]LogClass: Warning: Type mismatch in State of REINST_UpdateText_Service_C_41 - Previous (StructProperty) Current(TextProperty) for package:  ../../../../../../Users/44770/Documents/TSE_24_NEWUSETHISONE/uol_TSE_Team24/MyProject/Content/FirstPersonBP/AI_Stuff/Ai_BH_Tree.uasset
[2021.04.26-03.55.22:268][892]LogClass: Warning: Type mismatch in State of REINST_UpdateText_Service_C_41 - Previous (StructProperty) Current(TextProperty) for package:  ../../../../../../Users/44770/Documents/TSE_24_NEWUSETHISONE/uol_TSE_Team24/MyProject/Content/FirstPersonBP/AI_Stuff/Ai_BH_Tree.uasset
[2021.04.26-03.55.22:268][892]LogClass: Warning: Type mismatch in State of REINST_UpdateText_Service_C_41 - Previous (StructProperty) Current(TextProperty) for package:  ../../../../../../Users/44770/Documents/TSE_24_NEWUSETHISONE/uol_TSE_Team24/MyProject/Content/FirstPersonBP/AI_Stuff/Ai_BH_Tree.uasset
[2021.04.26-03.55.22:336][892]LogAssetEditorSubsystem: Opening Asset editor for Blueprint /Game/FirstPersonBP/AI_Stuff/Task_Ragdoll.Task_Ragdoll
[2021.04.26-03.55.22:696][892]LogContentBrowser: Native class hierarchy updated for 'BlueprintGraph' in 0.0008 seconds. Added 125 classes and 0 folders.
[2021.04.26-03.55.24:170][892]LogSlate: Took 0.000188 seconds to synchronously load lazily loaded font '../../../Engine/Content/Slate/Fonts/Roboto-BoldCondensed.ttf' (158K)
[2021.04.26-03.55.24:229][892]LogSlate: Took 0.000140 seconds to synchronously load lazily loaded font '../../../Engine/Content/Slate/Fonts/DroidSansMono.ttf' (77K)
[2021.04.26-03.55.24:261][893]LogSlate: Took 0.000248 seconds to synchronously load lazily loaded font '../../../Engine/Content/Slate/Fonts/Roboto-Italic.ttf' (157K)
[2021.04.26-03.56.25:750][954]LogSavePackage: Moving '../../../../../../Users/44770/Documents/TSE_24_NEWUSETHISONE/uol_TSE_Team24/MyProject/Saved/Task_Ragdoll774DA9434F932B314F2B2EBD1A5EBFFF.tmp' to '../../../../../../Users/44770/Documents/TSE_24_NEWUSETHISONE/uol_TSE_Team24/MyProject/Content/FirstPersonBP/AI_Stuff/Task_Ragdoll.uasset'
[2021.04.26-03.56.25:768][954]AssetCheck: New page: Asset Save: Task_Ragdoll
[2021.04.26-03.56.25:768][954]LogContentValidation: Display: Validating Blueprint /Game/FirstPersonBP/AI_Stuff/Task_Ragdoll.Task_Ragdoll
[2021.04.26-03.56.27:027][ 23]BlueprintLog: New page: Compile Task_Ragdoll
[2021.04.26-03.56.27:091][ 23]LogUObjectHash: Compacting FUObjectHashTables data took   3.51ms
[2021.04.26-03.56.31:407][213]LogTemp: Repeating last play command: Selected Viewport
[2021.04.26-03.56.31:435][213]LogPlayLevel: PlayLevel: No blueprints needed recompiling
[2021.04.26-03.56.31:435][213]BlueprintLog: Warning: Blueprint failed to compile:  MyPlayerController
[2021.04.26-03.56.31:435][213]LogCustomDialog: Dialog displayed:
[2021.04.26-03.56.39:758][213]LogSlate: Window 'Blueprint Compilation Errors' being destroyed
[2021.04.26-03.56.48:054][627]LogUObjectHash: Compacting FUObjectHashTables data took   4.02ms
[2021.04.26-03.56.48:057][627]Cmd: MAP LOAD FILE="../../../../../../Users/44770/Documents/TSE_24_NEWUSETHISONE/uol_TSE_Team24/MyProject/Content/FirstPersonBP/Maps/BuildingMap.umap" TEMPLATE=0 SHOWPROGRESS=1 FEATURELEVEL=3
[2021.04.26-03.56.48:118][627]LightingResults: New page: Lighting Build
[2021.04.26-03.56.48:118][627]LoadErrors: New page: Loading map: BuildingMap.umap
[2021.04.26-03.56.48:120][627]LogWorld: UWorld::CleanupWorld for FirstPersonExampleMap, bSessionEnded=true, bCleanupResources=true
[2021.04.26-03.56.48:121][627]LogSlate: InvalidateAllWidgets triggered.  All widgets were invalidated
[2021.04.26-03.56.48:121][627]MapCheck: New page: Map Check
[2021.04.26-03.56.48:121][627]LightingResults: New page: Lighting Build
[2021.04.26-03.56.48:157][627]LogAISub: UAISubsystem::~UAISubsystem EnvQueryManager (000001FE1E8D7E00), frame # 4627
[2021.04.26-03.56.48:157][627]LogAISub: UAISubsystem::~UAISubsystem AIPerceptionSystem (000001FE1E8DFB00), frame # 4627
[2021.04.26-03.56.48:160][627]LogUObjectHash: Compacting FUObjectHashTables data took   3.08ms
[2021.04.26-03.56.48:197][627]LogAIModule: Creating AISystem for world BuildingMap
[2021.04.26-03.56.48:197][627]LogAISub: UAISubsystem::UAISubsystem EnvQueryManager (000001FE1E977200), frame # 4627
[2021.04.26-03.56.48:197][627]LogAISub: UAISubsystem::UAISubsystem AIPerceptionSystem (000001FE28D0E0C0), frame # 4627
[2021.04.26-03.56.48:337][627]LogEditorServer: Finished looking for orphan Actors (0.000 secs)
[2021.04.26-03.56.48:373][627]LogUObjectHash: Compacting FUObjectHashTables data took   2.92ms
[2021.04.26-03.56.48:432][627]Cmd: MAP CHECKDEP NOCLEARLOG
[2021.04.26-03.56.48:432][627]MapCheck: Map check complete: 0 Error(s), 0 Warning(s), took 0.179ms to complete.
[2021.04.26-03.56.48:432][627]LogFileHelpers: Loading map 'BuildingMap' took 0.375
[2021.04.26-03.56.48:433][627]LogSlate: Window 'Open Level' being destroyed
[2021.04.26-03.56.49:918][709]LogTemp: Repeating last play command: Selected Viewport
[2021.04.26-03.56.49:946][709]LogPlayLevel: PlayLevel: No blueprints needed recompiling
[2021.04.26-03.56.49:946][709]BlueprintLog: Warning: Blueprint failed to compile:  MyPlayerController
[2021.04.26-03.56.49:946][709]LogCustomDialog: Dialog displayed:
[2021.04.26-03.56.53:637][709]LogSlate: Window 'Blueprint Compilation Errors' being destroyed
[2021.04.26-03.56.57:148][918]LogSlate: Window 'Message Log' being destroyed
[2021.04.26-03.56.57:160][918]LogSlate: Window 'Message Log' being destroyed
[2021.04.26-03.56.59:800][ 66]LogTemp: Repeating last play command: Selected Viewport
[2021.04.26-03.56.59:826][ 66]LogPlayLevel: PlayLevel: No blueprints needed recompiling
[2021.04.26-03.56.59:826][ 66]BlueprintLog: Warning: Blueprint failed to compile:  MyPlayerController
[2021.04.26-03.56.59:827][ 66]LogCustomDialog: Dialog displayed:
[2021.04.26-03.57.00:984][ 66]LogSlate: Window 'Blueprint Compilation Errors' being destroyed
[2021.04.26-03.57.02:338][135]LogAssetEditorSubsystem: Opening Asset editor for Blueprint /Game/FirstPersonBP/MyPlayerController.MyPlayerController
[2021.04.26-03.57.14:960][746]LogSlate: Prevented a slow task dialog from being summoned while a context menu was open
[2021.04.26-03.57.34:892][736]LogSavePackage: Moving '../../../../../../Users/44770/Documents/TSE_24_NEWUSETHISONE/uol_TSE_Team24/MyProject/Saved/MyPlayerControllerD28E8D5F4661D1CAD2924C9BD96A1943.tmp' to '../../../../../../Users/44770/Documents/TSE_24_NEWUSETHISONE/uol_TSE_Team24/MyProject/Content/FirstPersonBP/MyPlayerController.uasset'
[2021.04.26-03.57.34:914][736]AssetCheck: New page: Asset Save: MyPlayerController
[2021.04.26-03.57.34:914][736]LogContentValidation: Display: Validating Blueprint /Game/FirstPersonBP/MyPlayerController.MyPlayerController
[2021.04.26-03.57.35:426][761]BlueprintLog: New page: Compile MyPlayerController
[2021.04.26-03.57.35:428][761]LogBlueprint: Error: [Compiler MyPlayerController] In use pin  <Unnamed>  no longer exists on node  Set HudWidget . Please refresh node or break links to remove pin.
[2021.04.26-03.57.35:492][761]LogUObjectHash: Compacting FUObjectHashTables data took   3.20ms
[2021.04.26-03.57.42:764][100]LogSlate: Last resort fallback font was requested. Font: '/Game/FirstPersonBP/UIAssets/HeadlinerNo_45_DEMO.HeadlinerNo_45_DEMO', Character: '_ (U+005f)'
[2021.04.26-03.57.42:780][100]LogSlate: Took 0.013425 seconds to synchronously load lazily loaded font '../../../Engine/Content/SlateDebug/Fonts/LastResort.ttf' (5269K)
[2021.04.26-03.57.50:841][476]LogSavePackage: Moving '../../../../../../Users/44770/Documents/TSE_24_NEWUSETHISONE/uol_TSE_Team24/MyProject/Saved/MyPlayerController1BB873B743A1CB6201CBF9ADB15D87DF.tmp' to '../../../../../../Users/44770/Documents/TSE_24_NEWUSETHISONE/uol_TSE_Team24/MyProject/Content/FirstPersonBP/MyPlayerController.uasset'
[2021.04.26-03.57.50:858][476]AssetCheck: New page: Asset Save: MyPlayerController
[2021.04.26-03.57.50:858][476]LogContentValidation: Display: Validating Blueprint /Game/FirstPersonBP/MyPlayerController.MyPlayerController
[2021.04.26-03.57.51:713][519]BlueprintLog: New page: Compile MyPlayerController
[2021.04.26-03.57.51:717][519]LogBlueprint: Error: [Compiler MyPlayerController] In use pin  <Unnamed>  no longer exists on node  Set HudWidget . Please refresh node or break links to remove pin.
[2021.04.26-03.57.51:779][519]LogUObjectHash: Compacting FUObjectHashTables data took   3.88ms
[2021.04.26-03.58.14:990][618]LogMaterial: Display: Missing cached shader map for material Material_0, compiling. 
[2021.04.26-03.58.14:999][618]LogMaterial: Warning: /Engine/Transient.Material_0 (no disk path found): Failed to compile Material for platform PCD3D_SM5, Default Material will be used in game.
[2021.04.26-03.58.14:999][618]LogMaterial: Display: 	SceneTexture expressions cannot be used in opaque materials
[2021.04.26-03.58.24:331][ 39]LogSlate: Prevented a slow task dialog from being summoned while a context menu was open
[2021.04.26-03.58.34:591][518]LogSavePackage: Moving '../../../../../../Users/44770/Documents/TSE_24_NEWUSETHISONE/uol_TSE_Team24/MyProject/Saved/MyPlayerController01092AD846C1CA804EF0EFB585427920.tmp' to '../../../../../../Users/44770/Documents/TSE_24_NEWUSETHISONE/uol_TSE_Team24/MyProject/Content/FirstPersonBP/MyPlayerController.uasset'
[2021.04.26-03.58.34:614][518]AssetCheck: New page: Asset Save: MyPlayerController
[2021.04.26-03.58.34:614][518]LogContentValidation: Display: Validating Blueprint /Game/FirstPersonBP/MyPlayerController.MyPlayerController
[2021.04.26-03.58.34:967][535]BlueprintLog: New page: Compile MyPlayerController
[2021.04.26-03.58.34:969][535]LogBlueprint: Error: [Compiler MyPlayerController] Spawn node  Create Widget  must have a class specified.
[2021.04.26-03.58.34:970][535]LogBlueprint: Error: [Compiler MyPlayerController] In use pin  <Unnamed>  no longer exists on node  Set HudWidget . Please refresh node or break links to remove pin.
[2021.04.26-03.58.35:032][535]LogUObjectHash: Compacting FUObjectHashTables data took   4.04ms
[2021.04.26-03.58.39:791][741]LogTemp: Repeating last play command: Selected Viewport
[2021.04.26-03.58.39:817][741]LogPlayLevel: PlayLevel: No blueprints needed recompiling
[2021.04.26-03.58.39:818][741]BlueprintLog: Warning: Blueprint failed to compile:  MyPlayerController
[2021.04.26-03.58.39:818][741]LogCustomDialog: Dialog displayed:
[2021.04.26-03.58.40:920][741]LogSlate: Window 'Blueprint Compilation Errors' being destroyed
[2021.04.26-03.58.40:929][741]PIE: New page: PIE session: BuildingMap (26 Apr 2021, 05:58:40)
[2021.04.26-03.58.40:931][741]LogOnline: OSS: Creating online subsystem instance for: NULL
[2021.04.26-03.58.40:932][741]LogOnline: OSS: TryLoadSubsystemAndSetDefault: Loaded subsystem for module [NULL]
[2021.04.26-03.58.40:932][741]LogPlayLevel: Creating play world package: /Game/FirstPersonBP/Maps/UEDPIE_0_BuildingMap
[2021.04.26-03.58.40:940][741]LogPlayLevel: PIE: StaticDuplicateObject took: (0.007637s)
[2021.04.26-03.58.40:942][741]LogAIModule: Creating AISystem for world BuildingMap
[2021.04.26-03.58.40:942][741]LogAISub: UAISubsystem::UAISubsystem EnvQueryManager (000001FE504B8800), frame # 9741
[2021.04.26-03.58.40:942][741]LogAISub: UAISubsystem::UAISubsystem AIPerceptionSystem (000001FE74450CC0), frame # 9741
[2021.04.26-03.58.40:942][741]LogPlayLevel: PIE: World Init took: (0.001657s)
[2021.04.26-03.58.40:942][741]LogPlayLevel: PIE: Created PIE world by copying editor world from /Game/FirstPersonBP/Maps/BuildingMap.BuildingMap to /Game/FirstPersonBP/Maps/UEDPIE_0_BuildingMap.BuildingMap (0.009495s)
[2021.04.26-03.58.40:977][741]LogUObjectHash: Compacting FUObjectHashTables data took   3.70ms
[2021.04.26-03.58.40:979][741]LogAudioMixer: Display: Audio Mixer Platform Settings:
[2021.04.26-03.58.40:979][741]LogAudioMixer: Display: 	Sample Rate:						  48000
[2021.04.26-03.58.40:979][741]LogAudioMixer: Display: 	Callback Buffer Frame Size Requested: 1024
[2021.04.26-03.58.40:979][741]LogAudioMixer: Display: 	Callback Buffer Frame Size To Use:	  1024
[2021.04.26-03.58.40:979][741]LogAudioMixer: Display: 	Number of buffers to queue:			  2
[2021.04.26-03.58.40:979][741]LogAudioMixer: Display: 	Max Channels (voices):				  32
[2021.04.26-03.58.40:979][741]LogAudioMixer: Display: 	Number of Async Source Workers:		  0
[2021.04.26-03.58.40:979][741]LogAudio: Display: AudioDevice MaxSources: 32
[2021.04.26-03.58.40:980][741]LogAudio: Display: Using built-in audio occlusion.
[2021.04.26-03.58.40:980][741]LogAudioMixer: Display: Initializing audio mixer.
[2021.04.26-03.58.40:990][741]LogAudioMixer: Display: 0: FrontLeft
[2021.04.26-03.58.40:990][741]LogAudioMixer: Display: 1: FrontRight
[2021.04.26-03.58.41:014][741]LogAudioMixer: Display: Using Audio Device VoiceMeeter Input (VB-Audio VoiceMeeter VAIO)
[2021.04.26-03.58.41:014][741]LogAudioMixer: Display: Initializing Sound Submixes...
[2021.04.26-03.58.41:014][741]LogAudioMixer: Display: Creating Master Submix 'MasterSubmixDefault'
[2021.04.26-03.58.41:014][741]LogAudioMixer: Display: Creating Master Submix 'MasterReverbSubmixDefault'
[2021.04.26-03.58.41:015][741]LogAudioMixer: Display: Creating Master Submix 'MasterEQSubmixDefault'
[2021.04.26-03.58.41:040][741]LogInit: FAudioDevice initialized.
[2021.04.26-03.58.41:053][741]LogLoad: Game class is 'FirstPersonGameMode_C'
[2021.04.26-03.58.41:057][741]LogWorld: Bringing World /Game/FirstPersonBP/Maps/UEDPIE_0_BuildingMap.BuildingMap up for play (max tick rate 60) at 2021.04.26-04.58.41
[2021.04.26-03.58.41:058][741]LogWorld: Bringing up level for play took: 0.003421
[2021.04.26-03.58.41:059][741]LogOnline: OSS: Creating online subsystem instance for: :Context_14
[2021.04.26-03.58.41:082][741]LogContentBrowser: Native class hierarchy updated for 'MovieSceneCapture' in 0.0005 seconds. Added 20 classes and 0 folders.
[2021.04.26-03.58.41:098][741]PIE: Server logged in
[2021.04.26-03.58.41:100][741]PIE: Play in editor total start time 1.283 seconds.
[2021.04.26-03.58.46:157][968]LogBlueprintUserMessages: [Ai_Character3] that thing is false
[2021.04.26-03.58.46:158][968]LogBlueprintUserMessages: [Ai_Character_2] that thing is false
[2021.04.26-03.58.46:806][  7]LogBlueprintUserMessages: [Ai_Controller_C_1] Hello
[2021.04.26-03.58.47:305][ 37]LogBlueprintUserMessages: [Ai_Controller_C_1] Hello
[2021.04.26-03.58.47:807][ 67]LogBlueprintUserMessages: [FirstPersonCharacter_C_0] Hit Smthn
[2021.04.26-03.58.47:808][ 67]LogBlueprintUserMessages: [Ai_Controller_C_1] Hello
[2021.04.26-03.58.48:311][ 97]LogBlueprintUserMessages: [Ai_Controller_C_1] Hello
[2021.04.26-03.58.51:279][275]LogBlueprintUserMessages: [Ai_Character3] that thing is false
[2021.04.26-03.58.51:398][282]LogBlueprintUserMessages: [Ai_Controller_C_0] Hello
[2021.04.26-03.58.51:470][286]LogBlueprintUserMessages: [FirstPersonCharacter_C_0] Hit Smthn
[2021.04.26-03.58.52:002][318]LogBlueprintUserMessages: [Ai_Controller_C_1] turning off just saw player
[2021.04.26-03.58.52:007][318]LogOutputDevice: Warning: 

Script Stack (2 frames):
Task_Ragdoll_C.ExecuteUbergraph_Task_Ragdoll
Task_Ragdoll_C.ReceiveExecute

[2021.04.26-03.58.52:007][318]LogWindows: Windows GetLastError: The operation completed successfully. (0)
[2021.04.26-03.58.55:895][318]LogWindows: Error: === Critical error: ===
[2021.04.26-03.58.55:896][318]LogWindows: Error: 
[2021.04.26-03.58.55:896][318]LogWindows: Error: Assertion failed: ComponentClass->IsChildOf(ComponentType::StaticClass()) [File:D:\Build\++UE4\Sync\Engine\Source\Runtime\Engine\Classes\GameFramework/Actor.h] [Line: 2866] 
[2021.04.26-03.58.55:896][318]LogWindows: Error: 
[2021.04.26-03.58.55:896][318]LogWindows: Error: 
[2021.04.26-03.58.55:896][318]LogWindows: Error: 
[2021.04.26-03.58.55:896][318]LogWindows: Error: [Callstack] 0x00007ffc9e223b29 KERNELBASE.dll!UnknownFunction []
[2021.04.26-03.58.55:896][318]LogWindows: Error: [Callstack] 0x00007ffc3912ec66 UE4Editor-Core.dll!UnknownFunction []
[2021.04.26-03.58.55:896][318]LogWindows: Error: [Callstack] 0x00007ffc39132048 UE4Editor-Core.dll!UnknownFunction []
[2021.04.26-03.58.55:896][318]LogWindows: Error: [Callstack] 0x00007ffc38ebe52d UE4Editor-Core.dll!UnknownFunction []
[2021.04.26-03.58.55:896][318]LogWindows: Error: [Callstack] 0x00007ffc38e497c5 UE4Editor-Core.dll!UnknownFunction []
[2021.04.26-03.58.55:896][318]LogWindows: Error: [Callstack] 0x00007ffc38e4bb00 UE4Editor-Core.dll!UnknownFunction []
[2021.04.26-03.58.55:896][318]LogWindows: Error: [Callstack] 0x00007ffc35f6454e UE4Editor-Engine.dll!UnknownFunction []
[2021.04.26-03.58.55:896][318]LogWindows: Error: [Callstack] 0x00007ffc35f6cfcd UE4Editor-Engine.dll!UnknownFunction []
[2021.04.26-03.58.55:896][318]LogWindows: Error: [Callstack] 0x00007ffc35fb1abf UE4Editor-Engine.dll!UnknownFunction []
[2021.04.26-03.58.55:896][318]LogWindows: Error: [Callstack] 0x00007ffc372533b8 UE4Editor-Engine.dll!UnknownFunction []
[2021.04.26-03.58.55:896][318]LogWindows: Error: [Callstack] 0x00007ffc4d3a0b34 UE4Editor-CoreUObject.dll!UnknownFunction []
[2021.04.26-03.58.55:896][318]LogWindows: Error: [Callstack] 0x00007ffc4d5f00ad UE4Editor-CoreUObject.dll!UnknownFunction []
[2021.04.26-03.58.55:896][318]LogWindows: Error: [Callstack] 0x00007ffc4d6130e3 UE4Editor-CoreUObject.dll!UnknownFunction []
[2021.04.26-03.58.55:896][318]LogWindows: Error: [Callstack] 0x00007ffc4d63c9c1 UE4Editor-CoreUObject.dll!UnknownFunction []
[2021.04.26-03.58.55:896][318]LogWindows: Error: [Callstack] 0x00007ffc4d61571d UE4Editor-CoreUObject.dll!UnknownFunction []
[2021.04.26-03.58.55:896][318]LogWindows: Error: [Callstack] 0x00007ffc4d5e3bba UE4Editor-CoreUObject.dll!UnknownFunction []
[2021.04.26-03.58.55:896][318]LogWindows: Error: [Callstack] 0x00007ffc4d615362 UE4Editor-CoreUObject.dll!UnknownFunction []
[2021.04.26-03.58.55:896][318]LogWindows: Error: [Callstack] 0x00007ffc4d61571d UE4Editor-CoreUObject.dll!UnknownFunction []
[2021.04.26-03.58.55:896][318]LogWindows: Error: [Callstack] 0x00007ffc4d614c24 UE4Editor-CoreUObject.dll!UnknownFunction []
[2021.04.26-03.58.55:896][318]LogWindows: Error: [Callstack] 0x00007ffc4d3a0b34 UE4Editor-CoreUObject.dll!UnknownFunction []
[2021.04.26-03.58.55:896][318]LogWindows: Error: [Callstack] 0x00007ffc4d614753 UE4Editor-CoreUObject.dll!UnknownFunction []
[2021.04.26-03.58.55:896][318]LogWindows: Error: [Callstack] 0x00007ffc1dece579 UE4Editor-AIModule.dll!UnknownFunction []
[2021.04.26-03.58.55:896][318]LogWindows: Error: [Callstack] 0x00007ffc1ddfb0a4 UE4Editor-AIModule.dll!UnknownFunction []
[2021.04.26-03.58.55:896][318]LogWindows: Error: [Callstack] 0x00007ffc1dd8f92e UE4Editor-AIModule.dll!UnknownFunction []
[2021.04.26-03.58.55:896][318]LogWindows: Error: [Callstack] 0x00007ffc1dda8954 UE4Editor-AIModule.dll!UnknownFunction []
[2021.04.26-03.58.55:897][318]LogWindows: Error: [Callstack] 0x00007ffc1ddbe222 UE4Editor-AIModule.dll!UnknownFunction []
[2021.04.26-03.58.55:897][318]LogWindows: Error: [Callstack] 0x00007ffc36329346 UE4Editor-Engine.dll!UnknownFunction []
[2021.04.26-03.58.55:897][318]LogWindows: Error: [Callstack] 0x00007ffc363501c4 UE4Editor-Engine.dll!UnknownFunction []
[2021.04.26-03.58.55:897][318]LogWindows: Error: [Callstack] 0x00007ffc3706936f UE4Editor-Engine.dll!UnknownFunction []
[2021.04.26-03.58.55:897][318]LogWindows: Error: [Callstack] 0x00007ffc3706e3c7 UE4Editor-Engine.dll!UnknownFunction []
[2021.04.26-03.58.55:897][318]LogWindows: Error: [Callstack] 0x00007ffc38c687d8 UE4Editor-Core.dll!UnknownFunction []
[2021.04.26-03.58.55:897][318]LogWindows: Error: [Callstack] 0x00007ffc38c689aa UE4Editor-Core.dll!UnknownFunction []
[2021.04.26-03.58.55:897][318]LogWindows: Error: [Callstack] 0x00007ffc38c68bb0 UE4Editor-Core.dll!UnknownFunction []
[2021.04.26-03.58.55:897][318]LogWindows: Error: [Callstack] 0x00007ffc3708a217 UE4Editor-Engine.dll!UnknownFunction []
[2021.04.26-03.58.55:897][318]LogWindows: Error: [Callstack] 0x00007ffc3708f6ca UE4Editor-Engine.dll!UnknownFunction []
[2021.04.26-03.58.55:897][318]LogWindows: Error: [Callstack] 0x00007ffc3684d0bf UE4Editor-Engine.dll!UnknownFunction []
[2021.04.26-03.58.55:897][318]LogWindows: Error: [Callstack] 0x00007ffc3685809a UE4Editor-Engine.dll!UnknownFunction []
[2021.04.26-03.58.55:897][318]LogWindows: Error: [Callstack] 0x00007ffc2f3caf57 UE4Editor-UnrealEd.dll!UnknownFunction []
[2021.04.26-03.58.55:897][318]LogWindows: Error: [Callstack] 0x00007ffc2fca37e6 UE4Editor-UnrealEd.dll!UnknownFunction []
[2021.04.26-03.58.55:897][318]LogWindows: Error: [Callstack] 0x00007ff634fc7800 UE4Editor.exe!UnknownFunction []
[2021.04.26-03.58.55:897][318]LogWindows: Error: [Callstack] 0x00007ff634fdba7c UE4Editor.exe!UnknownFunction []
[2021.04.26-03.58.55:897][318]LogWindows: Error: [Callstack] 0x00007ff634fdbb5a UE4Editor.exe!UnknownFunction []
[2021.04.26-03.58.55:897][318]LogWindows: Error: [Callstack] 0x00007ff634fee31d UE4Editor.exe!UnknownFunction []
[2021.04.26-03.58.55:897][318]LogWindows: Error: [Callstack] 0x00007ff634ff145a UE4Editor.exe!UnknownFunction []
[2021.04.26-03.58.55:897][318]LogWindows: Error: [Callstack] 0x00007ffc9f627c24 KERNEL32.DLL!UnknownFunction []
[2021.04.26-03.58.55:897][318]LogWindows: Error: [Callstack] 0x00007ffca064d721 ntdll.dll!UnknownFunction []
[2021.04.26-03.58.55:897][318]LogWindows: Error: 
[2021.04.26-03.58.55:920][318]LogExit: Executing StaticShutdownAfterError
[2021.04.26-03.58.55:927][318]LogWindows: FPlatformMisc::RequestExit(1)
[2021.04.26-03.58.55:927][318]LogCore: Engine exit requested (reason: Win RequestExit)
[2021.04.26-03.58.55:932][318]Log file closed, 04/26/21 04:58:55
